<?xml version="1.0" encoding="UTF-8"?>
<testsuite xmlns:xsi="http://www.w3.org/2001/XMLSchema-instance" xsi:noNamespaceSchemaLocation="https://maven.apache.org/surefire/maven-surefire-plugin/xsd/surefire-test-report-3.0.xsd" version="3.0" name="com.velocity.limits.service.LoadLimitServiceTest" time="10.275" tests="9" errors="0" skipped="0" failures="0">
  <properties>
    <property name="java.specification.version" value="17"/>
    <property name="sun.cpu.isalist" value="amd64"/>
    <property name="sun.jnu.encoding" value="Cp1252"/>
    <property name="java.class.path" value="C:\Users\conor\VaultTakeHome\target\test-classes;C:\Users\conor\VaultTakeHome\target\classes;C:\Users\conor\.m2\repository\org\springframework\boot\spring-boot-starter-web\3.1.0\spring-boot-starter-web-3.1.0.jar;C:\Users\conor\.m2\repository\org\springframework\boot\spring-boot-starter\3.1.0\spring-boot-starter-3.1.0.jar;C:\Users\conor\.m2\repository\org\springframework\boot\spring-boot\3.1.0\spring-boot-3.1.0.jar;C:\Users\conor\.m2\repository\org\springframework\boot\spring-boot-autoconfigure\3.1.0\spring-boot-autoconfigure-3.1.0.jar;C:\Users\conor\.m2\repository\org\springframework\boot\spring-boot-starter-logging\3.1.0\spring-boot-starter-logging-3.1.0.jar;C:\Users\conor\.m2\repository\ch\qos\logback\logback-classic\1.4.7\logback-classic-1.4.7.jar;C:\Users\conor\.m2\repository\ch\qos\logback\logback-core\1.4.7\logback-core-1.4.7.jar;C:\Users\conor\.m2\repository\org\apache\logging\log4j\log4j-to-slf4j\2.20.0\log4j-to-slf4j-2.20.0.jar;C:\Users\conor\.m2\repository\org\apache\logging\log4j\log4j-api\2.20.0\log4j-api-2.20.0.jar;C:\Users\conor\.m2\repository\org\slf4j\jul-to-slf4j\2.0.7\jul-to-slf4j-2.0.7.jar;C:\Users\conor\.m2\repository\jakarta\annotation\jakarta.annotation-api\2.1.1\jakarta.annotation-api-2.1.1.jar;C:\Users\conor\.m2\repository\org\yaml\snakeyaml\1.33\snakeyaml-1.33.jar;C:\Users\conor\.m2\repository\org\springframework\boot\spring-boot-starter-json\3.1.0\spring-boot-starter-json-3.1.0.jar;C:\Users\conor\.m2\repository\com\fasterxml\jackson\core\jackson-databind\2.15.0\jackson-databind-2.15.0.jar;C:\Users\conor\.m2\repository\com\fasterxml\jackson\core\jackson-annotations\2.15.0\jackson-annotations-2.15.0.jar;C:\Users\conor\.m2\repository\com\fasterxml\jackson\core\jackson-core\2.15.0\jackson-core-2.15.0.jar;C:\Users\conor\.m2\repository\com\fasterxml\jackson\datatype\jackson-datatype-jdk8\2.15.0\jackson-datatype-jdk8-2.15.0.jar;C:\Users\conor\.m2\repository\com\fasterxml\jackson\datatype\jackson-datatype-jsr310\2.15.0\jackson-datatype-jsr310-2.15.0.jar;C:\Users\conor\.m2\repository\com\fasterxml\jackson\module\jackson-module-parameter-names\2.15.0\jackson-module-parameter-names-2.15.0.jar;C:\Users\conor\.m2\repository\org\springframework\boot\spring-boot-starter-tomcat\3.1.0\spring-boot-starter-tomcat-3.1.0.jar;C:\Users\conor\.m2\repository\org\apache\tomcat\embed\tomcat-embed-core\10.1.8\tomcat-embed-core-10.1.8.jar;C:\Users\conor\.m2\repository\org\apache\tomcat\embed\tomcat-embed-el\10.1.8\tomcat-embed-el-10.1.8.jar;C:\Users\conor\.m2\repository\org\apache\tomcat\embed\tomcat-embed-websocket\10.1.8\tomcat-embed-websocket-10.1.8.jar;C:\Users\conor\.m2\repository\org\springframework\spring-web\6.0.9\spring-web-6.0.9.jar;C:\Users\conor\.m2\repository\org\springframework\spring-beans\6.0.9\spring-beans-6.0.9.jar;C:\Users\conor\.m2\repository\org\springframework\spring-webmvc\6.0.9\spring-webmvc-6.0.9.jar;C:\Users\conor\.m2\repository\org\springframework\spring-aop\6.0.9\spring-aop-6.0.9.jar;C:\Users\conor\.m2\repository\org\springframework\spring-context\6.0.9\spring-context-6.0.9.jar;C:\Users\conor\.m2\repository\org\springframework\spring-expression\6.0.9\spring-expression-6.0.9.jar;C:\Users\conor\.m2\repository\org\springframework\boot\spring-boot-starter-data-jpa\3.1.0\spring-boot-starter-data-jpa-3.1.0.jar;C:\Users\conor\.m2\repository\org\springframework\boot\spring-boot-starter-aop\3.1.0\spring-boot-starter-aop-3.1.0.jar;C:\Users\conor\.m2\repository\org\aspectj\aspectjweaver\1.9.19\aspectjweaver-1.9.19.jar;C:\Users\conor\.m2\repository\org\springframework\boot\spring-boot-starter-jdbc\3.1.0\spring-boot-starter-jdbc-3.1.0.jar;C:\Users\conor\.m2\repository\com\zaxxer\HikariCP\5.0.1\HikariCP-5.0.1.jar;C:\Users\conor\.m2\repository\org\springframework\spring-jdbc\6.0.9\spring-jdbc-6.0.9.jar;C:\Users\conor\.m2\repository\org\hibernate\orm\hibernate-core\6.2.2.Final\hibernate-core-6.2.2.Final.jar;C:\Users\conor\.m2\repository\jakarta\persistence\jakarta.persistence-api\3.1.0\jakarta.persistence-api-3.1.0.jar;C:\Users\conor\.m2\repository\jakarta\transaction\jakarta.transaction-api\2.0.1\jakarta.transaction-api-2.0.1.jar;C:\Users\conor\.m2\repository\org\jboss\logging\jboss-logging\3.5.0.Final\jboss-logging-3.5.0.Final.jar;C:\Users\conor\.m2\repository\org\hibernate\common\hibernate-commons-annotations\6.0.6.Final\hibernate-commons-annotations-6.0.6.Final.jar;C:\Users\conor\.m2\repository\io\smallrye\jandex\3.0.5\jandex-3.0.5.jar;C:\Users\conor\.m2\repository\com\fasterxml\classmate\1.5.1\classmate-1.5.1.jar;C:\Users\conor\.m2\repository\net\bytebuddy\byte-buddy\1.14.4\byte-buddy-1.14.4.jar;C:\Users\conor\.m2\repository\org\glassfish\jaxb\jaxb-runtime\4.0.2\jaxb-runtime-4.0.2.jar;C:\Users\conor\.m2\repository\org\glassfish\jaxb\jaxb-core\4.0.2\jaxb-core-4.0.2.jar;C:\Users\conor\.m2\repository\org\eclipse\angus\angus-activation\2.0.0\angus-activation-2.0.0.jar;C:\Users\conor\.m2\repository\org\glassfish\jaxb\txw2\4.0.2\txw2-4.0.2.jar;C:\Users\conor\.m2\repository\com\sun\istack\istack-commons-runtime\4.1.1\istack-commons-runtime-4.1.1.jar;C:\Users\conor\.m2\repository\jakarta\inject\jakarta.inject-api\2.0.1\jakarta.inject-api-2.0.1.jar;C:\Users\conor\.m2\repository\org\antlr\antlr4-runtime\4.10.1\antlr4-runtime-4.10.1.jar;C:\Users\conor\.m2\repository\org\springframework\data\spring-data-jpa\3.1.0\spring-data-jpa-3.1.0.jar;C:\Users\conor\.m2\repository\org\springframework\data\spring-data-commons\3.1.0\spring-data-commons-3.1.0.jar;C:\Users\conor\.m2\repository\org\springframework\spring-orm\6.0.9\spring-orm-6.0.9.jar;C:\Users\conor\.m2\repository\org\springframework\spring-tx\6.0.9\spring-tx-6.0.9.jar;C:\Users\conor\.m2\repository\org\slf4j\slf4j-api\2.0.7\slf4j-api-2.0.7.jar;C:\Users\conor\.m2\repository\org\springframework\spring-aspects\6.0.9\spring-aspects-6.0.9.jar;C:\Users\conor\.m2\repository\com\h2database\h2\2.1.214\h2-2.1.214.jar;C:\Users\conor\.m2\repository\org\projectlombok\lombok\1.18.26\lombok-1.18.26.jar;C:\Users\conor\.m2\repository\org\springframework\boot\spring-boot-starter-test\3.1.0\spring-boot-starter-test-3.1.0.jar;C:\Users\conor\.m2\repository\org\springframework\boot\spring-boot-test\3.1.0\spring-boot-test-3.1.0.jar;C:\Users\conor\.m2\repository\org\springframework\boot\spring-boot-test-autoconfigure\3.1.0\spring-boot-test-autoconfigure-3.1.0.jar;C:\Users\conor\.m2\repository\com\jayway\jsonpath\json-path\2.8.0\json-path-2.8.0.jar;C:\Users\conor\.m2\repository\jakarta\xml\bind\jakarta.xml.bind-api\4.0.0\jakarta.xml.bind-api-4.0.0.jar;C:\Users\conor\.m2\repository\jakarta\activation\jakarta.activation-api\2.1.2\jakarta.activation-api-2.1.2.jar;C:\Users\conor\.m2\repository\net\minidev\json-smart\2.4.10\json-smart-2.4.10.jar;C:\Users\conor\.m2\repository\net\minidev\accessors-smart\2.4.9\accessors-smart-2.4.9.jar;C:\Users\conor\.m2\repository\org\ow2\asm\asm\9.3\asm-9.3.jar;C:\Users\conor\.m2\repository\org\assertj\assertj-core\3.24.2\assertj-core-3.24.2.jar;C:\Users\conor\.m2\repository\org\hamcrest\hamcrest\2.2\hamcrest-2.2.jar;C:\Users\conor\.m2\repository\org\junit\jupiter\junit-jupiter\5.9.3\junit-jupiter-5.9.3.jar;C:\Users\conor\.m2\repository\org\junit\jupiter\junit-jupiter-api\5.9.3\junit-jupiter-api-5.9.3.jar;C:\Users\conor\.m2\repository\org\opentest4j\opentest4j\1.2.0\opentest4j-1.2.0.jar;C:\Users\conor\.m2\repository\org\junit\platform\junit-platform-commons\1.9.3\junit-platform-commons-1.9.3.jar;C:\Users\conor\.m2\repository\org\apiguardian\apiguardian-api\1.1.2\apiguardian-api-1.1.2.jar;C:\Users\conor\.m2\repository\org\junit\jupiter\junit-jupiter-params\5.9.3\junit-jupiter-params-5.9.3.jar;C:\Users\conor\.m2\repository\org\junit\jupiter\junit-jupiter-engine\5.9.3\junit-jupiter-engine-5.9.3.jar;C:\Users\conor\.m2\repository\org\junit\platform\junit-platform-engine\1.9.3\junit-platform-engine-1.9.3.jar;C:\Users\conor\.m2\repository\org\mockito\mockito-core\5.3.1\mockito-core-5.3.1.jar;C:\Users\conor\.m2\repository\net\bytebuddy\byte-buddy-agent\1.14.4\byte-buddy-agent-1.14.4.jar;C:\Users\conor\.m2\repository\org\objenesis\objenesis\3.3\objenesis-3.3.jar;C:\Users\conor\.m2\repository\org\mockito\mockito-junit-jupiter\5.3.1\mockito-junit-jupiter-5.3.1.jar;C:\Users\conor\.m2\repository\org\skyscreamer\jsonassert\1.5.1\jsonassert-1.5.1.jar;C:\Users\conor\.m2\repository\com\vaadin\external\google\android-json\0.0.20131108.vaadin1\android-json-0.0.20131108.vaadin1.jar;C:\Users\conor\.m2\repository\org\springframework\spring-core\6.0.9\spring-core-6.0.9.jar;C:\Users\conor\.m2\repository\org\springframework\spring-jcl\6.0.9\spring-jcl-6.0.9.jar;C:\Users\conor\.m2\repository\org\springframework\spring-test\6.0.9\spring-test-6.0.9.jar;C:\Users\conor\.m2\repository\org\xmlunit\xmlunit-core\2.9.1\xmlunit-core-2.9.1.jar;C:\Users\conor\.m2\repository\org\springframework\boot\spring-boot-starter-actuator\3.1.0\spring-boot-starter-actuator-3.1.0.jar;C:\Users\conor\.m2\repository\org\springframework\boot\spring-boot-actuator-autoconfigure\3.1.0\spring-boot-actuator-autoconfigure-3.1.0.jar;C:\Users\conor\.m2\repository\org\springframework\boot\spring-boot-actuator\3.1.0\spring-boot-actuator-3.1.0.jar;C:\Users\conor\.m2\repository\io\micrometer\micrometer-observation\1.11.0\micrometer-observation-1.11.0.jar;C:\Users\conor\.m2\repository\io\micrometer\micrometer-commons\1.11.0\micrometer-commons-1.11.0.jar;C:\Users\conor\.m2\repository\io\micrometer\micrometer-core\1.11.0\micrometer-core-1.11.0.jar;C:\Users\conor\.m2\repository\org\hdrhistogram\HdrHistogram\2.1.12\HdrHistogram-2.1.12.jar;C:\Users\conor\.m2\repository\org\latencyutils\LatencyUtils\2.0.3\LatencyUtils-2.0.3.jar;C:\Users\conor\.m2\repository\io\prometheus\simpleclient\0.16.0\simpleclient-0.16.0.jar;C:\Users\conor\.m2\repository\io\prometheus\simpleclient_tracer_otel\0.16.0\simpleclient_tracer_otel-0.16.0.jar;C:\Users\conor\.m2\repository\io\prometheus\simpleclient_tracer_common\0.16.0\simpleclient_tracer_common-0.16.0.jar;C:\Users\conor\.m2\repository\io\prometheus\simpleclient_tracer_otel_agent\0.16.0\simpleclient_tracer_otel_agent-0.16.0.jar;C:\Users\conor\.m2\repository\io\prometheus\simpleclient_hotspot\0.16.0\simpleclient_hotspot-0.16.0.jar;C:\Users\conor\.m2\repository\io\micrometer\micrometer-registry-prometheus\1.11.0\micrometer-registry-prometheus-1.11.0.jar;C:\Users\conor\.m2\repository\io\prometheus\simpleclient_common\0.16.0\simpleclient_common-0.16.0.jar;"/>
    <property name="java.vm.vendor" value="Eclipse Adoptium"/>
    <property name="sun.arch.data.model" value="64"/>
    <property name="user.variant" value=""/>
    <property name="java.vendor.url" value="https://adoptium.net/"/>
    <property name="user.timezone" value="Europe/London"/>
    <property name="org.jboss.logging.provider" value="slf4j"/>
    <property name="os.name" value="Windows 11"/>
    <property name="java.vm.specification.version" value="17"/>
    <property name="sun.java.launcher" value="SUN_STANDARD"/>
    <property name="user.country" value="CA"/>
    <property name="sun.boot.library.path" value="C:\Program Files\Eclipse Adoptium\jdk-17.0.13.11-hotspot\bin"/>
    <property name="sun.java.command" value="C:\Users\conor\AppData\Local\Temp\surefire6814466515586068359\surefirebooter-20250210174646953_3.jar C:\Users\conor\AppData\Local\Temp\surefire6814466515586068359 2025-02-10T17-46-46_781-jvmRun1 surefire-20250210174646953_1tmp surefire_0-20250210174646953_2tmp"/>
    <property name="jdk.debug" value="release"/>
    <property name="surefire.test.class.path" value="C:\Users\conor\VaultTakeHome\target\test-classes;C:\Users\conor\VaultTakeHome\target\classes;C:\Users\conor\.m2\repository\org\springframework\boot\spring-boot-starter-web\3.1.0\spring-boot-starter-web-3.1.0.jar;C:\Users\conor\.m2\repository\org\springframework\boot\spring-boot-starter\3.1.0\spring-boot-starter-3.1.0.jar;C:\Users\conor\.m2\repository\org\springframework\boot\spring-boot\3.1.0\spring-boot-3.1.0.jar;C:\Users\conor\.m2\repository\org\springframework\boot\spring-boot-autoconfigure\3.1.0\spring-boot-autoconfigure-3.1.0.jar;C:\Users\conor\.m2\repository\org\springframework\boot\spring-boot-starter-logging\3.1.0\spring-boot-starter-logging-3.1.0.jar;C:\Users\conor\.m2\repository\ch\qos\logback\logback-classic\1.4.7\logback-classic-1.4.7.jar;C:\Users\conor\.m2\repository\ch\qos\logback\logback-core\1.4.7\logback-core-1.4.7.jar;C:\Users\conor\.m2\repository\org\apache\logging\log4j\log4j-to-slf4j\2.20.0\log4j-to-slf4j-2.20.0.jar;C:\Users\conor\.m2\repository\org\apache\logging\log4j\log4j-api\2.20.0\log4j-api-2.20.0.jar;C:\Users\conor\.m2\repository\org\slf4j\jul-to-slf4j\2.0.7\jul-to-slf4j-2.0.7.jar;C:\Users\conor\.m2\repository\jakarta\annotation\jakarta.annotation-api\2.1.1\jakarta.annotation-api-2.1.1.jar;C:\Users\conor\.m2\repository\org\yaml\snakeyaml\1.33\snakeyaml-1.33.jar;C:\Users\conor\.m2\repository\org\springframework\boot\spring-boot-starter-json\3.1.0\spring-boot-starter-json-3.1.0.jar;C:\Users\conor\.m2\repository\com\fasterxml\jackson\core\jackson-databind\2.15.0\jackson-databind-2.15.0.jar;C:\Users\conor\.m2\repository\com\fasterxml\jackson\core\jackson-annotations\2.15.0\jackson-annotations-2.15.0.jar;C:\Users\conor\.m2\repository\com\fasterxml\jackson\core\jackson-core\2.15.0\jackson-core-2.15.0.jar;C:\Users\conor\.m2\repository\com\fasterxml\jackson\datatype\jackson-datatype-jdk8\2.15.0\jackson-datatype-jdk8-2.15.0.jar;C:\Users\conor\.m2\repository\com\fasterxml\jackson\datatype\jackson-datatype-jsr310\2.15.0\jackson-datatype-jsr310-2.15.0.jar;C:\Users\conor\.m2\repository\com\fasterxml\jackson\module\jackson-module-parameter-names\2.15.0\jackson-module-parameter-names-2.15.0.jar;C:\Users\conor\.m2\repository\org\springframework\boot\spring-boot-starter-tomcat\3.1.0\spring-boot-starter-tomcat-3.1.0.jar;C:\Users\conor\.m2\repository\org\apache\tomcat\embed\tomcat-embed-core\10.1.8\tomcat-embed-core-10.1.8.jar;C:\Users\conor\.m2\repository\org\apache\tomcat\embed\tomcat-embed-el\10.1.8\tomcat-embed-el-10.1.8.jar;C:\Users\conor\.m2\repository\org\apache\tomcat\embed\tomcat-embed-websocket\10.1.8\tomcat-embed-websocket-10.1.8.jar;C:\Users\conor\.m2\repository\org\springframework\spring-web\6.0.9\spring-web-6.0.9.jar;C:\Users\conor\.m2\repository\org\springframework\spring-beans\6.0.9\spring-beans-6.0.9.jar;C:\Users\conor\.m2\repository\org\springframework\spring-webmvc\6.0.9\spring-webmvc-6.0.9.jar;C:\Users\conor\.m2\repository\org\springframework\spring-aop\6.0.9\spring-aop-6.0.9.jar;C:\Users\conor\.m2\repository\org\springframework\spring-context\6.0.9\spring-context-6.0.9.jar;C:\Users\conor\.m2\repository\org\springframework\spring-expression\6.0.9\spring-expression-6.0.9.jar;C:\Users\conor\.m2\repository\org\springframework\boot\spring-boot-starter-data-jpa\3.1.0\spring-boot-starter-data-jpa-3.1.0.jar;C:\Users\conor\.m2\repository\org\springframework\boot\spring-boot-starter-aop\3.1.0\spring-boot-starter-aop-3.1.0.jar;C:\Users\conor\.m2\repository\org\aspectj\aspectjweaver\1.9.19\aspectjweaver-1.9.19.jar;C:\Users\conor\.m2\repository\org\springframework\boot\spring-boot-starter-jdbc\3.1.0\spring-boot-starter-jdbc-3.1.0.jar;C:\Users\conor\.m2\repository\com\zaxxer\HikariCP\5.0.1\HikariCP-5.0.1.jar;C:\Users\conor\.m2\repository\org\springframework\spring-jdbc\6.0.9\spring-jdbc-6.0.9.jar;C:\Users\conor\.m2\repository\org\hibernate\orm\hibernate-core\6.2.2.Final\hibernate-core-6.2.2.Final.jar;C:\Users\conor\.m2\repository\jakarta\persistence\jakarta.persistence-api\3.1.0\jakarta.persistence-api-3.1.0.jar;C:\Users\conor\.m2\repository\jakarta\transaction\jakarta.transaction-api\2.0.1\jakarta.transaction-api-2.0.1.jar;C:\Users\conor\.m2\repository\org\jboss\logging\jboss-logging\3.5.0.Final\jboss-logging-3.5.0.Final.jar;C:\Users\conor\.m2\repository\org\hibernate\common\hibernate-commons-annotations\6.0.6.Final\hibernate-commons-annotations-6.0.6.Final.jar;C:\Users\conor\.m2\repository\io\smallrye\jandex\3.0.5\jandex-3.0.5.jar;C:\Users\conor\.m2\repository\com\fasterxml\classmate\1.5.1\classmate-1.5.1.jar;C:\Users\conor\.m2\repository\net\bytebuddy\byte-buddy\1.14.4\byte-buddy-1.14.4.jar;C:\Users\conor\.m2\repository\org\glassfish\jaxb\jaxb-runtime\4.0.2\jaxb-runtime-4.0.2.jar;C:\Users\conor\.m2\repository\org\glassfish\jaxb\jaxb-core\4.0.2\jaxb-core-4.0.2.jar;C:\Users\conor\.m2\repository\org\eclipse\angus\angus-activation\2.0.0\angus-activation-2.0.0.jar;C:\Users\conor\.m2\repository\org\glassfish\jaxb\txw2\4.0.2\txw2-4.0.2.jar;C:\Users\conor\.m2\repository\com\sun\istack\istack-commons-runtime\4.1.1\istack-commons-runtime-4.1.1.jar;C:\Users\conor\.m2\repository\jakarta\inject\jakarta.inject-api\2.0.1\jakarta.inject-api-2.0.1.jar;C:\Users\conor\.m2\repository\org\antlr\antlr4-runtime\4.10.1\antlr4-runtime-4.10.1.jar;C:\Users\conor\.m2\repository\org\springframework\data\spring-data-jpa\3.1.0\spring-data-jpa-3.1.0.jar;C:\Users\conor\.m2\repository\org\springframework\data\spring-data-commons\3.1.0\spring-data-commons-3.1.0.jar;C:\Users\conor\.m2\repository\org\springframework\spring-orm\6.0.9\spring-orm-6.0.9.jar;C:\Users\conor\.m2\repository\org\springframework\spring-tx\6.0.9\spring-tx-6.0.9.jar;C:\Users\conor\.m2\repository\org\slf4j\slf4j-api\2.0.7\slf4j-api-2.0.7.jar;C:\Users\conor\.m2\repository\org\springframework\spring-aspects\6.0.9\spring-aspects-6.0.9.jar;C:\Users\conor\.m2\repository\com\h2database\h2\2.1.214\h2-2.1.214.jar;C:\Users\conor\.m2\repository\org\projectlombok\lombok\1.18.26\lombok-1.18.26.jar;C:\Users\conor\.m2\repository\org\springframework\boot\spring-boot-starter-test\3.1.0\spring-boot-starter-test-3.1.0.jar;C:\Users\conor\.m2\repository\org\springframework\boot\spring-boot-test\3.1.0\spring-boot-test-3.1.0.jar;C:\Users\conor\.m2\repository\org\springframework\boot\spring-boot-test-autoconfigure\3.1.0\spring-boot-test-autoconfigure-3.1.0.jar;C:\Users\conor\.m2\repository\com\jayway\jsonpath\json-path\2.8.0\json-path-2.8.0.jar;C:\Users\conor\.m2\repository\jakarta\xml\bind\jakarta.xml.bind-api\4.0.0\jakarta.xml.bind-api-4.0.0.jar;C:\Users\conor\.m2\repository\jakarta\activation\jakarta.activation-api\2.1.2\jakarta.activation-api-2.1.2.jar;C:\Users\conor\.m2\repository\net\minidev\json-smart\2.4.10\json-smart-2.4.10.jar;C:\Users\conor\.m2\repository\net\minidev\accessors-smart\2.4.9\accessors-smart-2.4.9.jar;C:\Users\conor\.m2\repository\org\ow2\asm\asm\9.3\asm-9.3.jar;C:\Users\conor\.m2\repository\org\assertj\assertj-core\3.24.2\assertj-core-3.24.2.jar;C:\Users\conor\.m2\repository\org\hamcrest\hamcrest\2.2\hamcrest-2.2.jar;C:\Users\conor\.m2\repository\org\junit\jupiter\junit-jupiter\5.9.3\junit-jupiter-5.9.3.jar;C:\Users\conor\.m2\repository\org\junit\jupiter\junit-jupiter-api\5.9.3\junit-jupiter-api-5.9.3.jar;C:\Users\conor\.m2\repository\org\opentest4j\opentest4j\1.2.0\opentest4j-1.2.0.jar;C:\Users\conor\.m2\repository\org\junit\platform\junit-platform-commons\1.9.3\junit-platform-commons-1.9.3.jar;C:\Users\conor\.m2\repository\org\apiguardian\apiguardian-api\1.1.2\apiguardian-api-1.1.2.jar;C:\Users\conor\.m2\repository\org\junit\jupiter\junit-jupiter-params\5.9.3\junit-jupiter-params-5.9.3.jar;C:\Users\conor\.m2\repository\org\junit\jupiter\junit-jupiter-engine\5.9.3\junit-jupiter-engine-5.9.3.jar;C:\Users\conor\.m2\repository\org\junit\platform\junit-platform-engine\1.9.3\junit-platform-engine-1.9.3.jar;C:\Users\conor\.m2\repository\org\mockito\mockito-core\5.3.1\mockito-core-5.3.1.jar;C:\Users\conor\.m2\repository\net\bytebuddy\byte-buddy-agent\1.14.4\byte-buddy-agent-1.14.4.jar;C:\Users\conor\.m2\repository\org\objenesis\objenesis\3.3\objenesis-3.3.jar;C:\Users\conor\.m2\repository\org\mockito\mockito-junit-jupiter\5.3.1\mockito-junit-jupiter-5.3.1.jar;C:\Users\conor\.m2\repository\org\skyscreamer\jsonassert\1.5.1\jsonassert-1.5.1.jar;C:\Users\conor\.m2\repository\com\vaadin\external\google\android-json\0.0.20131108.vaadin1\android-json-0.0.20131108.vaadin1.jar;C:\Users\conor\.m2\repository\org\springframework\spring-core\6.0.9\spring-core-6.0.9.jar;C:\Users\conor\.m2\repository\org\springframework\spring-jcl\6.0.9\spring-jcl-6.0.9.jar;C:\Users\conor\.m2\repository\org\springframework\spring-test\6.0.9\spring-test-6.0.9.jar;C:\Users\conor\.m2\repository\org\xmlunit\xmlunit-core\2.9.1\xmlunit-core-2.9.1.jar;C:\Users\conor\.m2\repository\org\springframework\boot\spring-boot-starter-actuator\3.1.0\spring-boot-starter-actuator-3.1.0.jar;C:\Users\conor\.m2\repository\org\springframework\boot\spring-boot-actuator-autoconfigure\3.1.0\spring-boot-actuator-autoconfigure-3.1.0.jar;C:\Users\conor\.m2\repository\org\springframework\boot\spring-boot-actuator\3.1.0\spring-boot-actuator-3.1.0.jar;C:\Users\conor\.m2\repository\io\micrometer\micrometer-observation\1.11.0\micrometer-observation-1.11.0.jar;C:\Users\conor\.m2\repository\io\micrometer\micrometer-commons\1.11.0\micrometer-commons-1.11.0.jar;C:\Users\conor\.m2\repository\io\micrometer\micrometer-core\1.11.0\micrometer-core-1.11.0.jar;C:\Users\conor\.m2\repository\org\hdrhistogram\HdrHistogram\2.1.12\HdrHistogram-2.1.12.jar;C:\Users\conor\.m2\repository\org\latencyutils\LatencyUtils\2.0.3\LatencyUtils-2.0.3.jar;C:\Users\conor\.m2\repository\io\prometheus\simpleclient\0.16.0\simpleclient-0.16.0.jar;C:\Users\conor\.m2\repository\io\prometheus\simpleclient_tracer_otel\0.16.0\simpleclient_tracer_otel-0.16.0.jar;C:\Users\conor\.m2\repository\io\prometheus\simpleclient_tracer_common\0.16.0\simpleclient_tracer_common-0.16.0.jar;C:\Users\conor\.m2\repository\io\prometheus\simpleclient_tracer_otel_agent\0.16.0\simpleclient_tracer_otel_agent-0.16.0.jar;C:\Users\conor\.m2\repository\io\prometheus\simpleclient_hotspot\0.16.0\simpleclient_hotspot-0.16.0.jar;C:\Users\conor\.m2\repository\io\micrometer\micrometer-registry-prometheus\1.11.0\micrometer-registry-prometheus-1.11.0.jar;C:\Users\conor\.m2\repository\io\prometheus\simpleclient_common\0.16.0\simpleclient_common-0.16.0.jar;"/>
    <property name="sun.cpu.endian" value="little"/>
    <property name="user.home" value="C:\Users\conor"/>
    <property name="user.language" value="en"/>
    <property name="java.specification.vendor" value="Oracle Corporation"/>
    <property name="java.version.date" value="2024-10-15"/>
    <property name="java.home" value="C:\Program Files\Eclipse Adoptium\jdk-17.0.13.11-hotspot"/>
    <property name="file.separator" value="\"/>
    <property name="basedir" value="C:\Users\conor\VaultTakeHome"/>
    <property name="java.vm.compressedOopsMode" value="Zero based"/>
    <property name="line.separator" value="&#10;"/>
    <property name="java.vm.specification.vendor" value="Oracle Corporation"/>
    <property name="java.specification.name" value="Java Platform API Specification"/>
    <property name="FILE_LOG_CHARSET" value="windows-1252"/>
    <property name="java.awt.headless" value="true"/>
    <property name="surefire.real.class.path" value="C:\Users\conor\AppData\Local\Temp\surefire6814466515586068359\surefirebooter-20250210174646953_3.jar"/>
    <property name="user.script" value=""/>
    <property name="sun.management.compiler" value="HotSpot 64-Bit Tiered Compilers"/>
    <property name="java.runtime.version" value="17.0.13+11"/>
    <property name="user.name" value="conor"/>
    <property name="path.separator" value=";"/>
    <property name="os.version" value="10.0"/>
    <property name="java.runtime.name" value="OpenJDK Runtime Environment"/>
    <property name="file.encoding" value="Cp1252"/>
    <property name="java.vm.name" value="OpenJDK 64-Bit Server VM"/>
    <property name="java.vendor.version" value="Temurin-17.0.13+11"/>
    <property name="localRepository" value="C:\Users\conor\.m2\repository"/>
    <property name="java.vendor.url.bug" value="https://github.com/adoptium/adoptium-support/issues"/>
    <property name="java.io.tmpdir" value="C:\Users\conor\AppData\Local\Temp\"/>
    <property name="com.zaxxer.hikari.pool_number" value="1"/>
    <property name="java.version" value="17.0.13"/>
    <property name="user.dir" value="C:\Users\conor\VaultTakeHome"/>
    <property name="os.arch" value="amd64"/>
    <property name="java.vm.specification.name" value="Java Virtual Machine Specification"/>
    <property name="PID" value="23880"/>
    <property name="sun.os.patch.level" value=""/>
    <property name="CONSOLE_LOG_CHARSET" value="windows-1252"/>
    <property name="native.encoding" value="Cp1252"/>
    <property name="java.library.path" value="C:\Program Files\Eclipse Adoptium\jdk-17.0.13.11-hotspot\bin;C:\WINDOWS\Sun\Java\bin;C:\WINDOWS\system32;C:\WINDOWS;C:\Program Files\Eclipse Adoptium\jdk-17.0.13.11-hotspot\bin;C:\Program Files (x86)\Common Files\Intel\Shared Libraries\redist\intel64\compiler;C:\telepresence;C:\Program Files\SSHFS-Win\bin;C:\Program Files\Oculus\Support\oculus-runtime;C:\Windows\system32;C:\Windows;C:\Windows\System32\Wbem;C:\Windows\System32\WindowsPowerShell\v1.0\;C:\Windows\System32\OpenSSH\;C:\Program Files (x86)\NVIDIA Corporation\PhysX\Common;C:\Program Files\NVIDIA Corporation\NVIDIA NvDLISR;C:\Program Files\Git\cmd;C:\Program Files\Git\mingw64\bin;C:\Program Files\Git\usr\bin;C:\Program Files (x86)\Microsoft Visual Studio\2019\BuildTools\MSBuild\Current\Bin;C:\Program Files\Microsoft SQL Server\Client SDK\ODBC\170\Tools\Binn\;C:\Program Files (x86)\Microsoft SQL Server\150\Tools\Binn\;C:\Program Files\Microsoft SQL Server\150\Tools\Binn\;C:\Program Files\Microsoft SQL Server\150\DTS\Binn\;C:\Program Files (x86)\Microsoft SQL Server\150\DTS\Binn\;C:\Program Files\Docker\Docker\resources\bin;C:\ProgramData\DockerDesktop\version-bin;C:\Program Files\dotnet\;C:\Program Files\Go\bin;C:\WINDOWS\system32;C:\WINDOWS;C:\WINDOWS\System32\Wbem;C:\WINDOWS\System32\WindowsPowerShell\v1.0\;C:\WINDOWS\System32\OpenSSH\;C:\Program Files\nodejs\;C:\minikube;C:\ProgramData\chocolatey\bin;C:\Program Files\Amazon\AWSCLIV2\;C:\Users\conor\AppData\Local\Programs\Python\Python310\Scripts\;C:\Users\conor\AppData\Local\Programs\Python\Python310\;C:\Users\conor\AppData\Local\Microsoft\WindowsApps;C:\Users\conor\AppData\Local\Programs\Microsoft VS Code\bin;C:\Program Files\Azure Data Studio\bin;C:\Users\conor\go\bin;C:\Users\conor\AppData\Roaming\npm;C:\Program Files\Helm\windows-amd64;C:\Program Files\PuTTY\;C:\Users\conor\AppData\Local\Android\Sdk\platform-tools;C:\Program Files\Kubernetes\Minikube;C:\Program Files\Apache\maven\bin;C:\Users\conor\AppData\Local\Programs\Python\Python310\Scripts\;C:\Users\conor\AppData\Local\Programs\Python\Python310\;C:\Users\conor\AppData\Local\Microsoft\WindowsApps;C:\Users\conor\AppData\Local\Programs\Microsoft VS Code\bin;C:\Program Files (x86)\Microsoft Visual Studio\2019\BuildTools\MSBuild\Current\Bin;;C:\Program Files\Azure Data Studio\bin;C:\Users\conor\go\bin;C:\Users\conor\AppData\Roaming\npm;."/>
    <property name="java.vm.info" value="mixed mode, sharing"/>
    <property name="java.vendor" value="Eclipse Adoptium"/>
    <property name="java.vm.version" value="17.0.13+11"/>
    <property name="java.specification.maintenance.version" value="1"/>
    <property name="sun.io.unicode.encoding" value="UnicodeLittle"/>
    <property name="java.class.version" value="61.0"/>
    <property name="CONSOLE_LOG_PATTERN" value="%d{yyyy-MM-dd HH:mm:ss} %-5level [%thread] %logger{36} - %msg%n"/>
  </properties>
  <testcase name="shouldRejectDailyLimitExceeded" classname="com.velocity.limits.service.LoadLimitServiceTest" time="0.6">
    <system-out><![CDATA[17:46:47.728 [main] INFO org.springframework.test.context.support.AnnotationConfigContextLoaderUtils -- Could not detect default configuration classes for test class [com.velocity.limits.service.LoadLimitServiceTest]: LoadLimitServiceTest does not declare any static, non-private, non-final, nested classes annotated with @Configuration.
17:46:47.859 [main] INFO org.springframework.boot.test.context.SpringBootTestContextBootstrapper -- Found @SpringBootConfiguration com.velocity.limits.VelocityLimitsApplication for test class com.velocity.limits.service.LoadLimitServiceTest

  .   ____          _            __ _ _
 /\\ / ___'_ __ _ _(_)_ __  __ _ \ \ \ \
( ( )\___ | '_ | '_| | '_ \/ _` | \ \ \ \
 \\/  ___)| |_)| | | | | || (_| |  ) ) ) )
  '  |____| .__|_| |_|_| |_\__, | / / / /
 =========|_|==============|___/=/_/_/_/
 :: Spring Boot ::                (v3.1.0)

2025-02-10 17:46:48 INFO  [main] c.v.l.service.LoadLimitServiceTest - Starting LoadLimitServiceTest using Java 17.0.13 with PID 23880 (started by conor in C:\Users\conor\VaultTakeHome)
2025-02-10 17:46:48 DEBUG [main] c.v.l.service.LoadLimitServiceTest - Running with Spring Boot v3.1.0, Spring v6.0.9
2025-02-10 17:46:48 INFO  [main] c.v.l.service.LoadLimitServiceTest - No active profile set, falling back to 1 default profile: "default"
2025-02-10 17:46:52 WARN  [main] o.s.b.a.o.j.JpaBaseConfiguration$JpaWebConfiguration - spring.jpa.open-in-view is enabled by default. Therefore, database queries may be performed during view rendering. Explicitly configure spring.jpa.open-in-view to disable this warning
2025-02-10 17:46:53 INFO  [main] c.v.l.service.LoadLimitServiceTest - Started LoadLimitServiceTest in 5.583 seconds (process running for 6.52)
2025-02-10 17:46:53 INFO  [main] c.v.limits.VelocityLimitsApplication - Using input path: src/main/resources/input.txt
2025-02-10 17:46:53 INFO  [main] c.v.limits.VelocityLimitsApplication - Using output path: output.txt
2025-02-10 17:46:53 DEBUG [main] c.v.limits.service.LoadLimitService - Processing load request: id=15887, customer=528, amount=$3318.47, time=2000-01-01T00:00Z
2025-02-10 17:46:53 DEBUG [main] c.v.limits.service.LoadLimitService - Checking limits for time=2000-01-01T00:00Z, startOfWeek=1999-12-27T00:00Z, endOfWeek=2000-01-02T23:59:59.999999999Z
2025-02-10 17:46:53 DEBUG [main] c.v.limits.service.LoadLimitService - Weekly total for customer=528: current=0, new=3318.47, limit=20000.00
2025-02-10 17:46:53 DEBUG [main] c.v.limits.service.LoadLimitService - Load saved successfully: id=15887, customer=528
2025-02-10 17:46:53 INFO  [main] c.v.limits.service.LoadLimitService - Load accepted: id=15887, customer=528, amount=$3318.47
2025-02-10 17:46:53 DEBUG [main] c.v.limits.service.LoadLimitService - Processing load request: id=30081, customer=154, amount=$1413.18, time=2000-01-01T01:01:22Z
2025-02-10 17:46:53 DEBUG [main] c.v.limits.service.LoadLimitService - Checking limits for time=2000-01-01T01:01:22Z, startOfWeek=1999-12-27T00:00Z, endOfWeek=2000-01-02T23:59:59.999999999Z
2025-02-10 17:46:53 DEBUG [main] c.v.limits.service.LoadLimitService - Weekly total for customer=154: current=0, new=1413.18, limit=20000.00
2025-02-10 17:46:53 DEBUG [main] c.v.limits.service.LoadLimitService - Load saved successfully: id=30081, customer=154
2025-02-10 17:46:53 INFO  [main] c.v.limits.service.LoadLimitService - Load accepted: id=30081, customer=154, amount=$1413.18
2025-02-10 17:46:53 DEBUG [main] c.v.limits.service.LoadLimitService - Processing load request: id=26540, customer=426, amount=$404.56, time=2000-01-01T02:02:44Z
2025-02-10 17:46:53 DEBUG [main] c.v.limits.service.LoadLimitService - Checking limits for time=2000-01-01T02:02:44Z, startOfWeek=1999-12-27T00:00Z, endOfWeek=2000-01-02T23:59:59.999999999Z
2025-02-10 17:46:53 DEBUG [main] c.v.limits.service.LoadLimitService - Weekly total for customer=426: current=0, new=404.56, limit=20000.00
2025-02-10 17:46:53 DEBUG [main] c.v.limits.service.LoadLimitService - Load saved successfully: id=26540, customer=426
2025-02-10 17:46:53 INFO  [main] c.v.limits.service.LoadLimitService - Load accepted: id=26540, customer=426, amount=$404.56
2025-02-10 17:46:53 DEBUG [main] c.v.limits.service.LoadLimitService - Processing load request: id=10694, customer=1, amount=$785.11, time=2000-01-01T03:04:06Z
2025-02-10 17:46:53 DEBUG [main] c.v.limits.service.LoadLimitService - Checking limits for time=2000-01-01T03:04:06Z, startOfWeek=1999-12-27T00:00Z, endOfWeek=2000-01-02T23:59:59.999999999Z
2025-02-10 17:46:53 DEBUG [main] c.v.limits.service.LoadLimitService - Weekly total for customer=1: current=0, new=785.11, limit=20000.00
2025-02-10 17:46:53 DEBUG [main] c.v.limits.service.LoadLimitService - Load saved successfully: id=10694, customer=1
2025-02-10 17:46:53 INFO  [main] c.v.limits.service.LoadLimitService - Load accepted: id=10694, customer=1, amount=$785.11
2025-02-10 17:46:53 DEBUG [main] c.v.limits.service.LoadLimitService - Processing load request: id=15089, customer=205, amount=$2247.28, time=2000-01-01T04:05:28Z
2025-02-10 17:46:53 DEBUG [main] c.v.limits.service.LoadLimitService - Checking limits for time=2000-01-01T04:05:28Z, startOfWeek=1999-12-27T00:00Z, endOfWeek=2000-01-02T23:59:59.999999999Z
2025-02-10 17:46:53 DEBUG [main] c.v.limits.service.LoadLimitService - Weekly total for customer=205: current=0, new=2247.28, limit=20000.00
2025-02-10 17:46:53 DEBUG [main] c.v.limits.service.LoadLimitService - Load saved successfully: id=15089, customer=205
2025-02-10 17:46:53 INFO  [main] c.v.limits.service.LoadLimitService - Load accepted: id=15089, customer=205, amount=$2247.28
2025-02-10 17:46:53 DEBUG [main] c.v.limits.service.LoadLimitService - Processing load request: id=3211, customer=409, amount=$314.45, time=2000-01-01T05:06:50Z
2025-02-10 17:46:53 DEBUG [main] c.v.limits.service.LoadLimitService - Checking limits for time=2000-01-01T05:06:50Z, startOfWeek=1999-12-27T00:00Z, endOfWeek=2000-01-02T23:59:59.999999999Z
2025-02-10 17:46:53 DEBUG [main] c.v.limits.service.LoadLimitService - Weekly total for customer=409: current=0, new=314.45, limit=20000.00
2025-02-10 17:46:53 DEBUG [main] c.v.limits.service.LoadLimitService - Load saved successfully: id=3211, customer=409
2025-02-10 17:46:53 INFO  [main] c.v.limits.service.LoadLimitService - Load accepted: id=3211, customer=409, amount=$314.45
2025-02-10 17:46:53 DEBUG [main] c.v.limits.service.LoadLimitService - Processing load request: id=27106, customer=630, amount=$1404.95, time=2000-01-01T06:08:12Z
2025-02-10 17:46:53 DEBUG [main] c.v.limits.service.LoadLimitService - Checking limits for time=2000-01-01T06:08:12Z, startOfWeek=1999-12-27T00:00Z, endOfWeek=2000-01-02T23:59:59.999999999Z
2025-02-10 17:46:53 DEBUG [main] c.v.limits.service.LoadLimitService - Weekly total for customer=630: current=0, new=1404.95, limit=20000.00
2025-02-10 17:46:53 DEBUG [main] c.v.limits.service.LoadLimitService - Load saved successfully: id=27106, customer=630
2025-02-10 17:46:53 INFO  [main] c.v.limits.service.LoadLimitService - Load accepted: id=27106, customer=630, amount=$1404.95
2025-02-10 17:46:53 DEBUG [main] c.v.limits.service.LoadLimitService - Processing load request: id=7528, customer=273, amount=$5862.58, time=2000-01-01T07:09:34Z
2025-02-10 17:46:53 DEBUG [main] c.v.limits.service.LoadLimitService - Checking limits for time=2000-01-01T07:09:34Z, startOfWeek=1999-12-27T00:00Z, endOfWeek=2000-01-02T23:59:59.999999999Z
2025-02-10 17:46:53 DEBUG [main] c.v.limits.service.LoadLimitService - Daily amount limit exceeded: customer=273, current=0, attempted=$5862.58
2025-02-10 17:46:53 WARN  [main] c.v.limits.service.LoadLimitService - Load rejected: id=7528, customer=273, amount=$5862.58 (limit exceeded)
2025-02-10 17:46:53 DEBUG [main] c.v.limits.service.LoadLimitService - Processing load request: id=27947, customer=800, amount=$3382.87, time=2000-01-01T08:10:56Z
2025-02-10 17:46:53 DEBUG [main] c.v.limits.service.LoadLimitService - Checking limits for time=2000-01-01T08:10:56Z, startOfWeek=1999-12-27T00:00Z, endOfWeek=2000-01-02T23:59:59.999999999Z
2025-02-10 17:46:53 DEBUG [main] c.v.limits.service.LoadLimitService - Weekly total for customer=800: current=0, new=3382.87, limit=20000.00
2025-02-10 17:46:53 DEBUG [main] c.v.limits.service.LoadLimitService - Load saved successfully: id=27947, customer=800
2025-02-10 17:46:53 INFO  [main] c.v.limits.service.LoadLimitService - Load accepted: id=27947, customer=800, amount=$3382.87
2025-02-10 17:46:53 DEBUG [main] c.v.limits.service.LoadLimitService - Processing load request: id=20790, customer=647, amount=$3930.15, time=2000-01-01T09:12:18Z
2025-02-10 17:46:53 DEBUG [main] c.v.limits.service.LoadLimitService - Checking limits for time=2000-01-01T09:12:18Z, startOfWeek=1999-12-27T00:00Z, endOfWeek=2000-01-02T23:59:59.999999999Z
2025-02-10 17:46:53 DEBUG [main] c.v.limits.service.LoadLimitService - Weekly total for customer=647: current=0, new=3930.15, limit=20000.00
2025-02-10 17:46:53 DEBUG [main] c.v.limits.service.LoadLimitService - Load saved successfully: id=20790, customer=647
2025-02-10 17:46:53 INFO  [main] c.v.limits.service.LoadLimitService - Load accepted: id=20790, customer=647, amount=$3930.15
2025-02-10 17:46:53 DEBUG [main] c.v.limits.service.LoadLimitService - Processing load request: id=12408, customer=698, amount=$4073.87, time=2000-01-01T10:13:40Z
2025-02-10 17:46:53 DEBUG [main] c.v.limits.service.LoadLimitService - Checking limits for time=2000-01-01T10:13:40Z, startOfWeek=1999-12-27T00:00Z, endOfWeek=2000-01-02T23:59:59.999999999Z
2025-02-10 17:46:53 DEBUG [main] c.v.limits.service.LoadLimitService - Weekly total for customer=698: current=0, new=4073.87, limit=20000.00
2025-02-10 17:46:53 DEBUG [main] c.v.limits.service.LoadLimitService - Load saved successfully: id=12408, customer=698
2025-02-10 17:46:53 INFO  [main] c.v.limits.service.LoadLimitService - Load accepted: id=12408, customer=698, amount=$4073.87
2025-02-10 17:46:53 DEBUG [main] c.v.limits.service.LoadLimitService - Processing load request: id=11429, customer=528, amount=$2253.56, time=2000-01-01T11:15:02Z
2025-02-10 17:46:53 DEBUG [main] c.v.limits.service.LoadLimitService - Checking limits for time=2000-01-01T11:15:02Z, startOfWeek=1999-12-27T00:00Z, endOfWeek=2000-01-02T23:59:59.999999999Z
2025-02-10 17:46:53 DEBUG [main] c.v.limits.service.LoadLimitService - Daily amount limit exceeded: customer=528, current=3318.47, attempted=$2253.56
2025-02-10 17:46:53 WARN  [main] c.v.limits.service.LoadLimitService - Load rejected: id=11429, customer=528, amount=$2253.56 (limit exceeded)
2025-02-10 17:46:53 DEBUG [main] c.v.limits.service.LoadLimitService - Processing load request: id=16631, customer=630, amount=$5114.85, time=2000-01-01T12:16:24Z
2025-02-10 17:46:53 DEBUG [main] c.v.limits.service.LoadLimitService - Checking limits for time=2000-01-01T12:16:24Z, startOfWeek=1999-12-27T00:00Z, endOfWeek=2000-01-02T23:59:59.999999999Z
2025-02-10 17:46:53 DEBUG [main] c.v.limits.service.LoadLimitService - Daily amount limit exceeded: customer=630, current=1404.95, attempted=$5114.85
2025-02-10 17:46:53 WARN  [main] c.v.limits.service.LoadLimitService - Load rejected: id=16631, customer=630, amount=$5114.85 (limit exceeded)
2025-02-10 17:46:53 DEBUG [main] c.v.limits.service.LoadLimitService - Processing load request: id=22413, customer=443, amount=$4030.90, time=2000-01-01T13:17:46Z
2025-02-10 17:46:53 DEBUG [main] c.v.limits.service.LoadLimitService - Checking limits for time=2000-01-01T13:17:46Z, startOfWeek=1999-12-27T00:00Z, endOfWeek=2000-01-02T23:59:59.999999999Z
2025-02-10 17:46:53 DEBUG [main] c.v.limits.service.LoadLimitService - Weekly total for customer=443: current=0, new=4030.90, limit=20000.00
2025-02-10 17:46:53 DEBUG [main] c.v.limits.service.LoadLimitService - Load saved successfully: id=22413, customer=443
2025-02-10 17:46:53 INFO  [main] c.v.limits.service.LoadLimitService - Load accepted: id=22413, customer=443, amount=$4030.90
2025-02-10 17:46:53 DEBUG [main] c.v.limits.service.LoadLimitService - Processing load request: id=10563, customer=749, amount=$3124.33, time=2000-01-01T14:19:08Z
2025-02-10 17:46:53 DEBUG [main] c.v.limits.service.LoadLimitService - Checking limits for time=2000-01-01T14:19:08Z, startOfWeek=1999-12-27T00:00Z, endOfWeek=2000-01-02T23:59:59.999999999Z
2025-02-10 17:46:53 DEBUG [main] c.v.limits.service.LoadLimitService - Weekly total for customer=749: current=0, new=3124.33, limit=20000.00
2025-02-10 17:46:53 DEBUG [main] c.v.limits.service.LoadLimitService - Load saved successfully: id=10563, customer=749
2025-02-10 17:46:53 INFO  [main] c.v.limits.service.LoadLimitService - Load accepted: id=10563, customer=749, amount=$3124.33
2025-02-10 17:46:53 DEBUG [main] c.v.limits.service.LoadLimitService - Processing load request: id=26078, customer=800, amount=$3643.24, time=2000-01-01T15:20:30Z
2025-02-10 17:46:53 DEBUG [main] c.v.limits.service.LoadLimitService - Checking limits for time=2000-01-01T15:20:30Z, startOfWeek=1999-12-27T00:00Z, endOfWeek=2000-01-02T23:59:59.999999999Z
2025-02-10 17:46:53 DEBUG [main] c.v.limits.service.LoadLimitService - Daily amount limit exceeded: customer=800, current=3382.87, attempted=$3643.24
2025-02-10 17:46:53 WARN  [main] c.v.limits.service.LoadLimitService - Load rejected: id=26078, customer=800, amount=$3643.24 (limit exceeded)
2025-02-10 17:46:53 DEBUG [main] c.v.limits.service.LoadLimitService - Processing load request: id=11353, customer=154, amount=$3519.57, time=2000-01-01T16:21:52Z
2025-02-10 17:46:53 DEBUG [main] c.v.limits.service.LoadLimitService - Checking limits for time=2000-01-01T16:21:52Z, startOfWeek=1999-12-27T00:00Z, endOfWeek=2000-01-02T23:59:59.999999999Z
2025-02-10 17:46:54 DEBUG [main] c.v.limits.service.LoadLimitService - Weekly total for customer=154: current=1413.18, new=4932.75, limit=20000.00
2025-02-10 17:46:54 DEBUG [main] c.v.limits.service.LoadLimitService - Load saved successfully: id=11353, customer=154
2025-02-10 17:46:54 INFO  [main] c.v.limits.service.LoadLimitService - Load accepted: id=11353, customer=154, amount=$3519.57
2025-02-10 17:46:54 DEBUG [main] c.v.limits.service.LoadLimitService - Processing load request: id=19189, customer=358, amount=$4821.99, time=2000-01-01T17:23:14Z
2025-02-10 17:46:54 DEBUG [main] c.v.limits.service.LoadLimitService - Checking limits for time=2000-01-01T17:23:14Z, startOfWeek=1999-12-27T00:00Z, endOfWeek=2000-01-02T23:59:59.999999999Z
2025-02-10 17:46:54 DEBUG [main] c.v.limits.service.LoadLimitService - Weekly total for customer=358: current=0, new=4821.99, limit=20000.00
2025-02-10 17:46:54 DEBUG [main] c.v.limits.service.LoadLimitService - Load saved successfully: id=19189, customer=358
2025-02-10 17:46:54 INFO  [main] c.v.limits.service.LoadLimitService - Load accepted: id=19189, customer=358, amount=$4821.99
2025-02-10 17:46:54 DEBUG [main] c.v.limits.service.LoadLimitService - Processing load request: id=18705, customer=1, amount=$3628.88, time=2000-01-01T18:24:36Z
2025-02-10 17:46:54 DEBUG [main] c.v.limits.service.LoadLimitService - Checking limits for time=2000-01-01T18:24:36Z, startOfWeek=1999-12-27T00:00Z, endOfWeek=2000-01-02T23:59:59.999999999Z
2025-02-10 17:46:54 DEBUG [main] c.v.limits.service.LoadLimitService - Weekly total for customer=1: current=785.11, new=4413.99, limit=20000.00
2025-02-10 17:46:54 DEBUG [main] c.v.limits.service.LoadLimitService - Load saved successfully: id=18705, customer=1
2025-02-10 17:46:54 INFO  [main] c.v.limits.service.LoadLimitService - Load accepted: id=18705, customer=1, amount=$3628.88
2025-02-10 17:46:54 DEBUG [main] c.v.limits.service.LoadLimitService - Processing load request: id=25703, customer=647, amount=$5893.55, time=2000-01-01T19:25:58Z
2025-02-10 17:46:54 DEBUG [main] c.v.limits.service.LoadLimitService - Checking limits for time=2000-01-01T19:25:58Z, startOfWeek=1999-12-27T00:00Z, endOfWeek=2000-01-02T23:59:59.999999999Z
2025-02-10 17:46:54 DEBUG [main] c.v.limits.service.LoadLimitService - Daily amount limit exceeded: customer=647, current=3930.15, attempted=$5893.55
2025-02-10 17:46:54 WARN  [main] c.v.limits.service.LoadLimitService - Load rejected: id=25703, customer=647, amount=$5893.55 (limit exceeded)
2025-02-10 17:46:54 DEBUG [main] c.v.limits.service.LoadLimitService - Processing load request: id=20510, customer=18, amount=$526.05, time=2000-01-01T20:27:20Z
2025-02-10 17:46:54 DEBUG [main] c.v.limits.service.LoadLimitService - Checking limits for time=2000-01-01T20:27:20Z, startOfWeek=1999-12-27T00:00Z, endOfWeek=2000-01-02T23:59:59.999999999Z
2025-02-10 17:46:54 DEBUG [main] c.v.limits.service.LoadLimitService - Weekly total for customer=18: current=0, new=526.05, limit=20000.00
2025-02-10 17:46:54 DEBUG [main] c.v.limits.service.LoadLimitService - Load saved successfully: id=20510, customer=18
2025-02-10 17:46:54 INFO  [main] c.v.limits.service.LoadLimitService - Load accepted: id=20510, customer=18, amount=$526.05
2025-02-10 17:46:54 DEBUG [main] c.v.limits.service.LoadLimitService - Processing load request: id=28266, customer=103, amount=$898.28, time=2000-01-01T21:28:42Z
2025-02-10 17:46:54 DEBUG [main] c.v.limits.service.LoadLimitService - Checking limits for time=2000-01-01T21:28:42Z, startOfWeek=1999-12-27T00:00Z, endOfWeek=2000-01-02T23:59:59.999999999Z
2025-02-10 17:46:54 DEBUG [main] c.v.limits.service.LoadLimitService - Weekly total for customer=103: current=0, new=898.28, limit=20000.00
2025-02-10 17:46:54 DEBUG [main] c.v.limits.service.LoadLimitService - Load saved successfully: id=28266, customer=103
2025-02-10 17:46:54 INFO  [main] c.v.limits.service.LoadLimitService - Load accepted: id=28266, customer=103, amount=$898.28
2025-02-10 17:46:54 DEBUG [main] c.v.limits.service.LoadLimitService - Processing load request: id=3202, customer=188, amount=$4347.83, time=2000-01-01T22:30:04Z
2025-02-10 17:46:54 DEBUG [main] c.v.limits.service.LoadLimitService - Checking limits for time=2000-01-01T22:30:04Z, startOfWeek=1999-12-27T00:00Z, endOfWeek=2000-01-02T23:59:59.999999999Z
2025-02-10 17:46:54 DEBUG [main] c.v.limits.service.LoadLimitService - Weekly total for customer=188: current=0, new=4347.83, limit=20000.00
2025-02-10 17:46:54 DEBUG [main] c.v.limits.service.LoadLimitService - Load saved successfully: id=3202, customer=188
2025-02-10 17:46:54 INFO  [main] c.v.limits.service.LoadLimitService - Load accepted: id=3202, customer=188, amount=$4347.83
2025-02-10 17:46:54 DEBUG [main] c.v.limits.service.LoadLimitService - Processing load request: id=31563, customer=783, amount=$143.76, time=2000-01-01T23:31:26Z
2025-02-10 17:46:54 DEBUG [main] c.v.limits.service.LoadLimitService - Checking limits for time=2000-01-01T23:31:26Z, startOfWeek=1999-12-27T00:00Z, endOfWeek=2000-01-02T23:59:59.999999999Z
2025-02-10 17:46:54 DEBUG [main] c.v.limits.service.LoadLimitService - Weekly total for customer=783: current=0, new=143.76, limit=20000.00
2025-02-10 17:46:54 DEBUG [main] c.v.limits.service.LoadLimitService - Load saved successfully: id=31563, customer=783
2025-02-10 17:46:54 INFO  [main] c.v.limits.service.LoadLimitService - Load accepted: id=31563, customer=783, amount=$143.76
2025-02-10 17:46:54 DEBUG [main] c.v.limits.service.LoadLimitService - Processing load request: id=9718, customer=35, amount=$2254.47, time=2000-01-02T00:32:48Z
2025-02-10 17:46:54 DEBUG [main] c.v.limits.service.LoadLimitService - Checking limits for time=2000-01-02T00:32:48Z, startOfWeek=1999-12-27T00:00Z, endOfWeek=2000-01-02T23:59:59.999999999Z
2025-02-10 17:46:54 DEBUG [main] c.v.limits.service.LoadLimitService - Weekly total for customer=35: current=0, new=2254.47, limit=20000.00
2025-02-10 17:46:54 DEBUG [main] c.v.limits.service.LoadLimitService - Load saved successfully: id=9718, customer=35
2025-02-10 17:46:54 INFO  [main] c.v.limits.service.LoadLimitService - Load accepted: id=9718, customer=35, amount=$2254.47
2025-02-10 17:46:54 DEBUG [main] c.v.limits.service.LoadLimitService - Processing load request: id=5577, customer=749, amount=$5074.63, time=2000-01-02T01:34:10Z
2025-02-10 17:46:54 DEBUG [main] c.v.limits.service.LoadLimitService - Checking limits for time=2000-01-02T01:34:10Z, startOfWeek=1999-12-27T00:00Z, endOfWeek=2000-01-02T23:59:59.999999999Z
2025-02-10 17:46:54 DEBUG [main] c.v.limits.service.LoadLimitService - Daily amount limit exceeded: customer=749, current=0, attempted=$5074.63
2025-02-10 17:46:54 WARN  [main] c.v.limits.service.LoadLimitService - Load rejected: id=5577, customer=749, amount=$5074.63 (limit exceeded)
2025-02-10 17:46:54 DEBUG [main] c.v.limits.service.LoadLimitService - Processing load request: id=10420, customer=783, amount=$1186.23, time=2000-01-02T02:35:32Z
2025-02-10 17:46:54 DEBUG [main] c.v.limits.service.LoadLimitService - Checking limits for time=2000-01-02T02:35:32Z, startOfWeek=1999-12-27T00:00Z, endOfWeek=2000-01-02T23:59:59.999999999Z
2025-02-10 17:46:54 DEBUG [main] c.v.limits.service.LoadLimitService - Weekly total for customer=783: current=143.76, new=1329.99, limit=20000.00
2025-02-10 17:46:54 DEBUG [main] c.v.limits.service.LoadLimitService - Load saved successfully: id=10420, customer=783
2025-02-10 17:46:54 INFO  [main] c.v.limits.service.LoadLimitService - Load accepted: id=10420, customer=783, amount=$1186.23
2025-02-10 17:46:54 DEBUG [main] c.v.limits.service.LoadLimitService - Processing load request: id=27137, customer=52, amount=$5431.33, time=2000-01-02T03:36:54Z
2025-02-10 17:46:54 DEBUG [main] c.v.limits.service.LoadLimitService - Checking limits for time=2000-01-02T03:36:54Z, startOfWeek=1999-12-27T00:00Z, endOfWeek=2000-01-02T23:59:59.999999999Z
2025-02-10 17:46:54 DEBUG [main] c.v.limits.service.LoadLimitService - Daily amount limit exceeded: customer=52, current=0, attempted=$5431.33
2025-02-10 17:46:54 WARN  [main] c.v.limits.service.LoadLimitService - Load rejected: id=27137, customer=52, amount=$5431.33 (limit exceeded)
2025-02-10 17:46:54 DEBUG [main] c.v.limits.service.LoadLimitService - Processing load request: id=22059, customer=698, amount=$530.33, time=2000-01-02T04:38:16Z
2025-02-10 17:46:54 DEBUG [main] c.v.limits.service.LoadLimitService - Checking limits for time=2000-01-02T04:38:16Z, startOfWeek=1999-12-27T00:00Z, endOfWeek=2000-01-02T23:59:59.999999999Z
2025-02-10 17:46:54 DEBUG [main] c.v.limits.service.LoadLimitService - Weekly total for customer=698: current=4073.87, new=4604.20, limit=20000.00
2025-02-10 17:46:54 DEBUG [main] c.v.limits.service.LoadLimitService - Load saved successfully: id=22059, customer=698
2025-02-10 17:46:54 INFO  [main] c.v.limits.service.LoadLimitService - Load accepted: id=22059, customer=698, amount=$530.33
2025-02-10 17:46:54 DEBUG [main] c.v.limits.service.LoadLimitService - Processing load request: id=5891, customer=732, amount=$3020.02, time=2000-01-02T05:39:38Z
2025-02-10 17:46:54 DEBUG [main] c.v.limits.service.LoadLimitService - Checking limits for time=2000-01-02T05:39:38Z, startOfWeek=1999-12-27T00:00Z, endOfWeek=2000-01-02T23:59:59.999999999Z
2025-02-10 17:46:54 DEBUG [main] c.v.limits.service.LoadLimitService - Weekly total for customer=732: current=0, new=3020.02, limit=20000.00
2025-02-10 17:46:54 DEBUG [main] c.v.limits.service.LoadLimitService - Load saved successfully: id=5891, customer=732
2025-02-10 17:46:54 INFO  [main] c.v.limits.service.LoadLimitService - Load accepted: id=5891, customer=732, amount=$3020.02
2025-02-10 17:46:54 DEBUG [main] c.v.limits.service.LoadLimitService - Processing load request: id=21336, customer=477, amount=$3725.46, time=2000-01-02T06:41Z
2025-02-10 17:46:54 DEBUG [main] c.v.limits.service.LoadLimitService - Checking limits for time=2000-01-02T06:41Z, startOfWeek=1999-12-27T00:00Z, endOfWeek=2000-01-02T23:59:59.999999999Z
2025-02-10 17:46:54 DEBUG [main] c.v.limits.service.LoadLimitService - Weekly total for customer=477: current=0, new=3725.46, limit=20000.00
2025-02-10 17:46:54 DEBUG [main] c.v.limits.service.LoadLimitService - Load saved successfully: id=21336, customer=477
2025-02-10 17:46:54 INFO  [main] c.v.limits.service.LoadLimitService - Load accepted: id=21336, customer=477, amount=$3725.46
2025-02-10 17:46:54 DEBUG [main] c.v.limits.service.LoadLimitService - Processing load request: id=27940, customer=120, amount=$5065.03, time=2000-01-02T07:42:22Z
2025-02-10 17:46:54 DEBUG [main] c.v.limits.service.LoadLimitService - Checking limits for time=2000-01-02T07:42:22Z, startOfWeek=1999-12-27T00:00Z, endOfWeek=2000-01-02T23:59:59.999999999Z
2025-02-10 17:46:54 DEBUG [main] c.v.limits.service.LoadLimitService - Daily amount limit exceeded: customer=120, current=0, attempted=$5065.03
2025-02-10 17:46:54 WARN  [main] c.v.limits.service.LoadLimitService - Load rejected: id=27940, customer=120, amount=$5065.03 (limit exceeded)
2025-02-10 17:46:54 DEBUG [main] c.v.limits.service.LoadLimitService - Processing load request: id=7843, customer=35, amount=$5522.05, time=2000-01-02T08:43:44Z
2025-02-10 17:46:54 DEBUG [main] c.v.limits.service.LoadLimitService - Checking limits for time=2000-01-02T08:43:44Z, startOfWeek=1999-12-27T00:00Z, endOfWeek=2000-01-02T23:59:59.999999999Z
2025-02-10 17:46:54 DEBUG [main] c.v.limits.service.LoadLimitService - Daily amount limit exceeded: customer=35, current=2254.47, attempted=$5522.05
2025-02-10 17:46:54 WARN  [main] c.v.limits.service.LoadLimitService - Load rejected: id=7843, customer=35, amount=$5522.05 (limit exceeded)
2025-02-10 17:46:54 DEBUG [main] c.v.limits.service.LoadLimitService - Processing load request: id=15425, customer=817, amount=$1813.51, time=2000-01-02T09:45:06Z
2025-02-10 17:46:54 DEBUG [main] c.v.limits.service.LoadLimitService - Checking limits for time=2000-01-02T09:45:06Z, startOfWeek=1999-12-27T00:00Z, endOfWeek=2000-01-02T23:59:59.999999999Z
2025-02-10 17:46:54 DEBUG [main] c.v.limits.service.LoadLimitService - Weekly total for customer=817: current=0, new=1813.51, limit=20000.00
2025-02-10 17:46:54 DEBUG [main] c.v.limits.service.LoadLimitService - Load saved successfully: id=15425, customer=817
2025-02-10 17:46:54 INFO  [main] c.v.limits.service.LoadLimitService - Load accepted: id=15425, customer=817, amount=$1813.51
2025-02-10 17:46:54 DEBUG [main] c.v.limits.service.LoadLimitService - Processing load request: id=21757, customer=256, amount=$5036.87, time=2000-01-02T10:46:28Z
2025-02-10 17:46:54 DEBUG [main] c.v.limits.service.LoadLimitService - Checking limits for time=2000-01-02T10:46:28Z, startOfWeek=1999-12-27T00:00Z, endOfWeek=2000-01-02T23:59:59.999999999Z
2025-02-10 17:46:54 DEBUG [main] c.v.limits.service.LoadLimitService - Daily amount limit exceeded: customer=256, current=0, attempted=$5036.87
2025-02-10 17:46:54 WARN  [main] c.v.limits.service.LoadLimitService - Load rejected: id=21757, customer=256, amount=$5036.87 (limit exceeded)
2025-02-10 17:46:54 DEBUG [main] c.v.limits.service.LoadLimitService - Processing load request: id=15410, customer=171, amount=$2952.85, time=2000-01-02T11:47:50Z
2025-02-10 17:46:54 DEBUG [main] c.v.limits.service.LoadLimitService - Checking limits for time=2000-01-02T11:47:50Z, startOfWeek=1999-12-27T00:00Z, endOfWeek=2000-01-02T23:59:59.999999999Z
2025-02-10 17:46:54 DEBUG [main] c.v.limits.service.LoadLimitService - Weekly total for customer=171: current=0, new=2952.85, limit=20000.00
2025-02-10 17:46:54 DEBUG [main] c.v.limits.service.LoadLimitService - Load saved successfully: id=15410, customer=171
2025-02-10 17:46:54 INFO  [main] c.v.limits.service.LoadLimitService - Load accepted: id=15410, customer=171, amount=$2952.85
2025-02-10 17:46:54 DEBUG [main] c.v.limits.service.LoadLimitService - Processing load request: id=11632, customer=681, amount=$4330.98, time=2000-01-02T12:49:12Z
2025-02-10 17:46:54 DEBUG [main] c.v.limits.service.LoadLimitService - Checking limits for time=2000-01-02T12:49:12Z, startOfWeek=1999-12-27T00:00Z, endOfWeek=2000-01-02T23:59:59.999999999Z
2025-02-10 17:46:54 DEBUG [main] c.v.limits.service.LoadLimitService - Weekly total for customer=681: current=0, new=4330.98, limit=20000.00
2025-02-10 17:46:54 DEBUG [main] c.v.limits.service.LoadLimitService - Load saved successfully: id=11632, customer=681
2025-02-10 17:46:54 INFO  [main] c.v.limits.service.LoadLimitService - Load accepted: id=11632, customer=681, amount=$4330.98
2025-02-10 17:46:54 DEBUG [main] c.v.limits.service.LoadLimitService - Processing load request: id=6591, customer=52, amount=$4885.82, time=2000-01-02T13:50:34Z
2025-02-10 17:46:54 DEBUG [main] c.v.limits.service.LoadLimitService - Checking limits for time=2000-01-02T13:50:34Z, startOfWeek=1999-12-27T00:00Z, endOfWeek=2000-01-02T23:59:59.999999999Z
2025-02-10 17:46:54 DEBUG [main] c.v.limits.service.LoadLimitService - Weekly total for customer=52: current=0, new=4885.82, limit=20000.00
2025-02-10 17:46:54 DEBUG [main] c.v.limits.service.LoadLimitService - Load saved successfully: id=6591, customer=52
2025-02-10 17:46:54 INFO  [main] c.v.limits.service.LoadLimitService - Load accepted: id=6591, customer=52, amount=$4885.82
2025-02-10 17:46:54 DEBUG [main] c.v.limits.service.LoadLimitService - Processing load request: id=23297, customer=579, amount=$592.67, time=2000-01-02T14:51:56Z
2025-02-10 17:46:54 DEBUG [main] c.v.limits.service.LoadLimitService - Checking limits for time=2000-01-02T14:51:56Z, startOfWeek=1999-12-27T00:00Z, endOfWeek=2000-01-02T23:59:59.999999999Z
2025-02-10 17:46:54 DEBUG [main] c.v.limits.service.LoadLimitService - Weekly total for customer=579: current=0, new=592.67, limit=20000.00
2025-02-10 17:46:54 DEBUG [main] c.v.limits.service.LoadLimitService - Load saved successfully: id=23297, customer=579
2025-02-10 17:46:54 INFO  [main] c.v.limits.service.LoadLimitService - Load accepted: id=23297, customer=579, amount=$592.67
2025-02-10 17:46:54 DEBUG [main] c.v.limits.service.LoadLimitService - Processing load request: id=29271, customer=630, amount=$3158.94, time=2000-01-02T15:53:18Z
2025-02-10 17:46:54 DEBUG [main] c.v.limits.service.LoadLimitService - Checking limits for time=2000-01-02T15:53:18Z, startOfWeek=1999-12-27T00:00Z, endOfWeek=2000-01-02T23:59:59.999999999Z
2025-02-10 17:46:54 DEBUG [main] c.v.limits.service.LoadLimitService - Weekly total for customer=630: current=1404.95, new=4563.89, limit=20000.00
2025-02-10 17:46:54 DEBUG [main] c.v.limits.service.LoadLimitService - Load saved successfully: id=29271, customer=630
2025-02-10 17:46:54 INFO  [main] c.v.limits.service.LoadLimitService - Load accepted: id=29271, customer=630, amount=$3158.94
2025-02-10 17:46:54 DEBUG [main] c.v.limits.service.LoadLimitService - Processing load request: id=13802, customer=443, amount=$39.81, time=2000-01-02T16:54:40Z
2025-02-10 17:46:54 DEBUG [main] c.v.limits.service.LoadLimitService - Checking limits for time=2000-01-02T16:54:40Z, startOfWeek=1999-12-27T00:00Z, endOfWeek=2000-01-02T23:59:59.999999999Z
2025-02-10 17:46:54 DEBUG [main] c.v.limits.service.LoadLimitService - Weekly total for customer=443: current=4030.90, new=4070.71, limit=20000.00
2025-02-10 17:46:54 DEBUG [main] c.v.limits.service.LoadLimitService - Load saved successfully: id=13802, customer=443
2025-02-10 17:46:54 INFO  [main] c.v.limits.service.LoadLimitService - Load accepted: id=13802, customer=443, amount=$39.81
2025-02-10 17:46:54 DEBUG [main] c.v.limits.service.LoadLimitService - Processing load request: id=20066, customer=494, amount=$212.70, time=2000-01-02T17:56:02Z
2025-02-10 17:46:54 DEBUG [main] c.v.limits.service.LoadLimitService - Checking limits for time=2000-01-02T17:56:02Z, startOfWeek=1999-12-27T00:00Z, endOfWeek=2000-01-02T23:59:59.999999999Z
2025-02-10 17:46:54 DEBUG [main] c.v.limits.service.LoadLimitService - Weekly total for customer=494: current=0, new=212.70, limit=20000.00
2025-02-10 17:46:54 DEBUG [main] c.v.limits.service.LoadLimitService - Load saved successfully: id=20066, customer=494
2025-02-10 17:46:54 INFO  [main] c.v.limits.service.LoadLimitService - Load accepted: id=20066, customer=494, amount=$212.70
2025-02-10 17:46:54 DEBUG [main] c.v.limits.service.LoadLimitService - Processing load request: id=27086, customer=732, amount=$498.19, time=2000-01-02T18:57:24Z
2025-02-10 17:46:54 DEBUG [main] c.v.limits.service.LoadLimitService - Checking limits for time=2000-01-02T18:57:24Z, startOfWeek=1999-12-27T00:00Z, endOfWeek=2000-01-02T23:59:59.999999999Z
2025-02-10 17:46:54 DEBUG [main] c.v.limits.service.LoadLimitService - Weekly total for customer=732: current=3020.02, new=3518.21, limit=20000.00
2025-02-10 17:46:54 DEBUG [main] c.v.limits.service.LoadLimitService - Load saved successfully: id=27086, customer=732
2025-02-10 17:46:54 INFO  [main] c.v.limits.service.LoadLimitService - Load accepted: id=27086, customer=732, amount=$498.19
2025-02-10 17:46:54 DEBUG [main] c.v.limits.service.LoadLimitService - Processing load request: id=22052, customer=528, amount=$3171.75, time=2000-01-02T19:58:46Z
2025-02-10 17:46:54 DEBUG [main] c.v.limits.service.LoadLimitService - Checking limits for time=2000-01-02T19:58:46Z, startOfWeek=1999-12-27T00:00Z, endOfWeek=2000-01-02T23:59:59.999999999Z
2025-02-10 17:46:54 DEBUG [main] c.v.limits.service.LoadLimitService - Weekly total for customer=528: current=3318.47, new=6490.22, limit=20000.00
2025-02-10 17:46:54 DEBUG [main] c.v.limits.service.LoadLimitService - Load saved successfully: id=22052, customer=528
2025-02-10 17:46:54 INFO  [main] c.v.limits.service.LoadLimitService - Load accepted: id=22052, customer=528, amount=$3171.75
2025-02-10 17:46:54 DEBUG [main] c.v.limits.service.LoadLimitService - Processing load request: id=13710, customer=596, amount=$513.87, time=2000-01-02T21:00:08Z
2025-02-10 17:46:54 DEBUG [main] c.v.limits.service.LoadLimitService - Checking limits for time=2000-01-02T21:00:08Z, startOfWeek=1999-12-27T00:00Z, endOfWeek=2000-01-02T23:59:59.999999999Z
2025-02-10 17:46:54 DEBUG [main] c.v.limits.service.LoadLimitService - Weekly total for customer=596: current=0, new=513.87, limit=20000.00
2025-02-10 17:46:54 DEBUG [main] c.v.limits.service.LoadLimitService - Load saved successfully: id=13710, customer=596
2025-02-10 17:46:54 INFO  [main] c.v.limits.service.LoadLimitService - Load accepted: id=13710, customer=596, amount=$513.87
2025-02-10 17:46:54 DEBUG [main] c.v.limits.service.LoadLimitService - Processing load request: id=25528, customer=834, amount=$1928.18, time=2000-01-02T22:01:30Z
2025-02-10 17:46:54 DEBUG [main] c.v.limits.service.LoadLimitService - Checking limits for time=2000-01-02T22:01:30Z, startOfWeek=1999-12-27T00:00Z, endOfWeek=2000-01-02T23:59:59.999999999Z
2025-02-10 17:46:54 DEBUG [main] c.v.limits.service.LoadLimitService - Weekly total for customer=834: current=0, new=1928.18, limit=20000.00
2025-02-10 17:46:54 DEBUG [main] c.v.limits.service.LoadLimitService - Load saved successfully: id=25528, customer=834
2025-02-10 17:46:54 INFO  [main] c.v.limits.service.LoadLimitService - Load accepted: id=25528, customer=834, amount=$1928.18
2025-02-10 17:46:54 DEBUG [main] c.v.limits.service.LoadLimitService - Processing load request: id=29903, customer=579, amount=$4512.24, time=2000-01-02T23:02:52Z
2025-02-10 17:46:54 DEBUG [main] c.v.limits.service.LoadLimitService - Checking limits for time=2000-01-02T23:02:52Z, startOfWeek=1999-12-27T00:00Z, endOfWeek=2000-01-02T23:59:59.999999999Z
2025-02-10 17:46:54 DEBUG [main] c.v.limits.service.LoadLimitService - Daily amount limit exceeded: customer=579, current=592.67, attempted=$4512.24
2025-02-10 17:46:54 WARN  [main] c.v.limits.service.LoadLimitService - Load rejected: id=29903, customer=579, amount=$4512.24 (limit exceeded)
2025-02-10 17:46:54 DEBUG [main] c.v.limits.service.LoadLimitService - Processing load request: id=21612, customer=800, amount=$3215.32, time=2000-01-03T00:04:14Z
2025-02-10 17:46:54 DEBUG [main] c.v.limits.service.LoadLimitService - Checking limits for time=2000-01-03T00:04:14Z, startOfWeek=2000-01-03T00:00Z, endOfWeek=2000-01-09T23:59:59.999999999Z
2025-02-10 17:46:54 DEBUG [main] c.v.limits.service.LoadLimitService - Weekly total for customer=800: current=0, new=3215.32, limit=20000.00
2025-02-10 17:46:54 DEBUG [main] c.v.limits.service.LoadLimitService - Load saved successfully: id=21612, customer=800
2025-02-10 17:46:54 INFO  [main] c.v.limits.service.LoadLimitService - Load accepted: id=21612, customer=800, amount=$3215.32
2025-02-10 17:46:54 DEBUG [main] c.v.limits.service.LoadLimitService - Processing load request: id=5839, customer=273, amount=$2905.40, time=2000-01-03T01:05:36Z
2025-02-10 17:46:54 DEBUG [main] c.v.limits.service.LoadLimitService - Checking limits for time=2000-01-03T01:05:36Z, startOfWeek=2000-01-03T00:00Z, endOfWeek=2000-01-09T23:59:59.999999999Z
2025-02-10 17:46:54 DEBUG [main] c.v.limits.service.LoadLimitService - Weekly total for customer=273: current=0, new=2905.40, limit=20000.00
2025-02-10 17:46:54 DEBUG [main] c.v.limits.service.LoadLimitService - Load saved successfully: id=5839, customer=273
2025-02-10 17:46:54 INFO  [main] c.v.limits.service.LoadLimitService - Load accepted: id=5839, customer=273, amount=$2905.40
2025-02-10 17:46:54 DEBUG [main] c.v.limits.service.LoadLimitService - Processing load request: id=3051, customer=613, amount=$3580.76, time=2000-01-03T02:06:58Z
2025-02-10 17:46:54 DEBUG [main] c.v.limits.service.LoadLimitService - Checking limits for time=2000-01-03T02:06:58Z, startOfWeek=2000-01-03T00:00Z, endOfWeek=2000-01-09T23:59:59.999999999Z
2025-02-10 17:46:54 DEBUG [main] c.v.limits.service.LoadLimitService - Weekly total for customer=613: current=0, new=3580.76, limit=20000.00
2025-02-10 17:46:54 DEBUG [main] c.v.limits.service.LoadLimitService - Load saved successfully: id=3051, customer=613
2025-02-10 17:46:54 INFO  [main] c.v.limits.service.LoadLimitService - Load accepted: id=3051, customer=613, amount=$3580.76
2025-02-10 17:46:54 DEBUG [main] c.v.limits.service.LoadLimitService - Processing load request: id=1351, customer=681, amount=$3188.44, time=2000-01-03T03:08:20Z
2025-02-10 17:46:54 DEBUG [main] c.v.limits.service.LoadLimitService - Checking limits for time=2000-01-03T03:08:20Z, startOfWeek=2000-01-03T00:00Z, endOfWeek=2000-01-09T23:59:59.999999999Z
2025-02-10 17:46:54 DEBUG [main] c.v.limits.service.LoadLimitService - Weekly total for customer=681: current=0, new=3188.44, limit=20000.00
2025-02-10 17:46:54 DEBUG [main] c.v.limits.service.LoadLimitService - Load saved successfully: id=1351, customer=681
2025-02-10 17:46:54 INFO  [main] c.v.limits.service.LoadLimitService - Load accepted: id=1351, customer=681, amount=$3188.44
2025-02-10 17:46:54 DEBUG [main] c.v.limits.service.LoadLimitService - Processing load request: id=24305, customer=239, amount=$1991.83, time=2000-01-03T04:09:42Z
2025-02-10 17:46:54 DEBUG [main] c.v.limits.service.LoadLimitService - Checking limits for time=2000-01-03T04:09:42Z, startOfWeek=2000-01-03T00:00Z, endOfWeek=2000-01-09T23:59:59.999999999Z
2025-02-10 17:46:54 DEBUG [main] c.v.limits.service.LoadLimitService - Weekly total for customer=239: current=0, new=1991.83, limit=20000.00
2025-02-10 17:46:54 DEBUG [main] c.v.limits.service.LoadLimitService - Load saved successfully: id=24305, customer=239
2025-02-10 17:46:54 INFO  [main] c.v.limits.service.LoadLimitService - Load accepted: id=24305, customer=239, amount=$1991.83
2025-02-10 17:46:54 DEBUG [main] c.v.limits.service.LoadLimitService - Processing load request: id=20090, customer=18, amount=$4616.02, time=2000-01-03T05:11:04Z
2025-02-10 17:46:54 DEBUG [main] c.v.limits.service.LoadLimitService - Checking limits for time=2000-01-03T05:11:04Z, startOfWeek=2000-01-03T00:00Z, endOfWeek=2000-01-09T23:59:59.999999999Z
2025-02-10 17:46:54 DEBUG [main] c.v.limits.service.LoadLimitService - Weekly total for customer=18: current=0, new=4616.02, limit=20000.00
2025-02-10 17:46:54 DEBUG [main] c.v.limits.service.LoadLimitService - Load saved successfully: id=20090, customer=18
2025-02-10 17:46:54 INFO  [main] c.v.limits.service.LoadLimitService - Load accepted: id=20090, customer=18, amount=$4616.02
2025-02-10 17:46:54 DEBUG [main] c.v.limits.service.LoadLimitService - Processing load request: id=27767, customer=137, amount=$5432.31, time=2000-01-03T06:12:26Z
2025-02-10 17:46:54 DEBUG [main] c.v.limits.service.LoadLimitService - Checking limits for time=2000-01-03T06:12:26Z, startOfWeek=2000-01-03T00:00Z, endOfWeek=2000-01-09T23:59:59.999999999Z
2025-02-10 17:46:54 DEBUG [main] c.v.limits.service.LoadLimitService - Daily amount limit exceeded: customer=137, current=0, attempted=$5432.31
2025-02-10 17:46:54 WARN  [main] c.v.limits.service.LoadLimitService - Load rejected: id=27767, customer=137, amount=$5432.31 (limit exceeded)
2025-02-10 17:46:54 DEBUG [main] c.v.limits.service.LoadLimitService - Processing load request: id=4154, customer=477, amount=$5678.22, time=2000-01-03T07:13:48Z
2025-02-10 17:46:54 DEBUG [main] c.v.limits.service.LoadLimitService - Checking limits for time=2000-01-03T07:13:48Z, startOfWeek=2000-01-03T00:00Z, endOfWeek=2000-01-09T23:59:59.999999999Z
2025-02-10 17:46:54 DEBUG [main] c.v.limits.service.LoadLimitService - Daily amount limit exceeded: customer=477, current=0, attempted=$5678.22
2025-02-10 17:46:54 WARN  [main] c.v.limits.service.LoadLimitService - Load rejected: id=4154, customer=477, amount=$5678.22 (limit exceeded)
2025-02-10 17:46:54 DEBUG [main] c.v.limits.service.LoadLimitService - Processing load request: id=1342, customer=392, amount=$1042.08, time=2000-01-03T08:15:10Z
2025-02-10 17:46:54 DEBUG [main] c.v.limits.service.LoadLimitService - Checking limits for time=2000-01-03T08:15:10Z, startOfWeek=2000-01-03T00:00Z, endOfWeek=2000-01-09T23:59:59.999999999Z
2025-02-10 17:46:54 DEBUG [main] c.v.limits.service.LoadLimitService - Weekly total for customer=392: current=0, new=1042.08, limit=20000.00
2025-02-10 17:46:54 DEBUG [main] c.v.limits.service.LoadLimitService - Load saved successfully: id=1342, customer=392
2025-02-10 17:46:54 INFO  [main] c.v.limits.service.LoadLimitService - Load accepted: id=1342, customer=392, amount=$1042.08
2025-02-10 17:46:54 DEBUG [main] c.v.limits.service.LoadLimitService - Processing load request: id=27968, customer=732, amount=$4011.66, time=2000-01-03T09:16:32Z
2025-02-10 17:46:54 DEBUG [main] c.v.limits.service.LoadLimitService - Checking limits for time=2000-01-03T09:16:32Z, startOfWeek=2000-01-03T00:00Z, endOfWeek=2000-01-09T23:59:59.999999999Z
2025-02-10 17:46:54 DEBUG [main] c.v.limits.service.LoadLimitService - Weekly total for customer=732: current=0, new=4011.66, limit=20000.00
2025-02-10 17:46:54 DEBUG [main] c.v.limits.service.LoadLimitService - Load saved successfully: id=27968, customer=732
2025-02-10 17:46:54 INFO  [main] c.v.limits.service.LoadLimitService - Load accepted: id=27968, customer=732, amount=$4011.66
2025-02-10 17:46:54 DEBUG [main] c.v.limits.service.LoadLimitService - Processing load request: id=6535, customer=171, amount=$1904.40, time=2000-01-03T10:17:54Z
2025-02-10 17:46:54 DEBUG [main] c.v.limits.service.LoadLimitService - Checking limits for time=2000-01-03T10:17:54Z, startOfWeek=2000-01-03T00:00Z, endOfWeek=2000-01-09T23:59:59.999999999Z
2025-02-10 17:46:54 DEBUG [main] c.v.limits.service.LoadLimitService - Weekly total for customer=171: current=0, new=1904.40, limit=20000.00
2025-02-10 17:46:54 DEBUG [main] c.v.limits.service.LoadLimitService - Load saved successfully: id=6535, customer=171
2025-02-10 17:46:54 INFO  [main] c.v.limits.service.LoadLimitService - Load accepted: id=6535, customer=171, amount=$1904.40
2025-02-10 17:46:54 DEBUG [main] c.v.limits.service.LoadLimitService - Processing load request: id=25162, customer=69, amount=$1546.57, time=2000-01-03T11:19:16Z
2025-02-10 17:46:54 DEBUG [main] c.v.limits.service.LoadLimitService - Checking limits for time=2000-01-03T11:19:16Z, startOfWeek=2000-01-03T00:00Z, endOfWeek=2000-01-09T23:59:59.999999999Z
2025-02-10 17:46:54 DEBUG [main] c.v.limits.service.LoadLimitService - Weekly total for customer=69: current=0, new=1546.57, limit=20000.00
2025-02-10 17:46:54 DEBUG [main] c.v.limits.service.LoadLimitService - Load saved successfully: id=25162, customer=69
2025-02-10 17:46:54 INFO  [main] c.v.limits.service.LoadLimitService - Load accepted: id=25162, customer=69, amount=$1546.57
2025-02-10 17:46:54 DEBUG [main] c.v.limits.service.LoadLimitService - Processing load request: id=21371, customer=256, amount=$3830.39, time=2000-01-03T12:20:38Z
2025-02-10 17:46:54 DEBUG [main] c.v.limits.service.LoadLimitService - Checking limits for time=2000-01-03T12:20:38Z, startOfWeek=2000-01-03T00:00Z, endOfWeek=2000-01-09T23:59:59.999999999Z
2025-02-10 17:46:54 DEBUG [main] c.v.limits.service.LoadLimitService - Weekly total for customer=256: current=0, new=3830.39, limit=20000.00
2025-02-10 17:46:54 DEBUG [main] c.v.limits.service.LoadLimitService - Load saved successfully: id=21371, customer=256
2025-02-10 17:46:54 INFO  [main] c.v.limits.service.LoadLimitService - Load accepted: id=21371, customer=256, amount=$3830.39
2025-02-10 17:46:54 DEBUG [main] c.v.limits.service.LoadLimitService - Processing load request: id=1513, customer=511, amount=$5197.00, time=2000-01-03T13:22Z
2025-02-10 17:46:54 DEBUG [main] c.v.limits.service.LoadLimitService - Checking limits for time=2000-01-03T13:22Z, startOfWeek=2000-01-03T00:00Z, endOfWeek=2000-01-09T23:59:59.999999999Z
2025-02-10 17:46:54 DEBUG [main] c.v.limits.service.LoadLimitService - Daily amount limit exceeded: customer=511, current=0, attempted=$5197.00
2025-02-10 17:46:54 WARN  [main] c.v.limits.service.LoadLimitService - Load rejected: id=1513, customer=511, amount=$5197.00 (limit exceeded)
2025-02-10 17:46:54 DEBUG [main] c.v.limits.service.LoadLimitService - Processing load request: id=12720, customer=154, amount=$2407.83, time=2000-01-03T14:23:22Z
2025-02-10 17:46:54 DEBUG [main] c.v.limits.service.LoadLimitService - Checking limits for time=2000-01-03T14:23:22Z, startOfWeek=2000-01-03T00:00Z, endOfWeek=2000-01-09T23:59:59.999999999Z
2025-02-10 17:46:54 DEBUG [main] c.v.limits.service.LoadLimitService - Weekly total for customer=154: current=0, new=2407.83, limit=20000.00
2025-02-10 17:46:54 DEBUG [main] c.v.limits.service.LoadLimitService - Load saved successfully: id=12720, customer=154
2025-02-10 17:46:54 INFO  [main] c.v.limits.service.LoadLimitService - Load accepted: id=12720, customer=154, amount=$2407.83
2025-02-10 17:46:54 DEBUG [main] c.v.limits.service.LoadLimitService - Processing load request: id=16984, customer=341, amount=$4682.47, time=2000-01-03T15:24:44Z
2025-02-10 17:46:54 DEBUG [main] c.v.limits.service.LoadLimitService - Checking limits for time=2000-01-03T15:24:44Z, startOfWeek=2000-01-03T00:00Z, endOfWeek=2000-01-09T23:59:59.999999999Z
2025-02-10 17:46:54 DEBUG [main] c.v.limits.service.LoadLimitService - Weekly total for customer=341: current=0, new=4682.47, limit=20000.00
2025-02-10 17:46:54 DEBUG [main] c.v.limits.service.LoadLimitService - Load saved successfully: id=16984, customer=341
2025-02-10 17:46:54 INFO  [main] c.v.limits.service.LoadLimitService - Load accepted: id=16984, customer=341, amount=$4682.47
2025-02-10 17:46:54 DEBUG [main] c.v.limits.service.LoadLimitService - Processing load request: id=16565, customer=171, amount=$4941.62, time=2000-01-03T16:26:06Z
2025-02-10 17:46:54 DEBUG [main] c.v.limits.service.LoadLimitService - Checking limits for time=2000-01-03T16:26:06Z, startOfWeek=2000-01-03T00:00Z, endOfWeek=2000-01-09T23:59:59.999999999Z
2025-02-10 17:46:54 DEBUG [main] c.v.limits.service.LoadLimitService - Daily amount limit exceeded: customer=171, current=1904.40, attempted=$4941.62
2025-02-10 17:46:54 WARN  [main] c.v.limits.service.LoadLimitService - Load rejected: id=16565, customer=171, amount=$4941.62 (limit exceeded)
2025-02-10 17:46:54 DEBUG [main] c.v.limits.service.LoadLimitService - Processing load request: id=23920, customer=494, amount=$1620.48, time=2000-01-03T17:27:28Z
2025-02-10 17:46:54 DEBUG [main] c.v.limits.service.LoadLimitService - Checking limits for time=2000-01-03T17:27:28Z, startOfWeek=2000-01-03T00:00Z, endOfWeek=2000-01-09T23:59:59.999999999Z
2025-02-10 17:46:54 DEBUG [main] c.v.limits.service.LoadLimitService - Weekly total for customer=494: current=0, new=1620.48, limit=20000.00
2025-02-10 17:46:54 DEBUG [main] c.v.limits.service.LoadLimitService - Load saved successfully: id=23920, customer=494
2025-02-10 17:46:54 INFO  [main] c.v.limits.service.LoadLimitService - Load accepted: id=23920, customer=494, amount=$1620.48
2025-02-10 17:46:54 DEBUG [main] c.v.limits.service.LoadLimitService - Processing load request: id=11695, customer=103, amount=$786.66, time=2000-01-03T18:28:50Z
2025-02-10 17:46:54 DEBUG [main] c.v.limits.service.LoadLimitService - Checking limits for time=2000-01-03T18:28:50Z, startOfWeek=2000-01-03T00:00Z, endOfWeek=2000-01-09T23:59:59.999999999Z
2025-02-10 17:46:54 DEBUG [main] c.v.limits.service.LoadLimitService - Weekly total for customer=103: current=0, new=786.66, limit=20000.00
2025-02-10 17:46:54 DEBUG [main] c.v.limits.service.LoadLimitService - Load saved successfully: id=11695, customer=103
2025-02-10 17:46:54 INFO  [main] c.v.limits.service.LoadLimitService - Load accepted: id=11695, customer=103, amount=$786.66
2025-02-10 17:46:54 DEBUG [main] c.v.limits.service.LoadLimitService - Processing load request: id=11456, customer=1, amount=$2566.29, time=2000-01-03T19:30:12Z
2025-02-10 17:46:54 DEBUG [main] c.v.limits.service.LoadLimitService - Checking limits for time=2000-01-03T19:30:12Z, startOfWeek=2000-01-03T00:00Z, endOfWeek=2000-01-09T23:59:59.999999999Z
2025-02-10 17:46:54 DEBUG [main] c.v.limits.service.LoadLimitService - Weekly total for customer=1: current=0, new=2566.29, limit=20000.00
2025-02-10 17:46:54 DEBUG [main] c.v.limits.service.LoadLimitService - Load saved successfully: id=11456, customer=1
2025-02-10 17:46:54 INFO  [main] c.v.limits.service.LoadLimitService - Load accepted: id=11456, customer=1, amount=$2566.29
2025-02-10 17:46:54 DEBUG [main] c.v.limits.service.LoadLimitService - Processing load request: id=30831, customer=715, amount=$5975.77, time=2000-01-03T20:31:34Z
2025-02-10 17:46:54 DEBUG [main] c.v.limits.service.LoadLimitService - Checking limits for time=2000-01-03T20:31:34Z, startOfWeek=2000-01-03T00:00Z, endOfWeek=2000-01-09T23:59:59.999999999Z
2025-02-10 17:46:54 DEBUG [main] c.v.limits.service.LoadLimitService - Daily amount limit exceeded: customer=715, current=0, attempted=$5975.77
2025-02-10 17:46:54 WARN  [main] c.v.limits.service.LoadLimitService - Load rejected: id=30831, customer=715, amount=$5975.77 (limit exceeded)
2025-02-10 17:46:54 DEBUG [main] c.v.limits.service.LoadLimitService - Processing load request: id=25320, customer=613, amount=$3953.99, time=2000-01-03T21:32:56Z
2025-02-10 17:46:54 DEBUG [main] c.v.limits.service.LoadLimitService - Checking limits for time=2000-01-03T21:32:56Z, startOfWeek=2000-01-03T00:00Z, endOfWeek=2000-01-09T23:59:59.999999999Z
2025-02-10 17:46:54 DEBUG [main] c.v.limits.service.LoadLimitService - Daily amount limit exceeded: customer=613, current=3580.76, attempted=$3953.99
2025-02-10 17:46:54 WARN  [main] c.v.limits.service.LoadLimitService - Load rejected: id=25320, customer=613, amount=$3953.99 (limit exceeded)
2025-02-10 17:46:54 DEBUG [main] c.v.limits.service.LoadLimitService - Processing load request: id=3447, customer=205, amount=$5902.92, time=2000-01-03T22:34:18Z
2025-02-10 17:46:54 DEBUG [main] c.v.limits.service.LoadLimitService - Checking limits for time=2000-01-03T22:34:18Z, startOfWeek=2000-01-03T00:00Z, endOfWeek=2000-01-09T23:59:59.999999999Z
2025-02-10 17:46:54 DEBUG [main] c.v.limits.service.LoadLimitService - Daily amount limit exceeded: customer=205, current=0, attempted=$5902.92
2025-02-10 17:46:54 WARN  [main] c.v.limits.service.LoadLimitService - Load rejected: id=3447, customer=205, amount=$5902.92 (limit exceeded)
2025-02-10 17:46:54 DEBUG [main] c.v.limits.service.LoadLimitService - Processing load request: id=4611, customer=647, amount=$1691.03, time=2000-01-03T23:35:40Z
2025-02-10 17:46:54 DEBUG [main] c.v.limits.service.LoadLimitService - Checking limits for time=2000-01-03T23:35:40Z, startOfWeek=2000-01-03T00:00Z, endOfWeek=2000-01-09T23:59:59.999999999Z
2025-02-10 17:46:54 DEBUG [main] c.v.limits.service.LoadLimitService - Weekly total for customer=647: current=0, new=1691.03, limit=20000.00
2025-02-10 17:46:54 DEBUG [main] c.v.limits.service.LoadLimitService - Load saved successfully: id=4611, customer=647
2025-02-10 17:46:54 INFO  [main] c.v.limits.service.LoadLimitService - Load accepted: id=4611, customer=647, amount=$1691.03
2025-02-10 17:46:54 DEBUG [main] c.v.limits.service.LoadLimitService - Processing load request: id=2318, customer=647, amount=$1237.56, time=2000-01-04T00:37:02Z
2025-02-10 17:46:54 DEBUG [main] c.v.limits.service.LoadLimitService - Checking limits for time=2000-01-04T00:37:02Z, startOfWeek=2000-01-03T00:00Z, endOfWeek=2000-01-09T23:59:59.999999999Z
2025-02-10 17:46:54 DEBUG [main] c.v.limits.service.LoadLimitService - Weekly total for customer=647: current=1691.03, new=2928.59, limit=20000.00
2025-02-10 17:46:54 DEBUG [main] c.v.limits.service.LoadLimitService - Load saved successfully: id=2318, customer=647
2025-02-10 17:46:54 INFO  [main] c.v.limits.service.LoadLimitService - Load accepted: id=2318, customer=647, amount=$1237.56
2025-02-10 17:46:54 DEBUG [main] c.v.limits.service.LoadLimitService - Processing load request: id=5807, customer=324, amount=$1261.57, time=2000-01-04T01:38:24Z
2025-02-10 17:46:54 DEBUG [main] c.v.limits.service.LoadLimitService - Checking limits for time=2000-01-04T01:38:24Z, startOfWeek=2000-01-03T00:00Z, endOfWeek=2000-01-09T23:59:59.999999999Z
2025-02-10 17:46:54 DEBUG [main] c.v.limits.service.LoadLimitService - Weekly total for customer=324: current=0, new=1261.57, limit=20000.00
2025-02-10 17:46:54 DEBUG [main] c.v.limits.service.LoadLimitService - Load saved successfully: id=5807, customer=324
2025-02-10 17:46:54 INFO  [main] c.v.limits.service.LoadLimitService - Load accepted: id=5807, customer=324, amount=$1261.57
2025-02-10 17:46:54 DEBUG [main] c.v.limits.service.LoadLimitService - Processing load request: id=30675, customer=35, amount=$2221.81, time=2000-01-04T02:39:46Z
2025-02-10 17:46:54 DEBUG [main] c.v.limits.service.LoadLimitService - Checking limits for time=2000-01-04T02:39:46Z, startOfWeek=2000-01-03T00:00Z, endOfWeek=2000-01-09T23:59:59.999999999Z
2025-02-10 17:46:54 DEBUG [main] c.v.limits.service.LoadLimitService - Weekly total for customer=35: current=0, new=2221.81, limit=20000.00
2025-02-10 17:46:54 DEBUG [main] c.v.limits.service.LoadLimitService - Load saved successfully: id=30675, customer=35
2025-02-10 17:46:54 INFO  [main] c.v.limits.service.LoadLimitService - Load accepted: id=30675, customer=35, amount=$2221.81
2025-02-10 17:46:54 DEBUG [main] c.v.limits.service.LoadLimitService - Processing load request: id=10795, customer=52, amount=$4104.17, time=2000-01-04T03:41:08Z
2025-02-10 17:46:54 DEBUG [main] c.v.limits.service.LoadLimitService - Checking limits for time=2000-01-04T03:41:08Z, startOfWeek=2000-01-03T00:00Z, endOfWeek=2000-01-09T23:59:59.999999999Z
2025-02-10 17:46:54 DEBUG [main] c.v.limits.service.LoadLimitService - Weekly total for customer=52: current=0, new=4104.17, limit=20000.00
2025-02-10 17:46:54 DEBUG [main] c.v.limits.service.LoadLimitService - Load saved successfully: id=10795, customer=52
2025-02-10 17:46:54 INFO  [main] c.v.limits.service.LoadLimitService - Load accepted: id=10795, customer=52, amount=$4104.17
2025-02-10 17:46:54 DEBUG [main] c.v.limits.service.LoadLimitService - Processing load request: id=30470, customer=732, amount=$1789.96, time=2000-01-04T04:42:30Z
2025-02-10 17:46:54 DEBUG [main] c.v.limits.service.LoadLimitService - Checking limits for time=2000-01-04T04:42:30Z, startOfWeek=2000-01-03T00:00Z, endOfWeek=2000-01-09T23:59:59.999999999Z
2025-02-10 17:46:54 DEBUG [main] c.v.limits.service.LoadLimitService - Weekly total for customer=732: current=4011.66, new=5801.62, limit=20000.00
2025-02-10 17:46:54 DEBUG [main] c.v.limits.service.LoadLimitService - Load saved successfully: id=30470, customer=732
2025-02-10 17:46:54 INFO  [main] c.v.limits.service.LoadLimitService - Load accepted: id=30470, customer=732, amount=$1789.96
2025-02-10 17:46:54 DEBUG [main] c.v.limits.service.LoadLimitService - Processing load request: id=26632, customer=613, amount=$5825.20, time=2000-01-04T05:43:52Z
2025-02-10 17:46:54 DEBUG [main] c.v.limits.service.LoadLimitService - Checking limits for time=2000-01-04T05:43:52Z, startOfWeek=2000-01-03T00:00Z, endOfWeek=2000-01-09T23:59:59.999999999Z
2025-02-10 17:46:54 DEBUG [main] c.v.limits.service.LoadLimitService - Daily amount limit exceeded: customer=613, current=0, attempted=$5825.20
2025-02-10 17:46:54 WARN  [main] c.v.limits.service.LoadLimitService - Load rejected: id=26632, customer=613, amount=$5825.20 (limit exceeded)
2025-02-10 17:46:54 DEBUG [main] c.v.limits.service.LoadLimitService - Processing load request: id=5922, customer=171, amount=$2470.29, time=2000-01-04T06:45:14Z
2025-02-10 17:46:54 DEBUG [main] c.v.limits.service.LoadLimitService - Checking limits for time=2000-01-04T06:45:14Z, startOfWeek=2000-01-03T00:00Z, endOfWeek=2000-01-09T23:59:59.999999999Z
2025-02-10 17:46:54 DEBUG [main] c.v.limits.service.LoadLimitService - Weekly total for customer=171: current=1904.40, new=4374.69, limit=20000.00
2025-02-10 17:46:54 DEBUG [main] c.v.limits.service.LoadLimitService - Load saved successfully: id=5922, customer=171
2025-02-10 17:46:54 INFO  [main] c.v.limits.service.LoadLimitService - Load accepted: id=5922, customer=171, amount=$2470.29
2025-02-10 17:46:54 DEBUG [main] c.v.limits.service.LoadLimitService - Processing load request: id=6060, customer=188, amount=$524.20, time=2000-01-04T07:46:36Z
2025-02-10 17:46:54 DEBUG [main] c.v.limits.service.LoadLimitService - Checking limits for time=2000-01-04T07:46:36Z, startOfWeek=2000-01-03T00:00Z, endOfWeek=2000-01-09T23:59:59.999999999Z
2025-02-10 17:46:54 DEBUG [main] c.v.limits.service.LoadLimitService - Weekly total for customer=188: current=0, new=524.20, limit=20000.00
2025-02-10 17:46:54 DEBUG [main] c.v.limits.service.LoadLimitService - Load saved successfully: id=6060, customer=188
2025-02-10 17:46:54 INFO  [main] c.v.limits.service.LoadLimitService - Load accepted: id=6060, customer=188, amount=$524.20
2025-02-10 17:46:54 DEBUG [main] c.v.limits.service.LoadLimitService - Processing load request: id=24954, customer=494, amount=$3314.64, time=2000-01-04T08:47:58Z
2025-02-10 17:46:54 DEBUG [main] c.v.limits.service.LoadLimitService - Checking limits for time=2000-01-04T08:47:58Z, startOfWeek=2000-01-03T00:00Z, endOfWeek=2000-01-09T23:59:59.999999999Z
2025-02-10 17:46:54 DEBUG [main] c.v.limits.service.LoadLimitService - Weekly total for customer=494: current=1620.48, new=4935.12, limit=20000.00
2025-02-10 17:46:54 DEBUG [main] c.v.limits.service.LoadLimitService - Load saved successfully: id=24954, customer=494
2025-02-10 17:46:54 INFO  [main] c.v.limits.service.LoadLimitService - Load accepted: id=24954, customer=494, amount=$3314.64
2025-02-10 17:46:54 DEBUG [main] c.v.limits.service.LoadLimitService - Processing load request: id=5551, customer=171, amount=$3411.81, time=2000-01-04T09:49:20Z
2025-02-10 17:46:54 DEBUG [main] c.v.limits.service.LoadLimitService - Checking limits for time=2000-01-04T09:49:20Z, startOfWeek=2000-01-03T00:00Z, endOfWeek=2000-01-09T23:59:59.999999999Z
2025-02-10 17:46:54 DEBUG [main] c.v.limits.service.LoadLimitService - Daily amount limit exceeded: customer=171, current=2470.29, attempted=$3411.81
2025-02-10 17:46:54 WARN  [main] c.v.limits.service.LoadLimitService - Load rejected: id=5551, customer=171, amount=$3411.81 (limit exceeded)
2025-02-10 17:46:54 DEBUG [main] c.v.limits.service.LoadLimitService - Processing load request: id=23516, customer=120, amount=$3506.00, time=2000-01-04T10:50:42Z
2025-02-10 17:46:54 DEBUG [main] c.v.limits.service.LoadLimitService - Checking limits for time=2000-01-04T10:50:42Z, startOfWeek=2000-01-03T00:00Z, endOfWeek=2000-01-09T23:59:59.999999999Z
2025-02-10 17:46:54 DEBUG [main] c.v.limits.service.LoadLimitService - Weekly total for customer=120: current=0, new=3506.00, limit=20000.00
2025-02-10 17:46:54 DEBUG [main] c.v.limits.service.LoadLimitService - Load saved successfully: id=23516, customer=120
2025-02-10 17:46:54 INFO  [main] c.v.limits.service.LoadLimitService - Load accepted: id=23516, customer=120, amount=$3506.00
2025-02-10 17:46:54 DEBUG [main] c.v.limits.service.LoadLimitService - Processing load request: id=4637, customer=664, amount=$415.33, time=2000-01-04T11:52:04Z
2025-02-10 17:46:54 DEBUG [main] c.v.limits.service.LoadLimitService - Checking limits for time=2000-01-04T11:52:04Z, startOfWeek=2000-01-03T00:00Z, endOfWeek=2000-01-09T23:59:59.999999999Z
2025-02-10 17:46:54 DEBUG [main] c.v.limits.service.LoadLimitService - Weekly total for customer=664: current=0, new=415.33, limit=20000.00
2025-02-10 17:46:54 DEBUG [main] c.v.limits.service.LoadLimitService - Load saved successfully: id=4637, customer=664
2025-02-10 17:46:54 INFO  [main] c.v.limits.service.LoadLimitService - Load accepted: id=4637, customer=664, amount=$415.33
2025-02-10 17:46:54 DEBUG [main] c.v.limits.service.LoadLimitService - Processing load request: id=4804, customer=188, amount=$5766.85, time=2000-01-04T12:53:26Z
2025-02-10 17:46:54 DEBUG [main] c.v.limits.service.LoadLimitService - Checking limits for time=2000-01-04T12:53:26Z, startOfWeek=2000-01-03T00:00Z, endOfWeek=2000-01-09T23:59:59.999999999Z
2025-02-10 17:46:54 DEBUG [main] c.v.limits.service.LoadLimitService - Daily amount limit exceeded: customer=188, current=524.20, attempted=$5766.85
2025-02-10 17:46:54 WARN  [main] c.v.limits.service.LoadLimitService - Load rejected: id=4804, customer=188, amount=$5766.85 (limit exceeded)
2025-02-10 17:46:54 DEBUG [main] c.v.limits.service.LoadLimitService - Processing load request: id=15215, customer=154, amount=$5317.19, time=2000-01-04T13:54:48Z
2025-02-10 17:46:54 DEBUG [main] c.v.limits.service.LoadLimitService - Checking limits for time=2000-01-04T13:54:48Z, startOfWeek=2000-01-03T00:00Z, endOfWeek=2000-01-09T23:59:59.999999999Z
2025-02-10 17:46:54 DEBUG [main] c.v.limits.service.LoadLimitService - Daily amount limit exceeded: customer=154, current=0, attempted=$5317.19
2025-02-10 17:46:54 WARN  [main] c.v.limits.service.LoadLimitService - Load rejected: id=15215, customer=154, amount=$5317.19 (limit exceeded)
2025-02-10 17:46:54 DEBUG [main] c.v.limits.service.LoadLimitService - Processing load request: id=11040, customer=239, amount=$4386.62, time=2000-01-04T14:56:10Z
2025-02-10 17:46:54 DEBUG [main] c.v.limits.service.LoadLimitService - Checking limits for time=2000-01-04T14:56:10Z, startOfWeek=2000-01-03T00:00Z, endOfWeek=2000-01-09T23:59:59.999999999Z
2025-02-10 17:46:54 DEBUG [main] c.v.limits.service.LoadLimitService - Weekly total for customer=239: current=1991.83, new=6378.45, limit=20000.00
2025-02-10 17:46:54 DEBUG [main] c.v.limits.service.LoadLimitService - Load saved successfully: id=11040, customer=239
2025-02-10 17:46:54 INFO  [main] c.v.limits.service.LoadLimitService - Load accepted: id=11040, customer=239, amount=$4386.62
2025-02-10 17:46:54 DEBUG [main] c.v.limits.service.LoadLimitService - Processing load request: id=8000, customer=681, amount=$2192.84, time=2000-01-04T15:57:32Z
2025-02-10 17:46:54 DEBUG [main] c.v.limits.service.LoadLimitService - Checking limits for time=2000-01-04T15:57:32Z, startOfWeek=2000-01-03T00:00Z, endOfWeek=2000-01-09T23:59:59.999999999Z
2025-02-10 17:46:54 DEBUG [main] c.v.limits.service.LoadLimitService - Weekly total for customer=681: current=3188.44, new=5381.28, limit=20000.00
2025-02-10 17:46:54 DEBUG [main] c.v.limits.service.LoadLimitService - Load saved successfully: id=8000, customer=681
2025-02-10 17:46:54 INFO  [main] c.v.limits.service.LoadLimitService - Load accepted: id=8000, customer=681, amount=$2192.84
2025-02-10 17:46:54 DEBUG [main] c.v.limits.service.LoadLimitService - Processing load request: id=14235, customer=392, amount=$1964.43, time=2000-01-04T16:58:54Z
2025-02-10 17:46:54 DEBUG [main] c.v.limits.service.LoadLimitService - Checking limits for time=2000-01-04T16:58:54Z, startOfWeek=2000-01-03T00:00Z, endOfWeek=2000-01-09T23:59:59.999999999Z
2025-02-10 17:46:54 DEBUG [main] c.v.limits.service.LoadLimitService - Weekly total for customer=392: current=1042.08, new=3006.51, limit=20000.00
2025-02-10 17:46:54 DEBUG [main] c.v.limits.service.LoadLimitService - Load saved successfully: id=14235, customer=392
2025-02-10 17:46:54 INFO  [main] c.v.limits.service.LoadLimitService - Load accepted: id=14235, customer=392, amount=$1964.43
2025-02-10 17:46:54 DEBUG [main] c.v.limits.service.LoadLimitService - Processing load request: id=24390, customer=358, amount=$4605.74, time=2000-01-04T18:00:16Z
2025-02-10 17:46:54 DEBUG [main] c.v.limits.service.LoadLimitService - Checking limits for time=2000-01-04T18:00:16Z, startOfWeek=2000-01-03T00:00Z, endOfWeek=2000-01-09T23:59:59.999999999Z
2025-02-10 17:46:54 DEBUG [main] c.v.limits.service.LoadLimitService - Weekly total for customer=358: current=0, new=4605.74, limit=20000.00
2025-02-10 17:46:54 DEBUG [main] c.v.limits.service.LoadLimitService - Load saved successfully: id=24390, customer=358
2025-02-10 17:46:54 INFO  [main] c.v.limits.service.LoadLimitService - Load accepted: id=24390, customer=358, amount=$4605.74
2025-02-10 17:46:54 DEBUG [main] c.v.limits.service.LoadLimitService - Processing load request: id=4070, customer=324, amount=$5863.36, time=2000-01-04T19:01:38Z
2025-02-10 17:46:54 DEBUG [main] c.v.limits.service.LoadLimitService - Checking limits for time=2000-01-04T19:01:38Z, startOfWeek=2000-01-03T00:00Z, endOfWeek=2000-01-09T23:59:59.999999999Z
2025-02-10 17:46:54 DEBUG [main] c.v.limits.service.LoadLimitService - Daily amount limit exceeded: customer=324, current=1261.57, attempted=$5863.36
2025-02-10 17:46:54 WARN  [main] c.v.limits.service.LoadLimitService - Load rejected: id=4070, customer=324, amount=$5863.36 (limit exceeded)
2025-02-10 17:46:54 DEBUG [main] c.v.limits.service.LoadLimitService - Processing load request: id=5472, customer=647, amount=$2015.44, time=2000-01-04T20:03Z
2025-02-10 17:46:54 DEBUG [main] c.v.limits.service.LoadLimitService - Checking limits for time=2000-01-04T20:03Z, startOfWeek=2000-01-03T00:00Z, endOfWeek=2000-01-09T23:59:59.999999999Z
2025-02-10 17:46:54 DEBUG [main] c.v.limits.service.LoadLimitService - Weekly total for customer=647: current=2928.59, new=4944.03, limit=20000.00
2025-02-10 17:46:54 DEBUG [main] c.v.limits.service.LoadLimitService - Load saved successfully: id=5472, customer=647
2025-02-10 17:46:54 INFO  [main] c.v.limits.service.LoadLimitService - Load accepted: id=5472, customer=647, amount=$2015.44
2025-02-10 17:46:54 DEBUG [main] c.v.limits.service.LoadLimitService - Processing load request: id=16174, customer=766, amount=$4112.37, time=2000-01-04T21:04:22Z
2025-02-10 17:46:54 DEBUG [main] c.v.limits.service.LoadLimitService - Checking limits for time=2000-01-04T21:04:22Z, startOfWeek=2000-01-03T00:00Z, endOfWeek=2000-01-09T23:59:59.999999999Z
2025-02-10 17:46:54 DEBUG [main] c.v.limits.service.LoadLimitService - Weekly total for customer=766: current=0, new=4112.37, limit=20000.00
2025-02-10 17:46:54 DEBUG [main] c.v.limits.service.LoadLimitService - Load saved successfully: id=16174, customer=766
2025-02-10 17:46:54 INFO  [main] c.v.limits.service.LoadLimitService - Load accepted: id=16174, customer=766, amount=$4112.37
2025-02-10 17:46:54 DEBUG [main] c.v.limits.service.LoadLimitService - Processing load request: id=25293, customer=409, amount=$216.06, time=2000-01-04T22:05:44Z
2025-02-10 17:46:54 DEBUG [main] c.v.limits.service.LoadLimitService - Checking limits for time=2000-01-04T22:05:44Z, startOfWeek=2000-01-03T00:00Z, endOfWeek=2000-01-09T23:59:59.999999999Z
2025-02-10 17:46:54 DEBUG [main] c.v.limits.service.LoadLimitService - Weekly total for customer=409: current=0, new=216.06, limit=20000.00
2025-02-10 17:46:54 DEBUG [main] c.v.limits.service.LoadLimitService - Load saved successfully: id=25293, customer=409
2025-02-10 17:46:54 INFO  [main] c.v.limits.service.LoadLimitService - Load accepted: id=25293, customer=409, amount=$216.06
2025-02-10 17:46:54 DEBUG [main] c.v.limits.service.LoadLimitService - Processing load request: id=29352, customer=817, amount=$4274.20, time=2000-01-04T23:07:06Z
2025-02-10 17:46:54 DEBUG [main] c.v.limits.service.LoadLimitService - Checking limits for time=2000-01-04T23:07:06Z, startOfWeek=2000-01-03T00:00Z, endOfWeek=2000-01-09T23:59:59.999999999Z
2025-02-10 17:46:54 DEBUG [main] c.v.limits.service.LoadLimitService - Weekly total for customer=817: current=0, new=4274.20, limit=20000.00
2025-02-10 17:46:54 DEBUG [main] c.v.limits.service.LoadLimitService - Load saved successfully: id=29352, customer=817
2025-02-10 17:46:54 INFO  [main] c.v.limits.service.LoadLimitService - Load accepted: id=29352, customer=817, amount=$4274.20
2025-02-10 17:46:54 DEBUG [main] c.v.limits.service.LoadLimitService - Processing load request: id=6371, customer=375, amount=$2361.17, time=2000-01-05T00:08:28Z
2025-02-10 17:46:54 DEBUG [main] c.v.limits.service.LoadLimitService - Checking limits for time=2000-01-05T00:08:28Z, startOfWeek=2000-01-03T00:00Z, endOfWeek=2000-01-09T23:59:59.999999999Z
2025-02-10 17:46:54 DEBUG [main] c.v.limits.service.LoadLimitService - Weekly total for customer=375: current=0, new=2361.17, limit=20000.00
2025-02-10 17:46:54 DEBUG [main] c.v.limits.service.LoadLimitService - Load saved successfully: id=6371, customer=375
2025-02-10 17:46:54 INFO  [main] c.v.limits.service.LoadLimitService - Load accepted: id=6371, customer=375, amount=$2361.17
2025-02-10 17:46:54 DEBUG [main] c.v.limits.service.LoadLimitService - Processing load request: id=15265, customer=18, amount=$1986.82, time=2000-01-05T01:09:50Z
2025-02-10 17:46:54 DEBUG [main] c.v.limits.service.LoadLimitService - Checking limits for time=2000-01-05T01:09:50Z, startOfWeek=2000-01-03T00:00Z, endOfWeek=2000-01-09T23:59:59.999999999Z
2025-02-10 17:46:54 DEBUG [main] c.v.limits.service.LoadLimitService - Weekly total for customer=18: current=4616.02, new=6602.84, limit=20000.00
2025-02-10 17:46:54 DEBUG [main] c.v.limits.service.LoadLimitService - Load saved successfully: id=15265, customer=18
2025-02-10 17:46:54 INFO  [main] c.v.limits.service.LoadLimitService - Load accepted: id=15265, customer=18, amount=$1986.82
2025-02-10 17:46:54 DEBUG [main] c.v.limits.service.LoadLimitService - Processing load request: id=8592, customer=494, amount=$701.29, time=2000-01-05T02:11:12Z
2025-02-10 17:46:54 DEBUG [main] c.v.limits.service.LoadLimitService - Checking limits for time=2000-01-05T02:11:12Z, startOfWeek=2000-01-03T00:00Z, endOfWeek=2000-01-09T23:59:59.999999999Z
2025-02-10 17:46:54 DEBUG [main] c.v.limits.service.LoadLimitService - Weekly total for customer=494: current=4935.12, new=5636.41, limit=20000.00
2025-02-10 17:46:54 DEBUG [main] c.v.limits.service.LoadLimitService - Load saved successfully: id=8592, customer=494
2025-02-10 17:46:54 INFO  [main] c.v.limits.service.LoadLimitService - Load accepted: id=8592, customer=494, amount=$701.29
2025-02-10 17:46:54 DEBUG [main] c.v.limits.service.LoadLimitService - Processing load request: id=16721, customer=528, amount=$608.55, time=2000-01-05T03:12:34Z
2025-02-10 17:46:54 DEBUG [main] c.v.limits.service.LoadLimitService - Checking limits for time=2000-01-05T03:12:34Z, startOfWeek=2000-01-03T00:00Z, endOfWeek=2000-01-09T23:59:59.999999999Z
2025-02-10 17:46:54 DEBUG [main] c.v.limits.service.LoadLimitService - Weekly total for customer=528: current=0, new=608.55, limit=20000.00
2025-02-10 17:46:54 DEBUG [main] c.v.limits.service.LoadLimitService - Load saved successfully: id=16721, customer=528
2025-02-10 17:46:54 INFO  [main] c.v.limits.service.LoadLimitService - Load accepted: id=16721, customer=528, amount=$608.55
2025-02-10 17:46:54 DEBUG [main] c.v.limits.service.LoadLimitService - Processing load request: id=5343, customer=188, amount=$2310.53, time=2000-01-05T04:13:56Z
2025-02-10 17:46:54 DEBUG [main] c.v.limits.service.LoadLimitService - Checking limits for time=2000-01-05T04:13:56Z, startOfWeek=2000-01-03T00:00Z, endOfWeek=2000-01-09T23:59:59.999999999Z
2025-02-10 17:46:54 DEBUG [main] c.v.limits.service.LoadLimitService - Weekly total for customer=188: current=524.20, new=2834.73, limit=20000.00
2025-02-10 17:46:54 DEBUG [main] c.v.limits.service.LoadLimitService - Load saved successfully: id=5343, customer=188
2025-02-10 17:46:54 INFO  [main] c.v.limits.service.LoadLimitService - Load accepted: id=5343, customer=188, amount=$2310.53
2025-02-10 17:46:54 DEBUG [main] c.v.limits.service.LoadLimitService - Processing load request: id=7859, customer=273, amount=$5998.67, time=2000-01-05T05:15:18Z
2025-02-10 17:46:54 DEBUG [main] c.v.limits.service.LoadLimitService - Checking limits for time=2000-01-05T05:15:18Z, startOfWeek=2000-01-03T00:00Z, endOfWeek=2000-01-09T23:59:59.999999999Z
2025-02-10 17:46:54 DEBUG [main] c.v.limits.service.LoadLimitService - Daily amount limit exceeded: customer=273, current=0, attempted=$5998.67
2025-02-10 17:46:54 WARN  [main] c.v.limits.service.LoadLimitService - Load rejected: id=7859, customer=273, amount=$5998.67 (limit exceeded)
2025-02-10 17:46:54 DEBUG [main] c.v.limits.service.LoadLimitService - Processing load request: id=1008, customer=137, amount=$4755.28, time=2000-01-05T06:16:40Z
2025-02-10 17:46:54 DEBUG [main] c.v.limits.service.LoadLimitService - Checking limits for time=2000-01-05T06:16:40Z, startOfWeek=2000-01-03T00:00Z, endOfWeek=2000-01-09T23:59:59.999999999Z
2025-02-10 17:46:54 DEBUG [main] c.v.limits.service.LoadLimitService - Weekly total for customer=137: current=0, new=4755.28, limit=20000.00
2025-02-10 17:46:54 DEBUG [main] c.v.limits.service.LoadLimitService - Load saved successfully: id=1008, customer=137
2025-02-10 17:46:54 INFO  [main] c.v.limits.service.LoadLimitService - Load accepted: id=1008, customer=137, amount=$4755.28
2025-02-10 17:46:54 DEBUG [main] c.v.limits.service.LoadLimitService - Processing load request: id=12774, customer=52, amount=$1582.84, time=2000-01-05T07:18:02Z
2025-02-10 17:46:54 DEBUG [main] c.v.limits.service.LoadLimitService - Checking limits for time=2000-01-05T07:18:02Z, startOfWeek=2000-01-03T00:00Z, endOfWeek=2000-01-09T23:59:59.999999999Z
2025-02-10 17:46:54 DEBUG [main] c.v.limits.service.LoadLimitService - Weekly total for customer=52: current=4104.17, new=5687.01, limit=20000.00
2025-02-10 17:46:54 DEBUG [main] c.v.limits.service.LoadLimitService - Load saved successfully: id=12774, customer=52
2025-02-10 17:46:54 INFO  [main] c.v.limits.service.LoadLimitService - Load accepted: id=12774, customer=52, amount=$1582.84
2025-02-10 17:46:54 DEBUG [main] c.v.limits.service.LoadLimitService - Processing load request: id=11874, customer=426, amount=$2101.06, time=2000-01-05T08:19:24Z
2025-02-10 17:46:54 DEBUG [main] c.v.limits.service.LoadLimitService - Checking limits for time=2000-01-05T08:19:24Z, startOfWeek=2000-01-03T00:00Z, endOfWeek=2000-01-09T23:59:59.999999999Z
2025-02-10 17:46:54 DEBUG [main] c.v.limits.service.LoadLimitService - Weekly total for customer=426: current=0, new=2101.06, limit=20000.00
2025-02-10 17:46:54 DEBUG [main] c.v.limits.service.LoadLimitService - Load saved successfully: id=11874, customer=426
2025-02-10 17:46:54 INFO  [main] c.v.limits.service.LoadLimitService - Load accepted: id=11874, customer=426, amount=$2101.06
2025-02-10 17:46:54 DEBUG [main] c.v.limits.service.LoadLimitService - Processing load request: id=12286, customer=630, amount=$1544.67, time=2000-01-05T09:20:46Z
2025-02-10 17:46:54 DEBUG [main] c.v.limits.service.LoadLimitService - Checking limits for time=2000-01-05T09:20:46Z, startOfWeek=2000-01-03T00:00Z, endOfWeek=2000-01-09T23:59:59.999999999Z
2025-02-10 17:46:54 DEBUG [main] c.v.limits.service.LoadLimitService - Weekly total for customer=630: current=0, new=1544.67, limit=20000.00
2025-02-10 17:46:54 DEBUG [main] c.v.limits.service.LoadLimitService - Load saved successfully: id=12286, customer=630
2025-02-10 17:46:54 INFO  [main] c.v.limits.service.LoadLimitService - Load accepted: id=12286, customer=630, amount=$1544.67
2025-02-10 17:46:54 DEBUG [main] c.v.limits.service.LoadLimitService - Processing load request: id=14658, customer=239, amount=$4402.59, time=2000-01-05T10:22:08Z
2025-02-10 17:46:54 DEBUG [main] c.v.limits.service.LoadLimitService - Checking limits for time=2000-01-05T10:22:08Z, startOfWeek=2000-01-03T00:00Z, endOfWeek=2000-01-09T23:59:59.999999999Z
2025-02-10 17:46:54 DEBUG [main] c.v.limits.service.LoadLimitService - Weekly total for customer=239: current=6378.45, new=10781.04, limit=20000.00
2025-02-10 17:46:54 DEBUG [main] c.v.limits.service.LoadLimitService - Load saved successfully: id=14658, customer=239
2025-02-10 17:46:54 INFO  [main] c.v.limits.service.LoadLimitService - Load accepted: id=14658, customer=239, amount=$4402.59
2025-02-10 17:46:54 DEBUG [main] c.v.limits.service.LoadLimitService - Processing load request: id=3723, customer=783, amount=$4467.24, time=2000-01-05T11:23:30Z
2025-02-10 17:46:54 DEBUG [main] c.v.limits.service.LoadLimitService - Checking limits for time=2000-01-05T11:23:30Z, startOfWeek=2000-01-03T00:00Z, endOfWeek=2000-01-09T23:59:59.999999999Z
2025-02-10 17:46:54 DEBUG [main] c.v.limits.service.LoadLimitService - Weekly total for customer=783: current=0, new=4467.24, limit=20000.00
2025-02-10 17:46:54 DEBUG [main] c.v.limits.service.LoadLimitService - Load saved successfully: id=3723, customer=783
2025-02-10 17:46:54 INFO  [main] c.v.limits.service.LoadLimitService - Load accepted: id=3723, customer=783, amount=$4467.24
2025-02-10 17:46:54 DEBUG [main] c.v.limits.service.LoadLimitService - Processing load request: id=23657, customer=630, amount=$5633.74, time=2000-01-05T12:24:52Z
2025-02-10 17:46:54 DEBUG [main] c.v.limits.service.LoadLimitService - Checking limits for time=2000-01-05T12:24:52Z, startOfWeek=2000-01-03T00:00Z, endOfWeek=2000-01-09T23:59:59.999999999Z
2025-02-10 17:46:54 DEBUG [main] c.v.limits.service.LoadLimitService - Daily amount limit exceeded: customer=630, current=1544.67, attempted=$5633.74
2025-02-10 17:46:54 WARN  [main] c.v.limits.service.LoadLimitService - Load rejected: id=23657, customer=630, amount=$5633.74 (limit exceeded)
2025-02-10 17:46:54 DEBUG [main] c.v.limits.service.LoadLimitService - Processing load request: id=20531, customer=664, amount=$3181.46, time=2000-01-05T13:26:14Z
2025-02-10 17:46:54 DEBUG [main] c.v.limits.service.LoadLimitService - Checking limits for time=2000-01-05T13:26:14Z, startOfWeek=2000-01-03T00:00Z, endOfWeek=2000-01-09T23:59:59.999999999Z
2025-02-10 17:46:54 DEBUG [main] c.v.limits.service.LoadLimitService - Weekly total for customer=664: current=415.33, new=3596.79, limit=20000.00
2025-02-10 17:46:54 DEBUG [main] c.v.limits.service.LoadLimitService - Load saved successfully: id=20531, customer=664
2025-02-10 17:46:54 INFO  [main] c.v.limits.service.LoadLimitService - Load accepted: id=20531, customer=664, amount=$3181.46
2025-02-10 17:46:54 DEBUG [main] c.v.limits.service.LoadLimitService - Processing load request: id=6928, customer=562, amount=$5255.16, time=2000-01-05T14:27:36Z
2025-02-10 17:46:54 DEBUG [main] c.v.limits.service.LoadLimitService - Checking limits for time=2000-01-05T14:27:36Z, startOfWeek=2000-01-03T00:00Z, endOfWeek=2000-01-09T23:59:59.999999999Z
2025-02-10 17:46:54 DEBUG [main] c.v.limits.service.LoadLimitService - Daily amount limit exceeded: customer=562, current=0, attempted=$5255.16
2025-02-10 17:46:54 WARN  [main] c.v.limits.service.LoadLimitService - Load rejected: id=6928, customer=562, amount=$5255.16 (limit exceeded)
2025-02-10 17:46:54 DEBUG [main] c.v.limits.service.LoadLimitService - Processing load request: id=1477, customer=443, amount=$774.12, time=2000-01-05T15:28:58Z
2025-02-10 17:46:54 DEBUG [main] c.v.limits.service.LoadLimitService - Checking limits for time=2000-01-05T15:28:58Z, startOfWeek=2000-01-03T00:00Z, endOfWeek=2000-01-09T23:59:59.999999999Z
2025-02-10 17:46:54 DEBUG [main] c.v.limits.service.LoadLimitService - Weekly total for customer=443: current=0, new=774.12, limit=20000.00
2025-02-10 17:46:54 DEBUG [main] c.v.limits.service.LoadLimitService - Load saved successfully: id=1477, customer=443
2025-02-10 17:46:54 INFO  [main] c.v.limits.service.LoadLimitService - Load accepted: id=1477, customer=443, amount=$774.12
2025-02-10 17:46:54 DEBUG [main] c.v.limits.service.LoadLimitService - Processing load request: id=6051, customer=613, amount=$5191.05, time=2000-01-05T16:30:20Z
2025-02-10 17:46:54 DEBUG [main] c.v.limits.service.LoadLimitService - Checking limits for time=2000-01-05T16:30:20Z, startOfWeek=2000-01-03T00:00Z, endOfWeek=2000-01-09T23:59:59.999999999Z
2025-02-10 17:46:54 DEBUG [main] c.v.limits.service.LoadLimitService - Daily amount limit exceeded: customer=613, current=0, attempted=$5191.05
2025-02-10 17:46:54 WARN  [main] c.v.limits.service.LoadLimitService - Load rejected: id=6051, customer=613, amount=$5191.05 (limit exceeded)
2025-02-10 17:46:54 DEBUG [main] c.v.limits.service.LoadLimitService - Processing load request: id=8789, customer=205, amount=$4346.98, time=2000-01-05T17:31:42Z
2025-02-10 17:46:54 DEBUG [main] c.v.limits.service.LoadLimitService - Checking limits for time=2000-01-05T17:31:42Z, startOfWeek=2000-01-03T00:00Z, endOfWeek=2000-01-09T23:59:59.999999999Z
2025-02-10 17:46:54 DEBUG [main] c.v.limits.service.LoadLimitService - Weekly total for customer=205: current=0, new=4346.98, limit=20000.00
2025-02-10 17:46:54 DEBUG [main] c.v.limits.service.LoadLimitService - Load saved successfully: id=8789, customer=205
2025-02-10 17:46:54 INFO  [main] c.v.limits.service.LoadLimitService - Load accepted: id=8789, customer=205, amount=$4346.98
2025-02-10 17:46:54 DEBUG [main] c.v.limits.service.LoadLimitService - Processing load request: id=17430, customer=630, amount=$4024.09, time=2000-01-05T18:33:04Z
2025-02-10 17:46:54 DEBUG [main] c.v.limits.service.LoadLimitService - Checking limits for time=2000-01-05T18:33:04Z, startOfWeek=2000-01-03T00:00Z, endOfWeek=2000-01-09T23:59:59.999999999Z
2025-02-10 17:46:54 DEBUG [main] c.v.limits.service.LoadLimitService - Daily amount limit exceeded: customer=630, current=1544.67, attempted=$4024.09
2025-02-10 17:46:54 WARN  [main] c.v.limits.service.LoadLimitService - Load rejected: id=17430, customer=630, amount=$4024.09 (limit exceeded)
2025-02-10 17:46:54 DEBUG [main] c.v.limits.service.LoadLimitService - Processing load request: id=29159, customer=477, amount=$2468.61, time=2000-01-05T19:34:26Z
2025-02-10 17:46:54 DEBUG [main] c.v.limits.service.LoadLimitService - Checking limits for time=2000-01-05T19:34:26Z, startOfWeek=2000-01-03T00:00Z, endOfWeek=2000-01-09T23:59:59.999999999Z
2025-02-10 17:46:54 DEBUG [main] c.v.limits.service.LoadLimitService - Weekly total for customer=477: current=0, new=2468.61, limit=20000.00
2025-02-10 17:46:54 DEBUG [main] c.v.limits.service.LoadLimitService - Load saved successfully: id=29159, customer=477
2025-02-10 17:46:54 INFO  [main] c.v.limits.service.LoadLimitService - Load accepted: id=29159, customer=477, amount=$2468.61
2025-02-10 17:46:54 DEBUG [main] c.v.limits.service.LoadLimitService - Processing load request: id=29418, customer=35, amount=$4383.45, time=2000-01-05T20:35:48Z
2025-02-10 17:46:54 DEBUG [main] c.v.limits.service.LoadLimitService - Checking limits for time=2000-01-05T20:35:48Z, startOfWeek=2000-01-03T00:00Z, endOfWeek=2000-01-09T23:59:59.999999999Z
2025-02-10 17:46:54 DEBUG [main] c.v.limits.service.LoadLimitService - Weekly total for customer=35: current=2221.81, new=6605.26, limit=20000.00
2025-02-10 17:46:54 DEBUG [main] c.v.limits.service.LoadLimitService - Load saved successfully: id=29418, customer=35
2025-02-10 17:46:54 INFO  [main] c.v.limits.service.LoadLimitService - Load accepted: id=29418, customer=35, amount=$4383.45
2025-02-10 17:46:54 DEBUG [main] c.v.limits.service.LoadLimitService - Processing load request: id=15653, customer=358, amount=$3382.40, time=2000-01-05T21:37:10Z
2025-02-10 17:46:54 DEBUG [main] c.v.limits.service.LoadLimitService - Checking limits for time=2000-01-05T21:37:10Z, startOfWeek=2000-01-03T00:00Z, endOfWeek=2000-01-09T23:59:59.999999999Z
2025-02-10 17:46:54 DEBUG [main] c.v.limits.service.LoadLimitService - Weekly total for customer=358: current=4605.74, new=7988.14, limit=20000.00
2025-02-10 17:46:54 DEBUG [main] c.v.limits.service.LoadLimitService - Load saved successfully: id=15653, customer=358
2025-02-10 17:46:54 INFO  [main] c.v.limits.service.LoadLimitService - Load accepted: id=15653, customer=358, amount=$3382.40
2025-02-10 17:46:54 DEBUG [main] c.v.limits.service.LoadLimitService - Processing load request: id=11081, customer=341, amount=$2944.05, time=2000-01-05T22:38:32Z
2025-02-10 17:46:54 DEBUG [main] c.v.limits.service.LoadLimitService - Checking limits for time=2000-01-05T22:38:32Z, startOfWeek=2000-01-03T00:00Z, endOfWeek=2000-01-09T23:59:59.999999999Z
2025-02-10 17:46:54 DEBUG [main] c.v.limits.service.LoadLimitService - Weekly total for customer=341: current=4682.47, new=7626.52, limit=20000.00
2025-02-10 17:46:54 DEBUG [main] c.v.limits.service.LoadLimitService - Load saved successfully: id=11081, customer=341
2025-02-10 17:46:54 INFO  [main] c.v.limits.service.LoadLimitService - Load accepted: id=11081, customer=341, amount=$2944.05
2025-02-10 17:46:54 DEBUG [main] c.v.limits.service.LoadLimitService - Processing load request: id=1509, customer=443, amount=$2214.66, time=2000-01-05T23:39:54Z
2025-02-10 17:46:54 DEBUG [main] c.v.limits.service.LoadLimitService - Checking limits for time=2000-01-05T23:39:54Z, startOfWeek=2000-01-03T00:00Z, endOfWeek=2000-01-09T23:59:59.999999999Z
2025-02-10 17:46:54 DEBUG [main] c.v.limits.service.LoadLimitService - Weekly total for customer=443: current=774.12, new=2988.78, limit=20000.00
2025-02-10 17:46:54 DEBUG [main] c.v.limits.service.LoadLimitService - Load saved successfully: id=1509, customer=443
2025-02-10 17:46:54 INFO  [main] c.v.limits.service.LoadLimitService - Load accepted: id=1509, customer=443, amount=$2214.66
2025-02-10 17:46:54 DEBUG [main] c.v.limits.service.LoadLimitService - Processing load request: id=3695, customer=103, amount=$305.80, time=2000-01-06T00:41:16Z
2025-02-10 17:46:54 DEBUG [main] c.v.limits.service.LoadLimitService - Checking limits for time=2000-01-06T00:41:16Z, startOfWeek=2000-01-03T00:00Z, endOfWeek=2000-01-09T23:59:59.999999999Z
2025-02-10 17:46:54 DEBUG [main] c.v.limits.service.LoadLimitService - Weekly total for customer=103: current=786.66, new=1092.46, limit=20000.00
2025-02-10 17:46:54 DEBUG [main] c.v.limits.service.LoadLimitService - Load saved successfully: id=3695, customer=103
2025-02-10 17:46:54 INFO  [main] c.v.limits.service.LoadLimitService - Load accepted: id=3695, customer=103, amount=$305.80
2025-02-10 17:46:54 DEBUG [main] c.v.limits.service.LoadLimitService - Processing load request: id=24477, customer=579, amount=$1342.67, time=2000-01-06T01:42:38Z
2025-02-10 17:46:54 DEBUG [main] c.v.limits.service.LoadLimitService - Checking limits for time=2000-01-06T01:42:38Z, startOfWeek=2000-01-03T00:00Z, endOfWeek=2000-01-09T23:59:59.999999999Z
2025-02-10 17:46:54 DEBUG [main] c.v.limits.service.LoadLimitService - Weekly total for customer=579: current=0, new=1342.67, limit=20000.00
2025-02-10 17:46:54 DEBUG [main] c.v.limits.service.LoadLimitService - Load saved successfully: id=24477, customer=579
2025-02-10 17:46:54 INFO  [main] c.v.limits.service.LoadLimitService - Load accepted: id=24477, customer=579, amount=$1342.67
2025-02-10 17:46:54 DEBUG [main] c.v.limits.service.LoadLimitService - Processing load request: id=22175, customer=477, amount=$1449.93, time=2000-01-06T02:44Z
2025-02-10 17:46:54 DEBUG [main] c.v.limits.service.LoadLimitService - Checking limits for time=2000-01-06T02:44Z, startOfWeek=2000-01-03T00:00Z, endOfWeek=2000-01-09T23:59:59.999999999Z
2025-02-10 17:46:54 DEBUG [main] c.v.limits.service.LoadLimitService - Weekly total for customer=477: current=2468.61, new=3918.54, limit=20000.00
2025-02-10 17:46:54 DEBUG [main] c.v.limits.service.LoadLimitService - Load saved successfully: id=22175, customer=477
2025-02-10 17:46:54 INFO  [main] c.v.limits.service.LoadLimitService - Load accepted: id=22175, customer=477, amount=$1449.93
2025-02-10 17:46:54 DEBUG [main] c.v.limits.service.LoadLimitService - Processing load request: id=31808, customer=511, amount=$3926.31, time=2000-01-06T03:45:22Z
2025-02-10 17:46:54 DEBUG [main] c.v.limits.service.LoadLimitService - Checking limits for time=2000-01-06T03:45:22Z, startOfWeek=2000-01-03T00:00Z, endOfWeek=2000-01-09T23:59:59.999999999Z
2025-02-10 17:46:54 DEBUG [main] c.v.limits.service.LoadLimitService - Weekly total for customer=511: current=0, new=3926.31, limit=20000.00
2025-02-10 17:46:54 DEBUG [main] c.v.limits.service.LoadLimitService - Load saved successfully: id=31808, customer=511
2025-02-10 17:46:54 INFO  [main] c.v.limits.service.LoadLimitService - Load accepted: id=31808, customer=511, amount=$3926.31
2025-02-10 17:46:54 DEBUG [main] c.v.limits.service.LoadLimitService - Processing load request: id=558, customer=256, amount=$5728.84, time=2000-01-06T04:46:44Z
2025-02-10 17:46:54 DEBUG [main] c.v.limits.service.LoadLimitService - Checking limits for time=2000-01-06T04:46:44Z, startOfWeek=2000-01-03T00:00Z, endOfWeek=2000-01-09T23:59:59.999999999Z
2025-02-10 17:46:54 DEBUG [main] c.v.limits.service.LoadLimitService - Daily amount limit exceeded: customer=256, current=0, attempted=$5728.84
2025-02-10 17:46:54 WARN  [main] c.v.limits.service.LoadLimitService - Load rejected: id=558, customer=256, amount=$5728.84 (limit exceeded)
2025-02-10 17:46:54 DEBUG [main] c.v.limits.service.LoadLimitService - Processing load request: id=29023, customer=715, amount=$631.62, time=2000-01-06T05:48:06Z
2025-02-10 17:46:54 DEBUG [main] c.v.limits.service.LoadLimitService - Checking limits for time=2000-01-06T05:48:06Z, startOfWeek=2000-01-03T00:00Z, endOfWeek=2000-01-09T23:59:59.999999999Z
2025-02-10 17:46:54 DEBUG [main] c.v.limits.service.LoadLimitService - Weekly total for customer=715: current=0, new=631.62, limit=20000.00
2025-02-10 17:46:54 DEBUG [main] c.v.limits.service.LoadLimitService - Load saved successfully: id=29023, customer=715
2025-02-10 17:46:54 INFO  [main] c.v.limits.service.LoadLimitService - Load accepted: id=29023, customer=715, amount=$631.62
2025-02-10 17:46:54 DEBUG [main] c.v.limits.service.LoadLimitService - Processing load request: id=28972, customer=392, amount=$2792.53, time=2000-01-06T06:49:28Z
2025-02-10 17:46:54 DEBUG [main] c.v.limits.service.LoadLimitService - Checking limits for time=2000-01-06T06:49:28Z, startOfWeek=2000-01-03T00:00Z, endOfWeek=2000-01-09T23:59:59.999999999Z
2025-02-10 17:46:54 DEBUG [main] c.v.limits.service.LoadLimitService - Weekly total for customer=392: current=3006.51, new=5799.04, limit=20000.00
2025-02-10 17:46:54 DEBUG [main] c.v.limits.service.LoadLimitService - Load saved successfully: id=28972, customer=392
2025-02-10 17:46:54 INFO  [main] c.v.limits.service.LoadLimitService - Load accepted: id=28972, customer=392, amount=$2792.53
2025-02-10 17:46:54 DEBUG [main] c.v.limits.service.LoadLimitService - Processing load request: id=13527, customer=137, amount=$3304.96, time=2000-01-06T07:50:50Z
2025-02-10 17:46:54 DEBUG [main] c.v.limits.service.LoadLimitService - Checking limits for time=2000-01-06T07:50:50Z, startOfWeek=2000-01-03T00:00Z, endOfWeek=2000-01-09T23:59:59.999999999Z
2025-02-10 17:46:54 DEBUG [main] c.v.limits.service.LoadLimitService - Weekly total for customer=137: current=4755.28, new=8060.24, limit=20000.00
2025-02-10 17:46:54 DEBUG [main] c.v.limits.service.LoadLimitService - Load saved successfully: id=13527, customer=137
2025-02-10 17:46:54 INFO  [main] c.v.limits.service.LoadLimitService - Load accepted: id=13527, customer=137, amount=$3304.96
2025-02-10 17:46:54 DEBUG [main] c.v.limits.service.LoadLimitService - Processing load request: id=25513, customer=817, amount=$2197.31, time=2000-01-06T08:52:12Z
2025-02-10 17:46:54 DEBUG [main] c.v.limits.service.LoadLimitService - Checking limits for time=2000-01-06T08:52:12Z, startOfWeek=2000-01-03T00:00Z, endOfWeek=2000-01-09T23:59:59.999999999Z
2025-02-10 17:46:54 DEBUG [main] c.v.limits.service.LoadLimitService - Weekly total for customer=817: current=4274.20, new=6471.51, limit=20000.00
2025-02-10 17:46:54 DEBUG [main] c.v.limits.service.LoadLimitService - Load saved successfully: id=25513, customer=817
2025-02-10 17:46:54 INFO  [main] c.v.limits.service.LoadLimitService - Load accepted: id=25513, customer=817, amount=$2197.31
2025-02-10 17:46:54 DEBUG [main] c.v.limits.service.LoadLimitService - Processing load request: id=31306, customer=409, amount=$5237.40, time=2000-01-06T09:53:34Z
2025-02-10 17:46:54 DEBUG [main] c.v.limits.service.LoadLimitService - Checking limits for time=2000-01-06T09:53:34Z, startOfWeek=2000-01-03T00:00Z, endOfWeek=2000-01-09T23:59:59.999999999Z
2025-02-10 17:46:54 DEBUG [main] c.v.limits.service.LoadLimitService - Daily amount limit exceeded: customer=409, current=0, attempted=$5237.40
2025-02-10 17:46:54 WARN  [main] c.v.limits.service.LoadLimitService - Load rejected: id=31306, customer=409, amount=$5237.40 (limit exceeded)
2025-02-10 17:46:54 DEBUG [main] c.v.limits.service.LoadLimitService - Processing load request: id=16332, customer=528, amount=$3826.77, time=2000-01-06T10:54:56Z
2025-02-10 17:46:54 DEBUG [main] c.v.limits.service.LoadLimitService - Checking limits for time=2000-01-06T10:54:56Z, startOfWeek=2000-01-03T00:00Z, endOfWeek=2000-01-09T23:59:59.999999999Z
2025-02-10 17:46:54 DEBUG [main] c.v.limits.service.LoadLimitService - Weekly total for customer=528: current=608.55, new=4435.32, limit=20000.00
2025-02-10 17:46:54 DEBUG [main] c.v.limits.service.LoadLimitService - Load saved successfully: id=16332, customer=528
2025-02-10 17:46:54 INFO  [main] c.v.limits.service.LoadLimitService - Load accepted: id=16332, customer=528, amount=$3826.77
2025-02-10 17:46:54 DEBUG [main] c.v.limits.service.LoadLimitService - Processing load request: id=31654, customer=35, amount=$134.83, time=2000-01-06T11:56:18Z
2025-02-10 17:46:54 DEBUG [main] c.v.limits.service.LoadLimitService - Checking limits for time=2000-01-06T11:56:18Z, startOfWeek=2000-01-03T00:00Z, endOfWeek=2000-01-09T23:59:59.999999999Z
2025-02-10 17:46:54 DEBUG [main] c.v.limits.service.LoadLimitService - Weekly total for customer=35: current=6605.26, new=6740.09, limit=20000.00
2025-02-10 17:46:54 DEBUG [main] c.v.limits.service.LoadLimitService - Load saved successfully: id=31654, customer=35
2025-02-10 17:46:54 INFO  [main] c.v.limits.service.LoadLimitService - Load accepted: id=31654, customer=35, amount=$134.83
2025-02-10 17:46:54 DEBUG [main] c.v.limits.service.LoadLimitService - Processing load request: id=28686, customer=511, amount=$3641.87, time=2000-01-06T12:57:40Z
2025-02-10 17:46:54 DEBUG [main] c.v.limits.service.LoadLimitService - Checking limits for time=2000-01-06T12:57:40Z, startOfWeek=2000-01-03T00:00Z, endOfWeek=2000-01-09T23:59:59.999999999Z
2025-02-10 17:46:54 DEBUG [main] c.v.limits.service.LoadLimitService - Daily amount limit exceeded: customer=511, current=3926.31, attempted=$3641.87
2025-02-10 17:46:54 WARN  [main] c.v.limits.service.LoadLimitService - Load rejected: id=28686, customer=511, amount=$3641.87 (limit exceeded)
2025-02-10 17:46:54 DEBUG [main] c.v.limits.service.LoadLimitService - Processing load request: id=12604, customer=205, amount=$3334.21, time=2000-01-06T13:59:02Z
2025-02-10 17:46:54 DEBUG [main] c.v.limits.service.LoadLimitService - Checking limits for time=2000-01-06T13:59:02Z, startOfWeek=2000-01-03T00:00Z, endOfWeek=2000-01-09T23:59:59.999999999Z
2025-02-10 17:46:54 DEBUG [main] c.v.limits.service.LoadLimitService - Weekly total for customer=205: current=4346.98, new=7681.19, limit=20000.00
2025-02-10 17:46:54 DEBUG [main] c.v.limits.service.LoadLimitService - Load saved successfully: id=12604, customer=205
2025-02-10 17:46:54 INFO  [main] c.v.limits.service.LoadLimitService - Load accepted: id=12604, customer=205, amount=$3334.21
2025-02-10 17:46:54 DEBUG [main] c.v.limits.service.LoadLimitService - Processing load request: id=12398, customer=732, amount=$689.56, time=2000-01-06T15:00:24Z
2025-02-10 17:46:54 DEBUG [main] c.v.limits.service.LoadLimitService - Checking limits for time=2000-01-06T15:00:24Z, startOfWeek=2000-01-03T00:00Z, endOfWeek=2000-01-09T23:59:59.999999999Z
2025-02-10 17:46:54 DEBUG [main] c.v.limits.service.LoadLimitService - Weekly total for customer=732: current=5801.62, new=6491.18, limit=20000.00
2025-02-10 17:46:54 DEBUG [main] c.v.limits.service.LoadLimitService - Load saved successfully: id=12398, customer=732
2025-02-10 17:46:54 INFO  [main] c.v.limits.service.LoadLimitService - Load accepted: id=12398, customer=732, amount=$689.56
2025-02-10 17:46:54 DEBUG [main] c.v.limits.service.LoadLimitService - Processing load request: id=20922, customer=256, amount=$3300.45, time=2000-01-06T16:01:46Z
2025-02-10 17:46:54 DEBUG [main] c.v.limits.service.LoadLimitService - Checking limits for time=2000-01-06T16:01:46Z, startOfWeek=2000-01-03T00:00Z, endOfWeek=2000-01-09T23:59:59.999999999Z
2025-02-10 17:46:54 DEBUG [main] c.v.limits.service.LoadLimitService - Weekly total for customer=256: current=3830.39, new=7130.84, limit=20000.00
2025-02-10 17:46:54 DEBUG [main] c.v.limits.service.LoadLimitService - Load saved successfully: id=20922, customer=256
2025-02-10 17:46:54 INFO  [main] c.v.limits.service.LoadLimitService - Load accepted: id=20922, customer=256, amount=$3300.45
2025-02-10 17:46:54 DEBUG [main] c.v.limits.service.LoadLimitService - Processing load request: id=806, customer=749, amount=$3489.99, time=2000-01-06T17:03:08Z
2025-02-10 17:46:54 DEBUG [main] c.v.limits.service.LoadLimitService - Checking limits for time=2000-01-06T17:03:08Z, startOfWeek=2000-01-03T00:00Z, endOfWeek=2000-01-09T23:59:59.999999999Z
2025-02-10 17:46:54 DEBUG [main] c.v.limits.service.LoadLimitService - Weekly total for customer=749: current=0, new=3489.99, limit=20000.00
2025-02-10 17:46:54 DEBUG [main] c.v.limits.service.LoadLimitService - Load saved successfully: id=806, customer=749
2025-02-10 17:46:54 INFO  [main] c.v.limits.service.LoadLimitService - Load accepted: id=806, customer=749, amount=$3489.99
2025-02-10 17:46:54 DEBUG [main] c.v.limits.service.LoadLimitService - Processing load request: id=31420, customer=409, amount=$1820.44, time=2000-01-06T18:04:30Z
2025-02-10 17:46:54 DEBUG [main] c.v.limits.service.LoadLimitService - Checking limits for time=2000-01-06T18:04:30Z, startOfWeek=2000-01-03T00:00Z, endOfWeek=2000-01-09T23:59:59.999999999Z
2025-02-10 17:46:54 DEBUG [main] c.v.limits.service.LoadLimitService - Weekly total for customer=409: current=216.06, new=2036.50, limit=20000.00
2025-02-10 17:46:54 DEBUG [main] c.v.limits.service.LoadLimitService - Load saved successfully: id=31420, customer=409
2025-02-10 17:46:54 INFO  [main] c.v.limits.service.LoadLimitService - Load accepted: id=31420, customer=409, amount=$1820.44
2025-02-10 17:46:54 DEBUG [main] c.v.limits.service.LoadLimitService - Processing load request: id=4007, customer=154, amount=$4471.24, time=2000-01-06T19:05:52Z
2025-02-10 17:46:54 DEBUG [main] c.v.limits.service.LoadLimitService - Checking limits for time=2000-01-06T19:05:52Z, startOfWeek=2000-01-03T00:00Z, endOfWeek=2000-01-09T23:59:59.999999999Z
2025-02-10 17:46:54 DEBUG [main] c.v.limits.service.LoadLimitService - Weekly total for customer=154: current=2407.83, new=6879.07, limit=20000.00
2025-02-10 17:46:54 DEBUG [main] c.v.limits.service.LoadLimitService - Load saved successfully: id=4007, customer=154
2025-02-10 17:46:54 INFO  [main] c.v.limits.service.LoadLimitService - Load accepted: id=4007, customer=154, amount=$4471.24
2025-02-10 17:46:54 DEBUG [main] c.v.limits.service.LoadLimitService - Processing load request: id=24853, customer=120, amount=$1677.74, time=2000-01-06T20:07:14Z
2025-02-10 17:46:54 DEBUG [main] c.v.limits.service.LoadLimitService - Checking limits for time=2000-01-06T20:07:14Z, startOfWeek=2000-01-03T00:00Z, endOfWeek=2000-01-09T23:59:59.999999999Z
2025-02-10 17:46:54 DEBUG [main] c.v.limits.service.LoadLimitService - Weekly total for customer=120: current=3506.00, new=5183.74, limit=20000.00
2025-02-10 17:46:54 DEBUG [main] c.v.limits.service.LoadLimitService - Load saved successfully: id=24853, customer=120
2025-02-10 17:46:54 INFO  [main] c.v.limits.service.LoadLimitService - Load accepted: id=24853, customer=120, amount=$1677.74
2025-02-10 17:46:54 DEBUG [main] c.v.limits.service.LoadLimitService - Processing load request: id=1740, customer=426, amount=$2280.89, time=2000-01-06T21:08:36Z
2025-02-10 17:46:54 DEBUG [main] c.v.limits.service.LoadLimitService - Checking limits for time=2000-01-06T21:08:36Z, startOfWeek=2000-01-03T00:00Z, endOfWeek=2000-01-09T23:59:59.999999999Z
2025-02-10 17:46:54 DEBUG [main] c.v.limits.service.LoadLimitService - Weekly total for customer=426: current=2101.06, new=4381.95, limit=20000.00
2025-02-10 17:46:54 DEBUG [main] c.v.limits.service.LoadLimitService - Load saved successfully: id=1740, customer=426
2025-02-10 17:46:54 INFO  [main] c.v.limits.service.LoadLimitService - Load accepted: id=1740, customer=426, amount=$2280.89
2025-02-10 17:46:54 DEBUG [main] c.v.limits.service.LoadLimitService - Processing load request: id=18545, customer=239, amount=$1383.39, time=2000-01-06T22:09:58Z
2025-02-10 17:46:54 DEBUG [main] c.v.limits.service.LoadLimitService - Checking limits for time=2000-01-06T22:09:58Z, startOfWeek=2000-01-03T00:00Z, endOfWeek=2000-01-09T23:59:59.999999999Z
2025-02-10 17:46:54 DEBUG [main] c.v.limits.service.LoadLimitService - Weekly total for customer=239: current=10781.04, new=12164.43, limit=20000.00
2025-02-10 17:46:54 DEBUG [main] c.v.limits.service.LoadLimitService - Load saved successfully: id=18545, customer=239
2025-02-10 17:46:54 INFO  [main] c.v.limits.service.LoadLimitService - Load accepted: id=18545, customer=239, amount=$1383.39
2025-02-10 17:46:54 DEBUG [main] c.v.limits.service.LoadLimitService - Processing load request: id=27131, customer=528, amount=$4870.51, time=2000-01-06T23:11:20Z
2025-02-10 17:46:54 DEBUG [main] c.v.limits.service.LoadLimitService - Checking limits for time=2000-01-06T23:11:20Z, startOfWeek=2000-01-03T00:00Z, endOfWeek=2000-01-09T23:59:59.999999999Z
2025-02-10 17:46:54 DEBUG [main] c.v.limits.service.LoadLimitService - Daily amount limit exceeded: customer=528, current=3826.77, attempted=$4870.51
2025-02-10 17:46:54 WARN  [main] c.v.limits.service.LoadLimitService - Load rejected: id=27131, customer=528, amount=$4870.51 (limit exceeded)
2025-02-10 17:46:54 DEBUG [main] c.v.limits.service.LoadLimitService - Processing load request: id=21629, customer=596, amount=$4342.03, time=2000-01-07T00:12:42Z
2025-02-10 17:46:54 DEBUG [main] c.v.limits.service.LoadLimitService - Checking limits for time=2000-01-07T00:12:42Z, startOfWeek=2000-01-03T00:00Z, endOfWeek=2000-01-09T23:59:59.999999999Z
2025-02-10 17:46:54 DEBUG [main] c.v.limits.service.LoadLimitService - Weekly total for customer=596: current=0, new=4342.03, limit=20000.00
2025-02-10 17:46:54 DEBUG [main] c.v.limits.service.LoadLimitService - Load saved successfully: id=21629, customer=596
2025-02-10 17:46:54 INFO  [main] c.v.limits.service.LoadLimitService - Load accepted: id=21629, customer=596, amount=$4342.03
2025-02-10 17:46:54 DEBUG [main] c.v.limits.service.LoadLimitService - Processing load request: id=5092, customer=766, amount=$2383.72, time=2000-01-07T01:14:04Z
2025-02-10 17:46:54 DEBUG [main] c.v.limits.service.LoadLimitService - Checking limits for time=2000-01-07T01:14:04Z, startOfWeek=2000-01-03T00:00Z, endOfWeek=2000-01-09T23:59:59.999999999Z
2025-02-10 17:46:54 DEBUG [main] c.v.limits.service.LoadLimitService - Weekly total for customer=766: current=4112.37, new=6496.09, limit=20000.00
2025-02-10 17:46:54 DEBUG [main] c.v.limits.service.LoadLimitService - Load saved successfully: id=5092, customer=766
2025-02-10 17:46:54 INFO  [main] c.v.limits.service.LoadLimitService - Load accepted: id=5092, customer=766, amount=$2383.72
2025-02-10 17:46:54 DEBUG [main] c.v.limits.service.LoadLimitService - Processing load request: id=12377, customer=426, amount=$3412.62, time=2000-01-07T02:15:26Z
2025-02-10 17:46:54 DEBUG [main] c.v.limits.service.LoadLimitService - Checking limits for time=2000-01-07T02:15:26Z, startOfWeek=2000-01-03T00:00Z, endOfWeek=2000-01-09T23:59:59.999999999Z
2025-02-10 17:46:54 DEBUG [main] c.v.limits.service.LoadLimitService - Weekly total for customer=426: current=4381.95, new=7794.57, limit=20000.00
2025-02-10 17:46:54 DEBUG [main] c.v.limits.service.LoadLimitService - Load saved successfully: id=12377, customer=426
2025-02-10 17:46:54 INFO  [main] c.v.limits.service.LoadLimitService - Load accepted: id=12377, customer=426, amount=$3412.62
2025-02-10 17:46:54 DEBUG [main] c.v.limits.service.LoadLimitService - Processing load request: id=27017, customer=392, amount=$1697.59, time=2000-01-07T03:16:48Z
2025-02-10 17:46:54 DEBUG [main] c.v.limits.service.LoadLimitService - Checking limits for time=2000-01-07T03:16:48Z, startOfWeek=2000-01-03T00:00Z, endOfWeek=2000-01-09T23:59:59.999999999Z
2025-02-10 17:46:54 DEBUG [main] c.v.limits.service.LoadLimitService - Weekly total for customer=392: current=5799.04, new=7496.63, limit=20000.00
2025-02-10 17:46:54 DEBUG [main] c.v.limits.service.LoadLimitService - Load saved successfully: id=27017, customer=392
2025-02-10 17:46:54 INFO  [main] c.v.limits.service.LoadLimitService - Load accepted: id=27017, customer=392, amount=$1697.59
2025-02-10 17:46:54 DEBUG [main] c.v.limits.service.LoadLimitService - Processing load request: id=27780, customer=120, amount=$1122.05, time=2000-01-07T04:18:10Z
2025-02-10 17:46:54 DEBUG [main] c.v.limits.service.LoadLimitService - Checking limits for time=2000-01-07T04:18:10Z, startOfWeek=2000-01-03T00:00Z, endOfWeek=2000-01-09T23:59:59.999999999Z
2025-02-10 17:46:54 DEBUG [main] c.v.limits.service.LoadLimitService - Weekly total for customer=120: current=5183.74, new=6305.79, limit=20000.00
2025-02-10 17:46:54 DEBUG [main] c.v.limits.service.LoadLimitService - Load saved successfully: id=27780, customer=120
2025-02-10 17:46:54 INFO  [main] c.v.limits.service.LoadLimitService - Load accepted: id=27780, customer=120, amount=$1122.05
2025-02-10 17:46:54 DEBUG [main] c.v.limits.service.LoadLimitService - Processing load request: id=22474, customer=103, amount=$2935.44, time=2000-01-07T05:19:32Z
2025-02-10 17:46:54 DEBUG [main] c.v.limits.service.LoadLimitService - Checking limits for time=2000-01-07T05:19:32Z, startOfWeek=2000-01-03T00:00Z, endOfWeek=2000-01-09T23:59:59.999999999Z
2025-02-10 17:46:54 DEBUG [main] c.v.limits.service.LoadLimitService - Weekly total for customer=103: current=1092.46, new=4027.90, limit=20000.00
2025-02-10 17:46:54 DEBUG [main] c.v.limits.service.LoadLimitService - Load saved successfully: id=22474, customer=103
2025-02-10 17:46:54 INFO  [main] c.v.limits.service.LoadLimitService - Load accepted: id=22474, customer=103, amount=$2935.44
2025-02-10 17:46:54 DEBUG [main] c.v.limits.service.LoadLimitService - Processing load request: id=10894, customer=392, amount=$5039.22, time=2000-01-07T06:20:54Z
2025-02-10 17:46:54 DEBUG [main] c.v.limits.service.LoadLimitService - Checking limits for time=2000-01-07T06:20:54Z, startOfWeek=2000-01-03T00:00Z, endOfWeek=2000-01-09T23:59:59.999999999Z
2025-02-10 17:46:54 DEBUG [main] c.v.limits.service.LoadLimitService - Daily amount limit exceeded: customer=392, current=1697.59, attempted=$5039.22
2025-02-10 17:46:54 WARN  [main] c.v.limits.service.LoadLimitService - Load rejected: id=10894, customer=392, amount=$5039.22 (limit exceeded)
2025-02-10 17:46:54 DEBUG [main] c.v.limits.service.LoadLimitService - Processing load request: id=3574, customer=562, amount=$3786.10, time=2000-01-07T07:22:16Z
2025-02-10 17:46:54 DEBUG [main] c.v.limits.service.LoadLimitService - Checking limits for time=2000-01-07T07:22:16Z, startOfWeek=2000-01-03T00:00Z, endOfWeek=2000-01-09T23:59:59.999999999Z
2025-02-10 17:46:54 DEBUG [main] c.v.limits.service.LoadLimitService - Weekly total for customer=562: current=0, new=3786.10, limit=20000.00
2025-02-10 17:46:54 DEBUG [main] c.v.limits.service.LoadLimitService - Load saved successfully: id=3574, customer=562
2025-02-10 17:46:54 INFO  [main] c.v.limits.service.LoadLimitService - Load accepted: id=3574, customer=562, amount=$3786.10
2025-02-10 17:46:54 DEBUG [main] c.v.limits.service.LoadLimitService - Processing load request: id=5395, customer=511, amount=$5499.14, time=2000-01-07T08:23:38Z
2025-02-10 17:46:54 DEBUG [main] c.v.limits.service.LoadLimitService - Checking limits for time=2000-01-07T08:23:38Z, startOfWeek=2000-01-03T00:00Z, endOfWeek=2000-01-09T23:59:59.999999999Z
2025-02-10 17:46:54 DEBUG [main] c.v.limits.service.LoadLimitService - Daily amount limit exceeded: customer=511, current=0, attempted=$5499.14
2025-02-10 17:46:54 WARN  [main] c.v.limits.service.LoadLimitService - Load rejected: id=5395, customer=511, amount=$5499.14 (limit exceeded)
2025-02-10 17:46:54 DEBUG [main] c.v.limits.service.LoadLimitService - Processing load request: id=7650, customer=392, amount=$5009.09, time=2000-01-07T09:25Z
2025-02-10 17:46:54 DEBUG [main] c.v.limits.service.LoadLimitService - Checking limits for time=2000-01-07T09:25Z, startOfWeek=2000-01-03T00:00Z, endOfWeek=2000-01-09T23:59:59.999999999Z
2025-02-10 17:46:54 DEBUG [main] c.v.limits.service.LoadLimitService - Daily amount limit exceeded: customer=392, current=1697.59, attempted=$5009.09
2025-02-10 17:46:54 WARN  [main] c.v.limits.service.LoadLimitService - Load rejected: id=7650, customer=392, amount=$5009.09 (limit exceeded)
2025-02-10 17:46:54 DEBUG [main] c.v.limits.service.LoadLimitService - Processing load request: id=17645, customer=460, amount=$4406.71, time=2000-01-07T10:26:22Z
2025-02-10 17:46:54 DEBUG [main] c.v.limits.service.LoadLimitService - Checking limits for time=2000-01-07T10:26:22Z, startOfWeek=2000-01-03T00:00Z, endOfWeek=2000-01-09T23:59:59.999999999Z
2025-02-10 17:46:54 DEBUG [main] c.v.limits.service.LoadLimitService - Weekly total for customer=460: current=0, new=4406.71, limit=20000.00
2025-02-10 17:46:54 DEBUG [main] c.v.limits.service.LoadLimitService - Load saved successfully: id=17645, customer=460
2025-02-10 17:46:54 INFO  [main] c.v.limits.service.LoadLimitService - Load accepted: id=17645, customer=460, amount=$4406.71
2025-02-10 17:46:54 DEBUG [main] c.v.limits.service.LoadLimitService - Processing load request: id=198, customer=137, amount=$4727.34, time=2000-01-07T11:27:44Z
2025-02-10 17:46:54 DEBUG [main] c.v.limits.service.LoadLimitService - Checking limits for time=2000-01-07T11:27:44Z, startOfWeek=2000-01-03T00:00Z, endOfWeek=2000-01-09T23:59:59.999999999Z
2025-02-10 17:46:54 DEBUG [main] c.v.limits.service.LoadLimitService - Weekly total for customer=137: current=8060.24, new=12787.58, limit=20000.00
2025-02-10 17:46:54 DEBUG [main] c.v.limits.service.LoadLimitService - Load saved successfully: id=198, customer=137
2025-02-10 17:46:54 INFO  [main] c.v.limits.service.LoadLimitService - Load accepted: id=198, customer=137, amount=$4727.34
2025-02-10 17:46:54 DEBUG [main] c.v.limits.service.LoadLimitService - Processing load request: id=31354, customer=494, amount=$3947.21, time=2000-01-07T12:29:06Z
2025-02-10 17:46:54 DEBUG [main] c.v.limits.service.LoadLimitService - Checking limits for time=2000-01-07T12:29:06Z, startOfWeek=2000-01-03T00:00Z, endOfWeek=2000-01-09T23:59:59.999999999Z
2025-02-10 17:46:54 DEBUG [main] c.v.limits.service.LoadLimitService - Weekly total for customer=494: current=5636.41, new=9583.62, limit=20000.00
2025-02-10 17:46:54 DEBUG [main] c.v.limits.service.LoadLimitService - Load saved successfully: id=31354, customer=494
2025-02-10 17:46:54 INFO  [main] c.v.limits.service.LoadLimitService - Load accepted: id=31354, customer=494, amount=$3947.21
2025-02-10 17:46:54 DEBUG [main] c.v.limits.service.LoadLimitService - Processing load request: id=21326, customer=630, amount=$4100.10, time=2000-01-07T13:30:28Z
2025-02-10 17:46:54 DEBUG [main] c.v.limits.service.LoadLimitService - Checking limits for time=2000-01-07T13:30:28Z, startOfWeek=2000-01-03T00:00Z, endOfWeek=2000-01-09T23:59:59.999999999Z
2025-02-10 17:46:54 DEBUG [main] c.v.limits.service.LoadLimitService - Weekly total for customer=630: current=1544.67, new=5644.77, limit=20000.00
2025-02-10 17:46:54 DEBUG [main] c.v.limits.service.LoadLimitService - Load saved successfully: id=21326, customer=630
2025-02-10 17:46:54 INFO  [main] c.v.limits.service.LoadLimitService - Load accepted: id=21326, customer=630, amount=$4100.10
2025-02-10 17:46:54 DEBUG [main] c.v.limits.service.LoadLimitService - Processing load request: id=23267, customer=358, amount=$1893.01, time=2000-01-07T14:31:50Z
2025-02-10 17:46:54 DEBUG [main] c.v.limits.service.LoadLimitService - Checking limits for time=2000-01-07T14:31:50Z, startOfWeek=2000-01-03T00:00Z, endOfWeek=2000-01-09T23:59:59.999999999Z
2025-02-10 17:46:54 DEBUG [main] c.v.limits.service.LoadLimitService - Weekly total for customer=358: current=7988.14, new=9881.15, limit=20000.00
2025-02-10 17:46:54 DEBUG [main] c.v.limits.service.LoadLimitService - Load saved successfully: id=23267, customer=358
2025-02-10 17:46:54 INFO  [main] c.v.limits.service.LoadLimitService - Load accepted: id=23267, customer=358, amount=$1893.01
2025-02-10 17:46:54 DEBUG [main] c.v.limits.service.LoadLimitService - Processing load request: id=19488, customer=834, amount=$4839.20, time=2000-01-07T15:33:12Z
2025-02-10 17:46:54 DEBUG [main] c.v.limits.service.LoadLimitService - Checking limits for time=2000-01-07T15:33:12Z, startOfWeek=2000-01-03T00:00Z, endOfWeek=2000-01-09T23:59:59.999999999Z
2025-02-10 17:46:54 DEBUG [main] c.v.limits.service.LoadLimitService - Weekly total for customer=834: current=0, new=4839.20, limit=20000.00
2025-02-10 17:46:54 DEBUG [main] c.v.limits.service.LoadLimitService - Load saved successfully: id=19488, customer=834
2025-02-10 17:46:54 INFO  [main] c.v.limits.service.LoadLimitService - Load accepted: id=19488, customer=834, amount=$4839.20
2025-02-10 17:46:54 DEBUG [main] c.v.limits.service.LoadLimitService - Processing load request: id=16401, customer=409, amount=$2781.40, time=2000-01-07T16:34:34Z
2025-02-10 17:46:54 DEBUG [main] c.v.limits.service.LoadLimitService - Checking limits for time=2000-01-07T16:34:34Z, startOfWeek=2000-01-03T00:00Z, endOfWeek=2000-01-09T23:59:59.999999999Z
2025-02-10 17:46:54 DEBUG [main] c.v.limits.service.LoadLimitService - Weekly total for customer=409: current=2036.50, new=4817.90, limit=20000.00
2025-02-10 17:46:54 DEBUG [main] c.v.limits.service.LoadLimitService - Load saved successfully: id=16401, customer=409
2025-02-10 17:46:54 INFO  [main] c.v.limits.service.LoadLimitService - Load accepted: id=16401, customer=409, amount=$2781.40
2025-02-10 17:46:54 DEBUG [main] c.v.limits.service.LoadLimitService - Processing load request: id=21596, customer=392, amount=$5194.66, time=2000-01-07T17:35:56Z
2025-02-10 17:46:54 DEBUG [main] c.v.limits.service.LoadLimitService - Checking limits for time=2000-01-07T17:35:56Z, startOfWeek=2000-01-03T00:00Z, endOfWeek=2000-01-09T23:59:59.999999999Z
2025-02-10 17:46:54 DEBUG [main] c.v.limits.service.LoadLimitService - Daily amount limit exceeded: customer=392, current=1697.59, attempted=$5194.66
2025-02-10 17:46:54 WARN  [main] c.v.limits.service.LoadLimitService - Load rejected: id=21596, customer=392, amount=$5194.66 (limit exceeded)
2025-02-10 17:46:54 DEBUG [main] c.v.limits.service.LoadLimitService - Processing load request: id=12110, customer=426, amount=$2868.72, time=2000-01-07T18:37:18Z
2025-02-10 17:46:54 DEBUG [main] c.v.limits.service.LoadLimitService - Checking limits for time=2000-01-07T18:37:18Z, startOfWeek=2000-01-03T00:00Z, endOfWeek=2000-01-09T23:59:59.999999999Z
2025-02-10 17:46:54 DEBUG [main] c.v.limits.service.LoadLimitService - Daily amount limit exceeded: customer=426, current=3412.62, attempted=$2868.72
2025-02-10 17:46:54 WARN  [main] c.v.limits.service.LoadLimitService - Load rejected: id=12110, customer=426, amount=$2868.72 (limit exceeded)
2025-02-10 17:46:54 DEBUG [main] c.v.limits.service.LoadLimitService - Processing load request: id=23214, customer=222, amount=$1899.59, time=2000-01-07T19:38:40Z
2025-02-10 17:46:54 DEBUG [main] c.v.limits.service.LoadLimitService - Checking limits for time=2000-01-07T19:38:40Z, startOfWeek=2000-01-03T00:00Z, endOfWeek=2000-01-09T23:59:59.999999999Z
2025-02-10 17:46:54 DEBUG [main] c.v.limits.service.LoadLimitService - Weekly total for customer=222: current=0, new=1899.59, limit=20000.00
2025-02-10 17:46:54 DEBUG [main] c.v.limits.service.LoadLimitService - Load saved successfully: id=23214, customer=222
2025-02-10 17:46:54 INFO  [main] c.v.limits.service.LoadLimitService - Load accepted: id=23214, customer=222, amount=$1899.59
2025-02-10 17:46:54 DEBUG [main] c.v.limits.service.LoadLimitService - Processing load request: id=29446, customer=426, amount=$99.21, time=2000-01-07T20:40:02Z
2025-02-10 17:46:54 DEBUG [main] c.v.limits.service.LoadLimitService - Checking limits for time=2000-01-07T20:40:02Z, startOfWeek=2000-01-03T00:00Z, endOfWeek=2000-01-09T23:59:59.999999999Z
2025-02-10 17:46:54 DEBUG [main] c.v.limits.service.LoadLimitService - Weekly total for customer=426: current=7794.57, new=7893.78, limit=20000.00
2025-02-10 17:46:54 DEBUG [main] c.v.limits.service.LoadLimitService - Load saved successfully: id=29446, customer=426
2025-02-10 17:46:54 INFO  [main] c.v.limits.service.LoadLimitService - Load accepted: id=29446, customer=426, amount=$99.21
2025-02-10 17:46:54 DEBUG [main] c.v.limits.service.LoadLimitService - Processing load request: id=13063, customer=749, amount=$314.36, time=2000-01-07T21:41:24Z
2025-02-10 17:46:54 DEBUG [main] c.v.limits.service.LoadLimitService - Checking limits for time=2000-01-07T21:41:24Z, startOfWeek=2000-01-03T00:00Z, endOfWeek=2000-01-09T23:59:59.999999999Z
2025-02-10 17:46:54 DEBUG [main] c.v.limits.service.LoadLimitService - Weekly total for customer=749: current=3489.99, new=3804.35, limit=20000.00
2025-02-10 17:46:54 DEBUG [main] c.v.limits.service.LoadLimitService - Load saved successfully: id=13063, customer=749
2025-02-10 17:46:54 INFO  [main] c.v.limits.service.LoadLimitService - Load accepted: id=13063, customer=749, amount=$314.36
2025-02-10 17:46:54 DEBUG [main] c.v.limits.service.LoadLimitService - Processing load request: id=13488, customer=630, amount=$3582.23, time=2000-01-07T22:42:46Z
2025-02-10 17:46:54 DEBUG [main] c.v.limits.service.LoadLimitService - Checking limits for time=2000-01-07T22:42:46Z, startOfWeek=2000-01-03T00:00Z, endOfWeek=2000-01-09T23:59:59.999999999Z
2025-02-10 17:46:54 DEBUG [main] c.v.limits.service.LoadLimitService - Daily amount limit exceeded: customer=630, current=4100.10, attempted=$3582.23
2025-02-10 17:46:54 WARN  [main] c.v.limits.service.LoadLimitService - Load rejected: id=13488, customer=630, amount=$3582.23 (limit exceeded)
2025-02-10 17:46:54 DEBUG [main] c.v.limits.service.LoadLimitService - Processing load request: id=3026, customer=426, amount=$4692.19, time=2000-01-07T23:44:08Z
2025-02-10 17:46:54 DEBUG [main] c.v.limits.service.LoadLimitService - Checking limits for time=2000-01-07T23:44:08Z, startOfWeek=2000-01-03T00:00Z, endOfWeek=2000-01-09T23:59:59.999999999Z
2025-02-10 17:46:54 DEBUG [main] c.v.limits.service.LoadLimitService - Daily amount limit exceeded: customer=426, current=3511.83, attempted=$4692.19
2025-02-10 17:46:54 WARN  [main] c.v.limits.service.LoadLimitService - Load rejected: id=3026, customer=426, amount=$4692.19 (limit exceeded)
2025-02-10 17:46:54 DEBUG [main] c.v.limits.service.LoadLimitService - Processing load request: id=11114, customer=1, amount=$2887.30, time=2000-01-08T00:45:30Z
2025-02-10 17:46:54 DEBUG [main] c.v.limits.service.LoadLimitService - Checking limits for time=2000-01-08T00:45:30Z, startOfWeek=2000-01-03T00:00Z, endOfWeek=2000-01-09T23:59:59.999999999Z
2025-02-10 17:46:54 DEBUG [main] c.v.limits.service.LoadLimitService - Weekly total for customer=1: current=2566.29, new=5453.59, limit=20000.00
2025-02-10 17:46:54 DEBUG [main] c.v.limits.service.LoadLimitService - Load saved successfully: id=11114, customer=1
2025-02-10 17:46:54 INFO  [main] c.v.limits.service.LoadLimitService - Load accepted: id=11114, customer=1, amount=$2887.30
2025-02-10 17:46:54 DEBUG [main] c.v.limits.service.LoadLimitService - Processing load request: id=23300, customer=443, amount=$5580.51, time=2000-01-08T01:46:52Z
2025-02-10 17:46:54 DEBUG [main] c.v.limits.service.LoadLimitService - Checking limits for time=2000-01-08T01:46:52Z, startOfWeek=2000-01-03T00:00Z, endOfWeek=2000-01-09T23:59:59.999999999Z
2025-02-10 17:46:54 DEBUG [main] c.v.limits.service.LoadLimitService - Daily amount limit exceeded: customer=443, current=0, attempted=$5580.51
2025-02-10 17:46:54 WARN  [main] c.v.limits.service.LoadLimitService - Load rejected: id=23300, customer=443, amount=$5580.51 (limit exceeded)
2025-02-10 17:46:54 DEBUG [main] c.v.limits.service.LoadLimitService - Processing load request: id=10619, customer=579, amount=$4856.66, time=2000-01-08T02:48:14Z
2025-02-10 17:46:54 DEBUG [main] c.v.limits.service.LoadLimitService - Checking limits for time=2000-01-08T02:48:14Z, startOfWeek=2000-01-03T00:00Z, endOfWeek=2000-01-09T23:59:59.999999999Z
2025-02-10 17:46:54 DEBUG [main] c.v.limits.service.LoadLimitService - Weekly total for customer=579: current=1342.67, new=6199.33, limit=20000.00
2025-02-10 17:46:54 DEBUG [main] c.v.limits.service.LoadLimitService - Load saved successfully: id=10619, customer=579
2025-02-10 17:46:54 INFO  [main] c.v.limits.service.LoadLimitService - Load accepted: id=10619, customer=579, amount=$4856.66
2025-02-10 17:46:54 DEBUG [main] c.v.limits.service.LoadLimitService - Processing load request: id=1045, customer=222, amount=$3005.41, time=2000-01-08T03:49:36Z
2025-02-10 17:46:54 DEBUG [main] c.v.limits.service.LoadLimitService - Checking limits for time=2000-01-08T03:49:36Z, startOfWeek=2000-01-03T00:00Z, endOfWeek=2000-01-09T23:59:59.999999999Z
2025-02-10 17:46:54 DEBUG [main] c.v.limits.service.LoadLimitService - Weekly total for customer=222: current=1899.59, new=4905.00, limit=20000.00
2025-02-10 17:46:54 DEBUG [main] c.v.limits.service.LoadLimitService - Load saved successfully: id=1045, customer=222
2025-02-10 17:46:54 INFO  [main] c.v.limits.service.LoadLimitService - Load accepted: id=1045, customer=222, amount=$3005.41
2025-02-10 17:46:54 DEBUG [main] c.v.limits.service.LoadLimitService - Processing load request: id=4239, customer=715, amount=$3376.94, time=2000-01-08T04:50:58Z
2025-02-10 17:46:54 DEBUG [main] c.v.limits.service.LoadLimitService - Checking limits for time=2000-01-08T04:50:58Z, startOfWeek=2000-01-03T00:00Z, endOfWeek=2000-01-09T23:59:59.999999999Z
2025-02-10 17:46:54 DEBUG [main] c.v.limits.service.LoadLimitService - Weekly total for customer=715: current=631.62, new=4008.56, limit=20000.00
2025-02-10 17:46:54 DEBUG [main] c.v.limits.service.LoadLimitService - Load saved successfully: id=4239, customer=715
2025-02-10 17:46:54 INFO  [main] c.v.limits.service.LoadLimitService - Load accepted: id=4239, customer=715, amount=$3376.94
2025-02-10 17:46:54 DEBUG [main] c.v.limits.service.LoadLimitService - Processing load request: id=18574, customer=358, amount=$407.01, time=2000-01-08T05:52:20Z
2025-02-10 17:46:54 DEBUG [main] c.v.limits.service.LoadLimitService - Checking limits for time=2000-01-08T05:52:20Z, startOfWeek=2000-01-03T00:00Z, endOfWeek=2000-01-09T23:59:59.999999999Z
2025-02-10 17:46:54 DEBUG [main] c.v.limits.service.LoadLimitService - Weekly total for customer=358: current=9881.15, new=10288.16, limit=20000.00
2025-02-10 17:46:54 DEBUG [main] c.v.limits.service.LoadLimitService - Load saved successfully: id=18574, customer=358
2025-02-10 17:46:54 INFO  [main] c.v.limits.service.LoadLimitService - Load accepted: id=18574, customer=358, amount=$407.01
2025-02-10 17:46:54 DEBUG [main] c.v.limits.service.LoadLimitService - Processing load request: id=7485, customer=1, amount=$1920.88, time=2000-01-08T06:53:42Z
2025-02-10 17:46:54 DEBUG [main] c.v.limits.service.LoadLimitService - Checking limits for time=2000-01-08T06:53:42Z, startOfWeek=2000-01-03T00:00Z, endOfWeek=2000-01-09T23:59:59.999999999Z
2025-02-10 17:46:54 DEBUG [main] c.v.limits.service.LoadLimitService - Weekly total for customer=1: current=5453.59, new=7374.47, limit=20000.00
2025-02-10 17:46:54 DEBUG [main] c.v.limits.service.LoadLimitService - Load saved successfully: id=7485, customer=1
2025-02-10 17:46:54 INFO  [main] c.v.limits.service.LoadLimitService - Load accepted: id=7485, customer=1, amount=$1920.88
2025-02-10 17:46:54 DEBUG [main] c.v.limits.service.LoadLimitService - Processing load request: id=12560, customer=239, amount=$962.16, time=2000-01-08T07:55:04Z
2025-02-10 17:46:54 DEBUG [main] c.v.limits.service.LoadLimitService - Checking limits for time=2000-01-08T07:55:04Z, startOfWeek=2000-01-03T00:00Z, endOfWeek=2000-01-09T23:59:59.999999999Z
2025-02-10 17:46:54 DEBUG [main] c.v.limits.service.LoadLimitService - Weekly total for customer=239: current=12164.43, new=13126.59, limit=20000.00
2025-02-10 17:46:54 DEBUG [main] c.v.limits.service.LoadLimitService - Load saved successfully: id=12560, customer=239
2025-02-10 17:46:54 INFO  [main] c.v.limits.service.LoadLimitService - Load accepted: id=12560, customer=239, amount=$962.16
2025-02-10 17:46:54 DEBUG [main] c.v.limits.service.LoadLimitService - Processing load request: id=23582, customer=324, amount=$3563.16, time=2000-01-08T08:56:26Z
2025-02-10 17:46:54 DEBUG [main] c.v.limits.service.LoadLimitService - Checking limits for time=2000-01-08T08:56:26Z, startOfWeek=2000-01-03T00:00Z, endOfWeek=2000-01-09T23:59:59.999999999Z
2025-02-10 17:46:54 DEBUG [main] c.v.limits.service.LoadLimitService - Weekly total for customer=324: current=1261.57, new=4824.73, limit=20000.00
2025-02-10 17:46:54 DEBUG [main] c.v.limits.service.LoadLimitService - Load saved successfully: id=23582, customer=324
2025-02-10 17:46:54 INFO  [main] c.v.limits.service.LoadLimitService - Load accepted: id=23582, customer=324, amount=$3563.16
2025-02-10 17:46:54 DEBUG [main] c.v.limits.service.LoadLimitService - Processing load request: id=18516, customer=222, amount=$2833.22, time=2000-01-08T09:57:48Z
2025-02-10 17:46:54 DEBUG [main] c.v.limits.service.LoadLimitService - Checking limits for time=2000-01-08T09:57:48Z, startOfWeek=2000-01-03T00:00Z, endOfWeek=2000-01-09T23:59:59.999999999Z
2025-02-10 17:46:54 DEBUG [main] c.v.limits.service.LoadLimitService - Daily amount limit exceeded: customer=222, current=3005.41, attempted=$2833.22
2025-02-10 17:46:54 WARN  [main] c.v.limits.service.LoadLimitService - Load rejected: id=18516, customer=222, amount=$2833.22 (limit exceeded)
2025-02-10 17:46:54 DEBUG [main] c.v.limits.service.LoadLimitService - Processing load request: id=13555, customer=18, amount=$3192.77, time=2000-01-08T10:59:10Z
2025-02-10 17:46:54 DEBUG [main] c.v.limits.service.LoadLimitService - Checking limits for time=2000-01-08T10:59:10Z, startOfWeek=2000-01-03T00:00Z, endOfWeek=2000-01-09T23:59:59.999999999Z
2025-02-10 17:46:54 DEBUG [main] c.v.limits.service.LoadLimitService - Weekly total for customer=18: current=6602.84, new=9795.61, limit=20000.00
2025-02-10 17:46:54 DEBUG [main] c.v.limits.service.LoadLimitService - Load saved successfully: id=13555, customer=18
2025-02-10 17:46:54 INFO  [main] c.v.limits.service.LoadLimitService - Load accepted: id=13555, customer=18, amount=$3192.77
2025-02-10 17:46:54 DEBUG [main] c.v.limits.service.LoadLimitService - Processing load request: id=8217, customer=222, amount=$4107.58, time=2000-01-08T12:00:32Z
2025-02-10 17:46:54 DEBUG [main] c.v.limits.service.LoadLimitService - Checking limits for time=2000-01-08T12:00:32Z, startOfWeek=2000-01-03T00:00Z, endOfWeek=2000-01-09T23:59:59.999999999Z
2025-02-10 17:46:54 DEBUG [main] c.v.limits.service.LoadLimitService - Daily amount limit exceeded: customer=222, current=3005.41, attempted=$4107.58
2025-02-10 17:46:54 WARN  [main] c.v.limits.service.LoadLimitService - Load rejected: id=8217, customer=222, amount=$4107.58 (limit exceeded)
2025-02-10 17:46:54 DEBUG [main] c.v.limits.service.LoadLimitService - Processing load request: id=25179, customer=545, amount=$5338.75, time=2000-01-08T13:01:54Z
2025-02-10 17:46:54 DEBUG [main] c.v.limits.service.LoadLimitService - Checking limits for time=2000-01-08T13:01:54Z, startOfWeek=2000-01-03T00:00Z, endOfWeek=2000-01-09T23:59:59.999999999Z
2025-02-10 17:46:54 DEBUG [main] c.v.limits.service.LoadLimitService - Daily amount limit exceeded: customer=545, current=0, attempted=$5338.75
2025-02-10 17:46:54 WARN  [main] c.v.limits.service.LoadLimitService - Load rejected: id=25179, customer=545, amount=$5338.75 (limit exceeded)
2025-02-10 17:46:54 DEBUG [main] c.v.limits.service.LoadLimitService - Processing load request: id=29740, customer=562, amount=$4476.27, time=2000-01-08T14:03:16Z
2025-02-10 17:46:54 DEBUG [main] c.v.limits.service.LoadLimitService - Checking limits for time=2000-01-08T14:03:16Z, startOfWeek=2000-01-03T00:00Z, endOfWeek=2000-01-09T23:59:59.999999999Z
2025-02-10 17:46:54 DEBUG [main] c.v.limits.service.LoadLimitService - Weekly total for customer=562: current=3786.10, new=8262.37, limit=20000.00
2025-02-10 17:46:54 DEBUG [main] c.v.limits.service.LoadLimitService - Load saved successfully: id=29740, customer=562
2025-02-10 17:46:54 INFO  [main] c.v.limits.service.LoadLimitService - Load accepted: id=29740, customer=562, amount=$4476.27
2025-02-10 17:46:54 DEBUG [main] c.v.limits.service.LoadLimitService - Processing load request: id=7552, customer=579, amount=$5939.28, time=2000-01-08T15:04:38Z
2025-02-10 17:46:54 DEBUG [main] c.v.limits.service.LoadLimitService - Checking limits for time=2000-01-08T15:04:38Z, startOfWeek=2000-01-03T00:00Z, endOfWeek=2000-01-09T23:59:59.999999999Z
2025-02-10 17:46:54 DEBUG [main] c.v.limits.service.LoadLimitService - Daily amount limit exceeded: customer=579, current=4856.66, attempted=$5939.28
2025-02-10 17:46:54 WARN  [main] c.v.limits.service.LoadLimitService - Load rejected: id=7552, customer=579, amount=$5939.28 (limit exceeded)
2025-02-10 17:46:54 DEBUG [main] c.v.limits.service.LoadLimitService - Processing load request: id=4647, customer=630, amount=$3699.69, time=2000-01-08T16:06Z
2025-02-10 17:46:54 DEBUG [main] c.v.limits.service.LoadLimitService - Checking limits for time=2000-01-08T16:06Z, startOfWeek=2000-01-03T00:00Z, endOfWeek=2000-01-09T23:59:59.999999999Z
2025-02-10 17:46:54 DEBUG [main] c.v.limits.service.LoadLimitService - Weekly total for customer=630: current=5644.77, new=9344.46, limit=20000.00
2025-02-10 17:46:54 DEBUG [main] c.v.limits.service.LoadLimitService - Load saved successfully: id=4647, customer=630
2025-02-10 17:46:54 INFO  [main] c.v.limits.service.LoadLimitService - Load accepted: id=4647, customer=630, amount=$3699.69
2025-02-10 17:46:54 DEBUG [main] c.v.limits.service.LoadLimitService - Processing load request: id=18346, customer=205, amount=$2910.09, time=2000-01-08T17:07:22Z
2025-02-10 17:46:54 DEBUG [main] c.v.limits.service.LoadLimitService - Checking limits for time=2000-01-08T17:07:22Z, startOfWeek=2000-01-03T00:00Z, endOfWeek=2000-01-09T23:59:59.999999999Z
2025-02-10 17:46:54 DEBUG [main] c.v.limits.service.LoadLimitService - Weekly total for customer=205: current=7681.19, new=10591.28, limit=20000.00
2025-02-10 17:46:54 DEBUG [main] c.v.limits.service.LoadLimitService - Load saved successfully: id=18346, customer=205
2025-02-10 17:46:54 INFO  [main] c.v.limits.service.LoadLimitService - Load accepted: id=18346, customer=205, amount=$2910.09
2025-02-10 17:46:54 DEBUG [main] c.v.limits.service.LoadLimitService - Processing load request: id=3356, customer=69, amount=$5063.14, time=2000-01-08T18:08:44Z
2025-02-10 17:46:54 DEBUG [main] c.v.limits.service.LoadLimitService - Checking limits for time=2000-01-08T18:08:44Z, startOfWeek=2000-01-03T00:00Z, endOfWeek=2000-01-09T23:59:59.999999999Z
2025-02-10 17:46:54 DEBUG [main] c.v.limits.service.LoadLimitService - Daily amount limit exceeded: customer=69, current=0, attempted=$5063.14
2025-02-10 17:46:54 WARN  [main] c.v.limits.service.LoadLimitService - Load rejected: id=3356, customer=69, amount=$5063.14 (limit exceeded)
2025-02-10 17:46:54 DEBUG [main] c.v.limits.service.LoadLimitService - Processing load request: id=17223, customer=664, amount=$1824.42, time=2000-01-08T19:10:06Z
2025-02-10 17:46:54 DEBUG [main] c.v.limits.service.LoadLimitService - Checking limits for time=2000-01-08T19:10:06Z, startOfWeek=2000-01-03T00:00Z, endOfWeek=2000-01-09T23:59:59.999999999Z
2025-02-10 17:46:54 DEBUG [main] c.v.limits.service.LoadLimitService - Weekly total for customer=664: current=3596.79, new=5421.21, limit=20000.00
2025-02-10 17:46:54 DEBUG [main] c.v.limits.service.LoadLimitService - Load saved successfully: id=17223, customer=664
2025-02-10 17:46:54 INFO  [main] c.v.limits.service.LoadLimitService - Load accepted: id=17223, customer=664, amount=$1824.42
2025-02-10 17:46:54 DEBUG [main] c.v.limits.service.LoadLimitService - Processing load request: id=13339, customer=239, amount=$717.30, time=2000-01-08T20:11:28Z
2025-02-10 17:46:54 DEBUG [main] c.v.limits.service.LoadLimitService - Checking limits for time=2000-01-08T20:11:28Z, startOfWeek=2000-01-03T00:00Z, endOfWeek=2000-01-09T23:59:59.999999999Z
2025-02-10 17:46:54 DEBUG [main] c.v.limits.service.LoadLimitService - Weekly total for customer=239: current=13126.59, new=13843.89, limit=20000.00
2025-02-10 17:46:54 DEBUG [main] c.v.limits.service.LoadLimitService - Load saved successfully: id=13339, customer=239
2025-02-10 17:46:54 INFO  [main] c.v.limits.service.LoadLimitService - Load accepted: id=13339, customer=239, amount=$717.30
2025-02-10 17:46:54 DEBUG [main] c.v.limits.service.LoadLimitService - Processing load request: id=21953, customer=324, amount=$5033.60, time=2000-01-08T21:12:50Z
2025-02-10 17:46:54 DEBUG [main] c.v.limits.service.LoadLimitService - Checking limits for time=2000-01-08T21:12:50Z, startOfWeek=2000-01-03T00:00Z, endOfWeek=2000-01-09T23:59:59.999999999Z
2025-02-10 17:46:54 DEBUG [main] c.v.limits.service.LoadLimitService - Daily amount limit exceeded: customer=324, current=3563.16, attempted=$5033.60
2025-02-10 17:46:54 WARN  [main] c.v.limits.service.LoadLimitService - Load rejected: id=21953, customer=324, amount=$5033.60 (limit exceeded)
2025-02-10 17:46:54 DEBUG [main] c.v.limits.service.LoadLimitService - Processing load request: id=27985, customer=749, amount=$1457.21, time=2000-01-08T22:14:12Z
2025-02-10 17:46:54 DEBUG [main] c.v.limits.service.LoadLimitService - Checking limits for time=2000-01-08T22:14:12Z, startOfWeek=2000-01-03T00:00Z, endOfWeek=2000-01-09T23:59:59.999999999Z
2025-02-10 17:46:54 DEBUG [main] c.v.limits.service.LoadLimitService - Weekly total for customer=749: current=3804.35, new=5261.56, limit=20000.00
2025-02-10 17:46:54 DEBUG [main] c.v.limits.service.LoadLimitService - Load saved successfully: id=27985, customer=749
2025-02-10 17:46:54 INFO  [main] c.v.limits.service.LoadLimitService - Load accepted: id=27985, customer=749, amount=$1457.21
2025-02-10 17:46:54 DEBUG [main] c.v.limits.service.LoadLimitService - Processing load request: id=5401, customer=222, amount=$3073.28, time=2000-01-08T23:15:34Z
2025-02-10 17:46:54 DEBUG [main] c.v.limits.service.LoadLimitService - Checking limits for time=2000-01-08T23:15:34Z, startOfWeek=2000-01-03T00:00Z, endOfWeek=2000-01-09T23:59:59.999999999Z
2025-02-10 17:46:54 DEBUG [main] c.v.limits.service.LoadLimitService - Daily amount limit exceeded: customer=222, current=3005.41, attempted=$3073.28
2025-02-10 17:46:54 WARN  [main] c.v.limits.service.LoadLimitService - Load rejected: id=5401, customer=222, amount=$3073.28 (limit exceeded)
2025-02-10 17:46:54 DEBUG [main] c.v.limits.service.LoadLimitService - Processing load request: id=8184, customer=120, amount=$5762.62, time=2000-01-09T00:16:56Z
2025-02-10 17:46:54 DEBUG [main] c.v.limits.service.LoadLimitService - Checking limits for time=2000-01-09T00:16:56Z, startOfWeek=2000-01-03T00:00Z, endOfWeek=2000-01-09T23:59:59.999999999Z
2025-02-10 17:46:54 DEBUG [main] c.v.limits.service.LoadLimitService - Daily amount limit exceeded: customer=120, current=0, attempted=$5762.62
2025-02-10 17:46:54 WARN  [main] c.v.limits.service.LoadLimitService - Load rejected: id=8184, customer=120, amount=$5762.62 (limit exceeded)
2025-02-10 17:46:54 DEBUG [main] c.v.limits.service.LoadLimitService - Processing load request: id=28721, customer=562, amount=$1513.50, time=2000-01-09T01:18:18Z
2025-02-10 17:46:54 DEBUG [main] c.v.limits.service.LoadLimitService - Checking limits for time=2000-01-09T01:18:18Z, startOfWeek=2000-01-03T00:00Z, endOfWeek=2000-01-09T23:59:59.999999999Z
2025-02-10 17:46:54 DEBUG [main] c.v.limits.service.LoadLimitService - Weekly total for customer=562: current=8262.37, new=9775.87, limit=20000.00
2025-02-10 17:46:54 DEBUG [main] c.v.limits.service.LoadLimitService - Load saved successfully: id=28721, customer=562
2025-02-10 17:46:54 INFO  [main] c.v.limits.service.LoadLimitService - Load accepted: id=28721, customer=562, amount=$1513.50
2025-02-10 17:46:54 DEBUG [main] c.v.limits.service.LoadLimitService - Processing load request: id=17540, customer=256, amount=$944.92, time=2000-01-09T02:19:40Z
2025-02-10 17:46:54 DEBUG [main] c.v.limits.service.LoadLimitService - Checking limits for time=2000-01-09T02:19:40Z, startOfWeek=2000-01-03T00:00Z, endOfWeek=2000-01-09T23:59:59.999999999Z
2025-02-10 17:46:54 DEBUG [main] c.v.limits.service.LoadLimitService - Weekly total for customer=256: current=7130.84, new=8075.76, limit=20000.00
2025-02-10 17:46:54 DEBUG [main] c.v.limits.service.LoadLimitService - Load saved successfully: id=17540, customer=256
2025-02-10 17:46:54 INFO  [main] c.v.limits.service.LoadLimitService - Load accepted: id=17540, customer=256, amount=$944.92
2025-02-10 17:46:54 DEBUG [main] c.v.limits.service.LoadLimitService - Processing load request: id=6591, customer=715, amount=$1218.98, time=2000-01-09T03:21:02Z
2025-02-10 17:46:54 DEBUG [main] c.v.limits.service.LoadLimitService - Checking limits for time=2000-01-09T03:21:02Z, startOfWeek=2000-01-03T00:00Z, endOfWeek=2000-01-09T23:59:59.999999999Z
2025-02-10 17:46:54 DEBUG [main] c.v.limits.service.LoadLimitService - Weekly total for customer=715: current=4008.56, new=5227.54, limit=20000.00
2025-02-10 17:46:54 DEBUG [main] c.v.limits.service.LoadLimitService - Load saved successfully: id=6591, customer=715
2025-02-10 17:46:54 INFO  [main] c.v.limits.service.LoadLimitService - Load accepted: id=6591, customer=715, amount=$1218.98
2025-02-10 17:46:54 DEBUG [main] c.v.limits.service.LoadLimitService - Processing load request: id=23707, customer=18, amount=$5979.12, time=2000-01-09T04:22:24Z
2025-02-10 17:46:54 DEBUG [main] c.v.limits.service.LoadLimitService - Checking limits for time=2000-01-09T04:22:24Z, startOfWeek=2000-01-03T00:00Z, endOfWeek=2000-01-09T23:59:59.999999999Z
2025-02-10 17:46:54 DEBUG [main] c.v.limits.service.LoadLimitService - Daily amount limit exceeded: customer=18, current=0, attempted=$5979.12
2025-02-10 17:46:54 WARN  [main] c.v.limits.service.LoadLimitService - Load rejected: id=23707, customer=18, amount=$5979.12 (limit exceeded)
2025-02-10 17:46:54 DEBUG [main] c.v.limits.service.LoadLimitService - Processing load request: id=16516, customer=766, amount=$4964.52, time=2000-01-09T05:23:46Z
2025-02-10 17:46:54 DEBUG [main] c.v.limits.service.LoadLimitService - Checking limits for time=2000-01-09T05:23:46Z, startOfWeek=2000-01-03T00:00Z, endOfWeek=2000-01-09T23:59:59.999999999Z
2025-02-10 17:46:54 DEBUG [main] c.v.limits.service.LoadLimitService - Weekly total for customer=766: current=6496.09, new=11460.61, limit=20000.00
2025-02-10 17:46:54 DEBUG [main] c.v.limits.service.LoadLimitService - Load saved successfully: id=16516, customer=766
2025-02-10 17:46:54 INFO  [main] c.v.limits.service.LoadLimitService - Load accepted: id=16516, customer=766, amount=$4964.52
2025-02-10 17:46:54 DEBUG [main] c.v.limits.service.LoadLimitService - Processing load request: id=7755, customer=562, amount=$4147.69, time=2000-01-09T06:25:08Z
2025-02-10 17:46:54 DEBUG [main] c.v.limits.service.LoadLimitService - Checking limits for time=2000-01-09T06:25:08Z, startOfWeek=2000-01-03T00:00Z, endOfWeek=2000-01-09T23:59:59.999999999Z
2025-02-10 17:46:54 DEBUG [main] c.v.limits.service.LoadLimitService - Daily amount limit exceeded: customer=562, current=1513.50, attempted=$4147.69
2025-02-10 17:46:54 WARN  [main] c.v.limits.service.LoadLimitService - Load rejected: id=7755, customer=562, amount=$4147.69 (limit exceeded)
2025-02-10 17:46:54 DEBUG [main] c.v.limits.service.LoadLimitService - Processing load request: id=11694, customer=681, amount=$4980.98, time=2000-01-09T07:26:30Z
2025-02-10 17:46:54 DEBUG [main] c.v.limits.service.LoadLimitService - Checking limits for time=2000-01-09T07:26:30Z, startOfWeek=2000-01-03T00:00Z, endOfWeek=2000-01-09T23:59:59.999999999Z
2025-02-10 17:46:54 DEBUG [main] c.v.limits.service.LoadLimitService - Weekly total for customer=681: current=5381.28, new=10362.26, limit=20000.00
2025-02-10 17:46:54 DEBUG [main] c.v.limits.service.LoadLimitService - Load saved successfully: id=11694, customer=681
2025-02-10 17:46:54 INFO  [main] c.v.limits.service.LoadLimitService - Load accepted: id=11694, customer=681, amount=$4980.98
2025-02-10 17:46:54 DEBUG [main] c.v.limits.service.LoadLimitService - Processing load request: id=29417, customer=681, amount=$3238.82, time=2000-01-09T08:27:52Z
2025-02-10 17:46:54 DEBUG [main] c.v.limits.service.LoadLimitService - Checking limits for time=2000-01-09T08:27:52Z, startOfWeek=2000-01-03T00:00Z, endOfWeek=2000-01-09T23:59:59.999999999Z
2025-02-10 17:46:54 DEBUG [main] c.v.limits.service.LoadLimitService - Daily amount limit exceeded: customer=681, current=4980.98, attempted=$3238.82
2025-02-10 17:46:54 WARN  [main] c.v.limits.service.LoadLimitService - Load rejected: id=29417, customer=681, amount=$3238.82 (limit exceeded)
2025-02-10 17:46:54 DEBUG [main] c.v.limits.service.LoadLimitService - Processing load request: id=2370, customer=239, amount=$971.82, time=2000-01-09T09:29:14Z
2025-02-10 17:46:54 DEBUG [main] c.v.limits.service.LoadLimitService - Checking limits for time=2000-01-09T09:29:14Z, startOfWeek=2000-01-03T00:00Z, endOfWeek=2000-01-09T23:59:59.999999999Z
2025-02-10 17:46:54 DEBUG [main] c.v.limits.service.LoadLimitService - Weekly total for customer=239: current=13843.89, new=14815.71, limit=20000.00
2025-02-10 17:46:54 DEBUG [main] c.v.limits.service.LoadLimitService - Load saved successfully: id=2370, customer=239
2025-02-10 17:46:54 INFO  [main] c.v.limits.service.LoadLimitService - Load accepted: id=2370, customer=239, amount=$971.82
2025-02-10 17:46:54 DEBUG [main] c.v.limits.service.LoadLimitService - Processing load request: id=20476, customer=307, amount=$1515.26, time=2000-01-09T10:30:36Z
2025-02-10 17:46:54 DEBUG [main] c.v.limits.service.LoadLimitService - Checking limits for time=2000-01-09T10:30:36Z, startOfWeek=2000-01-03T00:00Z, endOfWeek=2000-01-09T23:59:59.999999999Z
2025-02-10 17:46:54 DEBUG [main] c.v.limits.service.LoadLimitService - Weekly total for customer=307: current=0, new=1515.26, limit=20000.00
2025-02-10 17:46:54 DEBUG [main] c.v.limits.service.LoadLimitService - Load saved successfully: id=20476, customer=307
2025-02-10 17:46:54 INFO  [main] c.v.limits.service.LoadLimitService - Load accepted: id=20476, customer=307, amount=$1515.26
2025-02-10 17:46:54 DEBUG [main] c.v.limits.service.LoadLimitService - Processing load request: id=8825, customer=783, amount=$3657.68, time=2000-01-09T11:31:58Z
2025-02-10 17:46:54 DEBUG [main] c.v.limits.service.LoadLimitService - Checking limits for time=2000-01-09T11:31:58Z, startOfWeek=2000-01-03T00:00Z, endOfWeek=2000-01-09T23:59:59.999999999Z
2025-02-10 17:46:54 DEBUG [main] c.v.limits.service.LoadLimitService - Weekly total for customer=783: current=4467.24, new=8124.92, limit=20000.00
2025-02-10 17:46:54 DEBUG [main] c.v.limits.service.LoadLimitService - Load saved successfully: id=8825, customer=783
2025-02-10 17:46:54 INFO  [main] c.v.limits.service.LoadLimitService - Load accepted: id=8825, customer=783, amount=$3657.68
2025-02-10 17:46:54 DEBUG [main] c.v.limits.service.LoadLimitService - Processing load request: id=30243, customer=205, amount=$2272.51, time=2000-01-09T12:33:20Z
2025-02-10 17:46:54 DEBUG [main] c.v.limits.service.LoadLimitService - Checking limits for time=2000-01-09T12:33:20Z, startOfWeek=2000-01-03T00:00Z, endOfWeek=2000-01-09T23:59:59.999999999Z
2025-02-10 17:46:54 DEBUG [main] c.v.limits.service.LoadLimitService - Weekly total for customer=205: current=10591.28, new=12863.79, limit=20000.00
2025-02-10 17:46:54 DEBUG [main] c.v.limits.service.LoadLimitService - Load saved successfully: id=30243, customer=205
2025-02-10 17:46:54 INFO  [main] c.v.limits.service.LoadLimitService - Load accepted: id=30243, customer=205, amount=$2272.51
2025-02-10 17:46:54 DEBUG [main] c.v.limits.service.LoadLimitService - Processing load request: id=28713, customer=358, amount=$1437.09, time=2000-01-09T13:34:42Z
2025-02-10 17:46:54 DEBUG [main] c.v.limits.service.LoadLimitService - Checking limits for time=2000-01-09T13:34:42Z, startOfWeek=2000-01-03T00:00Z, endOfWeek=2000-01-09T23:59:59.999999999Z
2025-02-10 17:46:54 DEBUG [main] c.v.limits.service.LoadLimitService - Weekly total for customer=358: current=10288.16, new=11725.25, limit=20000.00
2025-02-10 17:46:54 DEBUG [main] c.v.limits.service.LoadLimitService - Load saved successfully: id=28713, customer=358
2025-02-10 17:46:54 INFO  [main] c.v.limits.service.LoadLimitService - Load accepted: id=28713, customer=358, amount=$1437.09
2025-02-10 17:46:54 DEBUG [main] c.v.limits.service.LoadLimitService - Processing load request: id=10870, customer=732, amount=$4789.37, time=2000-01-09T14:36:04Z
2025-02-10 17:46:54 DEBUG [main] c.v.limits.service.LoadLimitService - Checking limits for time=2000-01-09T14:36:04Z, startOfWeek=2000-01-03T00:00Z, endOfWeek=2000-01-09T23:59:59.999999999Z
2025-02-10 17:46:54 DEBUG [main] c.v.limits.service.LoadLimitService - Weekly total for customer=732: current=6491.18, new=11280.55, limit=20000.00
2025-02-10 17:46:54 DEBUG [main] c.v.limits.service.LoadLimitService - Load saved successfully: id=10870, customer=732
2025-02-10 17:46:54 INFO  [main] c.v.limits.service.LoadLimitService - Load accepted: id=10870, customer=732, amount=$4789.37
2025-02-10 17:46:54 DEBUG [main] c.v.limits.service.LoadLimitService - Processing load request: id=5841, customer=613, amount=$3044.90, time=2000-01-09T15:37:26Z
2025-02-10 17:46:54 DEBUG [main] c.v.limits.service.LoadLimitService - Checking limits for time=2000-01-09T15:37:26Z, startOfWeek=2000-01-03T00:00Z, endOfWeek=2000-01-09T23:59:59.999999999Z
2025-02-10 17:46:54 DEBUG [main] c.v.limits.service.LoadLimitService - Weekly total for customer=613: current=3580.76, new=6625.66, limit=20000.00
2025-02-10 17:46:54 DEBUG [main] c.v.limits.service.LoadLimitService - Load saved successfully: id=5841, customer=613
2025-02-10 17:46:54 INFO  [main] c.v.limits.service.LoadLimitService - Load accepted: id=5841, customer=613, amount=$3044.90
2025-02-10 17:46:54 DEBUG [main] c.v.limits.service.LoadLimitService - Processing load request: id=23585, customer=817, amount=$3694.01, time=2000-01-09T16:38:48Z
2025-02-10 17:46:54 DEBUG [main] c.v.limits.service.LoadLimitService - Checking limits for time=2000-01-09T16:38:48Z, startOfWeek=2000-01-03T00:00Z, endOfWeek=2000-01-09T23:59:59.999999999Z
2025-02-10 17:46:54 DEBUG [main] c.v.limits.service.LoadLimitService - Weekly total for customer=817: current=6471.51, new=10165.52, limit=20000.00
2025-02-10 17:46:54 DEBUG [main] c.v.limits.service.LoadLimitService - Load saved successfully: id=23585, customer=817
2025-02-10 17:46:54 INFO  [main] c.v.limits.service.LoadLimitService - Load accepted: id=23585, customer=817, amount=$3694.01
2025-02-10 17:46:54 DEBUG [main] c.v.limits.service.LoadLimitService - Processing load request: id=24718, customer=137, amount=$3653.92, time=2000-01-09T17:40:10Z
2025-02-10 17:46:54 DEBUG [main] c.v.limits.service.LoadLimitService - Checking limits for time=2000-01-09T17:40:10Z, startOfWeek=2000-01-03T00:00Z, endOfWeek=2000-01-09T23:59:59.999999999Z
2025-02-10 17:46:54 DEBUG [main] c.v.limits.service.LoadLimitService - Weekly total for customer=137: current=12787.58, new=16441.50, limit=20000.00
2025-02-10 17:46:54 DEBUG [main] c.v.limits.service.LoadLimitService - Load saved successfully: id=24718, customer=137
2025-02-10 17:46:54 INFO  [main] c.v.limits.service.LoadLimitService - Load accepted: id=24718, customer=137, amount=$3653.92
2025-02-10 17:46:54 DEBUG [main] c.v.limits.service.LoadLimitService - Processing load request: id=15815, customer=596, amount=$5096.81, time=2000-01-09T18:41:32Z
2025-02-10 17:46:54 DEBUG [main] c.v.limits.service.LoadLimitService - Checking limits for time=2000-01-09T18:41:32Z, startOfWeek=2000-01-03T00:00Z, endOfWeek=2000-01-09T23:59:59.999999999Z
2025-02-10 17:46:54 DEBUG [main] c.v.limits.service.LoadLimitService - Daily amount limit exceeded: customer=596, current=0, attempted=$5096.81
2025-02-10 17:46:54 WARN  [main] c.v.limits.service.LoadLimitService - Load rejected: id=15815, customer=596, amount=$5096.81 (limit exceeded)
2025-02-10 17:46:54 DEBUG [main] c.v.limits.service.LoadLimitService - Processing load request: id=356, customer=817, amount=$3056.17, time=2000-01-09T19:42:54Z
2025-02-10 17:46:54 DEBUG [main] c.v.limits.service.LoadLimitService - Checking limits for time=2000-01-09T19:42:54Z, startOfWeek=2000-01-03T00:00Z, endOfWeek=2000-01-09T23:59:59.999999999Z
2025-02-10 17:46:54 DEBUG [main] c.v.limits.service.LoadLimitService - Daily amount limit exceeded: customer=817, current=3694.01, attempted=$3056.17
2025-02-10 17:46:54 WARN  [main] c.v.limits.service.LoadLimitService - Load rejected: id=356, customer=817, amount=$3056.17 (limit exceeded)
2025-02-10 17:46:54 DEBUG [main] c.v.limits.service.LoadLimitService - Processing load request: id=25099, customer=409, amount=$3605.73, time=2000-01-09T20:44:16Z
2025-02-10 17:46:54 DEBUG [main] c.v.limits.service.LoadLimitService - Checking limits for time=2000-01-09T20:44:16Z, startOfWeek=2000-01-03T00:00Z, endOfWeek=2000-01-09T23:59:59.999999999Z
2025-02-10 17:46:54 DEBUG [main] c.v.limits.service.LoadLimitService - Weekly total for customer=409: current=4817.90, new=8423.63, limit=20000.00
2025-02-10 17:46:54 DEBUG [main] c.v.limits.service.LoadLimitService - Load saved successfully: id=25099, customer=409
2025-02-10 17:46:54 INFO  [main] c.v.limits.service.LoadLimitService - Load accepted: id=25099, customer=409, amount=$3605.73
2025-02-10 17:46:54 DEBUG [main] c.v.limits.service.LoadLimitService - Processing load request: id=25161, customer=18, amount=$2584.60, time=2000-01-09T21:45:38Z
2025-02-10 17:46:54 DEBUG [main] c.v.limits.service.LoadLimitService - Checking limits for time=2000-01-09T21:45:38Z, startOfWeek=2000-01-03T00:00Z, endOfWeek=2000-01-09T23:59:59.999999999Z
2025-02-10 17:46:54 DEBUG [main] c.v.limits.service.LoadLimitService - Weekly total for customer=18: current=9795.61, new=12380.21, limit=20000.00
2025-02-10 17:46:54 DEBUG [main] c.v.limits.service.LoadLimitService - Load saved successfully: id=25161, customer=18
2025-02-10 17:46:54 INFO  [main] c.v.limits.service.LoadLimitService - Load accepted: id=25161, customer=18, amount=$2584.60
2025-02-10 17:46:54 DEBUG [main] c.v.limits.service.LoadLimitService - Processing load request: id=10524, customer=715, amount=$3142.14, time=2000-01-09T22:47Z
2025-02-10 17:46:54 DEBUG [main] c.v.limits.service.LoadLimitService - Checking limits for time=2000-01-09T22:47Z, startOfWeek=2000-01-03T00:00Z, endOfWeek=2000-01-09T23:59:59.999999999Z
2025-02-10 17:46:54 DEBUG [main] c.v.limits.service.LoadLimitService - Weekly total for customer=715: current=5227.54, new=8369.68, limit=20000.00
2025-02-10 17:46:54 DEBUG [main] c.v.limits.service.LoadLimitService - Load saved successfully: id=10524, customer=715
2025-02-10 17:46:54 INFO  [main] c.v.limits.service.LoadLimitService - Load accepted: id=10524, customer=715, amount=$3142.14
2025-02-10 17:46:54 DEBUG [main] c.v.limits.service.LoadLimitService - Processing load request: id=7063, customer=307, amount=$1541.35, time=2000-01-09T23:48:22Z
2025-02-10 17:46:54 DEBUG [main] c.v.limits.service.LoadLimitService - Checking limits for time=2000-01-09T23:48:22Z, startOfWeek=2000-01-03T00:00Z, endOfWeek=2000-01-09T23:59:59.999999999Z
2025-02-10 17:46:54 DEBUG [main] c.v.limits.service.LoadLimitService - Weekly total for customer=307: current=1515.26, new=3056.61, limit=20000.00
2025-02-10 17:46:54 DEBUG [main] c.v.limits.service.LoadLimitService - Load saved successfully: id=7063, customer=307
2025-02-10 17:46:54 INFO  [main] c.v.limits.service.LoadLimitService - Load accepted: id=7063, customer=307, amount=$1541.35
2025-02-10 17:46:54 DEBUG [main] c.v.limits.service.LoadLimitService - Processing load request: id=31350, customer=817, amount=$5730.40, time=2000-01-10T00:49:44Z
2025-02-10 17:46:54 DEBUG [main] c.v.limits.service.LoadLimitService - Checking limits for time=2000-01-10T00:49:44Z, startOfWeek=2000-01-10T00:00Z, endOfWeek=2000-01-16T23:59:59.999999999Z
2025-02-10 17:46:54 DEBUG [main] c.v.limits.service.LoadLimitService - Daily amount limit exceeded: customer=817, current=0, attempted=$5730.40
2025-02-10 17:46:54 WARN  [main] c.v.limits.service.LoadLimitService - Load rejected: id=31350, customer=817, amount=$5730.40 (limit exceeded)
2025-02-10 17:46:54 DEBUG [main] c.v.limits.service.LoadLimitService - Processing load request: id=3390, customer=35, amount=$2046.66, time=2000-01-10T01:51:06Z
2025-02-10 17:46:54 DEBUG [main] c.v.limits.service.LoadLimitService - Checking limits for time=2000-01-10T01:51:06Z, startOfWeek=2000-01-10T00:00Z, endOfWeek=2000-01-16T23:59:59.999999999Z
2025-02-10 17:46:54 DEBUG [main] c.v.limits.service.LoadLimitService - Weekly total for customer=35: current=0, new=2046.66, limit=20000.00
2025-02-10 17:46:54 DEBUG [main] c.v.limits.service.LoadLimitService - Load saved successfully: id=3390, customer=35
2025-02-10 17:46:54 INFO  [main] c.v.limits.service.LoadLimitService - Load accepted: id=3390, customer=35, amount=$2046.66
2025-02-10 17:46:54 DEBUG [main] c.v.limits.service.LoadLimitService - Processing load request: id=26760, customer=834, amount=$4237.94, time=2000-01-10T02:52:28Z
2025-02-10 17:46:54 DEBUG [main] c.v.limits.service.LoadLimitService - Checking limits for time=2000-01-10T02:52:28Z, startOfWeek=2000-01-10T00:00Z, endOfWeek=2000-01-16T23:59:59.999999999Z
2025-02-10 17:46:54 DEBUG [main] c.v.limits.service.LoadLimitService - Weekly total for customer=834: current=0, new=4237.94, limit=20000.00
2025-02-10 17:46:54 DEBUG [main] c.v.limits.service.LoadLimitService - Load saved successfully: id=26760, customer=834
2025-02-10 17:46:54 INFO  [main] c.v.limits.service.LoadLimitService - Load accepted: id=26760, customer=834, amount=$4237.94
2025-02-10 17:46:54 DEBUG [main] c.v.limits.service.LoadLimitService - Processing load request: id=28351, customer=171, amount=$3656.66, time=2000-01-10T03:53:50Z
2025-02-10 17:46:54 DEBUG [main] c.v.limits.service.LoadLimitService - Checking limits for time=2000-01-10T03:53:50Z, startOfWeek=2000-01-10T00:00Z, endOfWeek=2000-01-16T23:59:59.999999999Z
2025-02-10 17:46:54 DEBUG [main] c.v.limits.service.LoadLimitService - Weekly total for customer=171: current=0, new=3656.66, limit=20000.00
2025-02-10 17:46:54 DEBUG [main] c.v.limits.service.LoadLimitService - Load saved successfully: id=28351, customer=171
2025-02-10 17:46:54 INFO  [main] c.v.limits.service.LoadLimitService - Load accepted: id=28351, customer=171, amount=$3656.66
2025-02-10 17:46:54 DEBUG [main] c.v.limits.service.LoadLimitService - Processing load request: id=2722, customer=18, amount=$2210.60, time=2000-01-10T04:55:12Z
2025-02-10 17:46:54 DEBUG [main] c.v.limits.service.LoadLimitService - Checking limits for time=2000-01-10T04:55:12Z, startOfWeek=2000-01-10T00:00Z, endOfWeek=2000-01-16T23:59:59.999999999Z
2025-02-10 17:46:54 DEBUG [main] c.v.limits.service.LoadLimitService - Weekly total for customer=18: current=0, new=2210.60, limit=20000.00
2025-02-10 17:46:54 DEBUG [main] c.v.limits.service.LoadLimitService - Load saved successfully: id=2722, customer=18
2025-02-10 17:46:54 INFO  [main] c.v.limits.service.LoadLimitService - Load accepted: id=2722, customer=18, amount=$2210.60
2025-02-10 17:46:54 DEBUG [main] c.v.limits.service.LoadLimitService - Processing load request: id=30013, customer=579, amount=$4101.62, time=2000-01-10T05:56:34Z
2025-02-10 17:46:54 DEBUG [main] c.v.limits.service.LoadLimitService - Checking limits for time=2000-01-10T05:56:34Z, startOfWeek=2000-01-10T00:00Z, endOfWeek=2000-01-16T23:59:59.999999999Z
2025-02-10 17:46:54 DEBUG [main] c.v.limits.service.LoadLimitService - Weekly total for customer=579: current=0, new=4101.62, limit=20000.00
2025-02-10 17:46:54 DEBUG [main] c.v.limits.service.LoadLimitService - Load saved successfully: id=30013, customer=579
2025-02-10 17:46:54 INFO  [main] c.v.limits.service.LoadLimitService - Load accepted: id=30013, customer=579, amount=$4101.62
2025-02-10 17:46:54 DEBUG [main] c.v.limits.service.LoadLimitService - Processing load request: id=15817, customer=817, amount=$4950.93, time=2000-01-10T06:57:56Z
2025-02-10 17:46:54 DEBUG [main] c.v.limits.service.LoadLimitService - Checking limits for time=2000-01-10T06:57:56Z, startOfWeek=2000-01-10T00:00Z, endOfWeek=2000-01-16T23:59:59.999999999Z
2025-02-10 17:46:54 DEBUG [main] c.v.limits.service.LoadLimitService - Weekly total for customer=817: current=0, new=4950.93, limit=20000.00
2025-02-10 17:46:54 DEBUG [main] c.v.limits.service.LoadLimitService - Load saved successfully: id=15817, customer=817
2025-02-10 17:46:54 INFO  [main] c.v.limits.service.LoadLimitService - Load accepted: id=15817, customer=817, amount=$4950.93
2025-02-10 17:46:54 DEBUG [main] c.v.limits.service.LoadLimitService - Processing load request: id=12053, customer=681, amount=$3262.18, time=2000-01-10T07:59:18Z
2025-02-10 17:46:54 DEBUG [main] c.v.limits.service.LoadLimitService - Checking limits for time=2000-01-10T07:59:18Z, startOfWeek=2000-01-10T00:00Z, endOfWeek=2000-01-16T23:59:59.999999999Z
2025-02-10 17:46:54 DEBUG [main] c.v.limits.service.LoadLimitService - Weekly total for customer=681: current=0, new=3262.18, limit=20000.00
2025-02-10 17:46:54 DEBUG [main] c.v.limits.service.LoadLimitService - Load saved successfully: id=12053, customer=681
2025-02-10 17:46:54 INFO  [main] c.v.limits.service.LoadLimitService - Load accepted: id=12053, customer=681, amount=$3262.18
2025-02-10 17:46:54 DEBUG [main] c.v.limits.service.LoadLimitService - Processing load request: id=29006, customer=18, amount=$5521.88, time=2000-01-10T09:00:40Z
2025-02-10 17:46:54 DEBUG [main] c.v.limits.service.LoadLimitService - Checking limits for time=2000-01-10T09:00:40Z, startOfWeek=2000-01-10T00:00Z, endOfWeek=2000-01-16T23:59:59.999999999Z
2025-02-10 17:46:54 DEBUG [main] c.v.limits.service.LoadLimitService - Daily amount limit exceeded: customer=18, current=2210.60, attempted=$5521.88
2025-02-10 17:46:54 WARN  [main] c.v.limits.service.LoadLimitService - Load rejected: id=29006, customer=18, amount=$5521.88 (limit exceeded)
2025-02-10 17:46:54 DEBUG [main] c.v.limits.service.LoadLimitService - Processing load request: id=13577, customer=358, amount=$5302.42, time=2000-01-10T10:02:02Z
2025-02-10 17:46:54 DEBUG [main] c.v.limits.service.LoadLimitService - Checking limits for time=2000-01-10T10:02:02Z, startOfWeek=2000-01-10T00:00Z, endOfWeek=2000-01-16T23:59:59.999999999Z
2025-02-10 17:46:54 DEBUG [main] c.v.limits.service.LoadLimitService - Daily amount limit exceeded: customer=358, current=0, attempted=$5302.42
2025-02-10 17:46:54 WARN  [main] c.v.limits.service.LoadLimitService - Load rejected: id=13577, customer=358, amount=$5302.42 (limit exceeded)
2025-02-10 17:46:54 DEBUG [main] c.v.limits.service.LoadLimitService - Processing load request: id=25407, customer=290, amount=$3582.84, time=2000-01-10T11:03:24Z
2025-02-10 17:46:54 DEBUG [main] c.v.limits.service.LoadLimitService - Checking limits for time=2000-01-10T11:03:24Z, startOfWeek=2000-01-10T00:00Z, endOfWeek=2000-01-16T23:59:59.999999999Z
2025-02-10 17:46:54 DEBUG [main] c.v.limits.service.LoadLimitService - Weekly total for customer=290: current=0, new=3582.84, limit=20000.00
2025-02-10 17:46:54 DEBUG [main] c.v.limits.service.LoadLimitService - Load saved successfully: id=25407, customer=290
2025-02-10 17:46:54 INFO  [main] c.v.limits.service.LoadLimitService - Load accepted: id=25407, customer=290, amount=$3582.84
2025-02-10 17:46:54 DEBUG [main] c.v.limits.service.LoadLimitService - Processing load request: id=16907, customer=1, amount=$4972.22, time=2000-01-10T12:04:46Z
2025-02-10 17:46:54 DEBUG [main] c.v.limits.service.LoadLimitService - Checking limits for time=2000-01-10T12:04:46Z, startOfWeek=2000-01-10T00:00Z, endOfWeek=2000-01-16T23:59:59.999999999Z
2025-02-10 17:46:54 DEBUG [main] c.v.limits.service.LoadLimitService - Weekly total for customer=1: current=0, new=4972.22, limit=20000.00
2025-02-10 17:46:54 DEBUG [main] c.v.limits.service.LoadLimitService - Load saved successfully: id=16907, customer=1
2025-02-10 17:46:54 INFO  [main] c.v.limits.service.LoadLimitService - Load accepted: id=16907, customer=1, amount=$4972.22
2025-02-10 17:46:54 DEBUG [main] c.v.limits.service.LoadLimitService - Processing load request: id=28835, customer=766, amount=$5172.48, time=2000-01-10T13:06:08Z
2025-02-10 17:46:54 DEBUG [main] c.v.limits.service.LoadLimitService - Checking limits for time=2000-01-10T13:06:08Z, startOfWeek=2000-01-10T00:00Z, endOfWeek=2000-01-16T23:59:59.999999999Z
2025-02-10 17:46:54 DEBUG [main] c.v.limits.service.LoadLimitService - Daily amount limit exceeded: customer=766, current=0, attempted=$5172.48
2025-02-10 17:46:54 WARN  [main] c.v.limits.service.LoadLimitService - Load rejected: id=28835, customer=766, amount=$5172.48 (limit exceeded)
2025-02-10 17:46:54 DEBUG [main] c.v.limits.service.LoadLimitService - Processing load request: id=24904, customer=511, amount=$4205.62, time=2000-01-10T14:07:30Z
2025-02-10 17:46:54 DEBUG [main] c.v.limits.service.LoadLimitService - Checking limits for time=2000-01-10T14:07:30Z, startOfWeek=2000-01-10T00:00Z, endOfWeek=2000-01-16T23:59:59.999999999Z
2025-02-10 17:46:54 DEBUG [main] c.v.limits.service.LoadLimitService - Weekly total for customer=511: current=0, new=4205.62, limit=20000.00
2025-02-10 17:46:54 DEBUG [main] c.v.limits.service.LoadLimitService - Load saved successfully: id=24904, customer=511
2025-02-10 17:46:54 INFO  [main] c.v.limits.service.LoadLimitService - Load accepted: id=24904, customer=511, amount=$4205.62
2025-02-10 17:46:54 DEBUG [main] c.v.limits.service.LoadLimitService - Processing load request: id=4775, customer=35, amount=$281.14, time=2000-01-10T15:08:52Z
2025-02-10 17:46:54 DEBUG [main] c.v.limits.service.LoadLimitService - Checking limits for time=2000-01-10T15:08:52Z, startOfWeek=2000-01-10T00:00Z, endOfWeek=2000-01-16T23:59:59.999999999Z
2025-02-10 17:46:54 DEBUG [main] c.v.limits.service.LoadLimitService - Weekly total for customer=35: current=2046.66, new=2327.80, limit=20000.00
2025-02-10 17:46:54 DEBUG [main] c.v.limits.service.LoadLimitService - Load saved successfully: id=4775, customer=35
2025-02-10 17:46:54 INFO  [main] c.v.limits.service.LoadLimitService - Load accepted: id=4775, customer=35, amount=$281.14
2025-02-10 17:46:54 DEBUG [main] c.v.limits.service.LoadLimitService - Processing load request: id=21453, customer=120, amount=$1087.01, time=2000-01-10T16:10:14Z
2025-02-10 17:46:54 DEBUG [main] c.v.limits.service.LoadLimitService - Checking limits for time=2000-01-10T16:10:14Z, startOfWeek=2000-01-10T00:00Z, endOfWeek=2000-01-16T23:59:59.999999999Z
2025-02-10 17:46:54 DEBUG [main] c.v.limits.service.LoadLimitService - Weekly total for customer=120: current=0, new=1087.01, limit=20000.00
2025-02-10 17:46:54 DEBUG [main] c.v.limits.service.LoadLimitService - Load saved successfully: id=21453, customer=120
2025-02-10 17:46:54 INFO  [main] c.v.limits.service.LoadLimitService - Load accepted: id=21453, customer=120, amount=$1087.01
2025-02-10 17:46:54 DEBUG [main] c.v.limits.service.LoadLimitService - Processing load request: id=13201, customer=392, amount=$741.95, time=2000-01-10T17:11:36Z
2025-02-10 17:46:54 DEBUG [main] c.v.limits.service.LoadLimitService - Checking limits for time=2000-01-10T17:11:36Z, startOfWeek=2000-01-10T00:00Z, endOfWeek=2000-01-16T23:59:59.999999999Z
2025-02-10 17:46:54 DEBUG [main] c.v.limits.service.LoadLimitService - Weekly total for customer=392: current=0, new=741.95, limit=20000.00
2025-02-10 17:46:54 DEBUG [main] c.v.limits.service.LoadLimitService - Load saved successfully: id=13201, customer=392
2025-02-10 17:46:54 INFO  [main] c.v.limits.service.LoadLimitService - Load accepted: id=13201, customer=392, amount=$741.95
2025-02-10 17:46:54 DEBUG [main] c.v.limits.service.LoadLimitService - Processing load request: id=31045, customer=1, amount=$5992.27, time=2000-01-10T18:12:58Z
2025-02-10 17:46:54 DEBUG [main] c.v.limits.service.LoadLimitService - Checking limits for time=2000-01-10T18:12:58Z, startOfWeek=2000-01-10T00:00Z, endOfWeek=2000-01-16T23:59:59.999999999Z
2025-02-10 17:46:54 DEBUG [main] c.v.limits.service.LoadLimitService - Daily amount limit exceeded: customer=1, current=4972.22, attempted=$5992.27
2025-02-10 17:46:54 WARN  [main] c.v.limits.service.LoadLimitService - Load rejected: id=31045, customer=1, amount=$5992.27 (limit exceeded)
2025-02-10 17:46:54 DEBUG [main] c.v.limits.service.LoadLimitService - Processing load request: id=6138, customer=834, amount=$83.99, time=2000-01-10T19:14:20Z
2025-02-10 17:46:54 DEBUG [main] c.v.limits.service.LoadLimitService - Checking limits for time=2000-01-10T19:14:20Z, startOfWeek=2000-01-10T00:00Z, endOfWeek=2000-01-16T23:59:59.999999999Z
2025-02-10 17:46:54 DEBUG [main] c.v.limits.service.LoadLimitService - Weekly total for customer=834: current=4237.94, new=4321.93, limit=20000.00
2025-02-10 17:46:54 DEBUG [main] c.v.limits.service.LoadLimitService - Load saved successfully: id=6138, customer=834
2025-02-10 17:46:54 INFO  [main] c.v.limits.service.LoadLimitService - Load accepted: id=6138, customer=834, amount=$83.99
2025-02-10 17:46:54 DEBUG [main] c.v.limits.service.LoadLimitService - Processing load request: id=5775, customer=256, amount=$5409.43, time=2000-01-10T20:15:42Z
2025-02-10 17:46:54 DEBUG [main] c.v.limits.service.LoadLimitService - Checking limits for time=2000-01-10T20:15:42Z, startOfWeek=2000-01-10T00:00Z, endOfWeek=2000-01-16T23:59:59.999999999Z
2025-02-10 17:46:54 DEBUG [main] c.v.limits.service.LoadLimitService - Daily amount limit exceeded: customer=256, current=0, attempted=$5409.43
2025-02-10 17:46:54 WARN  [main] c.v.limits.service.LoadLimitService - Load rejected: id=5775, customer=256, amount=$5409.43 (limit exceeded)
2025-02-10 17:46:54 DEBUG [main] c.v.limits.service.LoadLimitService - Processing load request: id=12860, customer=681, amount=$5435.39, time=2000-01-10T21:17:04Z
2025-02-10 17:46:54 DEBUG [main] c.v.limits.service.LoadLimitService - Checking limits for time=2000-01-10T21:17:04Z, startOfWeek=2000-01-10T00:00Z, endOfWeek=2000-01-16T23:59:59.999999999Z
2025-02-10 17:46:54 DEBUG [main] c.v.limits.service.LoadLimitService - Daily amount limit exceeded: customer=681, current=3262.18, attempted=$5435.39
2025-02-10 17:46:54 WARN  [main] c.v.limits.service.LoadLimitService - Load rejected: id=12860, customer=681, amount=$5435.39 (limit exceeded)
2025-02-10 17:46:54 DEBUG [main] c.v.limits.service.LoadLimitService - Processing load request: id=14551, customer=732, amount=$3463.12, time=2000-01-10T22:18:26Z
2025-02-10 17:46:54 DEBUG [main] c.v.limits.service.LoadLimitService - Checking limits for time=2000-01-10T22:18:26Z, startOfWeek=2000-01-10T00:00Z, endOfWeek=2000-01-16T23:59:59.999999999Z
2025-02-10 17:46:54 DEBUG [main] c.v.limits.service.LoadLimitService - Weekly total for customer=732: current=0, new=3463.12, limit=20000.00
2025-02-10 17:46:54 DEBUG [main] c.v.limits.service.LoadLimitService - Load saved successfully: id=14551, customer=732
2025-02-10 17:46:54 INFO  [main] c.v.limits.service.LoadLimitService - Load accepted: id=14551, customer=732, amount=$3463.12
2025-02-10 17:46:54 DEBUG [main] c.v.limits.service.LoadLimitService - Processing load request: id=15281, customer=477, amount=$1411.06, time=2000-01-10T23:19:48Z
2025-02-10 17:46:54 DEBUG [main] c.v.limits.service.LoadLimitService - Checking limits for time=2000-01-10T23:19:48Z, startOfWeek=2000-01-10T00:00Z, endOfWeek=2000-01-16T23:59:59.999999999Z
2025-02-10 17:46:54 DEBUG [main] c.v.limits.service.LoadLimitService - Weekly total for customer=477: current=0, new=1411.06, limit=20000.00
2025-02-10 17:46:54 DEBUG [main] c.v.limits.service.LoadLimitService - Load saved successfully: id=15281, customer=477
2025-02-10 17:46:54 INFO  [main] c.v.limits.service.LoadLimitService - Load accepted: id=15281, customer=477, amount=$1411.06
2025-02-10 17:46:54 DEBUG [main] c.v.limits.service.LoadLimitService - Processing load request: id=4615, customer=494, amount=$5371.85, time=2000-01-11T00:21:10Z
2025-02-10 17:46:54 DEBUG [main] c.v.limits.service.LoadLimitService - Checking limits for time=2000-01-11T00:21:10Z, startOfWeek=2000-01-10T00:00Z, endOfWeek=2000-01-16T23:59:59.999999999Z
2025-02-10 17:46:54 DEBUG [main] c.v.limits.service.LoadLimitService - Daily amount limit exceeded: customer=494, current=0, attempted=$5371.85
2025-02-10 17:46:54 WARN  [main] c.v.limits.service.LoadLimitService - Load rejected: id=4615, customer=494, amount=$5371.85 (limit exceeded)
2025-02-10 17:46:54 DEBUG [main] c.v.limits.service.LoadLimitService - Processing load request: id=23648, customer=188, amount=$183.14, time=2000-01-11T01:22:32Z
2025-02-10 17:46:54 DEBUG [main] c.v.limits.service.LoadLimitService - Checking limits for time=2000-01-11T01:22:32Z, startOfWeek=2000-01-10T00:00Z, endOfWeek=2000-01-16T23:59:59.999999999Z
2025-02-10 17:46:54 DEBUG [main] c.v.limits.service.LoadLimitService - Weekly total for customer=188: current=0, new=183.14, limit=20000.00
2025-02-10 17:46:54 DEBUG [main] c.v.limits.service.LoadLimitService - Load saved successfully: id=23648, customer=188
2025-02-10 17:46:54 INFO  [main] c.v.limits.service.LoadLimitService - Load accepted: id=23648, customer=188, amount=$183.14
2025-02-10 17:46:55 DEBUG [main] c.v.limits.service.LoadLimitService - Processing load request: id=836, customer=732, amount=$1969.55, time=2000-01-11T02:23:54Z
2025-02-10 17:46:55 DEBUG [main] c.v.limits.service.LoadLimitService - Checking limits for time=2000-01-11T02:23:54Z, startOfWeek=2000-01-10T00:00Z, endOfWeek=2000-01-16T23:59:59.999999999Z
2025-02-10 17:46:55 DEBUG [main] c.v.limits.service.LoadLimitService - Weekly total for customer=732: current=3463.12, new=5432.67, limit=20000.00
2025-02-10 17:46:55 DEBUG [main] c.v.limits.service.LoadLimitService - Load saved successfully: id=836, customer=732
2025-02-10 17:46:55 INFO  [main] c.v.limits.service.LoadLimitService - Load accepted: id=836, customer=732, amount=$1969.55
2025-02-10 17:46:55 DEBUG [main] c.v.limits.service.LoadLimitService - Processing load request: id=29836, customer=171, amount=$3839.06, time=2000-01-11T03:25:16Z
2025-02-10 17:46:55 DEBUG [main] c.v.limits.service.LoadLimitService - Checking limits for time=2000-01-11T03:25:16Z, startOfWeek=2000-01-10T00:00Z, endOfWeek=2000-01-16T23:59:59.999999999Z
2025-02-10 17:46:55 DEBUG [main] c.v.limits.service.LoadLimitService - Weekly total for customer=171: current=3656.66, new=7495.72, limit=20000.00
2025-02-10 17:46:55 DEBUG [main] c.v.limits.service.LoadLimitService - Load saved successfully: id=29836, customer=171
2025-02-10 17:46:55 INFO  [main] c.v.limits.service.LoadLimitService - Load accepted: id=29836, customer=171, amount=$3839.06
2025-02-10 17:46:55 DEBUG [main] c.v.limits.service.LoadLimitService - Processing load request: id=4128, customer=562, amount=$4972.01, time=2000-01-11T04:26:38Z
2025-02-10 17:46:55 DEBUG [main] c.v.limits.service.LoadLimitService - Checking limits for time=2000-01-11T04:26:38Z, startOfWeek=2000-01-10T00:00Z, endOfWeek=2000-01-16T23:59:59.999999999Z
2025-02-10 17:46:55 DEBUG [main] c.v.limits.service.LoadLimitService - Weekly total for customer=562: current=0, new=4972.01, limit=20000.00
2025-02-10 17:46:55 DEBUG [main] c.v.limits.service.LoadLimitService - Load saved successfully: id=4128, customer=562
2025-02-10 17:46:55 INFO  [main] c.v.limits.service.LoadLimitService - Load accepted: id=4128, customer=562, amount=$4972.01
2025-02-10 17:46:55 DEBUG [main] c.v.limits.service.LoadLimitService - Processing load request: id=30779, customer=205, amount=$3775.63, time=2000-01-11T05:28Z
2025-02-10 17:46:55 DEBUG [main] c.v.limits.service.LoadLimitService - Checking limits for time=2000-01-11T05:28Z, startOfWeek=2000-01-10T00:00Z, endOfWeek=2000-01-16T23:59:59.999999999Z
2025-02-10 17:46:55 DEBUG [main] c.v.limits.service.LoadLimitService - Weekly total for customer=205: current=0, new=3775.63, limit=20000.00
2025-02-10 17:46:55 DEBUG [main] c.v.limits.service.LoadLimitService - Load saved successfully: id=30779, customer=205
2025-02-10 17:46:55 INFO  [main] c.v.limits.service.LoadLimitService - Load accepted: id=30779, customer=205, amount=$3775.63
2025-02-10 17:46:55 DEBUG [main] c.v.limits.service.LoadLimitService - Processing load request: id=13787, customer=732, amount=$865.32, time=2000-01-11T06:29:22Z
2025-02-10 17:46:55 DEBUG [main] c.v.limits.service.LoadLimitService - Checking limits for time=2000-01-11T06:29:22Z, startOfWeek=2000-01-10T00:00Z, endOfWeek=2000-01-16T23:59:59.999999999Z
2025-02-10 17:46:55 DEBUG [main] c.v.limits.service.LoadLimitService - Weekly total for customer=732: current=5432.67, new=6297.99, limit=20000.00
2025-02-10 17:46:55 DEBUG [main] c.v.limits.service.LoadLimitService - Load saved successfully: id=13787, customer=732
2025-02-10 17:46:55 INFO  [main] c.v.limits.service.LoadLimitService - Load accepted: id=13787, customer=732, amount=$865.32
2025-02-10 17:46:55 DEBUG [main] c.v.limits.service.LoadLimitService - Processing load request: id=7723, customer=392, amount=$4028.25, time=2000-01-11T07:30:44Z
2025-02-10 17:46:55 DEBUG [main] c.v.limits.service.LoadLimitService - Checking limits for time=2000-01-11T07:30:44Z, startOfWeek=2000-01-10T00:00Z, endOfWeek=2000-01-16T23:59:59.999999999Z
2025-02-10 17:46:55 DEBUG [main] c.v.limits.service.LoadLimitService - Weekly total for customer=392: current=741.95, new=4770.20, limit=20000.00
2025-02-10 17:46:55 DEBUG [main] c.v.limits.service.LoadLimitService - Load saved successfully: id=7723, customer=392
2025-02-10 17:46:55 INFO  [main] c.v.limits.service.LoadLimitService - Load accepted: id=7723, customer=392, amount=$4028.25
2025-02-10 17:46:55 DEBUG [main] c.v.limits.service.LoadLimitService - Processing load request: id=28277, customer=681, amount=$2848.01, time=2000-01-11T08:32:06Z
2025-02-10 17:46:55 DEBUG [main] c.v.limits.service.LoadLimitService - Checking limits for time=2000-01-11T08:32:06Z, startOfWeek=2000-01-10T00:00Z, endOfWeek=2000-01-16T23:59:59.999999999Z
2025-02-10 17:46:55 DEBUG [main] c.v.limits.service.LoadLimitService - Weekly total for customer=681: current=3262.18, new=6110.19, limit=20000.00
2025-02-10 17:46:55 DEBUG [main] c.v.limits.service.LoadLimitService - Load saved successfully: id=28277, customer=681
2025-02-10 17:46:55 INFO  [main] c.v.limits.service.LoadLimitService - Load accepted: id=28277, customer=681, amount=$2848.01
2025-02-10 17:46:55 DEBUG [main] c.v.limits.service.LoadLimitService - Processing load request: id=5847, customer=18, amount=$1178.08, time=2000-01-11T09:33:28Z
2025-02-10 17:46:55 DEBUG [main] c.v.limits.service.LoadLimitService - Checking limits for time=2000-01-11T09:33:28Z, startOfWeek=2000-01-10T00:00Z, endOfWeek=2000-01-16T23:59:59.999999999Z
2025-02-10 17:46:55 DEBUG [main] c.v.limits.service.LoadLimitService - Weekly total for customer=18: current=2210.60, new=3388.68, limit=20000.00
2025-02-10 17:46:55 DEBUG [main] c.v.limits.service.LoadLimitService - Load saved successfully: id=5847, customer=18
2025-02-10 17:46:55 INFO  [main] c.v.limits.service.LoadLimitService - Load accepted: id=5847, customer=18, amount=$1178.08
2025-02-10 17:46:55 DEBUG [main] c.v.limits.service.LoadLimitService - Processing load request: id=28659, customer=120, amount=$5324.14, time=2000-01-11T10:34:50Z
2025-02-10 17:46:55 DEBUG [main] c.v.limits.service.LoadLimitService - Checking limits for time=2000-01-11T10:34:50Z, startOfWeek=2000-01-10T00:00Z, endOfWeek=2000-01-16T23:59:59.999999999Z
2025-02-10 17:46:55 DEBUG [main] c.v.limits.service.LoadLimitService - Daily amount limit exceeded: customer=120, current=0, attempted=$5324.14
2025-02-10 17:46:55 WARN  [main] c.v.limits.service.LoadLimitService - Load rejected: id=28659, customer=120, amount=$5324.14 (limit exceeded)
2025-02-10 17:46:55 DEBUG [main] c.v.limits.service.LoadLimitService - Processing load request: id=16152, customer=783, amount=$1513.64, time=2000-01-11T11:36:12Z
2025-02-10 17:46:55 DEBUG [main] c.v.limits.service.LoadLimitService - Checking limits for time=2000-01-11T11:36:12Z, startOfWeek=2000-01-10T00:00Z, endOfWeek=2000-01-16T23:59:59.999999999Z
2025-02-10 17:46:55 DEBUG [main] c.v.limits.service.LoadLimitService - Weekly total for customer=783: current=0, new=1513.64, limit=20000.00
2025-02-10 17:46:55 DEBUG [main] c.v.limits.service.LoadLimitService - Load saved successfully: id=16152, customer=783
2025-02-10 17:46:55 INFO  [main] c.v.limits.service.LoadLimitService - Load accepted: id=16152, customer=783, amount=$1513.64
2025-02-10 17:46:55 DEBUG [main] c.v.limits.service.LoadLimitService - Processing load request: id=1237, customer=647, amount=$2018.00, time=2000-01-11T12:37:34Z
2025-02-10 17:46:55 DEBUG [main] c.v.limits.service.LoadLimitService - Checking limits for time=2000-01-11T12:37:34Z, startOfWeek=2000-01-10T00:00Z, endOfWeek=2000-01-16T23:59:59.999999999Z
2025-02-10 17:46:55 DEBUG [main] c.v.limits.service.LoadLimitService - Weekly total for customer=647: current=0, new=2018.00, limit=20000.00
2025-02-10 17:46:55 DEBUG [main] c.v.limits.service.LoadLimitService - Load saved successfully: id=1237, customer=647
2025-02-10 17:46:55 INFO  [main] c.v.limits.service.LoadLimitService - Load accepted: id=1237, customer=647, amount=$2018.00
2025-02-10 17:46:55 DEBUG [main] c.v.limits.service.LoadLimitService - Processing load request: id=25138, customer=715, amount=$5523.95, time=2000-01-11T13:38:56Z
2025-02-10 17:46:55 DEBUG [main] c.v.limits.service.LoadLimitService - Checking limits for time=2000-01-11T13:38:56Z, startOfWeek=2000-01-10T00:00Z, endOfWeek=2000-01-16T23:59:59.999999999Z
2025-02-10 17:46:55 DEBUG [main] c.v.limits.service.LoadLimitService - Daily amount limit exceeded: customer=715, current=0, attempted=$5523.95
2025-02-10 17:46:55 WARN  [main] c.v.limits.service.LoadLimitService - Load rejected: id=25138, customer=715, amount=$5523.95 (limit exceeded)
2025-02-10 17:46:55 DEBUG [main] c.v.limits.service.LoadLimitService - Processing load request: id=30144, customer=800, amount=$4130.78, time=2000-01-11T14:40:18Z
2025-02-10 17:46:55 DEBUG [main] c.v.limits.service.LoadLimitService - Checking limits for time=2000-01-11T14:40:18Z, startOfWeek=2000-01-10T00:00Z, endOfWeek=2000-01-16T23:59:59.999999999Z
2025-02-10 17:46:55 DEBUG [main] c.v.limits.service.LoadLimitService - Weekly total for customer=800: current=0, new=4130.78, limit=20000.00
2025-02-10 17:46:55 DEBUG [main] c.v.limits.service.LoadLimitService - Load saved successfully: id=30144, customer=800
2025-02-10 17:46:55 INFO  [main] c.v.limits.service.LoadLimitService - Load accepted: id=30144, customer=800, amount=$4130.78
2025-02-10 17:46:55 DEBUG [main] c.v.limits.service.LoadLimitService - Processing load request: id=3727, customer=137, amount=$810.63, time=2000-01-11T15:41:40Z
2025-02-10 17:46:55 DEBUG [main] c.v.limits.service.LoadLimitService - Checking limits for time=2000-01-11T15:41:40Z, startOfWeek=2000-01-10T00:00Z, endOfWeek=2000-01-16T23:59:59.999999999Z
2025-02-10 17:46:55 DEBUG [main] c.v.limits.service.LoadLimitService - Weekly total for customer=137: current=0, new=810.63, limit=20000.00
2025-02-10 17:46:55 DEBUG [main] c.v.limits.service.LoadLimitService - Load saved successfully: id=3727, customer=137
2025-02-10 17:46:55 INFO  [main] c.v.limits.service.LoadLimitService - Load accepted: id=3727, customer=137, amount=$810.63
2025-02-10 17:46:55 DEBUG [main] c.v.limits.service.LoadLimitService - Processing load request: id=1352, customer=69, amount=$5370.11, time=2000-01-11T16:43:02Z
2025-02-10 17:46:55 DEBUG [main] c.v.limits.service.LoadLimitService - Checking limits for time=2000-01-11T16:43:02Z, startOfWeek=2000-01-10T00:00Z, endOfWeek=2000-01-16T23:59:59.999999999Z
2025-02-10 17:46:55 DEBUG [main] c.v.limits.service.LoadLimitService - Daily amount limit exceeded: customer=69, current=0, attempted=$5370.11
2025-02-10 17:46:55 WARN  [main] c.v.limits.service.LoadLimitService - Load rejected: id=1352, customer=69, amount=$5370.11 (limit exceeded)
2025-02-10 17:46:55 DEBUG [main] c.v.limits.service.LoadLimitService - Processing load request: id=31438, customer=18, amount=$4672.72, time=2000-01-11T17:44:24Z
2025-02-10 17:46:55 DEBUG [main] c.v.limits.service.LoadLimitService - Checking limits for time=2000-01-11T17:44:24Z, startOfWeek=2000-01-10T00:00Z, endOfWeek=2000-01-16T23:59:59.999999999Z
2025-02-10 17:46:55 DEBUG [main] c.v.limits.service.LoadLimitService - Daily amount limit exceeded: customer=18, current=1178.08, attempted=$4672.72
2025-02-10 17:46:55 WARN  [main] c.v.limits.service.LoadLimitService - Load rejected: id=31438, customer=18, amount=$4672.72 (limit exceeded)
2025-02-10 17:46:55 DEBUG [main] c.v.limits.service.LoadLimitService - Processing load request: id=23780, customer=647, amount=$2237.41, time=2000-01-11T18:45:46Z
2025-02-10 17:46:55 DEBUG [main] c.v.limits.service.LoadLimitService - Checking limits for time=2000-01-11T18:45:46Z, startOfWeek=2000-01-10T00:00Z, endOfWeek=2000-01-16T23:59:59.999999999Z
2025-02-10 17:46:55 DEBUG [main] c.v.limits.service.LoadLimitService - Weekly total for customer=647: current=2018.00, new=4255.41, limit=20000.00
2025-02-10 17:46:55 DEBUG [main] c.v.limits.service.LoadLimitService - Load saved successfully: id=23780, customer=647
2025-02-10 17:46:55 INFO  [main] c.v.limits.service.LoadLimitService - Load accepted: id=23780, customer=647, amount=$2237.41
2025-02-10 17:46:55 DEBUG [main] c.v.limits.service.LoadLimitService - Processing load request: id=4641, customer=358, amount=$583.14, time=2000-01-11T19:47:08Z
2025-02-10 17:46:55 DEBUG [main] c.v.limits.service.LoadLimitService - Checking limits for time=2000-01-11T19:47:08Z, startOfWeek=2000-01-10T00:00Z, endOfWeek=2000-01-16T23:59:59.999999999Z
2025-02-10 17:46:55 DEBUG [main] c.v.limits.service.LoadLimitService - Weekly total for customer=358: current=0, new=583.14, limit=20000.00
2025-02-10 17:46:55 DEBUG [main] c.v.limits.service.LoadLimitService - Load saved successfully: id=4641, customer=358
2025-02-10 17:46:55 INFO  [main] c.v.limits.service.LoadLimitService - Load accepted: id=4641, customer=358, amount=$583.14
2025-02-10 17:46:55 DEBUG [main] c.v.limits.service.LoadLimitService - Processing load request: id=3636, customer=460, amount=$3493.38, time=2000-01-11T20:48:30Z
2025-02-10 17:46:55 DEBUG [main] c.v.limits.service.LoadLimitService - Checking limits for time=2000-01-11T20:48:30Z, startOfWeek=2000-01-10T00:00Z, endOfWeek=2000-01-16T23:59:59.999999999Z
2025-02-10 17:46:55 DEBUG [main] c.v.limits.service.LoadLimitService - Weekly total for customer=460: current=0, new=3493.38, limit=20000.00
2025-02-10 17:46:55 DEBUG [main] c.v.limits.service.LoadLimitService - Load saved successfully: id=3636, customer=460
2025-02-10 17:46:55 INFO  [main] c.v.limits.service.LoadLimitService - Load accepted: id=3636, customer=460, amount=$3493.38
2025-02-10 17:46:55 DEBUG [main] c.v.limits.service.LoadLimitService - Processing load request: id=29044, customer=579, amount=$5132.37, time=2000-01-11T21:49:52Z
2025-02-10 17:46:55 DEBUG [main] c.v.limits.service.LoadLimitService - Checking limits for time=2000-01-11T21:49:52Z, startOfWeek=2000-01-10T00:00Z, endOfWeek=2000-01-16T23:59:59.999999999Z
2025-02-10 17:46:55 DEBUG [main] c.v.limits.service.LoadLimitService - Daily amount limit exceeded: customer=579, current=0, attempted=$5132.37
2025-02-10 17:46:55 WARN  [main] c.v.limits.service.LoadLimitService - Load rejected: id=29044, customer=579, amount=$5132.37 (limit exceeded)
2025-02-10 17:46:55 DEBUG [main] c.v.limits.service.LoadLimitService - Processing load request: id=24523, customer=817, amount=$3753.94, time=2000-01-11T22:51:14Z
2025-02-10 17:46:55 DEBUG [main] c.v.limits.service.LoadLimitService - Checking limits for time=2000-01-11T22:51:14Z, startOfWeek=2000-01-10T00:00Z, endOfWeek=2000-01-16T23:59:59.999999999Z
2025-02-10 17:46:55 DEBUG [main] c.v.limits.service.LoadLimitService - Weekly total for customer=817: current=4950.93, new=8704.87, limit=20000.00
2025-02-10 17:46:55 DEBUG [main] c.v.limits.service.LoadLimitService - Load saved successfully: id=24523, customer=817
2025-02-10 17:46:55 INFO  [main] c.v.limits.service.LoadLimitService - Load accepted: id=24523, customer=817, amount=$3753.94
2025-02-10 17:46:55 DEBUG [main] c.v.limits.service.LoadLimitService - Processing load request: id=10362, customer=766, amount=$176.35, time=2000-01-11T23:52:36Z
2025-02-10 17:46:55 DEBUG [main] c.v.limits.service.LoadLimitService - Checking limits for time=2000-01-11T23:52:36Z, startOfWeek=2000-01-10T00:00Z, endOfWeek=2000-01-16T23:59:59.999999999Z
2025-02-10 17:46:55 DEBUG [main] c.v.limits.service.LoadLimitService - Weekly total for customer=766: current=0, new=176.35, limit=20000.00
2025-02-10 17:46:55 DEBUG [main] c.v.limits.service.LoadLimitService - Load saved successfully: id=10362, customer=766
2025-02-10 17:46:55 INFO  [main] c.v.limits.service.LoadLimitService - Load accepted: id=10362, customer=766, amount=$176.35
2025-02-10 17:46:55 DEBUG [main] c.v.limits.service.LoadLimitService - Processing load request: id=27107, customer=494, amount=$3114.28, time=2000-01-12T00:53:58Z
2025-02-10 17:46:55 DEBUG [main] c.v.limits.service.LoadLimitService - Checking limits for time=2000-01-12T00:53:58Z, startOfWeek=2000-01-10T00:00Z, endOfWeek=2000-01-16T23:59:59.999999999Z
2025-02-10 17:46:55 DEBUG [main] c.v.limits.service.LoadLimitService - Weekly total for customer=494: current=0, new=3114.28, limit=20000.00
2025-02-10 17:46:55 DEBUG [main] c.v.limits.service.LoadLimitService - Load saved successfully: id=27107, customer=494
2025-02-10 17:46:55 INFO  [main] c.v.limits.service.LoadLimitService - Load accepted: id=27107, customer=494, amount=$3114.28
2025-02-10 17:46:55 DEBUG [main] c.v.limits.service.LoadLimitService - Processing load request: id=15495, customer=545, amount=$5308.56, time=2000-01-12T01:55:20Z
2025-02-10 17:46:55 DEBUG [main] c.v.limits.service.LoadLimitService - Checking limits for time=2000-01-12T01:55:20Z, startOfWeek=2000-01-10T00:00Z, endOfWeek=2000-01-16T23:59:59.999999999Z
2025-02-10 17:46:55 DEBUG [main] c.v.limits.service.LoadLimitService - Daily amount limit exceeded: customer=545, current=0, attempted=$5308.56
2025-02-10 17:46:55 WARN  [main] c.v.limits.service.LoadLimitService - Load rejected: id=15495, customer=545, amount=$5308.56 (limit exceeded)
2025-02-10 17:46:55 DEBUG [main] c.v.limits.service.LoadLimitService - Processing load request: id=28989, customer=477, amount=$300.72, time=2000-01-12T02:56:42Z
2025-02-10 17:46:55 DEBUG [main] c.v.limits.service.LoadLimitService - Checking limits for time=2000-01-12T02:56:42Z, startOfWeek=2000-01-10T00:00Z, endOfWeek=2000-01-16T23:59:59.999999999Z
2025-02-10 17:46:55 DEBUG [main] c.v.limits.service.LoadLimitService - Weekly total for customer=477: current=1411.06, new=1711.78, limit=20000.00
2025-02-10 17:46:55 DEBUG [main] c.v.limits.service.LoadLimitService - Load saved successfully: id=28989, customer=477
2025-02-10 17:46:55 INFO  [main] c.v.limits.service.LoadLimitService - Load accepted: id=28989, customer=477, amount=$300.72
2025-02-10 17:46:55 DEBUG [main] c.v.limits.service.LoadLimitService - Processing load request: id=30915, customer=698, amount=$816.02, time=2000-01-12T03:58:04Z
2025-02-10 17:46:55 DEBUG [main] c.v.limits.service.LoadLimitService - Checking limits for time=2000-01-12T03:58:04Z, startOfWeek=2000-01-10T00:00Z, endOfWeek=2000-01-16T23:59:59.999999999Z
2025-02-10 17:46:55 DEBUG [main] c.v.limits.service.LoadLimitService - Weekly total for customer=698: current=0, new=816.02, limit=20000.00
2025-02-10 17:46:55 DEBUG [main] c.v.limits.service.LoadLimitService - Load saved successfully: id=30915, customer=698
2025-02-10 17:46:55 INFO  [main] c.v.limits.service.LoadLimitService - Load accepted: id=30915, customer=698, amount=$816.02
2025-02-10 17:46:55 DEBUG [main] c.v.limits.service.LoadLimitService - Processing load request: id=1920, customer=239, amount=$92.89, time=2000-01-12T04:59:26Z
2025-02-10 17:46:55 DEBUG [main] c.v.limits.service.LoadLimitService - Checking limits for time=2000-01-12T04:59:26Z, startOfWeek=2000-01-10T00:00Z, endOfWeek=2000-01-16T23:59:59.999999999Z
2025-02-10 17:46:55 DEBUG [main] c.v.limits.service.LoadLimitService - Weekly total for customer=239: current=0, new=92.89, limit=20000.00
2025-02-10 17:46:55 DEBUG [main] c.v.limits.service.LoadLimitService - Load saved successfully: id=1920, customer=239
2025-02-10 17:46:55 INFO  [main] c.v.limits.service.LoadLimitService - Load accepted: id=1920, customer=239, amount=$92.89
2025-02-10 17:46:55 DEBUG [main] c.v.limits.service.LoadLimitService - Processing load request: id=14804, customer=52, amount=$693.00, time=2000-01-12T06:00:48Z
2025-02-10 17:46:55 DEBUG [main] c.v.limits.service.LoadLimitService - Checking limits for time=2000-01-12T06:00:48Z, startOfWeek=2000-01-10T00:00Z, endOfWeek=2000-01-16T23:59:59.999999999Z
2025-02-10 17:46:55 DEBUG [main] c.v.limits.service.LoadLimitService - Weekly total for customer=52: current=0, new=693.00, limit=20000.00
2025-02-10 17:46:55 DEBUG [main] c.v.limits.service.LoadLimitService - Load saved successfully: id=14804, customer=52
2025-02-10 17:46:55 INFO  [main] c.v.limits.service.LoadLimitService - Load accepted: id=14804, customer=52, amount=$693.00
2025-02-10 17:46:55 DEBUG [main] c.v.limits.service.LoadLimitService - Processing load request: id=8879, customer=171, amount=$3238.87, time=2000-01-12T07:02:10Z
2025-02-10 17:46:55 DEBUG [main] c.v.limits.service.LoadLimitService - Checking limits for time=2000-01-12T07:02:10Z, startOfWeek=2000-01-10T00:00Z, endOfWeek=2000-01-16T23:59:59.999999999Z
2025-02-10 17:46:55 DEBUG [main] c.v.limits.service.LoadLimitService - Weekly total for customer=171: current=7495.72, new=10734.59, limit=20000.00
2025-02-10 17:46:55 DEBUG [main] c.v.limits.service.LoadLimitService - Load saved successfully: id=8879, customer=171
2025-02-10 17:46:55 INFO  [main] c.v.limits.service.LoadLimitService - Load accepted: id=8879, customer=171, amount=$3238.87
2025-02-10 17:46:55 DEBUG [main] c.v.limits.service.LoadLimitService - Processing load request: id=10385, customer=256, amount=$3271.98, time=2000-01-12T08:03:32Z
2025-02-10 17:46:55 DEBUG [main] c.v.limits.service.LoadLimitService - Checking limits for time=2000-01-12T08:03:32Z, startOfWeek=2000-01-10T00:00Z, endOfWeek=2000-01-16T23:59:59.999999999Z
2025-02-10 17:46:55 DEBUG [main] c.v.limits.service.LoadLimitService - Weekly total for customer=256: current=0, new=3271.98, limit=20000.00
2025-02-10 17:46:55 DEBUG [main] c.v.limits.service.LoadLimitService - Load saved successfully: id=10385, customer=256
2025-02-10 17:46:55 INFO  [main] c.v.limits.service.LoadLimitService - Load accepted: id=10385, customer=256, amount=$3271.98
2025-02-10 17:46:55 DEBUG [main] c.v.limits.service.LoadLimitService - Processing load request: id=29325, customer=222, amount=$64.53, time=2000-01-12T09:04:54Z
2025-02-10 17:46:55 DEBUG [main] c.v.limits.service.LoadLimitService - Checking limits for time=2000-01-12T09:04:54Z, startOfWeek=2000-01-10T00:00Z, endOfWeek=2000-01-16T23:59:59.999999999Z
2025-02-10 17:46:55 DEBUG [main] c.v.limits.service.LoadLimitService - Weekly total for customer=222: current=0, new=64.53, limit=20000.00
2025-02-10 17:46:55 DEBUG [main] c.v.limits.service.LoadLimitService - Load saved successfully: id=29325, customer=222
2025-02-10 17:46:55 INFO  [main] c.v.limits.service.LoadLimitService - Load accepted: id=29325, customer=222, amount=$64.53
2025-02-10 17:46:55 DEBUG [main] c.v.limits.service.LoadLimitService - Processing load request: id=25380, customer=18, amount=$3533.32, time=2000-01-12T10:06:16Z
2025-02-10 17:46:55 DEBUG [main] c.v.limits.service.LoadLimitService - Checking limits for time=2000-01-12T10:06:16Z, startOfWeek=2000-01-10T00:00Z, endOfWeek=2000-01-16T23:59:59.999999999Z
2025-02-10 17:46:55 DEBUG [main] c.v.limits.service.LoadLimitService - Weekly total for customer=18: current=3388.68, new=6922.00, limit=20000.00
2025-02-10 17:46:55 DEBUG [main] c.v.limits.service.LoadLimitService - Load saved successfully: id=25380, customer=18
2025-02-10 17:46:55 INFO  [main] c.v.limits.service.LoadLimitService - Load accepted: id=25380, customer=18, amount=$3533.32
2025-02-10 17:46:55 DEBUG [main] c.v.limits.service.LoadLimitService - Processing load request: id=26832, customer=205, amount=$1264.58, time=2000-01-12T11:07:38Z
2025-02-10 17:46:55 DEBUG [main] c.v.limits.service.LoadLimitService - Checking limits for time=2000-01-12T11:07:38Z, startOfWeek=2000-01-10T00:00Z, endOfWeek=2000-01-16T23:59:59.999999999Z
2025-02-10 17:46:55 DEBUG [main] c.v.limits.service.LoadLimitService - Weekly total for customer=205: current=3775.63, new=5040.21, limit=20000.00
2025-02-10 17:46:55 DEBUG [main] c.v.limits.service.LoadLimitService - Load saved successfully: id=26832, customer=205
2025-02-10 17:46:55 INFO  [main] c.v.limits.service.LoadLimitService - Load accepted: id=26832, customer=205, amount=$1264.58
2025-02-10 17:46:55 DEBUG [main] c.v.limits.service.LoadLimitService - Processing load request: id=19438, customer=239, amount=$2192.49, time=2000-01-12T12:09Z
2025-02-10 17:46:55 DEBUG [main] c.v.limits.service.LoadLimitService - Checking limits for time=2000-01-12T12:09Z, startOfWeek=2000-01-10T00:00Z, endOfWeek=2000-01-16T23:59:59.999999999Z
2025-02-10 17:46:55 DEBUG [main] c.v.limits.service.LoadLimitService - Weekly total for customer=239: current=92.89, new=2285.38, limit=20000.00
2025-02-10 17:46:55 DEBUG [main] c.v.limits.service.LoadLimitService - Load saved successfully: id=19438, customer=239
2025-02-10 17:46:55 INFO  [main] c.v.limits.service.LoadLimitService - Load accepted: id=19438, customer=239, amount=$2192.49
2025-02-10 17:46:55 DEBUG [main] c.v.limits.service.LoadLimitService - Processing load request: id=27809, customer=647, amount=$4134.16, time=2000-01-12T13:10:22Z
2025-02-10 17:46:55 DEBUG [main] c.v.limits.service.LoadLimitService - Checking limits for time=2000-01-12T13:10:22Z, startOfWeek=2000-01-10T00:00Z, endOfWeek=2000-01-16T23:59:59.999999999Z
2025-02-10 17:46:55 DEBUG [main] c.v.limits.service.LoadLimitService - Weekly total for customer=647: current=4255.41, new=8389.57, limit=20000.00
2025-02-10 17:46:55 DEBUG [main] c.v.limits.service.LoadLimitService - Load saved successfully: id=27809, customer=647
2025-02-10 17:46:55 INFO  [main] c.v.limits.service.LoadLimitService - Load accepted: id=27809, customer=647, amount=$4134.16
2025-02-10 17:46:55 DEBUG [main] c.v.limits.service.LoadLimitService - Processing load request: id=26587, customer=103, amount=$5239.72, time=2000-01-12T14:11:44Z
2025-02-10 17:46:55 DEBUG [main] c.v.limits.service.LoadLimitService - Checking limits for time=2000-01-12T14:11:44Z, startOfWeek=2000-01-10T00:00Z, endOfWeek=2000-01-16T23:59:59.999999999Z
2025-02-10 17:46:55 DEBUG [main] c.v.limits.service.LoadLimitService - Daily amount limit exceeded: customer=103, current=0, attempted=$5239.72
2025-02-10 17:46:55 WARN  [main] c.v.limits.service.LoadLimitService - Load rejected: id=26587, customer=103, amount=$5239.72 (limit exceeded)
2025-02-10 17:46:55 DEBUG [main] c.v.limits.service.LoadLimitService - Processing load request: id=1244, customer=137, amount=$4446.33, time=2000-01-12T15:13:06Z
2025-02-10 17:46:55 DEBUG [main] c.v.limits.service.LoadLimitService - Checking limits for time=2000-01-12T15:13:06Z, startOfWeek=2000-01-10T00:00Z, endOfWeek=2000-01-16T23:59:59.999999999Z
2025-02-10 17:46:55 DEBUG [main] c.v.limits.service.LoadLimitService - Weekly total for customer=137: current=810.63, new=5256.96, limit=20000.00
2025-02-10 17:46:55 DEBUG [main] c.v.limits.service.LoadLimitService - Load saved successfully: id=1244, customer=137
2025-02-10 17:46:55 INFO  [main] c.v.limits.service.LoadLimitService - Load accepted: id=1244, customer=137, amount=$4446.33
2025-02-10 17:46:55 DEBUG [main] c.v.limits.service.LoadLimitService - Processing load request: id=7243, customer=783, amount=$2966.01, time=2000-01-12T16:14:28Z
2025-02-10 17:46:55 DEBUG [main] c.v.limits.service.LoadLimitService - Checking limits for time=2000-01-12T16:14:28Z, startOfWeek=2000-01-10T00:00Z, endOfWeek=2000-01-16T23:59:59.999999999Z
2025-02-10 17:46:55 DEBUG [main] c.v.limits.service.LoadLimitService - Weekly total for customer=783: current=1513.64, new=4479.65, limit=20000.00
2025-02-10 17:46:55 DEBUG [main] c.v.limits.service.LoadLimitService - Load saved successfully: id=7243, customer=783
2025-02-10 17:46:55 INFO  [main] c.v.limits.service.LoadLimitService - Load accepted: id=7243, customer=783, amount=$2966.01
2025-02-10 17:46:55 DEBUG [main] c.v.limits.service.LoadLimitService - Processing load request: id=4344, customer=392, amount=$304.05, time=2000-01-12T17:15:50Z
2025-02-10 17:46:55 DEBUG [main] c.v.limits.service.LoadLimitService - Checking limits for time=2000-01-12T17:15:50Z, startOfWeek=2000-01-10T00:00Z, endOfWeek=2000-01-16T23:59:59.999999999Z
2025-02-10 17:46:55 DEBUG [main] c.v.limits.service.LoadLimitService - Weekly total for customer=392: current=4770.20, new=5074.25, limit=20000.00
2025-02-10 17:46:55 DEBUG [main] c.v.limits.service.LoadLimitService - Load saved successfully: id=4344, customer=392
2025-02-10 17:46:55 INFO  [main] c.v.limits.service.LoadLimitService - Load accepted: id=4344, customer=392, amount=$304.05
2025-02-10 17:46:55 DEBUG [main] c.v.limits.service.LoadLimitService - Processing load request: id=7806, customer=1, amount=$4421.55, time=2000-01-12T18:17:12Z
2025-02-10 17:46:55 DEBUG [main] c.v.limits.service.LoadLimitService - Checking limits for time=2000-01-12T18:17:12Z, startOfWeek=2000-01-10T00:00Z, endOfWeek=2000-01-16T23:59:59.999999999Z
2025-02-10 17:46:55 DEBUG [main] c.v.limits.service.LoadLimitService - Weekly total for customer=1: current=4972.22, new=9393.77, limit=20000.00
2025-02-10 17:46:55 DEBUG [main] c.v.limits.service.LoadLimitService - Load saved successfully: id=7806, customer=1
2025-02-10 17:46:55 INFO  [main] c.v.limits.service.LoadLimitService - Load accepted: id=7806, customer=1, amount=$4421.55
2025-02-10 17:46:55 DEBUG [main] c.v.limits.service.LoadLimitService - Processing load request: id=21378, customer=222, amount=$4241.91, time=2000-01-12T19:18:34Z
2025-02-10 17:46:55 DEBUG [main] c.v.limits.service.LoadLimitService - Checking limits for time=2000-01-12T19:18:34Z, startOfWeek=2000-01-10T00:00Z, endOfWeek=2000-01-16T23:59:59.999999999Z
2025-02-10 17:46:55 DEBUG [main] c.v.limits.service.LoadLimitService - Weekly total for customer=222: current=64.53, new=4306.44, limit=20000.00
2025-02-10 17:46:55 DEBUG [main] c.v.limits.service.LoadLimitService - Load saved successfully: id=21378, customer=222
2025-02-10 17:46:55 INFO  [main] c.v.limits.service.LoadLimitService - Load accepted: id=21378, customer=222, amount=$4241.91
2025-02-10 17:46:55 DEBUG [main] c.v.limits.service.LoadLimitService - Processing load request: id=31140, customer=188, amount=$2663.12, time=2000-01-12T20:19:56Z
2025-02-10 17:46:55 DEBUG [main] c.v.limits.service.LoadLimitService - Checking limits for time=2000-01-12T20:19:56Z, startOfWeek=2000-01-10T00:00Z, endOfWeek=2000-01-16T23:59:59.999999999Z
2025-02-10 17:46:55 DEBUG [main] c.v.limits.service.LoadLimitService - Weekly total for customer=188: current=183.14, new=2846.26, limit=20000.00
2025-02-10 17:46:55 DEBUG [main] c.v.limits.service.LoadLimitService - Load saved successfully: id=31140, customer=188
2025-02-10 17:46:55 INFO  [main] c.v.limits.service.LoadLimitService - Load accepted: id=31140, customer=188, amount=$2663.12
2025-02-10 17:46:55 DEBUG [main] c.v.limits.service.LoadLimitService - Processing load request: id=4444, customer=477, amount=$4665.36, time=2000-01-12T21:21:18Z
2025-02-10 17:46:55 DEBUG [main] c.v.limits.service.LoadLimitService - Checking limits for time=2000-01-12T21:21:18Z, startOfWeek=2000-01-10T00:00Z, endOfWeek=2000-01-16T23:59:59.999999999Z
2025-02-10 17:46:55 DEBUG [main] c.v.limits.service.LoadLimitService - Weekly total for customer=477: current=1711.78, new=6377.14, limit=20000.00
2025-02-10 17:46:55 DEBUG [main] c.v.limits.service.LoadLimitService - Load saved successfully: id=4444, customer=477
2025-02-10 17:46:55 INFO  [main] c.v.limits.service.LoadLimitService - Load accepted: id=4444, customer=477, amount=$4665.36
2025-02-10 17:46:55 DEBUG [main] c.v.limits.service.LoadLimitService - Processing load request: id=26383, customer=205, amount=$2214.11, time=2000-01-12T22:22:40Z
2025-02-10 17:46:55 DEBUG [main] c.v.limits.service.LoadLimitService - Checking limits for time=2000-01-12T22:22:40Z, startOfWeek=2000-01-10T00:00Z, endOfWeek=2000-01-16T23:59:59.999999999Z
2025-02-10 17:46:55 DEBUG [main] c.v.limits.service.LoadLimitService - Weekly total for customer=205: current=5040.21, new=7254.32, limit=20000.00
2025-02-10 17:46:55 DEBUG [main] c.v.limits.service.LoadLimitService - Load saved successfully: id=26383, customer=205
2025-02-10 17:46:55 INFO  [main] c.v.limits.service.LoadLimitService - Load accepted: id=26383, customer=205, amount=$2214.11
2025-02-10 17:46:55 DEBUG [main] c.v.limits.service.LoadLimitService - Processing load request: id=8971, customer=596, amount=$2037.99, time=2000-01-12T23:24:02Z
2025-02-10 17:46:55 DEBUG [main] c.v.limits.service.LoadLimitService - Checking limits for time=2000-01-12T23:24:02Z, startOfWeek=2000-01-10T00:00Z, endOfWeek=2000-01-16T23:59:59.999999999Z
2025-02-10 17:46:55 DEBUG [main] c.v.limits.service.LoadLimitService - Weekly total for customer=596: current=0, new=2037.99, limit=20000.00
2025-02-10 17:46:55 DEBUG [main] c.v.limits.service.LoadLimitService - Load saved successfully: id=8971, customer=596
2025-02-10 17:46:55 INFO  [main] c.v.limits.service.LoadLimitService - Load accepted: id=8971, customer=596, amount=$2037.99
2025-02-10 17:46:55 DEBUG [main] c.v.limits.service.LoadLimitService - Processing load request: id=29004, customer=137, amount=$1478.01, time=2000-01-13T00:25:24Z
2025-02-10 17:46:55 DEBUG [main] c.v.limits.service.LoadLimitService - Checking limits for time=2000-01-13T00:25:24Z, startOfWeek=2000-01-10T00:00Z, endOfWeek=2000-01-16T23:59:59.999999999Z
2025-02-10 17:46:55 DEBUG [main] c.v.limits.service.LoadLimitService - Weekly total for customer=137: current=5256.96, new=6734.97, limit=20000.00
2025-02-10 17:46:55 DEBUG [main] c.v.limits.service.LoadLimitService - Load saved successfully: id=29004, customer=137
2025-02-10 17:46:55 INFO  [main] c.v.limits.service.LoadLimitService - Load accepted: id=29004, customer=137, amount=$1478.01
2025-02-10 17:46:55 DEBUG [main] c.v.limits.service.LoadLimitService - Processing load request: id=23816, customer=562, amount=$1937.81, time=2000-01-13T01:26:46Z
2025-02-10 17:46:55 DEBUG [main] c.v.limits.service.LoadLimitService - Checking limits for time=2000-01-13T01:26:46Z, startOfWeek=2000-01-10T00:00Z, endOfWeek=2000-01-16T23:59:59.999999999Z
2025-02-10 17:46:55 DEBUG [main] c.v.limits.service.LoadLimitService - Weekly total for customer=562: current=4972.01, new=6909.82, limit=20000.00
2025-02-10 17:46:55 DEBUG [main] c.v.limits.service.LoadLimitService - Load saved successfully: id=23816, customer=562
2025-02-10 17:46:55 INFO  [main] c.v.limits.service.LoadLimitService - Load accepted: id=23816, customer=562, amount=$1937.81
2025-02-10 17:46:55 DEBUG [main] c.v.limits.service.LoadLimitService - Processing load request: id=17556, customer=783, amount=$4610.89, time=2000-01-13T02:28:08Z
2025-02-10 17:46:55 DEBUG [main] c.v.limits.service.LoadLimitService - Checking limits for time=2000-01-13T02:28:08Z, startOfWeek=2000-01-10T00:00Z, endOfWeek=2000-01-16T23:59:59.999999999Z
2025-02-10 17:46:55 DEBUG [main] c.v.limits.service.LoadLimitService - Weekly total for customer=783: current=4479.65, new=9090.54, limit=20000.00
2025-02-10 17:46:55 DEBUG [main] c.v.limits.service.LoadLimitService - Load saved successfully: id=17556, customer=783
2025-02-10 17:46:55 INFO  [main] c.v.limits.service.LoadLimitService - Load accepted: id=17556, customer=783, amount=$4610.89
2025-02-10 17:46:55 DEBUG [main] c.v.limits.service.LoadLimitService - Processing load request: id=23317, customer=273, amount=$4675.74, time=2000-01-13T03:29:30Z
2025-02-10 17:46:55 DEBUG [main] c.v.limits.service.LoadLimitService - Checking limits for time=2000-01-13T03:29:30Z, startOfWeek=2000-01-10T00:00Z, endOfWeek=2000-01-16T23:59:59.999999999Z
2025-02-10 17:46:55 DEBUG [main] c.v.limits.service.LoadLimitService - Weekly total for customer=273: current=0, new=4675.74, limit=20000.00
2025-02-10 17:46:55 DEBUG [main] c.v.limits.service.LoadLimitService - Load saved successfully: id=23317, customer=273
2025-02-10 17:46:55 INFO  [main] c.v.limits.service.LoadLimitService - Load accepted: id=23317, customer=273, amount=$4675.74
2025-02-10 17:46:55 DEBUG [main] c.v.limits.service.LoadLimitService - Processing load request: id=21203, customer=460, amount=$4856.66, time=2000-01-13T04:30:52Z
2025-02-10 17:46:55 DEBUG [main] c.v.limits.service.LoadLimitService - Checking limits for time=2000-01-13T04:30:52Z, startOfWeek=2000-01-10T00:00Z, endOfWeek=2000-01-16T23:59:59.999999999Z
2025-02-10 17:46:55 DEBUG [main] c.v.limits.service.LoadLimitService - Weekly total for customer=460: current=3493.38, new=8350.04, limit=20000.00
2025-02-10 17:46:55 DEBUG [main] c.v.limits.service.LoadLimitService - Load saved successfully: id=21203, customer=460
2025-02-10 17:46:55 INFO  [main] c.v.limits.service.LoadLimitService - Load accepted: id=21203, customer=460, amount=$4856.66
2025-02-10 17:46:55 DEBUG [main] c.v.limits.service.LoadLimitService - Processing load request: id=30784, customer=188, amount=$4549.23, time=2000-01-13T05:32:14Z
2025-02-10 17:46:55 DEBUG [main] c.v.limits.service.LoadLimitService - Checking limits for time=2000-01-13T05:32:14Z, startOfWeek=2000-01-10T00:00Z, endOfWeek=2000-01-16T23:59:59.999999999Z
2025-02-10 17:46:55 DEBUG [main] c.v.limits.service.LoadLimitService - Weekly total for customer=188: current=2846.26, new=7395.49, limit=20000.00
2025-02-10 17:46:55 DEBUG [main] c.v.limits.service.LoadLimitService - Load saved successfully: id=30784, customer=188
2025-02-10 17:46:55 INFO  [main] c.v.limits.service.LoadLimitService - Load accepted: id=30784, customer=188, amount=$4549.23
2025-02-10 17:46:55 DEBUG [main] c.v.limits.service.LoadLimitService - Processing load request: id=2111, customer=494, amount=$731.83, time=2000-01-13T06:33:36Z
2025-02-10 17:46:55 DEBUG [main] c.v.limits.service.LoadLimitService - Checking limits for time=2000-01-13T06:33:36Z, startOfWeek=2000-01-10T00:00Z, endOfWeek=2000-01-16T23:59:59.999999999Z
2025-02-10 17:46:55 DEBUG [main] c.v.limits.service.LoadLimitService - Weekly total for customer=494: current=3114.28, new=3846.11, limit=20000.00
2025-02-10 17:46:55 DEBUG [main] c.v.limits.service.LoadLimitService - Load saved successfully: id=2111, customer=494
2025-02-10 17:46:55 INFO  [main] c.v.limits.service.LoadLimitService - Load accepted: id=2111, customer=494, amount=$731.83
2025-02-10 17:46:55 DEBUG [main] c.v.limits.service.LoadLimitService - Processing load request: id=17650, customer=69, amount=$1017.62, time=2000-01-13T07:34:58Z
2025-02-10 17:46:55 DEBUG [main] c.v.limits.service.LoadLimitService - Checking limits for time=2000-01-13T07:34:58Z, startOfWeek=2000-01-10T00:00Z, endOfWeek=2000-01-16T23:59:59.999999999Z
2025-02-10 17:46:55 DEBUG [main] c.v.limits.service.LoadLimitService - Weekly total for customer=69: current=0, new=1017.62, limit=20000.00
2025-02-10 17:46:55 DEBUG [main] c.v.limits.service.LoadLimitService - Load saved successfully: id=17650, customer=69
2025-02-10 17:46:55 INFO  [main] c.v.limits.service.LoadLimitService - Load accepted: id=17650, customer=69, amount=$1017.62
2025-02-10 17:46:55 DEBUG [main] c.v.limits.service.LoadLimitService - Processing load request: id=17247, customer=698, amount=$1145.10, time=2000-01-13T08:36:20Z
2025-02-10 17:46:55 DEBUG [main] c.v.limits.service.LoadLimitService - Checking limits for time=2000-01-13T08:36:20Z, startOfWeek=2000-01-10T00:00Z, endOfWeek=2000-01-16T23:59:59.999999999Z
2025-02-10 17:46:55 DEBUG [main] c.v.limits.service.LoadLimitService - Weekly total for customer=698: current=816.02, new=1961.12, limit=20000.00
2025-02-10 17:46:55 DEBUG [main] c.v.limits.service.LoadLimitService - Load saved successfully: id=17247, customer=698
2025-02-10 17:46:55 INFO  [main] c.v.limits.service.LoadLimitService - Load accepted: id=17247, customer=698, amount=$1145.10
2025-02-10 17:46:55 DEBUG [main] c.v.limits.service.LoadLimitService - Processing load request: id=13464, customer=630, amount=$4116.73, time=2000-01-13T09:37:42Z
2025-02-10 17:46:55 DEBUG [main] c.v.limits.service.LoadLimitService - Checking limits for time=2000-01-13T09:37:42Z, startOfWeek=2000-01-10T00:00Z, endOfWeek=2000-01-16T23:59:59.999999999Z
2025-02-10 17:46:55 DEBUG [main] c.v.limits.service.LoadLimitService - Weekly total for customer=630: current=0, new=4116.73, limit=20000.00
2025-02-10 17:46:55 DEBUG [main] c.v.limits.service.LoadLimitService - Load saved successfully: id=13464, customer=630
2025-02-10 17:46:55 INFO  [main] c.v.limits.service.LoadLimitService - Load accepted: id=13464, customer=630, amount=$4116.73
2025-02-10 17:46:55 DEBUG [main] c.v.limits.service.LoadLimitService - Processing load request: id=8403, customer=120, amount=$1171.81, time=2000-01-13T10:39:04Z
2025-02-10 17:46:55 DEBUG [main] c.v.limits.service.LoadLimitService - Checking limits for time=2000-01-13T10:39:04Z, startOfWeek=2000-01-10T00:00Z, endOfWeek=2000-01-16T23:59:59.999999999Z
2025-02-10 17:46:55 DEBUG [main] c.v.limits.service.LoadLimitService - Weekly total for customer=120: current=1087.01, new=2258.82, limit=20000.00
2025-02-10 17:46:55 DEBUG [main] c.v.limits.service.LoadLimitService - Load saved successfully: id=8403, customer=120
2025-02-10 17:46:55 INFO  [main] c.v.limits.service.LoadLimitService - Load accepted: id=8403, customer=120, amount=$1171.81
2025-02-10 17:46:55 DEBUG [main] c.v.limits.service.LoadLimitService - Processing load request: id=11617, customer=647, amount=$5874.64, time=2000-01-13T11:40:26Z
2025-02-10 17:46:55 DEBUG [main] c.v.limits.service.LoadLimitService - Checking limits for time=2000-01-13T11:40:26Z, startOfWeek=2000-01-10T00:00Z, endOfWeek=2000-01-16T23:59:59.999999999Z
2025-02-10 17:46:55 DEBUG [main] c.v.limits.service.LoadLimitService - Daily amount limit exceeded: customer=647, current=0, attempted=$5874.64
2025-02-10 17:46:55 WARN  [main] c.v.limits.service.LoadLimitService - Load rejected: id=11617, customer=647, amount=$5874.64 (limit exceeded)
2025-02-10 17:46:55 DEBUG [main] c.v.limits.service.LoadLimitService - Processing load request: id=19366, customer=443, amount=$781.35, time=2000-01-13T12:41:48Z
2025-02-10 17:46:55 DEBUG [main] c.v.limits.service.LoadLimitService - Checking limits for time=2000-01-13T12:41:48Z, startOfWeek=2000-01-10T00:00Z, endOfWeek=2000-01-16T23:59:59.999999999Z
2025-02-10 17:46:55 DEBUG [main] c.v.limits.service.LoadLimitService - Weekly total for customer=443: current=0, new=781.35, limit=20000.00
2025-02-10 17:46:55 DEBUG [main] c.v.limits.service.LoadLimitService - Load saved successfully: id=19366, customer=443
2025-02-10 17:46:55 INFO  [main] c.v.limits.service.LoadLimitService - Load accepted: id=19366, customer=443, amount=$781.35
2025-02-10 17:46:55 DEBUG [main] c.v.limits.service.LoadLimitService - Processing load request: id=9585, customer=86, amount=$4591.05, time=2000-01-13T13:43:10Z
2025-02-10 17:46:55 DEBUG [main] c.v.limits.service.LoadLimitService - Checking limits for time=2000-01-13T13:43:10Z, startOfWeek=2000-01-10T00:00Z, endOfWeek=2000-01-16T23:59:59.999999999Z
2025-02-10 17:46:55 DEBUG [main] c.v.limits.service.LoadLimitService - Weekly total for customer=86: current=0, new=4591.05, limit=20000.00
2025-02-10 17:46:55 DEBUG [main] c.v.limits.service.LoadLimitService - Load saved successfully: id=9585, customer=86
2025-02-10 17:46:55 INFO  [main] c.v.limits.service.LoadLimitService - Load accepted: id=9585, customer=86, amount=$4591.05
2025-02-10 17:46:55 DEBUG [main] c.v.limits.service.LoadLimitService - Processing load request: id=21341, customer=494, amount=$2357.63, time=2000-01-13T14:44:32Z
2025-02-10 17:46:55 DEBUG [main] c.v.limits.service.LoadLimitService - Checking limits for time=2000-01-13T14:44:32Z, startOfWeek=2000-01-10T00:00Z, endOfWeek=2000-01-16T23:59:59.999999999Z
2025-02-10 17:46:55 DEBUG [main] c.v.limits.service.LoadLimitService - Weekly total for customer=494: current=3846.11, new=6203.74, limit=20000.00
2025-02-10 17:46:55 DEBUG [main] c.v.limits.service.LoadLimitService - Load saved successfully: id=21341, customer=494
2025-02-10 17:46:55 INFO  [main] c.v.limits.service.LoadLimitService - Load accepted: id=21341, customer=494, amount=$2357.63
2025-02-10 17:46:55 DEBUG [main] c.v.limits.service.LoadLimitService - Processing load request: id=26319, customer=69, amount=$2049.47, time=2000-01-13T15:45:54Z
2025-02-10 17:46:55 DEBUG [main] c.v.limits.service.LoadLimitService - Checking limits for time=2000-01-13T15:45:54Z, startOfWeek=2000-01-10T00:00Z, endOfWeek=2000-01-16T23:59:59.999999999Z
2025-02-10 17:46:55 DEBUG [main] c.v.limits.service.LoadLimitService - Weekly total for customer=69: current=1017.62, new=3067.09, limit=20000.00
2025-02-10 17:46:55 DEBUG [main] c.v.limits.service.LoadLimitService - Load saved successfully: id=26319, customer=69
2025-02-10 17:46:55 INFO  [main] c.v.limits.service.LoadLimitService - Load accepted: id=26319, customer=69, amount=$2049.47
2025-02-10 17:46:55 DEBUG [main] c.v.limits.service.LoadLimitService - Processing load request: id=7836, customer=562, amount=$822.10, time=2000-01-13T16:47:16Z
2025-02-10 17:46:55 DEBUG [main] c.v.limits.service.LoadLimitService - Checking limits for time=2000-01-13T16:47:16Z, startOfWeek=2000-01-10T00:00Z, endOfWeek=2000-01-16T23:59:59.999999999Z
2025-02-10 17:46:55 DEBUG [main] c.v.limits.service.LoadLimitService - Weekly total for customer=562: current=6909.82, new=7731.92, limit=20000.00
2025-02-10 17:46:55 DEBUG [main] c.v.limits.service.LoadLimitService - Load saved successfully: id=7836, customer=562
2025-02-10 17:46:55 INFO  [main] c.v.limits.service.LoadLimitService - Load accepted: id=7836, customer=562, amount=$822.10
2025-02-10 17:46:55 DEBUG [main] c.v.limits.service.LoadLimitService - Processing load request: id=5330, customer=52, amount=$56.47, time=2000-01-13T17:48:38Z
2025-02-10 17:46:55 DEBUG [main] c.v.limits.service.LoadLimitService - Checking limits for time=2000-01-13T17:48:38Z, startOfWeek=2000-01-10T00:00Z, endOfWeek=2000-01-16T23:59:59.999999999Z
2025-02-10 17:46:55 DEBUG [main] c.v.limits.service.LoadLimitService - Weekly total for customer=52: current=693.00, new=749.47, limit=20000.00
2025-02-10 17:46:55 DEBUG [main] c.v.limits.service.LoadLimitService - Load saved successfully: id=5330, customer=52
2025-02-10 17:46:55 INFO  [main] c.v.limits.service.LoadLimitService - Load accepted: id=5330, customer=52, amount=$56.47
2025-02-10 17:46:55 DEBUG [main] c.v.limits.service.LoadLimitService - Processing load request: id=13672, customer=120, amount=$4238.04, time=2000-01-13T18:50Z
2025-02-10 17:46:55 DEBUG [main] c.v.limits.service.LoadLimitService - Checking limits for time=2000-01-13T18:50Z, startOfWeek=2000-01-10T00:00Z, endOfWeek=2000-01-16T23:59:59.999999999Z
2025-02-10 17:46:55 DEBUG [main] c.v.limits.service.LoadLimitService - Daily amount limit exceeded: customer=120, current=1171.81, attempted=$4238.04
2025-02-10 17:46:55 WARN  [main] c.v.limits.service.LoadLimitService - Load rejected: id=13672, customer=120, amount=$4238.04 (limit exceeded)
2025-02-10 17:46:55 DEBUG [main] c.v.limits.service.LoadLimitService - Processing load request: id=17691, customer=817, amount=$5904.25, time=2000-01-13T19:51:22Z
2025-02-10 17:46:55 DEBUG [main] c.v.limits.service.LoadLimitService - Checking limits for time=2000-01-13T19:51:22Z, startOfWeek=2000-01-10T00:00Z, endOfWeek=2000-01-16T23:59:59.999999999Z
2025-02-10 17:46:55 DEBUG [main] c.v.limits.service.LoadLimitService - Daily amount limit exceeded: customer=817, current=0, attempted=$5904.25
2025-02-10 17:46:55 WARN  [main] c.v.limits.service.LoadLimitService - Load rejected: id=17691, customer=817, amount=$5904.25 (limit exceeded)
2025-02-10 17:46:55 DEBUG [main] c.v.limits.service.LoadLimitService - Processing load request: id=5472, customer=630, amount=$1311.43, time=2000-01-13T20:52:44Z
2025-02-10 17:46:55 DEBUG [main] c.v.limits.service.LoadLimitService - Checking limits for time=2000-01-13T20:52:44Z, startOfWeek=2000-01-10T00:00Z, endOfWeek=2000-01-16T23:59:59.999999999Z
2025-02-10 17:46:55 DEBUG [main] c.v.limits.service.LoadLimitService - Daily amount limit exceeded: customer=630, current=4116.73, attempted=$1311.43
2025-02-10 17:46:55 WARN  [main] c.v.limits.service.LoadLimitService - Load rejected: id=5472, customer=630, amount=$1311.43 (limit exceeded)
2025-02-10 17:46:55 DEBUG [main] c.v.limits.service.LoadLimitService - Processing load request: id=15004, customer=494, amount=$1698.14, time=2000-01-13T21:54:06Z
2025-02-10 17:46:55 DEBUG [main] c.v.limits.service.LoadLimitService - Checking limits for time=2000-01-13T21:54:06Z, startOfWeek=2000-01-10T00:00Z, endOfWeek=2000-01-16T23:59:59.999999999Z
2025-02-10 17:46:55 DEBUG [main] c.v.limits.service.LoadLimitService - Weekly total for customer=494: current=6203.74, new=7901.88, limit=20000.00
2025-02-10 17:46:55 DEBUG [main] c.v.limits.service.LoadLimitService - Load saved successfully: id=15004, customer=494
2025-02-10 17:46:55 INFO  [main] c.v.limits.service.LoadLimitService - Load accepted: id=15004, customer=494, amount=$1698.14
2025-02-10 17:46:55 DEBUG [main] c.v.limits.service.LoadLimitService - Processing load request: id=22118, customer=664, amount=$2128.92, time=2000-01-13T22:55:28Z
2025-02-10 17:46:55 DEBUG [main] c.v.limits.service.LoadLimitService - Checking limits for time=2000-01-13T22:55:28Z, startOfWeek=2000-01-10T00:00Z, endOfWeek=2000-01-16T23:59:59.999999999Z
2025-02-10 17:46:55 DEBUG [main] c.v.limits.service.LoadLimitService - Weekly total for customer=664: current=0, new=2128.92, limit=20000.00
2025-02-10 17:46:55 DEBUG [main] c.v.limits.service.LoadLimitService - Load saved successfully: id=22118, customer=664
2025-02-10 17:46:55 INFO  [main] c.v.limits.service.LoadLimitService - Load accepted: id=22118, customer=664, amount=$2128.92
2025-02-10 17:46:55 DEBUG [main] c.v.limits.service.LoadLimitService - Processing load request: id=13650, customer=137, amount=$1160.80, time=2000-01-13T23:56:50Z
2025-02-10 17:46:55 DEBUG [main] c.v.limits.service.LoadLimitService - Checking limits for time=2000-01-13T23:56:50Z, startOfWeek=2000-01-10T00:00Z, endOfWeek=2000-01-16T23:59:59.999999999Z
2025-02-10 17:46:55 DEBUG [main] c.v.limits.service.LoadLimitService - Weekly total for customer=137: current=6734.97, new=7895.77, limit=20000.00
2025-02-10 17:46:55 DEBUG [main] c.v.limits.service.LoadLimitService - Load saved successfully: id=13650, customer=137
2025-02-10 17:46:55 INFO  [main] c.v.limits.service.LoadLimitService - Load accepted: id=13650, customer=137, amount=$1160.80
2025-02-10 17:46:55 DEBUG [main] c.v.limits.service.LoadLimitService - Processing load request: id=6817, customer=477, amount=$1403.25, time=2000-01-14T00:58:12Z
2025-02-10 17:46:55 DEBUG [main] c.v.limits.service.LoadLimitService - Checking limits for time=2000-01-14T00:58:12Z, startOfWeek=2000-01-10T00:00Z, endOfWeek=2000-01-16T23:59:59.999999999Z
2025-02-10 17:46:55 DEBUG [main] c.v.limits.service.LoadLimitService - Weekly total for customer=477: current=6377.14, new=7780.39, limit=20000.00
2025-02-10 17:46:55 DEBUG [main] c.v.limits.service.LoadLimitService - Load saved successfully: id=6817, customer=477
2025-02-10 17:46:55 INFO  [main] c.v.limits.service.LoadLimitService - Load accepted: id=6817, customer=477, amount=$1403.25
2025-02-10 17:46:55 DEBUG [main] c.v.limits.service.LoadLimitService - Processing load request: id=10269, customer=222, amount=$2371.35, time=2000-01-14T01:59:34Z
2025-02-10 17:46:55 DEBUG [main] c.v.limits.service.LoadLimitService - Checking limits for time=2000-01-14T01:59:34Z, startOfWeek=2000-01-10T00:00Z, endOfWeek=2000-01-16T23:59:59.999999999Z
2025-02-10 17:46:55 DEBUG [main] c.v.limits.service.LoadLimitService - Weekly total for customer=222: current=4306.44, new=6677.79, limit=20000.00
2025-02-10 17:46:55 DEBUG [main] c.v.limits.service.LoadLimitService - Load saved successfully: id=10269, customer=222
2025-02-10 17:46:55 INFO  [main] c.v.limits.service.LoadLimitService - Load accepted: id=10269, customer=222, amount=$2371.35
2025-02-10 17:46:55 DEBUG [main] c.v.limits.service.LoadLimitService - Processing load request: id=5952, customer=171, amount=$1181.71, time=2000-01-14T03:00:56Z
2025-02-10 17:46:55 DEBUG [main] c.v.limits.service.LoadLimitService - Checking limits for time=2000-01-14T03:00:56Z, startOfWeek=2000-01-10T00:00Z, endOfWeek=2000-01-16T23:59:59.999999999Z
2025-02-10 17:46:55 DEBUG [main] c.v.limits.service.LoadLimitService - Weekly total for customer=171: current=10734.59, new=11916.30, limit=20000.00
2025-02-10 17:46:55 DEBUG [main] c.v.limits.service.LoadLimitService - Load saved successfully: id=5952, customer=171
2025-02-10 17:46:55 INFO  [main] c.v.limits.service.LoadLimitService - Load accepted: id=5952, customer=171, amount=$1181.71
2025-02-10 17:46:55 DEBUG [main] c.v.limits.service.LoadLimitService - Processing load request: id=209, customer=375, amount=$4879.76, time=2000-01-14T04:02:18Z
2025-02-10 17:46:55 DEBUG [main] c.v.limits.service.LoadLimitService - Checking limits for time=2000-01-14T04:02:18Z, startOfWeek=2000-01-10T00:00Z, endOfWeek=2000-01-16T23:59:59.999999999Z
2025-02-10 17:46:55 DEBUG [main] c.v.limits.service.LoadLimitService - Weekly total for customer=375: current=0, new=4879.76, limit=20000.00
2025-02-10 17:46:55 DEBUG [main] c.v.limits.service.LoadLimitService - Load saved successfully: id=209, customer=375
2025-02-10 17:46:55 INFO  [main] c.v.limits.service.LoadLimitService - Load accepted: id=209, customer=375, amount=$4879.76
2025-02-10 17:46:55 DEBUG [main] c.v.limits.service.LoadLimitService - Processing load request: id=13388, customer=630, amount=$2371.46, time=2000-01-14T05:03:40Z
2025-02-10 17:46:55 DEBUG [main] c.v.limits.service.LoadLimitService - Checking limits for time=2000-01-14T05:03:40Z, startOfWeek=2000-01-10T00:00Z, endOfWeek=2000-01-16T23:59:59.999999999Z
2025-02-10 17:46:55 DEBUG [main] c.v.limits.service.LoadLimitService - Weekly total for customer=630: current=4116.73, new=6488.19, limit=20000.00
2025-02-10 17:46:55 DEBUG [main] c.v.limits.service.LoadLimitService - Load saved successfully: id=13388, customer=630
2025-02-10 17:46:55 INFO  [main] c.v.limits.service.LoadLimitService - Load accepted: id=13388, customer=630, amount=$2371.46
2025-02-10 17:46:55 DEBUG [main] c.v.limits.service.LoadLimitService - Processing load request: id=21933, customer=307, amount=$5660.18, time=2000-01-14T06:05:02Z
2025-02-10 17:46:55 DEBUG [main] c.v.limits.service.LoadLimitService - Checking limits for time=2000-01-14T06:05:02Z, startOfWeek=2000-01-10T00:00Z, endOfWeek=2000-01-16T23:59:59.999999999Z
2025-02-10 17:46:55 DEBUG [main] c.v.limits.service.LoadLimitService - Daily amount limit exceeded: customer=307, current=0, attempted=$5660.18
2025-02-10 17:46:55 WARN  [main] c.v.limits.service.LoadLimitService - Load rejected: id=21933, customer=307, amount=$5660.18 (limit exceeded)
2025-02-10 17:46:55 DEBUG [main] c.v.limits.service.LoadLimitService - Processing load request: id=6966, customer=562, amount=$5762.93, time=2000-01-14T07:06:24Z
2025-02-10 17:46:55 DEBUG [main] c.v.limits.service.LoadLimitService - Checking limits for time=2000-01-14T07:06:24Z, startOfWeek=2000-01-10T00:00Z, endOfWeek=2000-01-16T23:59:59.999999999Z
2025-02-10 17:46:55 DEBUG [main] c.v.limits.service.LoadLimitService - Daily amount limit exceeded: customer=562, current=0, attempted=$5762.93
2025-02-10 17:46:55 WARN  [main] c.v.limits.service.LoadLimitService - Load rejected: id=6966, customer=562, amount=$5762.93 (limit exceeded)
2025-02-10 17:46:55 DEBUG [main] c.v.limits.service.LoadLimitService - Processing load request: id=11521, customer=409, amount=$3750.73, time=2000-01-14T08:07:46Z
2025-02-10 17:46:55 DEBUG [main] c.v.limits.service.LoadLimitService - Checking limits for time=2000-01-14T08:07:46Z, startOfWeek=2000-01-10T00:00Z, endOfWeek=2000-01-16T23:59:59.999999999Z
2025-02-10 17:46:55 DEBUG [main] c.v.limits.service.LoadLimitService - Weekly total for customer=409: current=0, new=3750.73, limit=20000.00
2025-02-10 17:46:55 DEBUG [main] c.v.limits.service.LoadLimitService - Load saved successfully: id=11521, customer=409
2025-02-10 17:46:55 INFO  [main] c.v.limits.service.LoadLimitService - Load accepted: id=11521, customer=409, amount=$3750.73
2025-02-10 17:46:55 DEBUG [main] c.v.limits.service.LoadLimitService - Processing load request: id=146, customer=817, amount=$3830.04, time=2000-01-14T09:09:08Z
2025-02-10 17:46:55 DEBUG [main] c.v.limits.service.LoadLimitService - Checking limits for time=2000-01-14T09:09:08Z, startOfWeek=2000-01-10T00:00Z, endOfWeek=2000-01-16T23:59:59.999999999Z
2025-02-10 17:46:55 DEBUG [main] c.v.limits.service.LoadLimitService - Weekly total for customer=817: current=8704.87, new=12534.91, limit=20000.00
2025-02-10 17:46:55 DEBUG [main] c.v.limits.service.LoadLimitService - Load saved successfully: id=146, customer=817
2025-02-10 17:46:55 INFO  [main] c.v.limits.service.LoadLimitService - Load accepted: id=146, customer=817, amount=$3830.04
2025-02-10 17:46:55 DEBUG [main] c.v.limits.service.LoadLimitService - Processing load request: id=21963, customer=69, amount=$1827.60, time=2000-01-14T10:10:30Z
2025-02-10 17:46:55 DEBUG [main] c.v.limits.service.LoadLimitService - Checking limits for time=2000-01-14T10:10:30Z, startOfWeek=2000-01-10T00:00Z, endOfWeek=2000-01-16T23:59:59.999999999Z
2025-02-10 17:46:55 DEBUG [main] c.v.limits.service.LoadLimitService - Weekly total for customer=69: current=3067.09, new=4894.69, limit=20000.00
2025-02-10 17:46:55 DEBUG [main] c.v.limits.service.LoadLimitService - Load saved successfully: id=21963, customer=69
2025-02-10 17:46:55 INFO  [main] c.v.limits.service.LoadLimitService - Load accepted: id=21963, customer=69, amount=$1827.60
2025-02-10 17:46:55 DEBUG [main] c.v.limits.service.LoadLimitService - Processing load request: id=25859, customer=698, amount=$143.32, time=2000-01-14T11:11:52Z
2025-02-10 17:46:55 DEBUG [main] c.v.limits.service.LoadLimitService - Checking limits for time=2000-01-14T11:11:52Z, startOfWeek=2000-01-10T00:00Z, endOfWeek=2000-01-16T23:59:59.999999999Z
2025-02-10 17:46:55 DEBUG [main] c.v.limits.service.LoadLimitService - Weekly total for customer=698: current=1961.12, new=2104.44, limit=20000.00
2025-02-10 17:46:55 DEBUG [main] c.v.limits.service.LoadLimitService - Load saved successfully: id=25859, customer=698
2025-02-10 17:46:55 INFO  [main] c.v.limits.service.LoadLimitService - Load accepted: id=25859, customer=698, amount=$143.32
2025-02-10 17:46:55 DEBUG [main] c.v.limits.service.LoadLimitService - Processing load request: id=16999, customer=800, amount=$4721.19, time=2000-01-14T12:13:14Z
2025-02-10 17:46:55 DEBUG [main] c.v.limits.service.LoadLimitService - Checking limits for time=2000-01-14T12:13:14Z, startOfWeek=2000-01-10T00:00Z, endOfWeek=2000-01-16T23:59:59.999999999Z
2025-02-10 17:46:55 DEBUG [main] c.v.limits.service.LoadLimitService - Weekly total for customer=800: current=4130.78, new=8851.97, limit=20000.00
2025-02-10 17:46:55 DEBUG [main] c.v.limits.service.LoadLimitService - Load saved successfully: id=16999, customer=800
2025-02-10 17:46:55 INFO  [main] c.v.limits.service.LoadLimitService - Load accepted: id=16999, customer=800, amount=$4721.19
2025-02-10 17:46:55 DEBUG [main] c.v.limits.service.LoadLimitService - Processing load request: id=13925, customer=834, amount=$5677.83, time=2000-01-14T13:14:36Z
2025-02-10 17:46:55 DEBUG [main] c.v.limits.service.LoadLimitService - Checking limits for time=2000-01-14T13:14:36Z, startOfWeek=2000-01-10T00:00Z, endOfWeek=2000-01-16T23:59:59.999999999Z
2025-02-10 17:46:55 DEBUG [main] c.v.limits.service.LoadLimitService - Daily amount limit exceeded: customer=834, current=0, attempted=$5677.83
2025-02-10 17:46:55 WARN  [main] c.v.limits.service.LoadLimitService - Load rejected: id=13925, customer=834, amount=$5677.83 (limit exceeded)
2025-02-10 17:46:55 DEBUG [main] c.v.limits.service.LoadLimitService - Processing load request: id=20830, customer=477, amount=$3520.57, time=2000-01-14T14:15:58Z
2025-02-10 17:46:55 DEBUG [main] c.v.limits.service.LoadLimitService - Checking limits for time=2000-01-14T14:15:58Z, startOfWeek=2000-01-10T00:00Z, endOfWeek=2000-01-16T23:59:59.999999999Z
2025-02-10 17:46:55 DEBUG [main] c.v.limits.service.LoadLimitService - Weekly total for customer=477: current=7780.39, new=11300.96, limit=20000.00
2025-02-10 17:46:55 DEBUG [main] c.v.limits.service.LoadLimitService - Load saved successfully: id=20830, customer=477
2025-02-10 17:46:55 INFO  [main] c.v.limits.service.LoadLimitService - Load accepted: id=20830, customer=477, amount=$3520.57
2025-02-10 17:46:55 DEBUG [main] c.v.limits.service.LoadLimitService - Processing load request: id=19602, customer=290, amount=$669.22, time=2000-01-14T15:17:20Z
2025-02-10 17:46:55 DEBUG [main] c.v.limits.service.LoadLimitService - Checking limits for time=2000-01-14T15:17:20Z, startOfWeek=2000-01-10T00:00Z, endOfWeek=2000-01-16T23:59:59.999999999Z
2025-02-10 17:46:55 DEBUG [main] c.v.limits.service.LoadLimitService - Weekly total for customer=290: current=3582.84, new=4252.06, limit=20000.00
2025-02-10 17:46:55 DEBUG [main] c.v.limits.service.LoadLimitService - Load saved successfully: id=19602, customer=290
2025-02-10 17:46:55 INFO  [main] c.v.limits.service.LoadLimitService - Load accepted: id=19602, customer=290, amount=$669.22
2025-02-10 17:46:55 DEBUG [main] c.v.limits.service.LoadLimitService - Processing load request: id=14972, customer=528, amount=$1732.28, time=2000-01-14T16:18:42Z
2025-02-10 17:46:55 DEBUG [main] c.v.limits.service.LoadLimitService - Checking limits for time=2000-01-14T16:18:42Z, startOfWeek=2000-01-10T00:00Z, endOfWeek=2000-01-16T23:59:59.999999999Z
2025-02-10 17:46:55 DEBUG [main] c.v.limits.service.LoadLimitService - Weekly total for customer=528: current=0, new=1732.28, limit=20000.00
2025-02-10 17:46:55 DEBUG [main] c.v.limits.service.LoadLimitService - Load saved successfully: id=14972, customer=528
2025-02-10 17:46:55 INFO  [main] c.v.limits.service.LoadLimitService - Load accepted: id=14972, customer=528, amount=$1732.28
2025-02-10 17:46:55 DEBUG [main] c.v.limits.service.LoadLimitService - Processing load request: id=15605, customer=545, amount=$5631.18, time=2000-01-14T17:20:04Z
2025-02-10 17:46:55 DEBUG [main] c.v.limits.service.LoadLimitService - Checking limits for time=2000-01-14T17:20:04Z, startOfWeek=2000-01-10T00:00Z, endOfWeek=2000-01-16T23:59:59.999999999Z
2025-02-10 17:46:55 DEBUG [main] c.v.limits.service.LoadLimitService - Daily amount limit exceeded: customer=545, current=0, attempted=$5631.18
2025-02-10 17:46:55 WARN  [main] c.v.limits.service.LoadLimitService - Load rejected: id=15605, customer=545, amount=$5631.18 (limit exceeded)
2025-02-10 17:46:55 DEBUG [main] c.v.limits.service.LoadLimitService - Processing load request: id=30593, customer=596, amount=$4473.48, time=2000-01-14T18:21:26Z
2025-02-10 17:46:55 DEBUG [main] c.v.limits.service.LoadLimitService - Checking limits for time=2000-01-14T18:21:26Z, startOfWeek=2000-01-10T00:00Z, endOfWeek=2000-01-16T23:59:59.999999999Z
2025-02-10 17:46:55 DEBUG [main] c.v.limits.service.LoadLimitService - Weekly total for customer=596: current=2037.99, new=6511.47, limit=20000.00
2025-02-10 17:46:55 DEBUG [main] c.v.limits.service.LoadLimitService - Load saved successfully: id=30593, customer=596
2025-02-10 17:46:55 INFO  [main] c.v.limits.service.LoadLimitService - Load accepted: id=30593, customer=596, amount=$4473.48
2025-02-10 17:46:55 DEBUG [main] c.v.limits.service.LoadLimitService - Processing load request: id=24816, customer=426, amount=$1548.71, time=2000-01-14T19:22:48Z
2025-02-10 17:46:55 DEBUG [main] c.v.limits.service.LoadLimitService - Checking limits for time=2000-01-14T19:22:48Z, startOfWeek=2000-01-10T00:00Z, endOfWeek=2000-01-16T23:59:59.999999999Z
2025-02-10 17:46:55 DEBUG [main] c.v.limits.service.LoadLimitService - Weekly total for customer=426: current=0, new=1548.71, limit=20000.00
2025-02-10 17:46:55 DEBUG [main] c.v.limits.service.LoadLimitService - Load saved successfully: id=24816, customer=426
2025-02-10 17:46:55 INFO  [main] c.v.limits.service.LoadLimitService - Load accepted: id=24816, customer=426, amount=$1548.71
2025-02-10 17:46:55 DEBUG [main] c.v.limits.service.LoadLimitService - Processing load request: id=18076, customer=256, amount=$4064.81, time=2000-01-14T20:24:10Z
2025-02-10 17:46:55 DEBUG [main] c.v.limits.service.LoadLimitService - Checking limits for time=2000-01-14T20:24:10Z, startOfWeek=2000-01-10T00:00Z, endOfWeek=2000-01-16T23:59:59.999999999Z
2025-02-10 17:46:55 DEBUG [main] c.v.limits.service.LoadLimitService - Weekly total for customer=256: current=3271.98, new=7336.79, limit=20000.00
2025-02-10 17:46:55 DEBUG [main] c.v.limits.service.LoadLimitService - Load saved successfully: id=18076, customer=256
2025-02-10 17:46:55 INFO  [main] c.v.limits.service.LoadLimitService - Load accepted: id=18076, customer=256, amount=$4064.81
2025-02-10 17:46:55 DEBUG [main] c.v.limits.service.LoadLimitService - Processing load request: id=2641, customer=749, amount=$3305.09, time=2000-01-14T21:25:32Z
2025-02-10 17:46:55 DEBUG [main] c.v.limits.service.LoadLimitService - Checking limits for time=2000-01-14T21:25:32Z, startOfWeek=2000-01-10T00:00Z, endOfWeek=2000-01-16T23:59:59.999999999Z
2025-02-10 17:46:55 DEBUG [main] c.v.limits.service.LoadLimitService - Weekly total for customer=749: current=0, new=3305.09, limit=20000.00
2025-02-10 17:46:55 DEBUG [main] c.v.limits.service.LoadLimitService - Load saved successfully: id=2641, customer=749
2025-02-10 17:46:55 INFO  [main] c.v.limits.service.LoadLimitService - Load accepted: id=2641, customer=749, amount=$3305.09
2025-02-10 17:46:55 DEBUG [main] c.v.limits.service.LoadLimitService - Processing load request: id=31158, customer=239, amount=$4238.42, time=2000-01-14T22:26:54Z
2025-02-10 17:46:55 DEBUG [main] c.v.limits.service.LoadLimitService - Checking limits for time=2000-01-14T22:26:54Z, startOfWeek=2000-01-10T00:00Z, endOfWeek=2000-01-16T23:59:59.999999999Z
2025-02-10 17:46:55 DEBUG [main] c.v.limits.service.LoadLimitService - Weekly total for customer=239: current=2285.38, new=6523.80, limit=20000.00
2025-02-10 17:46:55 DEBUG [main] c.v.limits.service.LoadLimitService - Load saved successfully: id=31158, customer=239
2025-02-10 17:46:55 INFO  [main] c.v.limits.service.LoadLimitService - Load accepted: id=31158, customer=239, amount=$4238.42
2025-02-10 17:46:55 DEBUG [main] c.v.limits.service.LoadLimitService - Processing load request: id=12237, customer=681, amount=$988.21, time=2000-01-14T23:28:16Z
2025-02-10 17:46:55 DEBUG [main] c.v.limits.service.LoadLimitService - Checking limits for time=2000-01-14T23:28:16Z, startOfWeek=2000-01-10T00:00Z, endOfWeek=2000-01-16T23:59:59.999999999Z
2025-02-10 17:46:55 DEBUG [main] c.v.limits.service.LoadLimitService - Weekly total for customer=681: current=6110.19, new=7098.40, limit=20000.00
2025-02-10 17:46:55 DEBUG [main] c.v.limits.service.LoadLimitService - Load saved successfully: id=12237, customer=681
2025-02-10 17:46:55 INFO  [main] c.v.limits.service.LoadLimitService - Load accepted: id=12237, customer=681, amount=$988.21
2025-02-10 17:46:55 DEBUG [main] c.v.limits.service.LoadLimitService - Processing load request: id=20411, customer=749, amount=$2152.13, time=2000-01-15T00:29:38Z
2025-02-10 17:46:55 DEBUG [main] c.v.limits.service.LoadLimitService - Checking limits for time=2000-01-15T00:29:38Z, startOfWeek=2000-01-10T00:00Z, endOfWeek=2000-01-16T23:59:59.999999999Z
2025-02-10 17:46:55 DEBUG [main] c.v.limits.service.LoadLimitService - Weekly total for customer=749: current=3305.09, new=5457.22, limit=20000.00
2025-02-10 17:46:55 DEBUG [main] c.v.limits.service.LoadLimitService - Load saved successfully: id=20411, customer=749
2025-02-10 17:46:55 INFO  [main] c.v.limits.service.LoadLimitService - Load accepted: id=20411, customer=749, amount=$2152.13
2025-02-10 17:46:55 DEBUG [main] c.v.limits.service.LoadLimitService - Processing load request: id=9011, customer=409, amount=$2495.33, time=2000-01-15T01:31Z
2025-02-10 17:46:55 DEBUG [main] c.v.limits.service.LoadLimitService - Checking limits for time=2000-01-15T01:31Z, startOfWeek=2000-01-10T00:00Z, endOfWeek=2000-01-16T23:59:59.999999999Z
2025-02-10 17:46:55 DEBUG [main] c.v.limits.service.LoadLimitService - Weekly total for customer=409: current=3750.73, new=6246.06, limit=20000.00
2025-02-10 17:46:55 DEBUG [main] c.v.limits.service.LoadLimitService - Load saved successfully: id=9011, customer=409
2025-02-10 17:46:55 INFO  [main] c.v.limits.service.LoadLimitService - Load accepted: id=9011, customer=409, amount=$2495.33
2025-02-10 17:46:55 DEBUG [main] c.v.limits.service.LoadLimitService - Processing load request: id=20182, customer=715, amount=$2412.18, time=2000-01-15T02:32:22Z
2025-02-10 17:46:55 DEBUG [main] c.v.limits.service.LoadLimitService - Checking limits for time=2000-01-15T02:32:22Z, startOfWeek=2000-01-10T00:00Z, endOfWeek=2000-01-16T23:59:59.999999999Z
2025-02-10 17:46:55 DEBUG [main] c.v.limits.service.LoadLimitService - Weekly total for customer=715: current=0, new=2412.18, limit=20000.00
2025-02-10 17:46:55 DEBUG [main] c.v.limits.service.LoadLimitService - Load saved successfully: id=20182, customer=715
2025-02-10 17:46:55 INFO  [main] c.v.limits.service.LoadLimitService - Load accepted: id=20182, customer=715, amount=$2412.18
2025-02-10 17:46:55 DEBUG [main] c.v.limits.service.LoadLimitService - Processing load request: id=18470, customer=443, amount=$4555.70, time=2000-01-15T03:33:44Z
2025-02-10 17:46:55 DEBUG [main] c.v.limits.service.LoadLimitService - Checking limits for time=2000-01-15T03:33:44Z, startOfWeek=2000-01-10T00:00Z, endOfWeek=2000-01-16T23:59:59.999999999Z
2025-02-10 17:46:55 DEBUG [main] c.v.limits.service.LoadLimitService - Weekly total for customer=443: current=781.35, new=5337.05, limit=20000.00
2025-02-10 17:46:55 DEBUG [main] c.v.limits.service.LoadLimitService - Load saved successfully: id=18470, customer=443
2025-02-10 17:46:55 INFO  [main] c.v.limits.service.LoadLimitService - Load accepted: id=18470, customer=443, amount=$4555.70
2025-02-10 17:46:55 DEBUG [main] c.v.limits.service.LoadLimitService - Processing load request: id=21185, customer=205, amount=$4634.29, time=2000-01-15T04:35:06Z
2025-02-10 17:46:55 DEBUG [main] c.v.limits.service.LoadLimitService - Checking limits for time=2000-01-15T04:35:06Z, startOfWeek=2000-01-10T00:00Z, endOfWeek=2000-01-16T23:59:59.999999999Z
2025-02-10 17:46:55 DEBUG [main] c.v.limits.service.LoadLimitService - Weekly total for customer=205: current=7254.32, new=11888.61, limit=20000.00
2025-02-10 17:46:55 DEBUG [main] c.v.limits.service.LoadLimitService - Load saved successfully: id=21185, customer=205
2025-02-10 17:46:55 INFO  [main] c.v.limits.service.LoadLimitService - Load accepted: id=21185, customer=205, amount=$4634.29
2025-02-10 17:46:55 DEBUG [main] c.v.limits.service.LoadLimitService - Processing load request: id=10822, customer=222, amount=$3495.51, time=2000-01-15T05:36:28Z
2025-02-10 17:46:55 DEBUG [main] c.v.limits.service.LoadLimitService - Checking limits for time=2000-01-15T05:36:28Z, startOfWeek=2000-01-10T00:00Z, endOfWeek=2000-01-16T23:59:59.999999999Z
2025-02-10 17:46:55 DEBUG [main] c.v.limits.service.LoadLimitService - Weekly total for customer=222: current=6677.79, new=10173.30, limit=20000.00
2025-02-10 17:46:55 DEBUG [main] c.v.limits.service.LoadLimitService - Load saved successfully: id=10822, customer=222
2025-02-10 17:46:55 INFO  [main] c.v.limits.service.LoadLimitService - Load accepted: id=10822, customer=222, amount=$3495.51
2025-02-10 17:46:55 DEBUG [main] c.v.limits.service.LoadLimitService - Processing load request: id=8964, customer=120, amount=$5350.82, time=2000-01-15T06:37:50Z
2025-02-10 17:46:55 DEBUG [main] c.v.limits.service.LoadLimitService - Checking limits for time=2000-01-15T06:37:50Z, startOfWeek=2000-01-10T00:00Z, endOfWeek=2000-01-16T23:59:59.999999999Z
2025-02-10 17:46:55 DEBUG [main] c.v.limits.service.LoadLimitService - Daily amount limit exceeded: customer=120, current=0, attempted=$5350.82
2025-02-10 17:46:55 WARN  [main] c.v.limits.service.LoadLimitService - Load rejected: id=8964, customer=120, amount=$5350.82 (limit exceeded)
2025-02-10 17:46:55 DEBUG [main] c.v.limits.service.LoadLimitService - Processing load request: id=9154, customer=35, amount=$1535.73, time=2000-01-15T07:39:12Z
2025-02-10 17:46:55 DEBUG [main] c.v.limits.service.LoadLimitService - Checking limits for time=2000-01-15T07:39:12Z, startOfWeek=2000-01-10T00:00Z, endOfWeek=2000-01-16T23:59:59.999999999Z
2025-02-10 17:46:55 DEBUG [main] c.v.limits.service.LoadLimitService - Weekly total for customer=35: current=2327.80, new=3863.53, limit=20000.00
2025-02-10 17:46:55 DEBUG [main] c.v.limits.service.LoadLimitService - Load saved successfully: id=9154, customer=35
2025-02-10 17:46:55 INFO  [main] c.v.limits.service.LoadLimitService - Load accepted: id=9154, customer=35, amount=$1535.73
2025-02-10 17:46:55 DEBUG [main] c.v.limits.service.LoadLimitService - Processing load request: id=20529, customer=800, amount=$1427.85, time=2000-01-15T08:40:34Z
2025-02-10 17:46:55 DEBUG [main] c.v.limits.service.LoadLimitService - Checking limits for time=2000-01-15T08:40:34Z, startOfWeek=2000-01-10T00:00Z, endOfWeek=2000-01-16T23:59:59.999999999Z
2025-02-10 17:46:55 DEBUG [main] c.v.limits.service.LoadLimitService - Weekly total for customer=800: current=8851.97, new=10279.82, limit=20000.00
2025-02-10 17:46:55 DEBUG [main] c.v.limits.service.LoadLimitService - Load saved successfully: id=20529, customer=800
2025-02-10 17:46:55 INFO  [main] c.v.limits.service.LoadLimitService - Load accepted: id=20529, customer=800, amount=$1427.85
2025-02-10 17:46:55 DEBUG [main] c.v.limits.service.LoadLimitService - Processing load request: id=5349, customer=579, amount=$2021.59, time=2000-01-15T09:41:56Z
2025-02-10 17:46:55 DEBUG [main] c.v.limits.service.LoadLimitService - Checking limits for time=2000-01-15T09:41:56Z, startOfWeek=2000-01-10T00:00Z, endOfWeek=2000-01-16T23:59:59.999999999Z
2025-02-10 17:46:55 DEBUG [main] c.v.limits.service.LoadLimitService - Weekly total for customer=579: current=4101.62, new=6123.21, limit=20000.00
2025-02-10 17:46:55 DEBUG [main] c.v.limits.service.LoadLimitService - Load saved successfully: id=5349, customer=579
2025-02-10 17:46:55 INFO  [main] c.v.limits.service.LoadLimitService - Load accepted: id=5349, customer=579, amount=$2021.59
2025-02-10 17:46:55 DEBUG [main] c.v.limits.service.LoadLimitService - Processing load request: id=22496, customer=290, amount=$5576.00, time=2000-01-15T10:43:18Z
2025-02-10 17:46:55 DEBUG [main] c.v.limits.service.LoadLimitService - Checking limits for time=2000-01-15T10:43:18Z, startOfWeek=2000-01-10T00:00Z, endOfWeek=2000-01-16T23:59:59.999999999Z
2025-02-10 17:46:55 DEBUG [main] c.v.limits.service.LoadLimitService - Daily amount limit exceeded: customer=290, current=0, attempted=$5576.00
2025-02-10 17:46:55 WARN  [main] c.v.limits.service.LoadLimitService - Load rejected: id=22496, customer=290, amount=$5576.00 (limit exceeded)
2025-02-10 17:46:55 DEBUG [main] c.v.limits.service.LoadLimitService - Processing load request: id=12972, customer=375, amount=$1151.70, time=2000-01-15T11:44:40Z
2025-02-10 17:46:55 DEBUG [main] c.v.limits.service.LoadLimitService - Checking limits for time=2000-01-15T11:44:40Z, startOfWeek=2000-01-10T00:00Z, endOfWeek=2000-01-16T23:59:59.999999999Z
2025-02-10 17:46:55 DEBUG [main] c.v.limits.service.LoadLimitService - Weekly total for customer=375: current=4879.76, new=6031.46, limit=20000.00
2025-02-10 17:46:55 DEBUG [main] c.v.limits.service.LoadLimitService - Load saved successfully: id=12972, customer=375
2025-02-10 17:46:55 INFO  [main] c.v.limits.service.LoadLimitService - Load accepted: id=12972, customer=375, amount=$1151.70
2025-02-10 17:46:55 DEBUG [main] c.v.limits.service.LoadLimitService - Processing load request: id=7893, customer=817, amount=$3316.09, time=2000-01-15T12:46:02Z
2025-02-10 17:46:55 DEBUG [main] c.v.limits.service.LoadLimitService - Checking limits for time=2000-01-15T12:46:02Z, startOfWeek=2000-01-10T00:00Z, endOfWeek=2000-01-16T23:59:59.999999999Z
2025-02-10 17:46:55 DEBUG [main] c.v.limits.service.LoadLimitService - Weekly total for customer=817: current=12534.91, new=15851.00, limit=20000.00
2025-02-10 17:46:55 DEBUG [main] c.v.limits.service.LoadLimitService - Load saved successfully: id=7893, customer=817
2025-02-10 17:46:55 INFO  [main] c.v.limits.service.LoadLimitService - Load accepted: id=7893, customer=817, amount=$3316.09
2025-02-10 17:46:55 DEBUG [main] c.v.limits.service.LoadLimitService - Processing load request: id=16934, customer=766, amount=$201.42, time=2000-01-15T13:47:24Z
2025-02-10 17:46:55 DEBUG [main] c.v.limits.service.LoadLimitService - Checking limits for time=2000-01-15T13:47:24Z, startOfWeek=2000-01-10T00:00Z, endOfWeek=2000-01-16T23:59:59.999999999Z
2025-02-10 17:46:55 DEBUG [main] c.v.limits.service.LoadLimitService - Weekly total for customer=766: current=176.35, new=377.77, limit=20000.00
2025-02-10 17:46:55 DEBUG [main] c.v.limits.service.LoadLimitService - Load saved successfully: id=16934, customer=766
2025-02-10 17:46:55 INFO  [main] c.v.limits.service.LoadLimitService - Load accepted: id=16934, customer=766, amount=$201.42
2025-02-10 17:46:55 DEBUG [main] c.v.limits.service.LoadLimitService - Processing load request: id=28775, customer=86, amount=$4692.54, time=2000-01-15T14:48:46Z
2025-02-10 17:46:55 DEBUG [main] c.v.limits.service.LoadLimitService - Checking limits for time=2000-01-15T14:48:46Z, startOfWeek=2000-01-10T00:00Z, endOfWeek=2000-01-16T23:59:59.999999999Z
2025-02-10 17:46:55 DEBUG [main] c.v.limits.service.LoadLimitService - Weekly total for customer=86: current=4591.05, new=9283.59, limit=20000.00
2025-02-10 17:46:55 DEBUG [main] c.v.limits.service.LoadLimitService - Load saved successfully: id=28775, customer=86
2025-02-10 17:46:55 INFO  [main] c.v.limits.service.LoadLimitService - Load accepted: id=28775, customer=86, amount=$4692.54
2025-02-10 17:46:55 DEBUG [main] c.v.limits.service.LoadLimitService - Processing load request: id=1827, customer=698, amount=$971.86, time=2000-01-15T15:50:08Z
2025-02-10 17:46:55 DEBUG [main] c.v.limits.service.LoadLimitService - Checking limits for time=2000-01-15T15:50:08Z, startOfWeek=2000-01-10T00:00Z, endOfWeek=2000-01-16T23:59:59.999999999Z
2025-02-10 17:46:55 DEBUG [main] c.v.limits.service.LoadLimitService - Weekly total for customer=698: current=2104.44, new=3076.30, limit=20000.00
2025-02-10 17:46:55 DEBUG [main] c.v.limits.service.LoadLimitService - Load saved successfully: id=1827, customer=698
2025-02-10 17:46:55 INFO  [main] c.v.limits.service.LoadLimitService - Load accepted: id=1827, customer=698, amount=$971.86
2025-02-10 17:46:55 DEBUG [main] c.v.limits.service.LoadLimitService - Processing load request: id=31916, customer=766, amount=$2190.43, time=2000-01-15T16:51:30Z
2025-02-10 17:46:55 DEBUG [main] c.v.limits.service.LoadLimitService - Checking limits for time=2000-01-15T16:51:30Z, startOfWeek=2000-01-10T00:00Z, endOfWeek=2000-01-16T23:59:59.999999999Z
2025-02-10 17:46:55 DEBUG [main] c.v.limits.service.LoadLimitService - Weekly total for customer=766: current=377.77, new=2568.20, limit=20000.00
2025-02-10 17:46:55 DEBUG [main] c.v.limits.service.LoadLimitService - Load saved successfully: id=31916, customer=766
2025-02-10 17:46:55 INFO  [main] c.v.limits.service.LoadLimitService - Load accepted: id=31916, customer=766, amount=$2190.43
2025-02-10 17:46:55 DEBUG [main] c.v.limits.service.LoadLimitService - Processing load request: id=18610, customer=715, amount=$1523.55, time=2000-01-15T17:52:52Z
2025-02-10 17:46:55 DEBUG [main] c.v.limits.service.LoadLimitService - Checking limits for time=2000-01-15T17:52:52Z, startOfWeek=2000-01-10T00:00Z, endOfWeek=2000-01-16T23:59:59.999999999Z
2025-02-10 17:46:55 DEBUG [main] c.v.limits.service.LoadLimitService - Weekly total for customer=715: current=2412.18, new=3935.73, limit=20000.00
2025-02-10 17:46:55 DEBUG [main] c.v.limits.service.LoadLimitService - Load saved successfully: id=18610, customer=715
2025-02-10 17:46:55 INFO  [main] c.v.limits.service.LoadLimitService - Load accepted: id=18610, customer=715, amount=$1523.55
2025-02-10 17:46:55 DEBUG [main] c.v.limits.service.LoadLimitService - Processing load request: id=25203, customer=732, amount=$5970.17, time=2000-01-15T18:54:14Z
2025-02-10 17:46:55 DEBUG [main] c.v.limits.service.LoadLimitService - Checking limits for time=2000-01-15T18:54:14Z, startOfWeek=2000-01-10T00:00Z, endOfWeek=2000-01-16T23:59:59.999999999Z
2025-02-10 17:46:55 DEBUG [main] c.v.limits.service.LoadLimitService - Daily amount limit exceeded: customer=732, current=0, attempted=$5970.17
2025-02-10 17:46:55 WARN  [main] c.v.limits.service.LoadLimitService - Load rejected: id=25203, customer=732, amount=$5970.17 (limit exceeded)
2025-02-10 17:46:55 DEBUG [main] c.v.limits.service.LoadLimitService - Processing load request: id=23929, customer=69, amount=$342.20, time=2000-01-15T19:55:36Z
2025-02-10 17:46:55 DEBUG [main] c.v.limits.service.LoadLimitService - Checking limits for time=2000-01-15T19:55:36Z, startOfWeek=2000-01-10T00:00Z, endOfWeek=2000-01-16T23:59:59.999999999Z
2025-02-10 17:46:55 DEBUG [main] c.v.limits.service.LoadLimitService - Weekly total for customer=69: current=4894.69, new=5236.89, limit=20000.00
2025-02-10 17:46:55 DEBUG [main] c.v.limits.service.LoadLimitService - Load saved successfully: id=23929, customer=69
2025-02-10 17:46:55 INFO  [main] c.v.limits.service.LoadLimitService - Load accepted: id=23929, customer=69, amount=$342.20
2025-02-10 17:46:55 DEBUG [main] c.v.limits.service.LoadLimitService - Processing load request: id=28437, customer=681, amount=$5048.82, time=2000-01-15T20:56:58Z
2025-02-10 17:46:55 DEBUG [main] c.v.limits.service.LoadLimitService - Checking limits for time=2000-01-15T20:56:58Z, startOfWeek=2000-01-10T00:00Z, endOfWeek=2000-01-16T23:59:59.999999999Z
2025-02-10 17:46:55 DEBUG [main] c.v.limits.service.LoadLimitService - Daily amount limit exceeded: customer=681, current=0, attempted=$5048.82
2025-02-10 17:46:55 WARN  [main] c.v.limits.service.LoadLimitService - Load rejected: id=28437, customer=681, amount=$5048.82 (limit exceeded)
2025-02-10 17:46:55 DEBUG [main] c.v.limits.service.LoadLimitService - Processing load request: id=5140, customer=52, amount=$1390.03, time=2000-01-15T21:58:20Z
2025-02-10 17:46:55 DEBUG [main] c.v.limits.service.LoadLimitService - Checking limits for time=2000-01-15T21:58:20Z, startOfWeek=2000-01-10T00:00Z, endOfWeek=2000-01-16T23:59:59.999999999Z
2025-02-10 17:46:55 DEBUG [main] c.v.limits.service.LoadLimitService - Weekly total for customer=52: current=749.47, new=2139.50, limit=20000.00
2025-02-10 17:46:55 DEBUG [main] c.v.limits.service.LoadLimitService - Load saved successfully: id=5140, customer=52
2025-02-10 17:46:55 INFO  [main] c.v.limits.service.LoadLimitService - Load accepted: id=5140, customer=52, amount=$1390.03
2025-02-10 17:46:55 DEBUG [main] c.v.limits.service.LoadLimitService - Processing load request: id=11526, customer=766, amount=$126.03, time=2000-01-15T22:59:42Z
2025-02-10 17:46:55 DEBUG [main] c.v.limits.service.LoadLimitService - Checking limits for time=2000-01-15T22:59:42Z, startOfWeek=2000-01-10T00:00Z, endOfWeek=2000-01-16T23:59:59.999999999Z
2025-02-10 17:46:55 DEBUG [main] c.v.limits.service.LoadLimitService - Weekly total for customer=766: current=2568.20, new=2694.23, limit=20000.00
2025-02-10 17:46:55 DEBUG [main] c.v.limits.service.LoadLimitService - Load saved successfully: id=11526, customer=766
2025-02-10 17:46:55 INFO  [main] c.v.limits.service.LoadLimitService - Load accepted: id=11526, customer=766, amount=$126.03
2025-02-10 17:46:55 DEBUG [main] c.v.limits.service.LoadLimitService - Processing load request: id=13865, customer=715, amount=$4377.22, time=2000-01-16T00:01:04Z
2025-02-10 17:46:55 DEBUG [main] c.v.limits.service.LoadLimitService - Checking limits for time=2000-01-16T00:01:04Z, startOfWeek=2000-01-10T00:00Z, endOfWeek=2000-01-16T23:59:59.999999999Z
2025-02-10 17:46:55 DEBUG [main] c.v.limits.service.LoadLimitService - Weekly total for customer=715: current=3935.73, new=8312.95, limit=20000.00
2025-02-10 17:46:55 DEBUG [main] c.v.limits.service.LoadLimitService - Load saved successfully: id=13865, customer=715
2025-02-10 17:46:55 INFO  [main] c.v.limits.service.LoadLimitService - Load accepted: id=13865, customer=715, amount=$4377.22
2025-02-10 17:46:55 DEBUG [main] c.v.limits.service.LoadLimitService - Processing load request: id=2192, customer=35, amount=$1035.99, time=2000-01-16T01:02:26Z
2025-02-10 17:46:55 DEBUG [main] c.v.limits.service.LoadLimitService - Checking limits for time=2000-01-16T01:02:26Z, startOfWeek=2000-01-10T00:00Z, endOfWeek=2000-01-16T23:59:59.999999999Z
2025-02-10 17:46:55 DEBUG [main] c.v.limits.service.LoadLimitService - Weekly total for customer=35: current=3863.53, new=4899.52, limit=20000.00
2025-02-10 17:46:55 DEBUG [main] c.v.limits.service.LoadLimitService - Load saved successfully: id=2192, customer=35
2025-02-10 17:46:55 INFO  [main] c.v.limits.service.LoadLimitService - Load accepted: id=2192, customer=35, amount=$1035.99
2025-02-10 17:46:55 DEBUG [main] c.v.limits.service.LoadLimitService - Processing load request: id=23481, customer=647, amount=$3374.87, time=2000-01-16T02:03:48Z
2025-02-10 17:46:55 DEBUG [main] c.v.limits.service.LoadLimitService - Checking limits for time=2000-01-16T02:03:48Z, startOfWeek=2000-01-10T00:00Z, endOfWeek=2000-01-16T23:59:59.999999999Z
2025-02-10 17:46:55 DEBUG [main] c.v.limits.service.LoadLimitService - Weekly total for customer=647: current=8389.57, new=11764.44, limit=20000.00
2025-02-10 17:46:55 DEBUG [main] c.v.limits.service.LoadLimitService - Load saved successfully: id=23481, customer=647
2025-02-10 17:46:55 INFO  [main] c.v.limits.service.LoadLimitService - Load accepted: id=23481, customer=647, amount=$3374.87
2025-02-10 17:46:55 DEBUG [main] c.v.limits.service.LoadLimitService - Processing load request: id=25684, customer=647, amount=$4090.06, time=2000-01-16T03:05:10Z
2025-02-10 17:46:55 DEBUG [main] c.v.limits.service.LoadLimitService - Checking limits for time=2000-01-16T03:05:10Z, startOfWeek=2000-01-10T00:00Z, endOfWeek=2000-01-16T23:59:59.999999999Z
2025-02-10 17:46:55 DEBUG [main] c.v.limits.service.LoadLimitService - Daily amount limit exceeded: customer=647, current=3374.87, attempted=$4090.06
2025-02-10 17:46:55 WARN  [main] c.v.limits.service.LoadLimitService - Load rejected: id=25684, customer=647, amount=$4090.06 (limit exceeded)
2025-02-10 17:46:55 DEBUG [main] c.v.limits.service.LoadLimitService - Processing load request: id=28467, customer=579, amount=$3095.65, time=2000-01-16T04:06:32Z
2025-02-10 17:46:55 DEBUG [main] c.v.limits.service.LoadLimitService - Checking limits for time=2000-01-16T04:06:32Z, startOfWeek=2000-01-10T00:00Z, endOfWeek=2000-01-16T23:59:59.999999999Z
2025-02-10 17:46:55 DEBUG [main] c.v.limits.service.LoadLimitService - Weekly total for customer=579: current=6123.21, new=9218.86, limit=20000.00
2025-02-10 17:46:55 DEBUG [main] c.v.limits.service.LoadLimitService - Load saved successfully: id=28467, customer=579
2025-02-10 17:46:55 INFO  [main] c.v.limits.service.LoadLimitService - Load accepted: id=28467, customer=579, amount=$3095.65
2025-02-10 17:46:55 DEBUG [main] c.v.limits.service.LoadLimitService - Processing load request: id=28306, customer=426, amount=$3584.66, time=2000-01-16T05:07:54Z
2025-02-10 17:46:55 DEBUG [main] c.v.limits.service.LoadLimitService - Checking limits for time=2000-01-16T05:07:54Z, startOfWeek=2000-01-10T00:00Z, endOfWeek=2000-01-16T23:59:59.999999999Z
2025-02-10 17:46:55 DEBUG [main] c.v.limits.service.LoadLimitService - Weekly total for customer=426: current=1548.71, new=5133.37, limit=20000.00
2025-02-10 17:46:55 DEBUG [main] c.v.limits.service.LoadLimitService - Load saved successfully: id=28306, customer=426
2025-02-10 17:46:55 INFO  [main] c.v.limits.service.LoadLimitService - Load accepted: id=28306, customer=426, amount=$3584.66
2025-02-10 17:46:55 DEBUG [main] c.v.limits.service.LoadLimitService - Processing load request: id=24527, customer=273, amount=$3059.42, time=2000-01-16T06:09:16Z
2025-02-10 17:46:55 DEBUG [main] c.v.limits.service.LoadLimitService - Checking limits for time=2000-01-16T06:09:16Z, startOfWeek=2000-01-10T00:00Z, endOfWeek=2000-01-16T23:59:59.999999999Z
2025-02-10 17:46:55 DEBUG [main] c.v.limits.service.LoadLimitService - Weekly total for customer=273: current=4675.74, new=7735.16, limit=20000.00
2025-02-10 17:46:55 DEBUG [main] c.v.limits.service.LoadLimitService - Load saved successfully: id=24527, customer=273
2025-02-10 17:46:55 INFO  [main] c.v.limits.service.LoadLimitService - Load accepted: id=24527, customer=273, amount=$3059.42
2025-02-10 17:46:55 DEBUG [main] c.v.limits.service.LoadLimitService - Processing load request: id=28107, customer=358, amount=$3340.86, time=2000-01-16T07:10:38Z
2025-02-10 17:46:55 DEBUG [main] c.v.limits.service.LoadLimitService - Checking limits for time=2000-01-16T07:10:38Z, startOfWeek=2000-01-10T00:00Z, endOfWeek=2000-01-16T23:59:59.999999999Z
2025-02-10 17:46:55 DEBUG [main] c.v.limits.service.LoadLimitService - Weekly total for customer=358: current=583.14, new=3924.00, limit=20000.00
2025-02-10 17:46:55 DEBUG [main] c.v.limits.service.LoadLimitService - Load saved successfully: id=28107, customer=358
2025-02-10 17:46:55 INFO  [main] c.v.limits.service.LoadLimitService - Load accepted: id=28107, customer=358, amount=$3340.86
2025-02-10 17:46:55 DEBUG [main] c.v.limits.service.LoadLimitService - Processing load request: id=20805, customer=86, amount=$4920.55, time=2000-01-16T08:12Z
2025-02-10 17:46:55 DEBUG [main] c.v.limits.service.LoadLimitService - Checking limits for time=2000-01-16T08:12Z, startOfWeek=2000-01-10T00:00Z, endOfWeek=2000-01-16T23:59:59.999999999Z
2025-02-10 17:46:55 DEBUG [main] c.v.limits.service.LoadLimitService - Weekly total for customer=86: current=9283.59, new=14204.14, limit=20000.00
2025-02-10 17:46:55 DEBUG [main] c.v.limits.service.LoadLimitService - Load saved successfully: id=20805, customer=86
2025-02-10 17:46:55 INFO  [main] c.v.limits.service.LoadLimitService - Load accepted: id=20805, customer=86, amount=$4920.55
2025-02-10 17:46:55 DEBUG [main] c.v.limits.service.LoadLimitService - Processing load request: id=17513, customer=511, amount=$4917.12, time=2000-01-16T09:13:22Z
2025-02-10 17:46:55 DEBUG [main] c.v.limits.service.LoadLimitService - Checking limits for time=2000-01-16T09:13:22Z, startOfWeek=2000-01-10T00:00Z, endOfWeek=2000-01-16T23:59:59.999999999Z
2025-02-10 17:46:55 DEBUG [main] c.v.limits.service.LoadLimitService - Weekly total for customer=511: current=4205.62, new=9122.74, limit=20000.00
2025-02-10 17:46:55 DEBUG [main] c.v.limits.service.LoadLimitService - Load saved successfully: id=17513, customer=511
2025-02-10 17:46:55 INFO  [main] c.v.limits.service.LoadLimitService - Load accepted: id=17513, customer=511, amount=$4917.12
2025-02-10 17:46:55 DEBUG [main] c.v.limits.service.LoadLimitService - Processing load request: id=16075, customer=171, amount=$3449.83, time=2000-01-16T10:14:44Z
2025-02-10 17:46:55 DEBUG [main] c.v.limits.service.LoadLimitService - Checking limits for time=2000-01-16T10:14:44Z, startOfWeek=2000-01-10T00:00Z, endOfWeek=2000-01-16T23:59:59.999999999Z
2025-02-10 17:46:55 DEBUG [main] c.v.limits.service.LoadLimitService - Weekly total for customer=171: current=11916.30, new=15366.13, limit=20000.00
2025-02-10 17:46:55 DEBUG [main] c.v.limits.service.LoadLimitService - Load saved successfully: id=16075, customer=171
2025-02-10 17:46:55 INFO  [main] c.v.limits.service.LoadLimitService - Load accepted: id=16075, customer=171, amount=$3449.83
2025-02-10 17:46:55 DEBUG [main] c.v.limits.service.LoadLimitService - Processing load request: id=10912, customer=273, amount=$4654.18, time=2000-01-16T11:16:06Z
2025-02-10 17:46:55 DEBUG [main] c.v.limits.service.LoadLimitService - Checking limits for time=2000-01-16T11:16:06Z, startOfWeek=2000-01-10T00:00Z, endOfWeek=2000-01-16T23:59:59.999999999Z
2025-02-10 17:46:55 DEBUG [main] c.v.limits.service.LoadLimitService - Daily amount limit exceeded: customer=273, current=3059.42, attempted=$4654.18
2025-02-10 17:46:55 WARN  [main] c.v.limits.service.LoadLimitService - Load rejected: id=10912, customer=273, amount=$4654.18 (limit exceeded)
2025-02-10 17:46:55 DEBUG [main] c.v.limits.service.LoadLimitService - Processing load request: id=7488, customer=494, amount=$2416.97, time=2000-01-16T12:17:28Z
2025-02-10 17:46:55 DEBUG [main] c.v.limits.service.LoadLimitService - Checking limits for time=2000-01-16T12:17:28Z, startOfWeek=2000-01-10T00:00Z, endOfWeek=2000-01-16T23:59:59.999999999Z
2025-02-10 17:46:55 DEBUG [main] c.v.limits.service.LoadLimitService - Weekly total for customer=494: current=7901.88, new=10318.85, limit=20000.00
2025-02-10 17:46:55 DEBUG [main] c.v.limits.service.LoadLimitService - Load saved successfully: id=7488, customer=494
2025-02-10 17:46:55 INFO  [main] c.v.limits.service.LoadLimitService - Load accepted: id=7488, customer=494, amount=$2416.97
2025-02-10 17:46:55 DEBUG [main] c.v.limits.service.LoadLimitService - Processing load request: id=10083, customer=545, amount=$3580.90, time=2000-01-16T13:18:50Z
2025-02-10 17:46:55 DEBUG [main] c.v.limits.service.LoadLimitService - Checking limits for time=2000-01-16T13:18:50Z, startOfWeek=2000-01-10T00:00Z, endOfWeek=2000-01-16T23:59:59.999999999Z
2025-02-10 17:46:55 DEBUG [main] c.v.limits.service.LoadLimitService - Weekly total for customer=545: current=0, new=3580.90, limit=20000.00
2025-02-10 17:46:55 DEBUG [main] c.v.limits.service.LoadLimitService - Load saved successfully: id=10083, customer=545
2025-02-10 17:46:55 INFO  [main] c.v.limits.service.LoadLimitService - Load accepted: id=10083, customer=545, amount=$3580.90
2025-02-10 17:46:55 DEBUG [main] c.v.limits.service.LoadLimitService - Processing load request: id=24269, customer=800, amount=$1257.84, time=2000-01-16T14:20:12Z
2025-02-10 17:46:55 DEBUG [main] c.v.limits.service.LoadLimitService - Checking limits for time=2000-01-16T14:20:12Z, startOfWeek=2000-01-10T00:00Z, endOfWeek=2000-01-16T23:59:59.999999999Z
2025-02-10 17:46:55 DEBUG [main] c.v.limits.service.LoadLimitService - Weekly total for customer=800: current=10279.82, new=11537.66, limit=20000.00
2025-02-10 17:46:55 DEBUG [main] c.v.limits.service.LoadLimitService - Load saved successfully: id=24269, customer=800
2025-02-10 17:46:55 INFO  [main] c.v.limits.service.LoadLimitService - Load accepted: id=24269, customer=800, amount=$1257.84
2025-02-10 17:46:55 DEBUG [main] c.v.limits.service.LoadLimitService - Processing load request: id=17359, customer=358, amount=$5216.21, time=2000-01-16T15:21:34Z
2025-02-10 17:46:55 DEBUG [main] c.v.limits.service.LoadLimitService - Checking limits for time=2000-01-16T15:21:34Z, startOfWeek=2000-01-10T00:00Z, endOfWeek=2000-01-16T23:59:59.999999999Z
2025-02-10 17:46:55 DEBUG [main] c.v.limits.service.LoadLimitService - Daily amount limit exceeded: customer=358, current=3340.86, attempted=$5216.21
2025-02-10 17:46:55 WARN  [main] c.v.limits.service.LoadLimitService - Load rejected: id=17359, customer=358, amount=$5216.21 (limit exceeded)
2025-02-10 17:46:55 DEBUG [main] c.v.limits.service.LoadLimitService - Processing load request: id=4555, customer=749, amount=$2554.91, time=2000-01-16T16:22:56Z
2025-02-10 17:46:55 DEBUG [main] c.v.limits.service.LoadLimitService - Checking limits for time=2000-01-16T16:22:56Z, startOfWeek=2000-01-10T00:00Z, endOfWeek=2000-01-16T23:59:59.999999999Z
2025-02-10 17:46:55 DEBUG [main] c.v.limits.service.LoadLimitService - Weekly total for customer=749: current=5457.22, new=8012.13, limit=20000.00
2025-02-10 17:46:55 DEBUG [main] c.v.limits.service.LoadLimitService - Load saved successfully: id=4555, customer=749
2025-02-10 17:46:55 INFO  [main] c.v.limits.service.LoadLimitService - Load accepted: id=4555, customer=749, amount=$2554.91
2025-02-10 17:46:55 DEBUG [main] c.v.limits.service.LoadLimitService - Processing load request: id=20574, customer=222, amount=$2812.83, time=2000-01-16T17:24:18Z
2025-02-10 17:46:55 DEBUG [main] c.v.limits.service.LoadLimitService - Checking limits for time=2000-01-16T17:24:18Z, startOfWeek=2000-01-10T00:00Z, endOfWeek=2000-01-16T23:59:59.999999999Z
2025-02-10 17:46:55 DEBUG [main] c.v.limits.service.LoadLimitService - Weekly total for customer=222: current=10173.30, new=12986.13, limit=20000.00
2025-02-10 17:46:55 DEBUG [main] c.v.limits.service.LoadLimitService - Load saved successfully: id=20574, customer=222
2025-02-10 17:46:55 INFO  [main] c.v.limits.service.LoadLimitService - Load accepted: id=20574, customer=222, amount=$2812.83
2025-02-10 17:46:55 DEBUG [main] c.v.limits.service.LoadLimitService - Processing load request: id=17709, customer=800, amount=$5235.81, time=2000-01-16T18:25:40Z
2025-02-10 17:46:55 DEBUG [main] c.v.limits.service.LoadLimitService - Checking limits for time=2000-01-16T18:25:40Z, startOfWeek=2000-01-10T00:00Z, endOfWeek=2000-01-16T23:59:59.999999999Z
2025-02-10 17:46:55 DEBUG [main] c.v.limits.service.LoadLimitService - Daily amount limit exceeded: customer=800, current=1257.84, attempted=$5235.81
2025-02-10 17:46:55 WARN  [main] c.v.limits.service.LoadLimitService - Load rejected: id=17709, customer=800, amount=$5235.81 (limit exceeded)
2025-02-10 17:46:55 DEBUG [main] c.v.limits.service.LoadLimitService - Processing load request: id=20025, customer=86, amount=$4300.02, time=2000-01-16T19:27:02Z
2025-02-10 17:46:55 DEBUG [main] c.v.limits.service.LoadLimitService - Checking limits for time=2000-01-16T19:27:02Z, startOfWeek=2000-01-10T00:00Z, endOfWeek=2000-01-16T23:59:59.999999999Z
2025-02-10 17:46:55 DEBUG [main] c.v.limits.service.LoadLimitService - Daily amount limit exceeded: customer=86, current=4920.55, attempted=$4300.02
2025-02-10 17:46:55 WARN  [main] c.v.limits.service.LoadLimitService - Load rejected: id=20025, customer=86, amount=$4300.02 (limit exceeded)
2025-02-10 17:46:55 DEBUG [main] c.v.limits.service.LoadLimitService - Processing load request: id=16192, customer=528, amount=$3903.74, time=2000-01-16T20:28:24Z
2025-02-10 17:46:55 DEBUG [main] c.v.limits.service.LoadLimitService - Checking limits for time=2000-01-16T20:28:24Z, startOfWeek=2000-01-10T00:00Z, endOfWeek=2000-01-16T23:59:59.999999999Z
2025-02-10 17:46:55 DEBUG [main] c.v.limits.service.LoadLimitService - Weekly total for customer=528: current=1732.28, new=5636.02, limit=20000.00
2025-02-10 17:46:55 DEBUG [main] c.v.limits.service.LoadLimitService - Load saved successfully: id=16192, customer=528
2025-02-10 17:46:55 INFO  [main] c.v.limits.service.LoadLimitService - Load accepted: id=16192, customer=528, amount=$3903.74
2025-02-10 17:46:55 DEBUG [main] c.v.limits.service.LoadLimitService - Processing load request: id=21107, customer=171, amount=$3072.87, time=2000-01-16T21:29:46Z
2025-02-10 17:46:55 DEBUG [main] c.v.limits.service.LoadLimitService - Checking limits for time=2000-01-16T21:29:46Z, startOfWeek=2000-01-10T00:00Z, endOfWeek=2000-01-16T23:59:59.999999999Z
2025-02-10 17:46:55 DEBUG [main] c.v.limits.service.LoadLimitService - Daily amount limit exceeded: customer=171, current=3449.83, attempted=$3072.87
2025-02-10 17:46:55 WARN  [main] c.v.limits.service.LoadLimitService - Load rejected: id=21107, customer=171, amount=$3072.87 (limit exceeded)
2025-02-10 17:46:55 DEBUG [main] c.v.limits.service.LoadLimitService - Processing load request: id=18680, customer=358, amount=$2383.41, time=2000-01-16T22:31:08Z
2025-02-10 17:46:55 DEBUG [main] c.v.limits.service.LoadLimitService - Checking limits for time=2000-01-16T22:31:08Z, startOfWeek=2000-01-10T00:00Z, endOfWeek=2000-01-16T23:59:59.999999999Z
2025-02-10 17:46:55 DEBUG [main] c.v.limits.service.LoadLimitService - Daily amount limit exceeded: customer=358, current=3340.86, attempted=$2383.41
2025-02-10 17:46:55 WARN  [main] c.v.limits.service.LoadLimitService - Load rejected: id=18680, customer=358, amount=$2383.41 (limit exceeded)
2025-02-10 17:46:55 DEBUG [main] c.v.limits.service.LoadLimitService - Processing load request: id=7275, customer=256, amount=$4490.24, time=2000-01-16T23:32:30Z
2025-02-10 17:46:55 DEBUG [main] c.v.limits.service.LoadLimitService - Checking limits for time=2000-01-16T23:32:30Z, startOfWeek=2000-01-10T00:00Z, endOfWeek=2000-01-16T23:59:59.999999999Z
2025-02-10 17:46:55 DEBUG [main] c.v.limits.service.LoadLimitService - Weekly total for customer=256: current=7336.79, new=11827.03, limit=20000.00
2025-02-10 17:46:55 DEBUG [main] c.v.limits.service.LoadLimitService - Load saved successfully: id=7275, customer=256
2025-02-10 17:46:55 INFO  [main] c.v.limits.service.LoadLimitService - Load accepted: id=7275, customer=256, amount=$4490.24
2025-02-10 17:46:55 DEBUG [main] c.v.limits.service.LoadLimitService - Processing load request: id=14130, customer=562, amount=$4664.42, time=2000-01-17T00:33:52Z
2025-02-10 17:46:55 DEBUG [main] c.v.limits.service.LoadLimitService - Checking limits for time=2000-01-17T00:33:52Z, startOfWeek=2000-01-17T00:00Z, endOfWeek=2000-01-23T23:59:59.999999999Z
2025-02-10 17:46:55 DEBUG [main] c.v.limits.service.LoadLimitService - Weekly total for customer=562: current=0, new=4664.42, limit=20000.00
2025-02-10 17:46:55 DEBUG [main] c.v.limits.service.LoadLimitService - Load saved successfully: id=14130, customer=562
2025-02-10 17:46:55 INFO  [main] c.v.limits.service.LoadLimitService - Load accepted: id=14130, customer=562, amount=$4664.42
2025-02-10 17:46:55 DEBUG [main] c.v.limits.service.LoadLimitService - Processing load request: id=13856, customer=35, amount=$3552.22, time=2000-01-17T01:35:14Z
2025-02-10 17:46:55 DEBUG [main] c.v.limits.service.LoadLimitService - Checking limits for time=2000-01-17T01:35:14Z, startOfWeek=2000-01-17T00:00Z, endOfWeek=2000-01-23T23:59:59.999999999Z
2025-02-10 17:46:55 DEBUG [main] c.v.limits.service.LoadLimitService - Weekly total for customer=35: current=0, new=3552.22, limit=20000.00
2025-02-10 17:46:55 DEBUG [main] c.v.limits.service.LoadLimitService - Load saved successfully: id=13856, customer=35
2025-02-10 17:46:55 INFO  [main] c.v.limits.service.LoadLimitService - Load accepted: id=13856, customer=35, amount=$3552.22
2025-02-10 17:46:55 DEBUG [main] c.v.limits.service.LoadLimitService - Processing load request: id=3099, customer=664, amount=$4274.92, time=2000-01-17T02:36:36Z
2025-02-10 17:46:55 DEBUG [main] c.v.limits.service.LoadLimitService - Checking limits for time=2000-01-17T02:36:36Z, startOfWeek=2000-01-17T00:00Z, endOfWeek=2000-01-23T23:59:59.999999999Z
2025-02-10 17:46:55 DEBUG [main] c.v.limits.service.LoadLimitService - Weekly total for customer=664: current=0, new=4274.92, limit=20000.00
2025-02-10 17:46:55 DEBUG [main] c.v.limits.service.LoadLimitService - Load saved successfully: id=3099, customer=664
2025-02-10 17:46:55 INFO  [main] c.v.limits.service.LoadLimitService - Load accepted: id=3099, customer=664, amount=$4274.92
2025-02-10 17:46:55 DEBUG [main] c.v.limits.service.LoadLimitService - Processing load request: id=12343, customer=630, amount=$503.62, time=2000-01-17T03:37:58Z
2025-02-10 17:46:55 DEBUG [main] c.v.limits.service.LoadLimitService - Checking limits for time=2000-01-17T03:37:58Z, startOfWeek=2000-01-17T00:00Z, endOfWeek=2000-01-23T23:59:59.999999999Z
2025-02-10 17:46:55 DEBUG [main] c.v.limits.service.LoadLimitService - Weekly total for customer=630: current=0, new=503.62, limit=20000.00
2025-02-10 17:46:55 DEBUG [main] c.v.limits.service.LoadLimitService - Load saved successfully: id=12343, customer=630
2025-02-10 17:46:55 INFO  [main] c.v.limits.service.LoadLimitService - Load accepted: id=12343, customer=630, amount=$503.62
2025-02-10 17:46:55 DEBUG [main] c.v.limits.service.LoadLimitService - Processing load request: id=5335, customer=545, amount=$5518.54, time=2000-01-17T04:39:20Z
2025-02-10 17:46:55 DEBUG [main] c.v.limits.service.LoadLimitService - Checking limits for time=2000-01-17T04:39:20Z, startOfWeek=2000-01-17T00:00Z, endOfWeek=2000-01-23T23:59:59.999999999Z
2025-02-10 17:46:55 DEBUG [main] c.v.limits.service.LoadLimitService - Daily amount limit exceeded: customer=545, current=0, attempted=$5518.54
2025-02-10 17:46:55 WARN  [main] c.v.limits.service.LoadLimitService - Load rejected: id=5335, customer=545, amount=$5518.54 (limit exceeded)
2025-02-10 17:46:55 DEBUG [main] c.v.limits.service.LoadLimitService - Processing load request: id=26134, customer=358, amount=$3860.62, time=2000-01-17T05:40:42Z
2025-02-10 17:46:55 DEBUG [main] c.v.limits.service.LoadLimitService - Checking limits for time=2000-01-17T05:40:42Z, startOfWeek=2000-01-17T00:00Z, endOfWeek=2000-01-23T23:59:59.999999999Z
2025-02-10 17:46:55 DEBUG [main] c.v.limits.service.LoadLimitService - Weekly total for customer=358: current=0, new=3860.62, limit=20000.00
2025-02-10 17:46:55 DEBUG [main] c.v.limits.service.LoadLimitService - Load saved successfully: id=26134, customer=358
2025-02-10 17:46:55 INFO  [main] c.v.limits.service.LoadLimitService - Load accepted: id=26134, customer=358, amount=$3860.62
2025-02-10 17:46:55 DEBUG [main] c.v.limits.service.LoadLimitService - Processing load request: id=22501, customer=273, amount=$4926.73, time=2000-01-17T06:42:04Z
2025-02-10 17:46:55 DEBUG [main] c.v.limits.service.LoadLimitService - Checking limits for time=2000-01-17T06:42:04Z, startOfWeek=2000-01-17T00:00Z, endOfWeek=2000-01-23T23:59:59.999999999Z
2025-02-10 17:46:55 DEBUG [main] c.v.limits.service.LoadLimitService - Weekly total for customer=273: current=0, new=4926.73, limit=20000.00
2025-02-10 17:46:55 DEBUG [main] c.v.limits.service.LoadLimitService - Load saved successfully: id=22501, customer=273
2025-02-10 17:46:55 INFO  [main] c.v.limits.service.LoadLimitService - Load accepted: id=22501, customer=273, amount=$4926.73
2025-02-10 17:46:55 DEBUG [main] c.v.limits.service.LoadLimitService - Processing load request: id=3115, customer=477, amount=$5398.80, time=2000-01-17T07:43:26Z
2025-02-10 17:46:55 DEBUG [main] c.v.limits.service.LoadLimitService - Checking limits for time=2000-01-17T07:43:26Z, startOfWeek=2000-01-17T00:00Z, endOfWeek=2000-01-23T23:59:59.999999999Z
2025-02-10 17:46:55 DEBUG [main] c.v.limits.service.LoadLimitService - Daily amount limit exceeded: customer=477, current=0, attempted=$5398.80
2025-02-10 17:46:55 WARN  [main] c.v.limits.service.LoadLimitService - Load rejected: id=3115, customer=477, amount=$5398.80 (limit exceeded)
2025-02-10 17:46:55 DEBUG [main] c.v.limits.service.LoadLimitService - Processing load request: id=3722, customer=817, amount=$4468.20, time=2000-01-17T08:44:48Z
2025-02-10 17:46:55 DEBUG [main] c.v.limits.service.LoadLimitService - Checking limits for time=2000-01-17T08:44:48Z, startOfWeek=2000-01-17T00:00Z, endOfWeek=2000-01-23T23:59:59.999999999Z
2025-02-10 17:46:55 DEBUG [main] c.v.limits.service.LoadLimitService - Weekly total for customer=817: current=0, new=4468.20, limit=20000.00
2025-02-10 17:46:55 DEBUG [main] c.v.limits.service.LoadLimitService - Load saved successfully: id=3722, customer=817
2025-02-10 17:46:55 INFO  [main] c.v.limits.service.LoadLimitService - Load accepted: id=3722, customer=817, amount=$4468.20
2025-02-10 17:46:55 DEBUG [main] c.v.limits.service.LoadLimitService - Processing load request: id=4956, customer=698, amount=$2553.59, time=2000-01-17T09:46:10Z
2025-02-10 17:46:55 DEBUG [main] c.v.limits.service.LoadLimitService - Checking limits for time=2000-01-17T09:46:10Z, startOfWeek=2000-01-17T00:00Z, endOfWeek=2000-01-23T23:59:59.999999999Z
2025-02-10 17:46:55 DEBUG [main] c.v.limits.service.LoadLimitService - Weekly total for customer=698: current=0, new=2553.59, limit=20000.00
2025-02-10 17:46:55 DEBUG [main] c.v.limits.service.LoadLimitService - Load saved successfully: id=4956, customer=698
2025-02-10 17:46:55 INFO  [main] c.v.limits.service.LoadLimitService - Load accepted: id=4956, customer=698, amount=$2553.59
2025-02-10 17:46:55 DEBUG [main] c.v.limits.service.LoadLimitService - Processing load request: id=19702, customer=834, amount=$2244.44, time=2000-01-17T10:47:32Z
2025-02-10 17:46:55 DEBUG [main] c.v.limits.service.LoadLimitService - Checking limits for time=2000-01-17T10:47:32Z, startOfWeek=2000-01-17T00:00Z, endOfWeek=2000-01-23T23:59:59.999999999Z
2025-02-10 17:46:55 DEBUG [main] c.v.limits.service.LoadLimitService - Weekly total for customer=834: current=0, new=2244.44, limit=20000.00
2025-02-10 17:46:55 DEBUG [main] c.v.limits.service.LoadLimitService - Load saved successfully: id=19702, customer=834
2025-02-10 17:46:55 INFO  [main] c.v.limits.service.LoadLimitService - Load accepted: id=19702, customer=834, amount=$2244.44
2025-02-10 17:46:55 DEBUG [main] c.v.limits.service.LoadLimitService - Processing load request: id=29312, customer=188, amount=$3057.16, time=2000-01-17T11:48:54Z
2025-02-10 17:46:55 DEBUG [main] c.v.limits.service.LoadLimitService - Checking limits for time=2000-01-17T11:48:54Z, startOfWeek=2000-01-17T00:00Z, endOfWeek=2000-01-23T23:59:59.999999999Z
2025-02-10 17:46:55 DEBUG [main] c.v.limits.service.LoadLimitService - Weekly total for customer=188: current=0, new=3057.16, limit=20000.00
2025-02-10 17:46:55 DEBUG [main] c.v.limits.service.LoadLimitService - Load saved successfully: id=29312, customer=188
2025-02-10 17:46:55 INFO  [main] c.v.limits.service.LoadLimitService - Load accepted: id=29312, customer=188, amount=$3057.16
2025-02-10 17:46:55 DEBUG [main] c.v.limits.service.LoadLimitService - Processing load request: id=17214, customer=273, amount=$4809.32, time=2000-01-17T12:50:16Z
2025-02-10 17:46:55 DEBUG [main] c.v.limits.service.LoadLimitService - Checking limits for time=2000-01-17T12:50:16Z, startOfWeek=2000-01-17T00:00Z, endOfWeek=2000-01-23T23:59:59.999999999Z
2025-02-10 17:46:55 DEBUG [main] c.v.limits.service.LoadLimitService - Daily amount limit exceeded: customer=273, current=4926.73, attempted=$4809.32
2025-02-10 17:46:55 WARN  [main] c.v.limits.service.LoadLimitService - Load rejected: id=17214, customer=273, amount=$4809.32 (limit exceeded)
2025-02-10 17:46:55 DEBUG [main] c.v.limits.service.LoadLimitService - Processing load request: id=24401, customer=103, amount=$1079.64, time=2000-01-17T13:51:38Z
2025-02-10 17:46:55 DEBUG [main] c.v.limits.service.LoadLimitService - Checking limits for time=2000-01-17T13:51:38Z, startOfWeek=2000-01-17T00:00Z, endOfWeek=2000-01-23T23:59:59.999999999Z
2025-02-10 17:46:55 DEBUG [main] c.v.limits.service.LoadLimitService - Weekly total for customer=103: current=0, new=1079.64, limit=20000.00
2025-02-10 17:46:55 DEBUG [main] c.v.limits.service.LoadLimitService - Load saved successfully: id=24401, customer=103
2025-02-10 17:46:55 INFO  [main] c.v.limits.service.LoadLimitService - Load accepted: id=24401, customer=103, amount=$1079.64
2025-02-10 17:46:55 DEBUG [main] c.v.limits.service.LoadLimitService - Processing load request: id=1440, customer=579, amount=$4218.31, time=2000-01-17T14:53Z
2025-02-10 17:46:55 DEBUG [main] c.v.limits.service.LoadLimitService - Checking limits for time=2000-01-17T14:53Z, startOfWeek=2000-01-17T00:00Z, endOfWeek=2000-01-23T23:59:59.999999999Z
2025-02-10 17:46:55 DEBUG [main] c.v.limits.service.LoadLimitService - Weekly total for customer=579: current=0, new=4218.31, limit=20000.00
2025-02-10 17:46:55 DEBUG [main] c.v.limits.service.LoadLimitService - Load saved successfully: id=1440, customer=579
2025-02-10 17:46:55 INFO  [main] c.v.limits.service.LoadLimitService - Load accepted: id=1440, customer=579, amount=$4218.31
2025-02-10 17:46:55 DEBUG [main] c.v.limits.service.LoadLimitService - Processing load request: id=31955, customer=358, amount=$3085.26, time=2000-01-17T15:54:22Z
2025-02-10 17:46:55 DEBUG [main] c.v.limits.service.LoadLimitService - Checking limits for time=2000-01-17T15:54:22Z, startOfWeek=2000-01-17T00:00Z, endOfWeek=2000-01-23T23:59:59.999999999Z
2025-02-10 17:46:55 DEBUG [main] c.v.limits.service.LoadLimitService - Daily amount limit exceeded: customer=358, current=3860.62, attempted=$3085.26
2025-02-10 17:46:55 WARN  [main] c.v.limits.service.LoadLimitService - Load rejected: id=31955, customer=358, amount=$3085.26 (limit exceeded)
2025-02-10 17:46:55 DEBUG [main] c.v.limits.service.LoadLimitService - Processing load request: id=19006, customer=834, amount=$3759.66, time=2000-01-17T16:55:44Z
2025-02-10 17:46:55 DEBUG [main] c.v.limits.service.LoadLimitService - Checking limits for time=2000-01-17T16:55:44Z, startOfWeek=2000-01-17T00:00Z, endOfWeek=2000-01-23T23:59:59.999999999Z
2025-02-10 17:46:55 DEBUG [main] c.v.limits.service.LoadLimitService - Daily amount limit exceeded: customer=834, current=2244.44, attempted=$3759.66
2025-02-10 17:46:55 WARN  [main] c.v.limits.service.LoadLimitService - Load rejected: id=19006, customer=834, amount=$3759.66 (limit exceeded)
2025-02-10 17:46:55 DEBUG [main] c.v.limits.service.LoadLimitService - Processing load request: id=6166, customer=511, amount=$1340.87, time=2000-01-17T17:57:06Z
2025-02-10 17:46:55 DEBUG [main] c.v.limits.service.LoadLimitService - Checking limits for time=2000-01-17T17:57:06Z, startOfWeek=2000-01-17T00:00Z, endOfWeek=2000-01-23T23:59:59.999999999Z
2025-02-10 17:46:55 DEBUG [main] c.v.limits.service.LoadLimitService - Weekly total for customer=511: current=0, new=1340.87, limit=20000.00
2025-02-10 17:46:55 DEBUG [main] c.v.limits.service.LoadLimitService - Load saved successfully: id=6166, customer=511
2025-02-10 17:46:55 INFO  [main] c.v.limits.service.LoadLimitService - Load accepted: id=6166, customer=511, amount=$1340.87
2025-02-10 17:46:55 DEBUG [main] c.v.limits.service.LoadLimitService - Processing load request: id=757, customer=494, amount=$3455.21, time=2000-01-17T18:58:28Z
2025-02-10 17:46:55 DEBUG [main] c.v.limits.service.LoadLimitService - Checking limits for time=2000-01-17T18:58:28Z, startOfWeek=2000-01-17T00:00Z, endOfWeek=2000-01-23T23:59:59.999999999Z
2025-02-10 17:46:55 DEBUG [main] c.v.limits.service.LoadLimitService - Weekly total for customer=494: current=0, new=3455.21, limit=20000.00
2025-02-10 17:46:55 DEBUG [main] c.v.limits.service.LoadLimitService - Load saved successfully: id=757, customer=494
2025-02-10 17:46:55 INFO  [main] c.v.limits.service.LoadLimitService - Load accepted: id=757, customer=494, amount=$3455.21
2025-02-10 17:46:55 DEBUG [main] c.v.limits.service.LoadLimitService - Processing load request: id=5814, customer=18, amount=$4294.09, time=2000-01-17T19:59:50Z
2025-02-10 17:46:55 DEBUG [main] c.v.limits.service.LoadLimitService - Checking limits for time=2000-01-17T19:59:50Z, startOfWeek=2000-01-17T00:00Z, endOfWeek=2000-01-23T23:59:59.999999999Z
2025-02-10 17:46:55 DEBUG [main] c.v.limits.service.LoadLimitService - Weekly total for customer=18: current=0, new=4294.09, limit=20000.00
2025-02-10 17:46:55 DEBUG [main] c.v.limits.service.LoadLimitService - Load saved successfully: id=5814, customer=18
2025-02-10 17:46:55 INFO  [main] c.v.limits.service.LoadLimitService - Load accepted: id=5814, customer=18, amount=$4294.09
2025-02-10 17:46:55 DEBUG [main] c.v.limits.service.LoadLimitService - Processing load request: id=10285, customer=171, amount=$4961.88, time=2000-01-17T21:01:12Z
2025-02-10 17:46:55 DEBUG [main] c.v.limits.service.LoadLimitService - Checking limits for time=2000-01-17T21:01:12Z, startOfWeek=2000-01-17T00:00Z, endOfWeek=2000-01-23T23:59:59.999999999Z
2025-02-10 17:46:55 DEBUG [main] c.v.limits.service.LoadLimitService - Weekly total for customer=171: current=0, new=4961.88, limit=20000.00
2025-02-10 17:46:55 DEBUG [main] c.v.limits.service.LoadLimitService - Load saved successfully: id=10285, customer=171
2025-02-10 17:46:55 INFO  [main] c.v.limits.service.LoadLimitService - Load accepted: id=10285, customer=171, amount=$4961.88
2025-02-10 17:46:55 DEBUG [main] c.v.limits.service.LoadLimitService - Processing load request: id=7558, customer=800, amount=$3680.19, time=2000-01-17T22:02:34Z
2025-02-10 17:46:55 DEBUG [main] c.v.limits.service.LoadLimitService - Checking limits for time=2000-01-17T22:02:34Z, startOfWeek=2000-01-17T00:00Z, endOfWeek=2000-01-23T23:59:59.999999999Z
2025-02-10 17:46:55 DEBUG [main] c.v.limits.service.LoadLimitService - Weekly total for customer=800: current=0, new=3680.19, limit=20000.00
2025-02-10 17:46:55 DEBUG [main] c.v.limits.service.LoadLimitService - Load saved successfully: id=7558, customer=800
2025-02-10 17:46:55 INFO  [main] c.v.limits.service.LoadLimitService - Load accepted: id=7558, customer=800, amount=$3680.19
2025-02-10 17:46:55 DEBUG [main] c.v.limits.service.LoadLimitService - Processing load request: id=20212, customer=205, amount=$3909.05, time=2000-01-17T23:03:56Z
2025-02-10 17:46:55 DEBUG [main] c.v.limits.service.LoadLimitService - Checking limits for time=2000-01-17T23:03:56Z, startOfWeek=2000-01-17T00:00Z, endOfWeek=2000-01-23T23:59:59.999999999Z
2025-02-10 17:46:55 DEBUG [main] c.v.limits.service.LoadLimitService - Weekly total for customer=205: current=0, new=3909.05, limit=20000.00
2025-02-10 17:46:55 DEBUG [main] c.v.limits.service.LoadLimitService - Load saved successfully: id=20212, customer=205
2025-02-10 17:46:55 INFO  [main] c.v.limits.service.LoadLimitService - Load accepted: id=20212, customer=205, amount=$3909.05
2025-02-10 17:46:55 DEBUG [main] c.v.limits.service.LoadLimitService - Processing load request: id=5719, customer=715, amount=$405.41, time=2000-01-18T00:05:18Z
2025-02-10 17:46:55 DEBUG [main] c.v.limits.service.LoadLimitService - Checking limits for time=2000-01-18T00:05:18Z, startOfWeek=2000-01-17T00:00Z, endOfWeek=2000-01-23T23:59:59.999999999Z
2025-02-10 17:46:55 DEBUG [main] c.v.limits.service.LoadLimitService - Weekly total for customer=715: current=0, new=405.41, limit=20000.00
2025-02-10 17:46:55 DEBUG [main] c.v.limits.service.LoadLimitService - Load saved successfully: id=5719, customer=715
2025-02-10 17:46:55 INFO  [main] c.v.limits.service.LoadLimitService - Load accepted: id=5719, customer=715, amount=$405.41
2025-02-10 17:46:55 DEBUG [main] c.v.limits.service.LoadLimitService - Processing load request: id=4830, customer=86, amount=$524.53, time=2000-01-18T01:06:40Z
2025-02-10 17:46:55 DEBUG [main] c.v.limits.service.LoadLimitService - Checking limits for time=2000-01-18T01:06:40Z, startOfWeek=2000-01-17T00:00Z, endOfWeek=2000-01-23T23:59:59.999999999Z
2025-02-10 17:46:55 DEBUG [main] c.v.limits.service.LoadLimitService - Weekly total for customer=86: current=0, new=524.53, limit=20000.00
2025-02-10 17:46:55 DEBUG [main] c.v.limits.service.LoadLimitService - Load saved successfully: id=4830, customer=86
2025-02-10 17:46:55 INFO  [main] c.v.limits.service.LoadLimitService - Load accepted: id=4830, customer=86, amount=$524.53
2025-02-10 17:46:55 DEBUG [main] c.v.limits.service.LoadLimitService - Processing load request: id=9937, customer=273, amount=$1623.24, time=2000-01-18T02:08:02Z
2025-02-10 17:46:55 DEBUG [main] c.v.limits.service.LoadLimitService - Checking limits for time=2000-01-18T02:08:02Z, startOfWeek=2000-01-17T00:00Z, endOfWeek=2000-01-23T23:59:59.999999999Z
2025-02-10 17:46:55 DEBUG [main] c.v.limits.service.LoadLimitService - Weekly total for customer=273: current=4926.73, new=6549.97, limit=20000.00
2025-02-10 17:46:55 DEBUG [main] c.v.limits.service.LoadLimitService - Load saved successfully: id=9937, customer=273
2025-02-10 17:46:55 INFO  [main] c.v.limits.service.LoadLimitService - Load accepted: id=9937, customer=273, amount=$1623.24
2025-02-10 17:46:55 DEBUG [main] c.v.limits.service.LoadLimitService - Processing load request: id=25048, customer=630, amount=$4282.61, time=2000-01-18T03:09:24Z
2025-02-10 17:46:55 DEBUG [main] c.v.limits.service.LoadLimitService - Checking limits for time=2000-01-18T03:09:24Z, startOfWeek=2000-01-17T00:00Z, endOfWeek=2000-01-23T23:59:59.999999999Z
2025-02-10 17:46:55 DEBUG [main] c.v.limits.service.LoadLimitService - Weekly total for customer=630: current=503.62, new=4786.23, limit=20000.00
2025-02-10 17:46:55 DEBUG [main] c.v.limits.service.LoadLimitService - Load saved successfully: id=25048, customer=630
2025-02-10 17:46:55 INFO  [main] c.v.limits.service.LoadLimitService - Load accepted: id=25048, customer=630, amount=$4282.61
2025-02-10 17:46:55 DEBUG [main] c.v.limits.service.LoadLimitService - Processing load request: id=7087, customer=613, amount=$3053.58, time=2000-01-18T04:10:46Z
2025-02-10 17:46:55 DEBUG [main] c.v.limits.service.LoadLimitService - Checking limits for time=2000-01-18T04:10:46Z, startOfWeek=2000-01-17T00:00Z, endOfWeek=2000-01-23T23:59:59.999999999Z
2025-02-10 17:46:55 DEBUG [main] c.v.limits.service.LoadLimitService - Weekly total for customer=613: current=0, new=3053.58, limit=20000.00
2025-02-10 17:46:55 DEBUG [main] c.v.limits.service.LoadLimitService - Load saved successfully: id=7087, customer=613
2025-02-10 17:46:55 INFO  [main] c.v.limits.service.LoadLimitService - Load accepted: id=7087, customer=613, amount=$3053.58
2025-02-10 17:46:55 DEBUG [main] c.v.limits.service.LoadLimitService - Processing load request: id=18615, customer=579, amount=$4062.96, time=2000-01-18T05:12:08Z
2025-02-10 17:46:55 DEBUG [main] c.v.limits.service.LoadLimitService - Checking limits for time=2000-01-18T05:12:08Z, startOfWeek=2000-01-17T00:00Z, endOfWeek=2000-01-23T23:59:59.999999999Z
2025-02-10 17:46:55 DEBUG [main] c.v.limits.service.LoadLimitService - Weekly total for customer=579: current=4218.31, new=8281.27, limit=20000.00
2025-02-10 17:46:55 DEBUG [main] c.v.limits.service.LoadLimitService - Load saved successfully: id=18615, customer=579
2025-02-10 17:46:55 INFO  [main] c.v.limits.service.LoadLimitService - Load accepted: id=18615, customer=579, amount=$4062.96
2025-02-10 17:46:55 DEBUG [main] c.v.limits.service.LoadLimitService - Processing load request: id=11233, customer=613, amount=$528.46, time=2000-01-18T06:13:30Z
2025-02-10 17:46:55 DEBUG [main] c.v.limits.service.LoadLimitService - Checking limits for time=2000-01-18T06:13:30Z, startOfWeek=2000-01-17T00:00Z, endOfWeek=2000-01-23T23:59:59.999999999Z
2025-02-10 17:46:55 DEBUG [main] c.v.limits.service.LoadLimitService - Weekly total for customer=613: current=3053.58, new=3582.04, limit=20000.00
2025-02-10 17:46:55 DEBUG [main] c.v.limits.service.LoadLimitService - Load saved successfully: id=11233, customer=613
2025-02-10 17:46:55 INFO  [main] c.v.limits.service.LoadLimitService - Load accepted: id=11233, customer=613, amount=$528.46
2025-02-10 17:46:55 DEBUG [main] c.v.limits.service.LoadLimitService - Processing load request: id=21114, customer=800, amount=$4026.97, time=2000-01-18T07:14:52Z
2025-02-10 17:46:55 DEBUG [main] c.v.limits.service.LoadLimitService - Checking limits for time=2000-01-18T07:14:52Z, startOfWeek=2000-01-17T00:00Z, endOfWeek=2000-01-23T23:59:59.999999999Z
2025-02-10 17:46:55 DEBUG [main] c.v.limits.service.LoadLimitService - Weekly total for customer=800: current=3680.19, new=7707.16, limit=20000.00
2025-02-10 17:46:55 DEBUG [main] c.v.limits.service.LoadLimitService - Load saved successfully: id=21114, customer=800
2025-02-10 17:46:55 INFO  [main] c.v.limits.service.LoadLimitService - Load accepted: id=21114, customer=800, amount=$4026.97
2025-02-10 17:46:55 DEBUG [main] c.v.limits.service.LoadLimitService - Processing load request: id=6918, customer=749, amount=$2114.03, time=2000-01-18T08:16:14Z
2025-02-10 17:46:55 DEBUG [main] c.v.limits.service.LoadLimitService - Checking limits for time=2000-01-18T08:16:14Z, startOfWeek=2000-01-17T00:00Z, endOfWeek=2000-01-23T23:59:59.999999999Z
2025-02-10 17:46:55 DEBUG [main] c.v.limits.service.LoadLimitService - Weekly total for customer=749: current=0, new=2114.03, limit=20000.00
2025-02-10 17:46:55 DEBUG [main] c.v.limits.service.LoadLimitService - Load saved successfully: id=6918, customer=749
2025-02-10 17:46:55 INFO  [main] c.v.limits.service.LoadLimitService - Load accepted: id=6918, customer=749, amount=$2114.03
2025-02-10 17:46:55 DEBUG [main] c.v.limits.service.LoadLimitService - Processing load request: id=11734, customer=664, amount=$3279.35, time=2000-01-18T09:17:36Z
2025-02-10 17:46:55 DEBUG [main] c.v.limits.service.LoadLimitService - Checking limits for time=2000-01-18T09:17:36Z, startOfWeek=2000-01-17T00:00Z, endOfWeek=2000-01-23T23:59:59.999999999Z
2025-02-10 17:46:55 DEBUG [main] c.v.limits.service.LoadLimitService - Weekly total for customer=664: current=4274.92, new=7554.27, limit=20000.00
2025-02-10 17:46:55 DEBUG [main] c.v.limits.service.LoadLimitService - Load saved successfully: id=11734, customer=664
2025-02-10 17:46:55 INFO  [main] c.v.limits.service.LoadLimitService - Load accepted: id=11734, customer=664, amount=$3279.35
2025-02-10 17:46:55 DEBUG [main] c.v.limits.service.LoadLimitService - Processing load request: id=18774, customer=528, amount=$4764.91, time=2000-01-18T10:18:58Z
2025-02-10 17:46:55 DEBUG [main] c.v.limits.service.LoadLimitService - Checking limits for time=2000-01-18T10:18:58Z, startOfWeek=2000-01-17T00:00Z, endOfWeek=2000-01-23T23:59:59.999999999Z
2025-02-10 17:46:55 DEBUG [main] c.v.limits.service.LoadLimitService - Weekly total for customer=528: current=0, new=4764.91, limit=20000.00
2025-02-10 17:46:55 DEBUG [main] c.v.limits.service.LoadLimitService - Load saved successfully: id=18774, customer=528
2025-02-10 17:46:55 INFO  [main] c.v.limits.service.LoadLimitService - Load accepted: id=18774, customer=528, amount=$4764.91
2025-02-10 17:46:55 DEBUG [main] c.v.limits.service.LoadLimitService - Processing load request: id=19904, customer=783, amount=$3531.56, time=2000-01-18T11:20:20Z
2025-02-10 17:46:55 DEBUG [main] c.v.limits.service.LoadLimitService - Checking limits for time=2000-01-18T11:20:20Z, startOfWeek=2000-01-17T00:00Z, endOfWeek=2000-01-23T23:59:59.999999999Z
2025-02-10 17:46:55 DEBUG [main] c.v.limits.service.LoadLimitService - Weekly total for customer=783: current=0, new=3531.56, limit=20000.00
2025-02-10 17:46:55 DEBUG [main] c.v.limits.service.LoadLimitService - Load saved successfully: id=19904, customer=783
2025-02-10 17:46:55 INFO  [main] c.v.limits.service.LoadLimitService - Load accepted: id=19904, customer=783, amount=$3531.56
2025-02-10 17:46:55 DEBUG [main] c.v.limits.service.LoadLimitService - Processing load request: id=1006, customer=715, amount=$5000.84, time=2000-01-18T12:21:42Z
2025-02-10 17:46:55 DEBUG [main] c.v.limits.service.LoadLimitService - Checking limits for time=2000-01-18T12:21:42Z, startOfWeek=2000-01-17T00:00Z, endOfWeek=2000-01-23T23:59:59.999999999Z
2025-02-10 17:46:55 DEBUG [main] c.v.limits.service.LoadLimitService - Daily amount limit exceeded: customer=715, current=405.41, attempted=$5000.84
2025-02-10 17:46:55 WARN  [main] c.v.limits.service.LoadLimitService - Load rejected: id=1006, customer=715, amount=$5000.84 (limit exceeded)
2025-02-10 17:46:55 DEBUG [main] c.v.limits.service.LoadLimitService - Processing load request: id=22417, customer=715, amount=$4797.53, time=2000-01-18T13:23:04Z
2025-02-10 17:46:55 DEBUG [main] c.v.limits.service.LoadLimitService - Checking limits for time=2000-01-18T13:23:04Z, startOfWeek=2000-01-17T00:00Z, endOfWeek=2000-01-23T23:59:59.999999999Z
2025-02-10 17:46:55 DEBUG [main] c.v.limits.service.LoadLimitService - Daily amount limit exceeded: customer=715, current=405.41, attempted=$4797.53
2025-02-10 17:46:55 WARN  [main] c.v.limits.service.LoadLimitService - Load rejected: id=22417, customer=715, amount=$4797.53 (limit exceeded)
2025-02-10 17:46:55 DEBUG [main] c.v.limits.service.LoadLimitService - Processing load request: id=8075, customer=834, amount=$2181.81, time=2000-01-18T14:24:26Z
2025-02-10 17:46:55 DEBUG [main] c.v.limits.service.LoadLimitService - Checking limits for time=2000-01-18T14:24:26Z, startOfWeek=2000-01-17T00:00Z, endOfWeek=2000-01-23T23:59:59.999999999Z
2025-02-10 17:46:55 DEBUG [main] c.v.limits.service.LoadLimitService - Weekly total for customer=834: current=2244.44, new=4426.25, limit=20000.00
2025-02-10 17:46:55 DEBUG [main] c.v.limits.service.LoadLimitService - Load saved successfully: id=8075, customer=834
2025-02-10 17:46:55 INFO  [main] c.v.limits.service.LoadLimitService - Load accepted: id=8075, customer=834, amount=$2181.81
2025-02-10 17:46:55 DEBUG [main] c.v.limits.service.LoadLimitService - Processing load request: id=17341, customer=392, amount=$1630.50, time=2000-01-18T15:25:48Z
2025-02-10 17:46:55 DEBUG [main] c.v.limits.service.LoadLimitService - Checking limits for time=2000-01-18T15:25:48Z, startOfWeek=2000-01-17T00:00Z, endOfWeek=2000-01-23T23:59:59.999999999Z
2025-02-10 17:46:55 DEBUG [main] c.v.limits.service.LoadLimitService - Weekly total for customer=392: current=0, new=1630.50, limit=20000.00
2025-02-10 17:46:55 DEBUG [main] c.v.limits.service.LoadLimitService - Load saved successfully: id=17341, customer=392
2025-02-10 17:46:55 INFO  [main] c.v.limits.service.LoadLimitService - Load accepted: id=17341, customer=392, amount=$1630.50
2025-02-10 17:46:55 DEBUG [main] c.v.limits.service.LoadLimitService - Processing load request: id=14821, customer=256, amount=$1466.14, time=2000-01-18T16:27:10Z
2025-02-10 17:46:55 DEBUG [main] c.v.limits.service.LoadLimitService - Checking limits for time=2000-01-18T16:27:10Z, startOfWeek=2000-01-17T00:00Z, endOfWeek=2000-01-23T23:59:59.999999999Z
2025-02-10 17:46:55 DEBUG [main] c.v.limits.service.LoadLimitService - Weekly total for customer=256: current=0, new=1466.14, limit=20000.00
2025-02-10 17:46:55 DEBUG [main] c.v.limits.service.LoadLimitService - Load saved successfully: id=14821, customer=256
2025-02-10 17:46:55 INFO  [main] c.v.limits.service.LoadLimitService - Load accepted: id=14821, customer=256, amount=$1466.14
2025-02-10 17:46:55 DEBUG [main] c.v.limits.service.LoadLimitService - Processing load request: id=17876, customer=579, amount=$972.42, time=2000-01-18T17:28:32Z
2025-02-10 17:46:55 DEBUG [main] c.v.limits.service.LoadLimitService - Checking limits for time=2000-01-18T17:28:32Z, startOfWeek=2000-01-17T00:00Z, endOfWeek=2000-01-23T23:59:59.999999999Z
2025-02-10 17:46:55 DEBUG [main] c.v.limits.service.LoadLimitService - Daily amount limit exceeded: customer=579, current=4062.96, attempted=$972.42
2025-02-10 17:46:55 WARN  [main] c.v.limits.service.LoadLimitService - Load rejected: id=17876, customer=579, amount=$972.42 (limit exceeded)
2025-02-10 17:46:55 DEBUG [main] c.v.limits.service.LoadLimitService - Processing load request: id=152, customer=647, amount=$2388.60, time=2000-01-18T18:29:54Z
2025-02-10 17:46:55 DEBUG [main] c.v.limits.service.LoadLimitService - Checking limits for time=2000-01-18T18:29:54Z, startOfWeek=2000-01-17T00:00Z, endOfWeek=2000-01-23T23:59:59.999999999Z
2025-02-10 17:46:55 DEBUG [main] c.v.limits.service.LoadLimitService - Weekly total for customer=647: current=0, new=2388.60, limit=20000.00
2025-02-10 17:46:55 DEBUG [main] c.v.limits.service.LoadLimitService - Load saved successfully: id=152, customer=647
2025-02-10 17:46:55 INFO  [main] c.v.limits.service.LoadLimitService - Load accepted: id=152, customer=647, amount=$2388.60
2025-02-10 17:46:55 DEBUG [main] c.v.limits.service.LoadLimitService - Processing load request: id=25760, customer=528, amount=$5109.17, time=2000-01-18T19:31:16Z
2025-02-10 17:46:55 DEBUG [main] c.v.limits.service.LoadLimitService - Checking limits for time=2000-01-18T19:31:16Z, startOfWeek=2000-01-17T00:00Z, endOfWeek=2000-01-23T23:59:59.999999999Z
2025-02-10 17:46:55 DEBUG [main] c.v.limits.service.LoadLimitService - Daily amount limit exceeded: customer=528, current=4764.91, attempted=$5109.17
2025-02-10 17:46:55 WARN  [main] c.v.limits.service.LoadLimitService - Load rejected: id=25760, customer=528, amount=$5109.17 (limit exceeded)
2025-02-10 17:46:55 DEBUG [main] c.v.limits.service.LoadLimitService - Processing load request: id=71, customer=35, amount=$248.34, time=2000-01-18T20:32:38Z
2025-02-10 17:46:55 DEBUG [main] c.v.limits.service.LoadLimitService - Checking limits for time=2000-01-18T20:32:38Z, startOfWeek=2000-01-17T00:00Z, endOfWeek=2000-01-23T23:59:59.999999999Z
2025-02-10 17:46:55 DEBUG [main] c.v.limits.service.LoadLimitService - Weekly total for customer=35: current=3552.22, new=3800.56, limit=20000.00
2025-02-10 17:46:55 DEBUG [main] c.v.limits.service.LoadLimitService - Load saved successfully: id=71, customer=35
2025-02-10 17:46:55 INFO  [main] c.v.limits.service.LoadLimitService - Load accepted: id=71, customer=35, amount=$248.34
2025-02-10 17:46:55 DEBUG [main] c.v.limits.service.LoadLimitService - Processing load request: id=15309, customer=103, amount=$1953.82, time=2000-01-18T21:34Z
2025-02-10 17:46:55 DEBUG [main] c.v.limits.service.LoadLimitService - Checking limits for time=2000-01-18T21:34Z, startOfWeek=2000-01-17T00:00Z, endOfWeek=2000-01-23T23:59:59.999999999Z
2025-02-10 17:46:55 DEBUG [main] c.v.limits.service.LoadLimitService - Weekly total for customer=103: current=1079.64, new=3033.46, limit=20000.00
2025-02-10 17:46:55 DEBUG [main] c.v.limits.service.LoadLimitService - Load saved successfully: id=15309, customer=103
2025-02-10 17:46:55 INFO  [main] c.v.limits.service.LoadLimitService - Load accepted: id=15309, customer=103, amount=$1953.82
2025-02-10 17:46:55 DEBUG [main] c.v.limits.service.LoadLimitService - Processing load request: id=21852, customer=290, amount=$1619.39, time=2000-01-18T22:35:22Z
2025-02-10 17:46:55 DEBUG [main] c.v.limits.service.LoadLimitService - Checking limits for time=2000-01-18T22:35:22Z, startOfWeek=2000-01-17T00:00Z, endOfWeek=2000-01-23T23:59:59.999999999Z
2025-02-10 17:46:55 DEBUG [main] c.v.limits.service.LoadLimitService - Weekly total for customer=290: current=0, new=1619.39, limit=20000.00
2025-02-10 17:46:55 DEBUG [main] c.v.limits.service.LoadLimitService - Load saved successfully: id=21852, customer=290
2025-02-10 17:46:55 INFO  [main] c.v.limits.service.LoadLimitService - Load accepted: id=21852, customer=290, amount=$1619.39
2025-02-10 17:46:55 DEBUG [main] c.v.limits.service.LoadLimitService - Processing load request: id=11784, customer=171, amount=$2505.76, time=2000-01-18T23:36:44Z
2025-02-10 17:46:55 DEBUG [main] c.v.limits.service.LoadLimitService - Checking limits for time=2000-01-18T23:36:44Z, startOfWeek=2000-01-17T00:00Z, endOfWeek=2000-01-23T23:59:59.999999999Z
2025-02-10 17:46:55 DEBUG [main] c.v.limits.service.LoadLimitService - Weekly total for customer=171: current=4961.88, new=7467.64, limit=20000.00
2025-02-10 17:46:55 DEBUG [main] c.v.limits.service.LoadLimitService - Load saved successfully: id=11784, customer=171
2025-02-10 17:46:55 INFO  [main] c.v.limits.service.LoadLimitService - Load accepted: id=11784, customer=171, amount=$2505.76
2025-02-10 17:46:55 DEBUG [main] c.v.limits.service.LoadLimitService - Processing load request: id=10041, customer=239, amount=$5455.00, time=2000-01-19T00:38:06Z
2025-02-10 17:46:55 DEBUG [main] c.v.limits.service.LoadLimitService - Checking limits for time=2000-01-19T00:38:06Z, startOfWeek=2000-01-17T00:00Z, endOfWeek=2000-01-23T23:59:59.999999999Z
2025-02-10 17:46:55 DEBUG [main] c.v.limits.service.LoadLimitService - Daily amount limit exceeded: customer=239, current=0, attempted=$5455.00
2025-02-10 17:46:55 WARN  [main] c.v.limits.service.LoadLimitService - Load rejected: id=10041, customer=239, amount=$5455.00 (limit exceeded)
2025-02-10 17:46:55 DEBUG [main] c.v.limits.service.LoadLimitService - Processing load request: id=2, customer=86, amount=$2291.89, time=2000-01-19T01:39:28Z
2025-02-10 17:46:55 DEBUG [main] c.v.limits.service.LoadLimitService - Checking limits for time=2000-01-19T01:39:28Z, startOfWeek=2000-01-17T00:00Z, endOfWeek=2000-01-23T23:59:59.999999999Z
2025-02-10 17:46:55 DEBUG [main] c.v.limits.service.LoadLimitService - Weekly total for customer=86: current=524.53, new=2816.42, limit=20000.00
2025-02-10 17:46:55 DEBUG [main] c.v.limits.service.LoadLimitService - Load saved successfully: id=2, customer=86
2025-02-10 17:46:55 INFO  [main] c.v.limits.service.LoadLimitService - Load accepted: id=2, customer=86, amount=$2291.89
2025-02-10 17:46:55 DEBUG [main] c.v.limits.service.LoadLimitService - Processing load request: id=21973, customer=800, amount=$1744.59, time=2000-01-19T02:40:50Z
2025-02-10 17:46:55 DEBUG [main] c.v.limits.service.LoadLimitService - Checking limits for time=2000-01-19T02:40:50Z, startOfWeek=2000-01-17T00:00Z, endOfWeek=2000-01-23T23:59:59.999999999Z
2025-02-10 17:46:55 DEBUG [main] c.v.limits.service.LoadLimitService - Weekly total for customer=800: current=7707.16, new=9451.75, limit=20000.00
2025-02-10 17:46:55 DEBUG [main] c.v.limits.service.LoadLimitService - Load saved successfully: id=21973, customer=800
2025-02-10 17:46:55 INFO  [main] c.v.limits.service.LoadLimitService - Load accepted: id=21973, customer=800, amount=$1744.59
2025-02-10 17:46:55 DEBUG [main] c.v.limits.service.LoadLimitService - Processing load request: id=29910, customer=545, amount=$279.17, time=2000-01-19T03:42:12Z
2025-02-10 17:46:55 DEBUG [main] c.v.limits.service.LoadLimitService - Checking limits for time=2000-01-19T03:42:12Z, startOfWeek=2000-01-17T00:00Z, endOfWeek=2000-01-23T23:59:59.999999999Z
2025-02-10 17:46:55 DEBUG [main] c.v.limits.service.LoadLimitService - Weekly total for customer=545: current=0, new=279.17, limit=20000.00
2025-02-10 17:46:55 DEBUG [main] c.v.limits.service.LoadLimitService - Load saved successfully: id=29910, customer=545
2025-02-10 17:46:55 INFO  [main] c.v.limits.service.LoadLimitService - Load accepted: id=29910, customer=545, amount=$279.17
2025-02-10 17:46:55 DEBUG [main] c.v.limits.service.LoadLimitService - Processing load request: id=20784, customer=52, amount=$2104.78, time=2000-01-19T04:43:34Z
2025-02-10 17:46:55 DEBUG [main] c.v.limits.service.LoadLimitService - Checking limits for time=2000-01-19T04:43:34Z, startOfWeek=2000-01-17T00:00Z, endOfWeek=2000-01-23T23:59:59.999999999Z
2025-02-10 17:46:55 DEBUG [main] c.v.limits.service.LoadLimitService - Weekly total for customer=52: current=0, new=2104.78, limit=20000.00
2025-02-10 17:46:55 DEBUG [main] c.v.limits.service.LoadLimitService - Load saved successfully: id=20784, customer=52
2025-02-10 17:46:55 INFO  [main] c.v.limits.service.LoadLimitService - Load accepted: id=20784, customer=52, amount=$2104.78
2025-02-10 17:46:55 DEBUG [main] c.v.limits.service.LoadLimitService - Processing load request: id=31281, customer=205, amount=$5395.60, time=2000-01-19T05:44:56Z
2025-02-10 17:46:55 DEBUG [main] c.v.limits.service.LoadLimitService - Checking limits for time=2000-01-19T05:44:56Z, startOfWeek=2000-01-17T00:00Z, endOfWeek=2000-01-23T23:59:59.999999999Z
2025-02-10 17:46:55 DEBUG [main] c.v.limits.service.LoadLimitService - Daily amount limit exceeded: customer=205, current=0, attempted=$5395.60
2025-02-10 17:46:55 WARN  [main] c.v.limits.service.LoadLimitService - Load rejected: id=31281, customer=205, amount=$5395.60 (limit exceeded)
2025-02-10 17:46:55 DEBUG [main] c.v.limits.service.LoadLimitService - Processing load request: id=30556, customer=834, amount=$5676.12, time=2000-01-19T06:46:18Z
2025-02-10 17:46:55 DEBUG [main] c.v.limits.service.LoadLimitService - Checking limits for time=2000-01-19T06:46:18Z, startOfWeek=2000-01-17T00:00Z, endOfWeek=2000-01-23T23:59:59.999999999Z
2025-02-10 17:46:55 DEBUG [main] c.v.limits.service.LoadLimitService - Daily amount limit exceeded: customer=834, current=0, attempted=$5676.12
2025-02-10 17:46:55 WARN  [main] c.v.limits.service.LoadLimitService - Load rejected: id=30556, customer=834, amount=$5676.12 (limit exceeded)
2025-02-10 17:46:55 DEBUG [main] c.v.limits.service.LoadLimitService - Processing load request: id=11669, customer=341, amount=$3308.01, time=2000-01-19T07:47:40Z
2025-02-10 17:46:55 DEBUG [main] c.v.limits.service.LoadLimitService - Checking limits for time=2000-01-19T07:47:40Z, startOfWeek=2000-01-17T00:00Z, endOfWeek=2000-01-23T23:59:59.999999999Z
2025-02-10 17:46:55 DEBUG [main] c.v.limits.service.LoadLimitService - Weekly total for customer=341: current=0, new=3308.01, limit=20000.00
2025-02-10 17:46:55 DEBUG [main] c.v.limits.service.LoadLimitService - Load saved successfully: id=11669, customer=341
2025-02-10 17:46:55 INFO  [main] c.v.limits.service.LoadLimitService - Load accepted: id=11669, customer=341, amount=$3308.01
2025-02-10 17:46:55 DEBUG [main] c.v.limits.service.LoadLimitService - Processing load request: id=10422, customer=324, amount=$5782.16, time=2000-01-19T08:49:02Z
2025-02-10 17:46:55 DEBUG [main] c.v.limits.service.LoadLimitService - Checking limits for time=2000-01-19T08:49:02Z, startOfWeek=2000-01-17T00:00Z, endOfWeek=2000-01-23T23:59:59.999999999Z
2025-02-10 17:46:55 DEBUG [main] c.v.limits.service.LoadLimitService - Daily amount limit exceeded: customer=324, current=0, attempted=$5782.16
2025-02-10 17:46:55 WARN  [main] c.v.limits.service.LoadLimitService - Load rejected: id=10422, customer=324, amount=$5782.16 (limit exceeded)
2025-02-10 17:46:55 DEBUG [main] c.v.limits.service.LoadLimitService - Processing load request: id=11192, customer=426, amount=$5777.47, time=2000-01-19T09:50:24Z
2025-02-10 17:46:55 DEBUG [main] c.v.limits.service.LoadLimitService - Checking limits for time=2000-01-19T09:50:24Z, startOfWeek=2000-01-17T00:00Z, endOfWeek=2000-01-23T23:59:59.999999999Z
2025-02-10 17:46:55 DEBUG [main] c.v.limits.service.LoadLimitService - Daily amount limit exceeded: customer=426, current=0, attempted=$5777.47
2025-02-10 17:46:55 WARN  [main] c.v.limits.service.LoadLimitService - Load rejected: id=11192, customer=426, amount=$5777.47 (limit exceeded)
2025-02-10 17:46:55 DEBUG [main] c.v.limits.service.LoadLimitService - Processing load request: id=17901, customer=783, amount=$5582.69, time=2000-01-19T10:51:46Z
2025-02-10 17:46:55 DEBUG [main] c.v.limits.service.LoadLimitService - Checking limits for time=2000-01-19T10:51:46Z, startOfWeek=2000-01-17T00:00Z, endOfWeek=2000-01-23T23:59:59.999999999Z
2025-02-10 17:46:55 DEBUG [main] c.v.limits.service.LoadLimitService - Daily amount limit exceeded: customer=783, current=0, attempted=$5582.69
2025-02-10 17:46:55 WARN  [main] c.v.limits.service.LoadLimitService - Load rejected: id=17901, customer=783, amount=$5582.69 (limit exceeded)
2025-02-10 17:46:55 DEBUG [main] c.v.limits.service.LoadLimitService - Processing load request: id=8116, customer=834, amount=$3701.14, time=2000-01-19T11:53:08Z
2025-02-10 17:46:55 DEBUG [main] c.v.limits.service.LoadLimitService - Checking limits for time=2000-01-19T11:53:08Z, startOfWeek=2000-01-17T00:00Z, endOfWeek=2000-01-23T23:59:59.999999999Z
2025-02-10 17:46:55 DEBUG [main] c.v.limits.service.LoadLimitService - Weekly total for customer=834: current=4426.25, new=8127.39, limit=20000.00
2025-02-10 17:46:55 DEBUG [main] c.v.limits.service.LoadLimitService - Load saved successfully: id=8116, customer=834
2025-02-10 17:46:55 INFO  [main] c.v.limits.service.LoadLimitService - Load accepted: id=8116, customer=834, amount=$3701.14
2025-02-10 17:46:55 DEBUG [main] c.v.limits.service.LoadLimitService - Processing load request: id=8421, customer=562, amount=$4797.37, time=2000-01-19T12:54:30Z
2025-02-10 17:46:55 DEBUG [main] c.v.limits.service.LoadLimitService - Checking limits for time=2000-01-19T12:54:30Z, startOfWeek=2000-01-17T00:00Z, endOfWeek=2000-01-23T23:59:59.999999999Z
2025-02-10 17:46:55 DEBUG [main] c.v.limits.service.LoadLimitService - Weekly total for customer=562: current=4664.42, new=9461.79, limit=20000.00
2025-02-10 17:46:55 DEBUG [main] c.v.limits.service.LoadLimitService - Load saved successfully: id=8421, customer=562
2025-02-10 17:46:55 INFO  [main] c.v.limits.service.LoadLimitService - Load accepted: id=8421, customer=562, amount=$4797.37
2025-02-10 17:46:55 DEBUG [main] c.v.limits.service.LoadLimitService - Processing load request: id=10047, customer=137, amount=$3266.77, time=2000-01-19T13:55:52Z
2025-02-10 17:46:55 DEBUG [main] c.v.limits.service.LoadLimitService - Checking limits for time=2000-01-19T13:55:52Z, startOfWeek=2000-01-17T00:00Z, endOfWeek=2000-01-23T23:59:59.999999999Z
2025-02-10 17:46:55 DEBUG [main] c.v.limits.service.LoadLimitService - Weekly total for customer=137: current=0, new=3266.77, limit=20000.00
2025-02-10 17:46:55 DEBUG [main] c.v.limits.service.LoadLimitService - Load saved successfully: id=10047, customer=137
2025-02-10 17:46:55 INFO  [main] c.v.limits.service.LoadLimitService - Load accepted: id=10047, customer=137, amount=$3266.77
2025-02-10 17:46:55 DEBUG [main] c.v.limits.service.LoadLimitService - Processing load request: id=30142, customer=817, amount=$2333.23, time=2000-01-19T14:57:14Z
2025-02-10 17:46:55 DEBUG [main] c.v.limits.service.LoadLimitService - Checking limits for time=2000-01-19T14:57:14Z, startOfWeek=2000-01-17T00:00Z, endOfWeek=2000-01-23T23:59:59.999999999Z
2025-02-10 17:46:55 DEBUG [main] c.v.limits.service.LoadLimitService - Weekly total for customer=817: current=4468.20, new=6801.43, limit=20000.00
2025-02-10 17:46:55 DEBUG [main] c.v.limits.service.LoadLimitService - Load saved successfully: id=30142, customer=817
2025-02-10 17:46:55 INFO  [main] c.v.limits.service.LoadLimitService - Load accepted: id=30142, customer=817, amount=$2333.23
2025-02-10 17:46:55 DEBUG [main] c.v.limits.service.LoadLimitService - Processing load request: id=2715, customer=528, amount=$5450.17, time=2000-01-19T15:58:36Z
2025-02-10 17:46:55 DEBUG [main] c.v.limits.service.LoadLimitService - Checking limits for time=2000-01-19T15:58:36Z, startOfWeek=2000-01-17T00:00Z, endOfWeek=2000-01-23T23:59:59.999999999Z
2025-02-10 17:46:55 DEBUG [main] c.v.limits.service.LoadLimitService - Daily amount limit exceeded: customer=528, current=0, attempted=$5450.17
2025-02-10 17:46:55 WARN  [main] c.v.limits.service.LoadLimitService - Load rejected: id=2715, customer=528, amount=$5450.17 (limit exceeded)
2025-02-10 17:46:55 DEBUG [main] c.v.limits.service.LoadLimitService - Processing load request: id=11375, customer=324, amount=$510.57, time=2000-01-19T16:59:58Z
2025-02-10 17:46:55 DEBUG [main] c.v.limits.service.LoadLimitService - Checking limits for time=2000-01-19T16:59:58Z, startOfWeek=2000-01-17T00:00Z, endOfWeek=2000-01-23T23:59:59.999999999Z
2025-02-10 17:46:55 DEBUG [main] c.v.limits.service.LoadLimitService - Weekly total for customer=324: current=0, new=510.57, limit=20000.00
2025-02-10 17:46:55 DEBUG [main] c.v.limits.service.LoadLimitService - Load saved successfully: id=11375, customer=324
2025-02-10 17:46:55 INFO  [main] c.v.limits.service.LoadLimitService - Load accepted: id=11375, customer=324, amount=$510.57
2025-02-10 17:46:55 DEBUG [main] c.v.limits.service.LoadLimitService - Processing load request: id=10150, customer=766, amount=$1507.19, time=2000-01-19T18:01:20Z
2025-02-10 17:46:55 DEBUG [main] c.v.limits.service.LoadLimitService - Checking limits for time=2000-01-19T18:01:20Z, startOfWeek=2000-01-17T00:00Z, endOfWeek=2000-01-23T23:59:59.999999999Z
2025-02-10 17:46:55 DEBUG [main] c.v.limits.service.LoadLimitService - Weekly total for customer=766: current=0, new=1507.19, limit=20000.00
2025-02-10 17:46:55 DEBUG [main] c.v.limits.service.LoadLimitService - Load saved successfully: id=10150, customer=766
2025-02-10 17:46:55 INFO  [main] c.v.limits.service.LoadLimitService - Load accepted: id=10150, customer=766, amount=$1507.19
2025-02-10 17:46:55 DEBUG [main] c.v.limits.service.LoadLimitService - Processing load request: id=976, customer=171, amount=$151.31, time=2000-01-19T19:02:42Z
2025-02-10 17:46:55 DEBUG [main] c.v.limits.service.LoadLimitService - Checking limits for time=2000-01-19T19:02:42Z, startOfWeek=2000-01-17T00:00Z, endOfWeek=2000-01-23T23:59:59.999999999Z
2025-02-10 17:46:55 DEBUG [main] c.v.limits.service.LoadLimitService - Weekly total for customer=171: current=7467.64, new=7618.95, limit=20000.00
2025-02-10 17:46:55 DEBUG [main] c.v.limits.service.LoadLimitService - Load saved successfully: id=976, customer=171
2025-02-10 17:46:55 INFO  [main] c.v.limits.service.LoadLimitService - Load accepted: id=976, customer=171, amount=$151.31
2025-02-10 17:46:55 DEBUG [main] c.v.limits.service.LoadLimitService - Processing load request: id=4490, customer=800, amount=$2833.83, time=2000-01-19T20:04:04Z
2025-02-10 17:46:55 DEBUG [main] c.v.limits.service.LoadLimitService - Checking limits for time=2000-01-19T20:04:04Z, startOfWeek=2000-01-17T00:00Z, endOfWeek=2000-01-23T23:59:59.999999999Z
2025-02-10 17:46:55 DEBUG [main] c.v.limits.service.LoadLimitService - Weekly total for customer=800: current=9451.75, new=12285.58, limit=20000.00
2025-02-10 17:46:55 DEBUG [main] c.v.limits.service.LoadLimitService - Load saved successfully: id=4490, customer=800
2025-02-10 17:46:55 INFO  [main] c.v.limits.service.LoadLimitService - Load accepted: id=4490, customer=800, amount=$2833.83
2025-02-10 17:46:55 DEBUG [main] c.v.limits.service.LoadLimitService - Processing load request: id=2008, customer=137, amount=$2478.62, time=2000-01-19T21:05:26Z
2025-02-10 17:46:55 DEBUG [main] c.v.limits.service.LoadLimitService - Checking limits for time=2000-01-19T21:05:26Z, startOfWeek=2000-01-17T00:00Z, endOfWeek=2000-01-23T23:59:59.999999999Z
2025-02-10 17:46:55 DEBUG [main] c.v.limits.service.LoadLimitService - Daily amount limit exceeded: customer=137, current=3266.77, attempted=$2478.62
2025-02-10 17:46:55 WARN  [main] c.v.limits.service.LoadLimitService - Load rejected: id=2008, customer=137, amount=$2478.62 (limit exceeded)
2025-02-10 17:46:55 DEBUG [main] c.v.limits.service.LoadLimitService - Processing load request: id=26068, customer=630, amount=$233.22, time=2000-01-19T22:06:48Z
2025-02-10 17:46:55 DEBUG [main] c.v.limits.service.LoadLimitService - Checking limits for time=2000-01-19T22:06:48Z, startOfWeek=2000-01-17T00:00Z, endOfWeek=2000-01-23T23:59:59.999999999Z
2025-02-10 17:46:55 DEBUG [main] c.v.limits.service.LoadLimitService - Weekly total for customer=630: current=4786.23, new=5019.45, limit=20000.00
2025-02-10 17:46:55 DEBUG [main] c.v.limits.service.LoadLimitService - Load saved successfully: id=26068, customer=630
2025-02-10 17:46:55 INFO  [main] c.v.limits.service.LoadLimitService - Load accepted: id=26068, customer=630, amount=$233.22
2025-02-10 17:46:55 DEBUG [main] c.v.limits.service.LoadLimitService - Processing load request: id=28671, customer=239, amount=$1941.16, time=2000-01-19T23:08:10Z
2025-02-10 17:46:55 DEBUG [main] c.v.limits.service.LoadLimitService - Checking limits for time=2000-01-19T23:08:10Z, startOfWeek=2000-01-17T00:00Z, endOfWeek=2000-01-23T23:59:59.999999999Z
2025-02-10 17:46:55 DEBUG [main] c.v.limits.service.LoadLimitService - Weekly total for customer=239: current=0, new=1941.16, limit=20000.00
2025-02-10 17:46:55 DEBUG [main] c.v.limits.service.LoadLimitService - Load saved successfully: id=28671, customer=239
2025-02-10 17:46:55 INFO  [main] c.v.limits.service.LoadLimitService - Load accepted: id=28671, customer=239, amount=$1941.16
2025-02-10 17:46:55 DEBUG [main] c.v.limits.service.LoadLimitService - Processing load request: id=26538, customer=698, amount=$628.54, time=2000-01-20T00:09:32Z
2025-02-10 17:46:55 DEBUG [main] c.v.limits.service.LoadLimitService - Checking limits for time=2000-01-20T00:09:32Z, startOfWeek=2000-01-17T00:00Z, endOfWeek=2000-01-23T23:59:59.999999999Z
2025-02-10 17:46:55 DEBUG [main] c.v.limits.service.LoadLimitService - Weekly total for customer=698: current=2553.59, new=3182.13, limit=20000.00
2025-02-10 17:46:55 DEBUG [main] c.v.limits.service.LoadLimitService - Load saved successfully: id=26538, customer=698
2025-02-10 17:46:55 INFO  [main] c.v.limits.service.LoadLimitService - Load accepted: id=26538, customer=698, amount=$628.54
2025-02-10 17:46:55 DEBUG [main] c.v.limits.service.LoadLimitService - Processing load request: id=30226, customer=749, amount=$1942.25, time=2000-01-20T01:10:54Z
2025-02-10 17:46:55 DEBUG [main] c.v.limits.service.LoadLimitService - Checking limits for time=2000-01-20T01:10:54Z, startOfWeek=2000-01-17T00:00Z, endOfWeek=2000-01-23T23:59:59.999999999Z
2025-02-10 17:46:55 DEBUG [main] c.v.limits.service.LoadLimitService - Weekly total for customer=749: current=2114.03, new=4056.28, limit=20000.00
2025-02-10 17:46:55 DEBUG [main] c.v.limits.service.LoadLimitService - Load saved successfully: id=30226, customer=749
2025-02-10 17:46:55 INFO  [main] c.v.limits.service.LoadLimitService - Load accepted: id=30226, customer=749, amount=$1942.25
2025-02-10 17:46:55 DEBUG [main] c.v.limits.service.LoadLimitService - Processing load request: id=15754, customer=698, amount=$2509.71, time=2000-01-20T02:12:16Z
2025-02-10 17:46:55 DEBUG [main] c.v.limits.service.LoadLimitService - Checking limits for time=2000-01-20T02:12:16Z, startOfWeek=2000-01-17T00:00Z, endOfWeek=2000-01-23T23:59:59.999999999Z
2025-02-10 17:46:55 DEBUG [main] c.v.limits.service.LoadLimitService - Weekly total for customer=698: current=3182.13, new=5691.84, limit=20000.00
2025-02-10 17:46:55 DEBUG [main] c.v.limits.service.LoadLimitService - Load saved successfully: id=15754, customer=698
2025-02-10 17:46:55 INFO  [main] c.v.limits.service.LoadLimitService - Load accepted: id=15754, customer=698, amount=$2509.71
2025-02-10 17:46:55 DEBUG [main] c.v.limits.service.LoadLimitService - Processing load request: id=19467, customer=528, amount=$955.31, time=2000-01-20T03:13:38Z
2025-02-10 17:46:55 DEBUG [main] c.v.limits.service.LoadLimitService - Checking limits for time=2000-01-20T03:13:38Z, startOfWeek=2000-01-17T00:00Z, endOfWeek=2000-01-23T23:59:59.999999999Z
2025-02-10 17:46:55 DEBUG [main] c.v.limits.service.LoadLimitService - Weekly total for customer=528: current=4764.91, new=5720.22, limit=20000.00
2025-02-10 17:46:55 DEBUG [main] c.v.limits.service.LoadLimitService - Load saved successfully: id=19467, customer=528
2025-02-10 17:46:55 INFO  [main] c.v.limits.service.LoadLimitService - Load accepted: id=19467, customer=528, amount=$955.31
2025-02-10 17:46:55 DEBUG [main] c.v.limits.service.LoadLimitService - Processing load request: id=31652, customer=409, amount=$5192.24, time=2000-01-20T04:15Z
2025-02-10 17:46:55 DEBUG [main] c.v.limits.service.LoadLimitService - Checking limits for time=2000-01-20T04:15Z, startOfWeek=2000-01-17T00:00Z, endOfWeek=2000-01-23T23:59:59.999999999Z
2025-02-10 17:46:55 DEBUG [main] c.v.limits.service.LoadLimitService - Daily amount limit exceeded: customer=409, current=0, attempted=$5192.24
2025-02-10 17:46:55 WARN  [main] c.v.limits.service.LoadLimitService - Load rejected: id=31652, customer=409, amount=$5192.24 (limit exceeded)
2025-02-10 17:46:55 DEBUG [main] c.v.limits.service.LoadLimitService - Processing load request: id=10002, customer=35, amount=$2385.52, time=2000-01-20T05:16:22Z
2025-02-10 17:46:55 DEBUG [main] c.v.limits.service.LoadLimitService - Checking limits for time=2000-01-20T05:16:22Z, startOfWeek=2000-01-17T00:00Z, endOfWeek=2000-01-23T23:59:59.999999999Z
2025-02-10 17:46:55 DEBUG [main] c.v.limits.service.LoadLimitService - Weekly total for customer=35: current=3800.56, new=6186.08, limit=20000.00
2025-02-10 17:46:55 DEBUG [main] c.v.limits.service.LoadLimitService - Load saved successfully: id=10002, customer=35
2025-02-10 17:46:55 INFO  [main] c.v.limits.service.LoadLimitService - Load accepted: id=10002, customer=35, amount=$2385.52
2025-02-10 17:46:55 DEBUG [main] c.v.limits.service.LoadLimitService - Processing load request: id=13474, customer=188, amount=$2677.91, time=2000-01-20T06:17:44Z
2025-02-10 17:46:55 DEBUG [main] c.v.limits.service.LoadLimitService - Checking limits for time=2000-01-20T06:17:44Z, startOfWeek=2000-01-17T00:00Z, endOfWeek=2000-01-23T23:59:59.999999999Z
2025-02-10 17:46:55 DEBUG [main] c.v.limits.service.LoadLimitService - Weekly total for customer=188: current=3057.16, new=5735.07, limit=20000.00
2025-02-10 17:46:55 DEBUG [main] c.v.limits.service.LoadLimitService - Load saved successfully: id=13474, customer=188
2025-02-10 17:46:55 INFO  [main] c.v.limits.service.LoadLimitService - Load accepted: id=13474, customer=188, amount=$2677.91
2025-02-10 17:46:55 DEBUG [main] c.v.limits.service.LoadLimitService - Processing load request: id=26529, customer=409, amount=$4023.36, time=2000-01-20T07:19:06Z
2025-02-10 17:46:55 DEBUG [main] c.v.limits.service.LoadLimitService - Checking limits for time=2000-01-20T07:19:06Z, startOfWeek=2000-01-17T00:00Z, endOfWeek=2000-01-23T23:59:59.999999999Z
2025-02-10 17:46:55 DEBUG [main] c.v.limits.service.LoadLimitService - Weekly total for customer=409: current=0, new=4023.36, limit=20000.00
2025-02-10 17:46:55 DEBUG [main] c.v.limits.service.LoadLimitService - Load saved successfully: id=26529, customer=409
2025-02-10 17:46:55 INFO  [main] c.v.limits.service.LoadLimitService - Load accepted: id=26529, customer=409, amount=$4023.36
2025-02-10 17:46:55 DEBUG [main] c.v.limits.service.LoadLimitService - Processing load request: id=21666, customer=460, amount=$1768.57, time=2000-01-20T08:20:28Z
2025-02-10 17:46:55 DEBUG [main] c.v.limits.service.LoadLimitService - Checking limits for time=2000-01-20T08:20:28Z, startOfWeek=2000-01-17T00:00Z, endOfWeek=2000-01-23T23:59:59.999999999Z
2025-02-10 17:46:55 DEBUG [main] c.v.limits.service.LoadLimitService - Weekly total for customer=460: current=0, new=1768.57, limit=20000.00
2025-02-10 17:46:55 DEBUG [main] c.v.limits.service.LoadLimitService - Load saved successfully: id=21666, customer=460
2025-02-10 17:46:55 INFO  [main] c.v.limits.service.LoadLimitService - Load accepted: id=21666, customer=460, amount=$1768.57
2025-02-10 17:46:55 DEBUG [main] c.v.limits.service.LoadLimitService - Processing load request: id=24929, customer=69, amount=$2618.29, time=2000-01-20T09:21:50Z
2025-02-10 17:46:55 DEBUG [main] c.v.limits.service.LoadLimitService - Checking limits for time=2000-01-20T09:21:50Z, startOfWeek=2000-01-17T00:00Z, endOfWeek=2000-01-23T23:59:59.999999999Z
2025-02-10 17:46:55 DEBUG [main] c.v.limits.service.LoadLimitService - Weekly total for customer=69: current=0, new=2618.29, limit=20000.00
2025-02-10 17:46:55 DEBUG [main] c.v.limits.service.LoadLimitService - Load saved successfully: id=24929, customer=69
2025-02-10 17:46:55 INFO  [main] c.v.limits.service.LoadLimitService - Load accepted: id=24929, customer=69, amount=$2618.29
2025-02-10 17:46:55 DEBUG [main] c.v.limits.service.LoadLimitService - Processing load request: id=20106, customer=443, amount=$907.32, time=2000-01-20T10:23:12Z
2025-02-10 17:46:55 DEBUG [main] c.v.limits.service.LoadLimitService - Checking limits for time=2000-01-20T10:23:12Z, startOfWeek=2000-01-17T00:00Z, endOfWeek=2000-01-23T23:59:59.999999999Z
2025-02-10 17:46:55 DEBUG [main] c.v.limits.service.LoadLimitService - Weekly total for customer=443: current=0, new=907.32, limit=20000.00
2025-02-10 17:46:55 DEBUG [main] c.v.limits.service.LoadLimitService - Load saved successfully: id=20106, customer=443
2025-02-10 17:46:55 INFO  [main] c.v.limits.service.LoadLimitService - Load accepted: id=20106, customer=443, amount=$907.32
2025-02-10 17:46:55 DEBUG [main] c.v.limits.service.LoadLimitService - Processing load request: id=9797, customer=222, amount=$3134.21, time=2000-01-20T11:24:34Z
2025-02-10 17:46:55 DEBUG [main] c.v.limits.service.LoadLimitService - Checking limits for time=2000-01-20T11:24:34Z, startOfWeek=2000-01-17T00:00Z, endOfWeek=2000-01-23T23:59:59.999999999Z
2025-02-10 17:46:55 DEBUG [main] c.v.limits.service.LoadLimitService - Weekly total for customer=222: current=0, new=3134.21, limit=20000.00
2025-02-10 17:46:55 DEBUG [main] c.v.limits.service.LoadLimitService - Load saved successfully: id=9797, customer=222
2025-02-10 17:46:55 INFO  [main] c.v.limits.service.LoadLimitService - Load accepted: id=9797, customer=222, amount=$3134.21
2025-02-10 17:46:55 DEBUG [main] c.v.limits.service.LoadLimitService - Processing load request: id=26143, customer=171, amount=$786.66, time=2000-01-20T12:25:56Z
2025-02-10 17:46:55 DEBUG [main] c.v.limits.service.LoadLimitService - Checking limits for time=2000-01-20T12:25:56Z, startOfWeek=2000-01-17T00:00Z, endOfWeek=2000-01-23T23:59:59.999999999Z
2025-02-10 17:46:55 DEBUG [main] c.v.limits.service.LoadLimitService - Weekly total for customer=171: current=7618.95, new=8405.61, limit=20000.00
2025-02-10 17:46:55 DEBUG [main] c.v.limits.service.LoadLimitService - Load saved successfully: id=26143, customer=171
2025-02-10 17:46:55 INFO  [main] c.v.limits.service.LoadLimitService - Load accepted: id=26143, customer=171, amount=$786.66
2025-02-10 17:46:55 DEBUG [main] c.v.limits.service.LoadLimitService - Processing load request: id=15906, customer=528, amount=$3680.15, time=2000-01-20T13:27:18Z
2025-02-10 17:46:55 DEBUG [main] c.v.limits.service.LoadLimitService - Checking limits for time=2000-01-20T13:27:18Z, startOfWeek=2000-01-17T00:00Z, endOfWeek=2000-01-23T23:59:59.999999999Z
2025-02-10 17:46:55 DEBUG [main] c.v.limits.service.LoadLimitService - Weekly total for customer=528: current=5720.22, new=9400.37, limit=20000.00
2025-02-10 17:46:55 DEBUG [main] c.v.limits.service.LoadLimitService - Load saved successfully: id=15906, customer=528
2025-02-10 17:46:55 INFO  [main] c.v.limits.service.LoadLimitService - Load accepted: id=15906, customer=528, amount=$3680.15
2025-02-10 17:46:55 DEBUG [main] c.v.limits.service.LoadLimitService - Processing load request: id=22570, customer=120, amount=$5439.98, time=2000-01-20T14:28:40Z
2025-02-10 17:46:55 DEBUG [main] c.v.limits.service.LoadLimitService - Checking limits for time=2000-01-20T14:28:40Z, startOfWeek=2000-01-17T00:00Z, endOfWeek=2000-01-23T23:59:59.999999999Z
2025-02-10 17:46:55 DEBUG [main] c.v.limits.service.LoadLimitService - Daily amount limit exceeded: customer=120, current=0, attempted=$5439.98
2025-02-10 17:46:55 WARN  [main] c.v.limits.service.LoadLimitService - Load rejected: id=22570, customer=120, amount=$5439.98 (limit exceeded)
2025-02-10 17:46:55 DEBUG [main] c.v.limits.service.LoadLimitService - Processing load request: id=27788, customer=596, amount=$1506.89, time=2000-01-20T15:30:02Z
2025-02-10 17:46:55 DEBUG [main] c.v.limits.service.LoadLimitService - Checking limits for time=2000-01-20T15:30:02Z, startOfWeek=2000-01-17T00:00Z, endOfWeek=2000-01-23T23:59:59.999999999Z
2025-02-10 17:46:55 DEBUG [main] c.v.limits.service.LoadLimitService - Weekly total for customer=596: current=0, new=1506.89, limit=20000.00
2025-02-10 17:46:55 DEBUG [main] c.v.limits.service.LoadLimitService - Load saved successfully: id=27788, customer=596
2025-02-10 17:46:55 INFO  [main] c.v.limits.service.LoadLimitService - Load accepted: id=27788, customer=596, amount=$1506.89
2025-02-10 17:46:55 DEBUG [main] c.v.limits.service.LoadLimitService - Processing load request: id=24460, customer=579, amount=$4934.97, time=2000-01-20T16:31:24Z
2025-02-10 17:46:55 DEBUG [main] c.v.limits.service.LoadLimitService - Checking limits for time=2000-01-20T16:31:24Z, startOfWeek=2000-01-17T00:00Z, endOfWeek=2000-01-23T23:59:59.999999999Z
2025-02-10 17:46:55 DEBUG [main] c.v.limits.service.LoadLimitService - Weekly total for customer=579: current=8281.27, new=13216.24, limit=20000.00
2025-02-10 17:46:55 DEBUG [main] c.v.limits.service.LoadLimitService - Load saved successfully: id=24460, customer=579
2025-02-10 17:46:55 INFO  [main] c.v.limits.service.LoadLimitService - Load accepted: id=24460, customer=579, amount=$4934.97
2025-02-10 17:46:55 DEBUG [main] c.v.limits.service.LoadLimitService - Processing load request: id=14423, customer=664, amount=$3277.16, time=2000-01-20T17:32:46Z
2025-02-10 17:46:55 DEBUG [main] c.v.limits.service.LoadLimitService - Checking limits for time=2000-01-20T17:32:46Z, startOfWeek=2000-01-17T00:00Z, endOfWeek=2000-01-23T23:59:59.999999999Z
2025-02-10 17:46:55 DEBUG [main] c.v.limits.service.LoadLimitService - Weekly total for customer=664: current=7554.27, new=10831.43, limit=20000.00
2025-02-10 17:46:55 DEBUG [main] c.v.limits.service.LoadLimitService - Load saved successfully: id=14423, customer=664
2025-02-10 17:46:55 INFO  [main] c.v.limits.service.LoadLimitService - Load accepted: id=14423, customer=664, amount=$3277.16
2025-02-10 17:46:55 DEBUG [main] c.v.limits.service.LoadLimitService - Processing load request: id=28249, customer=545, amount=$3265.54, time=2000-01-20T18:34:08Z
2025-02-10 17:46:55 DEBUG [main] c.v.limits.service.LoadLimitService - Checking limits for time=2000-01-20T18:34:08Z, startOfWeek=2000-01-17T00:00Z, endOfWeek=2000-01-23T23:59:59.999999999Z
2025-02-10 17:46:55 DEBUG [main] c.v.limits.service.LoadLimitService - Weekly total for customer=545: current=279.17, new=3544.71, limit=20000.00
2025-02-10 17:46:55 DEBUG [main] c.v.limits.service.LoadLimitService - Load saved successfully: id=28249, customer=545
2025-02-10 17:46:55 INFO  [main] c.v.limits.service.LoadLimitService - Load accepted: id=28249, customer=545, amount=$3265.54
2025-02-10 17:46:55 DEBUG [main] c.v.limits.service.LoadLimitService - Processing load request: id=9597, customer=426, amount=$2606.14, time=2000-01-20T19:35:30Z
2025-02-10 17:46:55 DEBUG [main] c.v.limits.service.LoadLimitService - Checking limits for time=2000-01-20T19:35:30Z, startOfWeek=2000-01-17T00:00Z, endOfWeek=2000-01-23T23:59:59.999999999Z
2025-02-10 17:46:55 DEBUG [main] c.v.limits.service.LoadLimitService - Weekly total for customer=426: current=0, new=2606.14, limit=20000.00
2025-02-10 17:46:55 DEBUG [main] c.v.limits.service.LoadLimitService - Load saved successfully: id=9597, customer=426
2025-02-10 17:46:55 INFO  [main] c.v.limits.service.LoadLimitService - Load accepted: id=9597, customer=426, amount=$2606.14
2025-02-10 17:46:55 DEBUG [main] c.v.limits.service.LoadLimitService - Processing load request: id=18131, customer=69, amount=$478.29, time=2000-01-20T20:36:52Z
2025-02-10 17:46:55 DEBUG [main] c.v.limits.service.LoadLimitService - Checking limits for time=2000-01-20T20:36:52Z, startOfWeek=2000-01-17T00:00Z, endOfWeek=2000-01-23T23:59:59.999999999Z
2025-02-10 17:46:55 DEBUG [main] c.v.limits.service.LoadLimitService - Weekly total for customer=69: current=2618.29, new=3096.58, limit=20000.00
2025-02-10 17:46:55 DEBUG [main] c.v.limits.service.LoadLimitService - Load saved successfully: id=18131, customer=69
2025-02-10 17:46:55 INFO  [main] c.v.limits.service.LoadLimitService - Load accepted: id=18131, customer=69, amount=$478.29
2025-02-10 17:46:55 DEBUG [main] c.v.limits.service.LoadLimitService - Processing load request: id=13543, customer=613, amount=$1233.22, time=2000-01-20T21:38:14Z
2025-02-10 17:46:55 DEBUG [main] c.v.limits.service.LoadLimitService - Checking limits for time=2000-01-20T21:38:14Z, startOfWeek=2000-01-17T00:00Z, endOfWeek=2000-01-23T23:59:59.999999999Z
2025-02-10 17:46:55 DEBUG [main] c.v.limits.service.LoadLimitService - Weekly total for customer=613: current=3582.04, new=4815.26, limit=20000.00
2025-02-10 17:46:55 DEBUG [main] c.v.limits.service.LoadLimitService - Load saved successfully: id=13543, customer=613
2025-02-10 17:46:55 INFO  [main] c.v.limits.service.LoadLimitService - Load accepted: id=13543, customer=613, amount=$1233.22
2025-02-10 17:46:55 DEBUG [main] c.v.limits.service.LoadLimitService - Processing load request: id=20671, customer=681, amount=$5779.59, time=2000-01-20T22:39:36Z
2025-02-10 17:46:55 DEBUG [main] c.v.limits.service.LoadLimitService - Checking limits for time=2000-01-20T22:39:36Z, startOfWeek=2000-01-17T00:00Z, endOfWeek=2000-01-23T23:59:59.999999999Z
2025-02-10 17:46:55 DEBUG [main] c.v.limits.service.LoadLimitService - Daily amount limit exceeded: customer=681, current=0, attempted=$5779.59
2025-02-10 17:46:55 WARN  [main] c.v.limits.service.LoadLimitService - Load rejected: id=20671, customer=681, amount=$5779.59 (limit exceeded)
2025-02-10 17:46:55 DEBUG [main] c.v.limits.service.LoadLimitService - Processing load request: id=21814, customer=681, amount=$5731.70, time=2000-01-20T23:40:58Z
2025-02-10 17:46:55 DEBUG [main] c.v.limits.service.LoadLimitService - Checking limits for time=2000-01-20T23:40:58Z, startOfWeek=2000-01-17T00:00Z, endOfWeek=2000-01-23T23:59:59.999999999Z
2025-02-10 17:46:55 DEBUG [main] c.v.limits.service.LoadLimitService - Daily amount limit exceeded: customer=681, current=0, attempted=$5731.70
2025-02-10 17:46:55 WARN  [main] c.v.limits.service.LoadLimitService - Load rejected: id=21814, customer=681, amount=$5731.70 (limit exceeded)
2025-02-10 17:46:55 DEBUG [main] c.v.limits.service.LoadLimitService - Processing load request: id=9594, customer=698, amount=$5200.95, time=2000-01-21T00:42:20Z
2025-02-10 17:46:55 DEBUG [main] c.v.limits.service.LoadLimitService - Checking limits for time=2000-01-21T00:42:20Z, startOfWeek=2000-01-17T00:00Z, endOfWeek=2000-01-23T23:59:59.999999999Z
2025-02-10 17:46:55 DEBUG [main] c.v.limits.service.LoadLimitService - Daily amount limit exceeded: customer=698, current=0, attempted=$5200.95
2025-02-10 17:46:55 WARN  [main] c.v.limits.service.LoadLimitService - Load rejected: id=9594, customer=698, amount=$5200.95 (limit exceeded)
2025-02-10 17:46:55 DEBUG [main] c.v.limits.service.LoadLimitService - Processing load request: id=5298, customer=256, amount=$3066.86, time=2000-01-21T01:43:42Z
2025-02-10 17:46:55 DEBUG [main] c.v.limits.service.LoadLimitService - Checking limits for time=2000-01-21T01:43:42Z, startOfWeek=2000-01-17T00:00Z, endOfWeek=2000-01-23T23:59:59.999999999Z
2025-02-10 17:46:55 DEBUG [main] c.v.limits.service.LoadLimitService - Weekly total for customer=256: current=1466.14, new=4533.00, limit=20000.00
2025-02-10 17:46:55 DEBUG [main] c.v.limits.service.LoadLimitService - Load saved successfully: id=5298, customer=256
2025-02-10 17:46:55 INFO  [main] c.v.limits.service.LoadLimitService - Load accepted: id=5298, customer=256, amount=$3066.86
2025-02-10 17:46:55 DEBUG [main] c.v.limits.service.LoadLimitService - Processing load request: id=20950, customer=528, amount=$3655.01, time=2000-01-21T02:45:04Z
2025-02-10 17:46:55 DEBUG [main] c.v.limits.service.LoadLimitService - Checking limits for time=2000-01-21T02:45:04Z, startOfWeek=2000-01-17T00:00Z, endOfWeek=2000-01-23T23:59:59.999999999Z
2025-02-10 17:46:55 DEBUG [main] c.v.limits.service.LoadLimitService - Weekly total for customer=528: current=9400.37, new=13055.38, limit=20000.00
2025-02-10 17:46:55 DEBUG [main] c.v.limits.service.LoadLimitService - Load saved successfully: id=20950, customer=528
2025-02-10 17:46:55 INFO  [main] c.v.limits.service.LoadLimitService - Load accepted: id=20950, customer=528, amount=$3655.01
2025-02-10 17:46:55 DEBUG [main] c.v.limits.service.LoadLimitService - Processing load request: id=7290, customer=307, amount=$4448.34, time=2000-01-21T03:46:26Z
2025-02-10 17:46:55 DEBUG [main] c.v.limits.service.LoadLimitService - Checking limits for time=2000-01-21T03:46:26Z, startOfWeek=2000-01-17T00:00Z, endOfWeek=2000-01-23T23:59:59.999999999Z
2025-02-10 17:46:55 DEBUG [main] c.v.limits.service.LoadLimitService - Weekly total for customer=307: current=0, new=4448.34, limit=20000.00
2025-02-10 17:46:55 DEBUG [main] c.v.limits.service.LoadLimitService - Load saved successfully: id=7290, customer=307
2025-02-10 17:46:55 INFO  [main] c.v.limits.service.LoadLimitService - Load accepted: id=7290, customer=307, amount=$4448.34
2025-02-10 17:46:55 DEBUG [main] c.v.limits.service.LoadLimitService - Processing load request: id=4824, customer=766, amount=$2144.67, time=2000-01-21T04:47:48Z
2025-02-10 17:46:55 DEBUG [main] c.v.limits.service.LoadLimitService - Checking limits for time=2000-01-21T04:47:48Z, startOfWeek=2000-01-17T00:00Z, endOfWeek=2000-01-23T23:59:59.999999999Z
2025-02-10 17:46:55 DEBUG [main] c.v.limits.service.LoadLimitService - Weekly total for customer=766: current=1507.19, new=3651.86, limit=20000.00
2025-02-10 17:46:55 DEBUG [main] c.v.limits.service.LoadLimitService - Load saved successfully: id=4824, customer=766
2025-02-10 17:46:55 INFO  [main] c.v.limits.service.LoadLimitService - Load accepted: id=4824, customer=766, amount=$2144.67
2025-02-10 17:46:55 DEBUG [main] c.v.limits.service.LoadLimitService - Processing load request: id=4930, customer=341, amount=$3760.64, time=2000-01-21T05:49:10Z
2025-02-10 17:46:55 DEBUG [main] c.v.limits.service.LoadLimitService - Checking limits for time=2000-01-21T05:49:10Z, startOfWeek=2000-01-17T00:00Z, endOfWeek=2000-01-23T23:59:59.999999999Z
2025-02-10 17:46:55 DEBUG [main] c.v.limits.service.LoadLimitService - Weekly total for customer=341: current=3308.01, new=7068.65, limit=20000.00
2025-02-10 17:46:55 DEBUG [main] c.v.limits.service.LoadLimitService - Load saved successfully: id=4930, customer=341
2025-02-10 17:46:55 INFO  [main] c.v.limits.service.LoadLimitService - Load accepted: id=4930, customer=341, amount=$3760.64
2025-02-10 17:46:55 DEBUG [main] c.v.limits.service.LoadLimitService - Processing load request: id=30654, customer=460, amount=$909.54, time=2000-01-21T06:50:32Z
2025-02-10 17:46:55 DEBUG [main] c.v.limits.service.LoadLimitService - Checking limits for time=2000-01-21T06:50:32Z, startOfWeek=2000-01-17T00:00Z, endOfWeek=2000-01-23T23:59:59.999999999Z
2025-02-10 17:46:55 DEBUG [main] c.v.limits.service.LoadLimitService - Weekly total for customer=460: current=1768.57, new=2678.11, limit=20000.00
2025-02-10 17:46:55 DEBUG [main] c.v.limits.service.LoadLimitService - Load saved successfully: id=30654, customer=460
2025-02-10 17:46:55 INFO  [main] c.v.limits.service.LoadLimitService - Load accepted: id=30654, customer=460, amount=$909.54
2025-02-10 17:46:55 DEBUG [main] c.v.limits.service.LoadLimitService - Processing load request: id=11975, customer=18, amount=$2811.41, time=2000-01-21T07:51:54Z
2025-02-10 17:46:55 DEBUG [main] c.v.limits.service.LoadLimitService - Checking limits for time=2000-01-21T07:51:54Z, startOfWeek=2000-01-17T00:00Z, endOfWeek=2000-01-23T23:59:59.999999999Z
2025-02-10 17:46:55 DEBUG [main] c.v.limits.service.LoadLimitService - Weekly total for customer=18: current=4294.09, new=7105.50, limit=20000.00
2025-02-10 17:46:55 DEBUG [main] c.v.limits.service.LoadLimitService - Load saved successfully: id=11975, customer=18
2025-02-10 17:46:55 INFO  [main] c.v.limits.service.LoadLimitService - Load accepted: id=11975, customer=18, amount=$2811.41
2025-02-10 17:46:55 DEBUG [main] c.v.limits.service.LoadLimitService - Processing load request: id=7113, customer=324, amount=$4138.74, time=2000-01-21T08:53:16Z
2025-02-10 17:46:55 DEBUG [main] c.v.limits.service.LoadLimitService - Checking limits for time=2000-01-21T08:53:16Z, startOfWeek=2000-01-17T00:00Z, endOfWeek=2000-01-23T23:59:59.999999999Z
2025-02-10 17:46:55 DEBUG [main] c.v.limits.service.LoadLimitService - Weekly total for customer=324: current=510.57, new=4649.31, limit=20000.00
2025-02-10 17:46:55 DEBUG [main] c.v.limits.service.LoadLimitService - Load saved successfully: id=7113, customer=324
2025-02-10 17:46:55 INFO  [main] c.v.limits.service.LoadLimitService - Load accepted: id=7113, customer=324, amount=$4138.74
2025-02-10 17:46:55 DEBUG [main] c.v.limits.service.LoadLimitService - Processing load request: id=6877, customer=358, amount=$3583.11, time=2000-01-21T09:54:38Z
2025-02-10 17:46:55 DEBUG [main] c.v.limits.service.LoadLimitService - Checking limits for time=2000-01-21T09:54:38Z, startOfWeek=2000-01-17T00:00Z, endOfWeek=2000-01-23T23:59:59.999999999Z
2025-02-10 17:46:55 DEBUG [main] c.v.limits.service.LoadLimitService - Weekly total for customer=358: current=3860.62, new=7443.73, limit=20000.00
2025-02-10 17:46:55 DEBUG [main] c.v.limits.service.LoadLimitService - Load saved successfully: id=6877, customer=358
2025-02-10 17:46:55 INFO  [main] c.v.limits.service.LoadLimitService - Load accepted: id=6877, customer=358, amount=$3583.11
2025-02-10 17:46:55 DEBUG [main] c.v.limits.service.LoadLimitService - Processing load request: id=27963, customer=817, amount=$431.04, time=2000-01-21T10:56Z
2025-02-10 17:46:55 DEBUG [main] c.v.limits.service.LoadLimitService - Checking limits for time=2000-01-21T10:56Z, startOfWeek=2000-01-17T00:00Z, endOfWeek=2000-01-23T23:59:59.999999999Z
2025-02-10 17:46:55 DEBUG [main] c.v.limits.service.LoadLimitService - Weekly total for customer=817: current=6801.43, new=7232.47, limit=20000.00
2025-02-10 17:46:55 DEBUG [main] c.v.limits.service.LoadLimitService - Load saved successfully: id=27963, customer=817
2025-02-10 17:46:55 INFO  [main] c.v.limits.service.LoadLimitService - Load accepted: id=27963, customer=817, amount=$431.04
2025-02-10 17:46:55 DEBUG [main] c.v.limits.service.LoadLimitService - Processing load request: id=7719, customer=817, amount=$2146.27, time=2000-01-21T11:57:22Z
2025-02-10 17:46:55 DEBUG [main] c.v.limits.service.LoadLimitService - Checking limits for time=2000-01-21T11:57:22Z, startOfWeek=2000-01-17T00:00Z, endOfWeek=2000-01-23T23:59:59.999999999Z
2025-02-10 17:46:55 DEBUG [main] c.v.limits.service.LoadLimitService - Weekly total for customer=817: current=7232.47, new=9378.74, limit=20000.00
2025-02-10 17:46:55 DEBUG [main] c.v.limits.service.LoadLimitService - Load saved successfully: id=7719, customer=817
2025-02-10 17:46:55 INFO  [main] c.v.limits.service.LoadLimitService - Load accepted: id=7719, customer=817, amount=$2146.27
2025-02-10 17:46:55 DEBUG [main] c.v.limits.service.LoadLimitService - Processing load request: id=13620, customer=137, amount=$3749.09, time=2000-01-21T12:58:44Z
2025-02-10 17:46:55 DEBUG [main] c.v.limits.service.LoadLimitService - Checking limits for time=2000-01-21T12:58:44Z, startOfWeek=2000-01-17T00:00Z, endOfWeek=2000-01-23T23:59:59.999999999Z
2025-02-10 17:46:55 DEBUG [main] c.v.limits.service.LoadLimitService - Weekly total for customer=137: current=3266.77, new=7015.86, limit=20000.00
2025-02-10 17:46:55 DEBUG [main] c.v.limits.service.LoadLimitService - Load saved successfully: id=13620, customer=137
2025-02-10 17:46:55 INFO  [main] c.v.limits.service.LoadLimitService - Load accepted: id=13620, customer=137, amount=$3749.09
2025-02-10 17:46:55 DEBUG [main] c.v.limits.service.LoadLimitService - Processing load request: id=5094, customer=205, amount=$3252.89, time=2000-01-21T14:00:06Z
2025-02-10 17:46:55 DEBUG [main] c.v.limits.service.LoadLimitService - Checking limits for time=2000-01-21T14:00:06Z, startOfWeek=2000-01-17T00:00Z, endOfWeek=2000-01-23T23:59:59.999999999Z
2025-02-10 17:46:55 DEBUG [main] c.v.limits.service.LoadLimitService - Weekly total for customer=205: current=3909.05, new=7161.94, limit=20000.00
2025-02-10 17:46:55 DEBUG [main] c.v.limits.service.LoadLimitService - Load saved successfully: id=5094, customer=205
2025-02-10 17:46:55 INFO  [main] c.v.limits.service.LoadLimitService - Load accepted: id=5094, customer=205, amount=$3252.89
2025-02-10 17:46:55 DEBUG [main] c.v.limits.service.LoadLimitService - Processing load request: id=2325, customer=528, amount=$954.44, time=2000-01-21T15:01:28Z
2025-02-10 17:46:55 DEBUG [main] c.v.limits.service.LoadLimitService - Checking limits for time=2000-01-21T15:01:28Z, startOfWeek=2000-01-17T00:00Z, endOfWeek=2000-01-23T23:59:59.999999999Z
2025-02-10 17:46:55 DEBUG [main] c.v.limits.service.LoadLimitService - Weekly total for customer=528: current=13055.38, new=14009.82, limit=20000.00
2025-02-10 17:46:55 DEBUG [main] c.v.limits.service.LoadLimitService - Load saved successfully: id=2325, customer=528
2025-02-10 17:46:55 INFO  [main] c.v.limits.service.LoadLimitService - Load accepted: id=2325, customer=528, amount=$954.44
2025-02-10 17:46:55 DEBUG [main] c.v.limits.service.LoadLimitService - Processing load request: id=3340, customer=528, amount=$4093.38, time=2000-01-21T16:02:50Z
2025-02-10 17:46:55 DEBUG [main] c.v.limits.service.LoadLimitService - Checking limits for time=2000-01-21T16:02:50Z, startOfWeek=2000-01-17T00:00Z, endOfWeek=2000-01-23T23:59:59.999999999Z
2025-02-10 17:46:55 DEBUG [main] c.v.limits.service.LoadLimitService - Daily amount limit exceeded: customer=528, current=4609.45, attempted=$4093.38
2025-02-10 17:46:55 WARN  [main] c.v.limits.service.LoadLimitService - Load rejected: id=3340, customer=528, amount=$4093.38 (limit exceeded)
2025-02-10 17:46:55 DEBUG [main] c.v.limits.service.LoadLimitService - Processing load request: id=4111, customer=562, amount=$629.65, time=2000-01-21T17:04:12Z
2025-02-10 17:46:55 DEBUG [main] c.v.limits.service.LoadLimitService - Checking limits for time=2000-01-21T17:04:12Z, startOfWeek=2000-01-17T00:00Z, endOfWeek=2000-01-23T23:59:59.999999999Z
2025-02-10 17:46:55 DEBUG [main] c.v.limits.service.LoadLimitService - Weekly total for customer=562: current=9461.79, new=10091.44, limit=20000.00
2025-02-10 17:46:55 DEBUG [main] c.v.limits.service.LoadLimitService - Load saved successfully: id=4111, customer=562
2025-02-10 17:46:55 INFO  [main] c.v.limits.service.LoadLimitService - Load accepted: id=4111, customer=562, amount=$629.65
2025-02-10 17:46:55 DEBUG [main] c.v.limits.service.LoadLimitService - Processing load request: id=4102, customer=35, amount=$518.58, time=2000-01-21T18:05:34Z
2025-02-10 17:46:55 DEBUG [main] c.v.limits.service.LoadLimitService - Checking limits for time=2000-01-21T18:05:34Z, startOfWeek=2000-01-17T00:00Z, endOfWeek=2000-01-23T23:59:59.999999999Z
2025-02-10 17:46:55 DEBUG [main] c.v.limits.service.LoadLimitService - Weekly total for customer=35: current=6186.08, new=6704.66, limit=20000.00
2025-02-10 17:46:55 DEBUG [main] c.v.limits.service.LoadLimitService - Load saved successfully: id=4102, customer=35
2025-02-10 17:46:55 INFO  [main] c.v.limits.service.LoadLimitService - Load accepted: id=4102, customer=35, amount=$518.58
2025-02-10 17:46:55 DEBUG [main] c.v.limits.service.LoadLimitService - Processing load request: id=17688, customer=392, amount=$2335.75, time=2000-01-21T19:06:56Z
2025-02-10 17:46:55 DEBUG [main] c.v.limits.service.LoadLimitService - Checking limits for time=2000-01-21T19:06:56Z, startOfWeek=2000-01-17T00:00Z, endOfWeek=2000-01-23T23:59:59.999999999Z
2025-02-10 17:46:55 DEBUG [main] c.v.limits.service.LoadLimitService - Weekly total for customer=392: current=1630.50, new=3966.25, limit=20000.00
2025-02-10 17:46:55 DEBUG [main] c.v.limits.service.LoadLimitService - Load saved successfully: id=17688, customer=392
2025-02-10 17:46:55 INFO  [main] c.v.limits.service.LoadLimitService - Load accepted: id=17688, customer=392, amount=$2335.75
2025-02-10 17:46:55 DEBUG [main] c.v.limits.service.LoadLimitService - Processing load request: id=25873, customer=511, amount=$2296.89, time=2000-01-21T20:08:18Z
2025-02-10 17:46:55 DEBUG [main] c.v.limits.service.LoadLimitService - Checking limits for time=2000-01-21T20:08:18Z, startOfWeek=2000-01-17T00:00Z, endOfWeek=2000-01-23T23:59:59.999999999Z
2025-02-10 17:46:55 DEBUG [main] c.v.limits.service.LoadLimitService - Weekly total for customer=511: current=1340.87, new=3637.76, limit=20000.00
2025-02-10 17:46:55 DEBUG [main] c.v.limits.service.LoadLimitService - Load saved successfully: id=25873, customer=511
2025-02-10 17:46:55 INFO  [main] c.v.limits.service.LoadLimitService - Load accepted: id=25873, customer=511, amount=$2296.89
2025-02-10 17:46:55 DEBUG [main] c.v.limits.service.LoadLimitService - Processing load request: id=20148, customer=256, amount=$1786.53, time=2000-01-21T21:09:40Z
2025-02-10 17:46:55 DEBUG [main] c.v.limits.service.LoadLimitService - Checking limits for time=2000-01-21T21:09:40Z, startOfWeek=2000-01-17T00:00Z, endOfWeek=2000-01-23T23:59:59.999999999Z
2025-02-10 17:46:55 DEBUG [main] c.v.limits.service.LoadLimitService - Weekly total for customer=256: current=4533.00, new=6319.53, limit=20000.00
2025-02-10 17:46:55 DEBUG [main] c.v.limits.service.LoadLimitService - Load saved successfully: id=20148, customer=256
2025-02-10 17:46:55 INFO  [main] c.v.limits.service.LoadLimitService - Load accepted: id=20148, customer=256, amount=$1786.53
2025-02-10 17:46:55 DEBUG [main] c.v.limits.service.LoadLimitService - Processing load request: id=1087, customer=647, amount=$3064.55, time=2000-01-21T22:11:02Z
2025-02-10 17:46:55 DEBUG [main] c.v.limits.service.LoadLimitService - Checking limits for time=2000-01-21T22:11:02Z, startOfWeek=2000-01-17T00:00Z, endOfWeek=2000-01-23T23:59:59.999999999Z
2025-02-10 17:46:55 DEBUG [main] c.v.limits.service.LoadLimitService - Weekly total for customer=647: current=2388.60, new=5453.15, limit=20000.00
2025-02-10 17:46:55 DEBUG [main] c.v.limits.service.LoadLimitService - Load saved successfully: id=1087, customer=647
2025-02-10 17:46:55 INFO  [main] c.v.limits.service.LoadLimitService - Load accepted: id=1087, customer=647, amount=$3064.55
2025-02-10 17:46:55 DEBUG [main] c.v.limits.service.LoadLimitService - Processing load request: id=15280, customer=511, amount=$4879.23, time=2000-01-21T23:12:24Z
2025-02-10 17:46:55 DEBUG [main] c.v.limits.service.LoadLimitService - Checking limits for time=2000-01-21T23:12:24Z, startOfWeek=2000-01-17T00:00Z, endOfWeek=2000-01-23T23:59:59.999999999Z
2025-02-10 17:46:55 DEBUG [main] c.v.limits.service.LoadLimitService - Daily amount limit exceeded: customer=511, current=2296.89, attempted=$4879.23
2025-02-10 17:46:55 WARN  [main] c.v.limits.service.LoadLimitService - Load rejected: id=15280, customer=511, amount=$4879.23 (limit exceeded)
2025-02-10 17:46:55 DEBUG [main] c.v.limits.service.LoadLimitService - Processing load request: id=12385, customer=817, amount=$3297.25, time=2000-01-22T00:13:46Z
2025-02-10 17:46:55 DEBUG [main] c.v.limits.service.LoadLimitService - Checking limits for time=2000-01-22T00:13:46Z, startOfWeek=2000-01-17T00:00Z, endOfWeek=2000-01-23T23:59:59.999999999Z
2025-02-10 17:46:55 DEBUG [main] c.v.limits.service.LoadLimitService - Weekly total for customer=817: current=9378.74, new=12675.99, limit=20000.00
2025-02-10 17:46:55 DEBUG [main] c.v.limits.service.LoadLimitService - Load saved successfully: id=12385, customer=817
2025-02-10 17:46:55 INFO  [main] c.v.limits.service.LoadLimitService - Load accepted: id=12385, customer=817, amount=$3297.25
2025-02-10 17:46:55 DEBUG [main] c.v.limits.service.LoadLimitService - Processing load request: id=5897, customer=205, amount=$2541.14, time=2000-01-22T01:15:08Z
2025-02-10 17:46:55 DEBUG [main] c.v.limits.service.LoadLimitService - Checking limits for time=2000-01-22T01:15:08Z, startOfWeek=2000-01-17T00:00Z, endOfWeek=2000-01-23T23:59:59.999999999Z
2025-02-10 17:46:55 DEBUG [main] c.v.limits.service.LoadLimitService - Weekly total for customer=205: current=7161.94, new=9703.08, limit=20000.00
2025-02-10 17:46:55 DEBUG [main] c.v.limits.service.LoadLimitService - Load saved successfully: id=5897, customer=205
2025-02-10 17:46:55 INFO  [main] c.v.limits.service.LoadLimitService - Load accepted: id=5897, customer=205, amount=$2541.14
2025-02-10 17:46:55 DEBUG [main] c.v.limits.service.LoadLimitService - Processing load request: id=19254, customer=307, amount=$2499.14, time=2000-01-22T02:16:30Z
2025-02-10 17:46:55 DEBUG [main] c.v.limits.service.LoadLimitService - Checking limits for time=2000-01-22T02:16:30Z, startOfWeek=2000-01-17T00:00Z, endOfWeek=2000-01-23T23:59:59.999999999Z
2025-02-10 17:46:55 DEBUG [main] c.v.limits.service.LoadLimitService - Weekly total for customer=307: current=4448.34, new=6947.48, limit=20000.00
2025-02-10 17:46:55 DEBUG [main] c.v.limits.service.LoadLimitService - Load saved successfully: id=19254, customer=307
2025-02-10 17:46:55 INFO  [main] c.v.limits.service.LoadLimitService - Load accepted: id=19254, customer=307, amount=$2499.14
2025-02-10 17:46:55 DEBUG [main] c.v.limits.service.LoadLimitService - Processing load request: id=10262, customer=1, amount=$962.12, time=2000-01-22T03:17:52Z
2025-02-10 17:46:55 DEBUG [main] c.v.limits.service.LoadLimitService - Checking limits for time=2000-01-22T03:17:52Z, startOfWeek=2000-01-17T00:00Z, endOfWeek=2000-01-23T23:59:59.999999999Z
2025-02-10 17:46:55 DEBUG [main] c.v.limits.service.LoadLimitService - Weekly total for customer=1: current=0, new=962.12, limit=20000.00
2025-02-10 17:46:55 DEBUG [main] c.v.limits.service.LoadLimitService - Load saved successfully: id=10262, customer=1
2025-02-10 17:46:55 INFO  [main] c.v.limits.service.LoadLimitService - Load accepted: id=10262, customer=1, amount=$962.12
2025-02-10 17:46:55 DEBUG [main] c.v.limits.service.LoadLimitService - Processing load request: id=29519, customer=579, amount=$5686.35, time=2000-01-22T04:19:14Z
2025-02-10 17:46:55 DEBUG [main] c.v.limits.service.LoadLimitService - Checking limits for time=2000-01-22T04:19:14Z, startOfWeek=2000-01-17T00:00Z, endOfWeek=2000-01-23T23:59:59.999999999Z
2025-02-10 17:46:55 DEBUG [main] c.v.limits.service.LoadLimitService - Daily amount limit exceeded: customer=579, current=0, attempted=$5686.35
2025-02-10 17:46:55 WARN  [main] c.v.limits.service.LoadLimitService - Load rejected: id=29519, customer=579, amount=$5686.35 (limit exceeded)
2025-02-10 17:46:55 DEBUG [main] c.v.limits.service.LoadLimitService - Processing load request: id=19749, customer=1, amount=$4770.96, time=2000-01-22T05:20:36Z
2025-02-10 17:46:55 DEBUG [main] c.v.limits.service.LoadLimitService - Checking limits for time=2000-01-22T05:20:36Z, startOfWeek=2000-01-17T00:00Z, endOfWeek=2000-01-23T23:59:59.999999999Z
2025-02-10 17:46:55 DEBUG [main] c.v.limits.service.LoadLimitService - Daily amount limit exceeded: customer=1, current=962.12, attempted=$4770.96
2025-02-10 17:46:55 WARN  [main] c.v.limits.service.LoadLimitService - Load rejected: id=19749, customer=1, amount=$4770.96 (limit exceeded)
2025-02-10 17:46:55 DEBUG [main] c.v.limits.service.LoadLimitService - Processing load request: id=27290, customer=86, amount=$5382.54, time=2000-01-22T06:21:58Z
2025-02-10 17:46:55 DEBUG [main] c.v.limits.service.LoadLimitService - Checking limits for time=2000-01-22T06:21:58Z, startOfWeek=2000-01-17T00:00Z, endOfWeek=2000-01-23T23:59:59.999999999Z
2025-02-10 17:46:55 DEBUG [main] c.v.limits.service.LoadLimitService - Daily amount limit exceeded: customer=86, current=0, attempted=$5382.54
2025-02-10 17:46:55 WARN  [main] c.v.limits.service.LoadLimitService - Load rejected: id=27290, customer=86, amount=$5382.54 (limit exceeded)
2025-02-10 17:46:55 DEBUG [main] c.v.limits.service.LoadLimitService - Processing load request: id=7009, customer=477, amount=$5286.79, time=2000-01-22T07:23:20Z
2025-02-10 17:46:55 DEBUG [main] c.v.limits.service.LoadLimitService - Checking limits for time=2000-01-22T07:23:20Z, startOfWeek=2000-01-17T00:00Z, endOfWeek=2000-01-23T23:59:59.999999999Z
2025-02-10 17:46:55 DEBUG [main] c.v.limits.service.LoadLimitService - Daily amount limit exceeded: customer=477, current=0, attempted=$5286.79
2025-02-10 17:46:55 WARN  [main] c.v.limits.service.LoadLimitService - Load rejected: id=7009, customer=477, amount=$5286.79 (limit exceeded)
2025-02-10 17:46:55 DEBUG [main] c.v.limits.service.LoadLimitService - Processing load request: id=13460, customer=137, amount=$5948.38, time=2000-01-22T08:24:42Z
2025-02-10 17:46:55 DEBUG [main] c.v.limits.service.LoadLimitService - Checking limits for time=2000-01-22T08:24:42Z, startOfWeek=2000-01-17T00:00Z, endOfWeek=2000-01-23T23:59:59.999999999Z
2025-02-10 17:46:55 DEBUG [main] c.v.limits.service.LoadLimitService - Daily amount limit exceeded: customer=137, current=0, attempted=$5948.38
2025-02-10 17:46:55 WARN  [main] c.v.limits.service.LoadLimitService - Load rejected: id=13460, customer=137, amount=$5948.38 (limit exceeded)
2025-02-10 17:46:55 DEBUG [main] c.v.limits.service.LoadLimitService - Processing load request: id=19265, customer=681, amount=$5341.09, time=2000-01-22T09:26:04Z
2025-02-10 17:46:55 DEBUG [main] c.v.limits.service.LoadLimitService - Checking limits for time=2000-01-22T09:26:04Z, startOfWeek=2000-01-17T00:00Z, endOfWeek=2000-01-23T23:59:59.999999999Z
2025-02-10 17:46:55 DEBUG [main] c.v.limits.service.LoadLimitService - Daily amount limit exceeded: customer=681, current=0, attempted=$5341.09
2025-02-10 17:46:55 WARN  [main] c.v.limits.service.LoadLimitService - Load rejected: id=19265, customer=681, amount=$5341.09 (limit exceeded)
2025-02-10 17:46:55 DEBUG [main] c.v.limits.service.LoadLimitService - Processing load request: id=20916, customer=834, amount=$5577.97, time=2000-01-22T10:27:26Z
2025-02-10 17:46:55 DEBUG [main] c.v.limits.service.LoadLimitService - Checking limits for time=2000-01-22T10:27:26Z, startOfWeek=2000-01-17T00:00Z, endOfWeek=2000-01-23T23:59:59.999999999Z
2025-02-10 17:46:55 DEBUG [main] c.v.limits.service.LoadLimitService - Daily amount limit exceeded: customer=834, current=0, attempted=$5577.97
2025-02-10 17:46:55 WARN  [main] c.v.limits.service.LoadLimitService - Load rejected: id=20916, customer=834, amount=$5577.97 (limit exceeded)
2025-02-10 17:46:55 DEBUG [main] c.v.limits.service.LoadLimitService - Processing load request: id=16412, customer=426, amount=$5480.06, time=2000-01-22T11:28:48Z
2025-02-10 17:46:55 DEBUG [main] c.v.limits.service.LoadLimitService - Checking limits for time=2000-01-22T11:28:48Z, startOfWeek=2000-01-17T00:00Z, endOfWeek=2000-01-23T23:59:59.999999999Z
2025-02-10 17:46:55 DEBUG [main] c.v.limits.service.LoadLimitService - Daily amount limit exceeded: customer=426, current=0, attempted=$5480.06
2025-02-10 17:46:55 WARN  [main] c.v.limits.service.LoadLimitService - Load rejected: id=16412, customer=426, amount=$5480.06 (limit exceeded)
2025-02-10 17:46:55 DEBUG [main] c.v.limits.service.LoadLimitService - Processing load request: id=24323, customer=324, amount=$1824.06, time=2000-01-22T12:30:10Z
2025-02-10 17:46:55 DEBUG [main] c.v.limits.service.LoadLimitService - Checking limits for time=2000-01-22T12:30:10Z, startOfWeek=2000-01-17T00:00Z, endOfWeek=2000-01-23T23:59:59.999999999Z
2025-02-10 17:46:55 DEBUG [main] c.v.limits.service.LoadLimitService - Weekly total for customer=324: current=4649.31, new=6473.37, limit=20000.00
2025-02-10 17:46:55 DEBUG [main] c.v.limits.service.LoadLimitService - Load saved successfully: id=24323, customer=324
2025-02-10 17:46:55 INFO  [main] c.v.limits.service.LoadLimitService - Load accepted: id=24323, customer=324, amount=$1824.06
2025-02-10 17:46:55 DEBUG [main] c.v.limits.service.LoadLimitService - Processing load request: id=3111, customer=545, amount=$4007.33, time=2000-01-22T13:31:32Z
2025-02-10 17:46:55 DEBUG [main] c.v.limits.service.LoadLimitService - Checking limits for time=2000-01-22T13:31:32Z, startOfWeek=2000-01-17T00:00Z, endOfWeek=2000-01-23T23:59:59.999999999Z
2025-02-10 17:46:55 DEBUG [main] c.v.limits.service.LoadLimitService - Weekly total for customer=545: current=3544.71, new=7552.04, limit=20000.00
2025-02-10 17:46:55 DEBUG [main] c.v.limits.service.LoadLimitService - Load saved successfully: id=3111, customer=545
2025-02-10 17:46:55 INFO  [main] c.v.limits.service.LoadLimitService - Load accepted: id=3111, customer=545, amount=$4007.33
2025-02-10 17:46:55 DEBUG [main] c.v.limits.service.LoadLimitService - Processing load request: id=20486, customer=443, amount=$3872.45, time=2000-01-22T14:32:54Z
2025-02-10 17:46:55 DEBUG [main] c.v.limits.service.LoadLimitService - Checking limits for time=2000-01-22T14:32:54Z, startOfWeek=2000-01-17T00:00Z, endOfWeek=2000-01-23T23:59:59.999999999Z
2025-02-10 17:46:55 DEBUG [main] c.v.limits.service.LoadLimitService - Weekly total for customer=443: current=907.32, new=4779.77, limit=20000.00
2025-02-10 17:46:55 DEBUG [main] c.v.limits.service.LoadLimitService - Load saved successfully: id=20486, customer=443
2025-02-10 17:46:55 INFO  [main] c.v.limits.service.LoadLimitService - Load accepted: id=20486, customer=443, amount=$3872.45
2025-02-10 17:46:55 DEBUG [main] c.v.limits.service.LoadLimitService - Processing load request: id=24130, customer=358, amount=$1896.78, time=2000-01-22T15:34:16Z
2025-02-10 17:46:55 DEBUG [main] c.v.limits.service.LoadLimitService - Checking limits for time=2000-01-22T15:34:16Z, startOfWeek=2000-01-17T00:00Z, endOfWeek=2000-01-23T23:59:59.999999999Z
2025-02-10 17:46:55 DEBUG [main] c.v.limits.service.LoadLimitService - Weekly total for customer=358: current=7443.73, new=9340.51, limit=20000.00
2025-02-10 17:46:55 DEBUG [main] c.v.limits.service.LoadLimitService - Load saved successfully: id=24130, customer=358
2025-02-10 17:46:55 INFO  [main] c.v.limits.service.LoadLimitService - Load accepted: id=24130, customer=358, amount=$1896.78
2025-02-10 17:46:55 DEBUG [main] c.v.limits.service.LoadLimitService - Processing load request: id=24973, customer=137, amount=$251.87, time=2000-01-22T16:35:38Z
2025-02-10 17:46:55 DEBUG [main] c.v.limits.service.LoadLimitService - Checking limits for time=2000-01-22T16:35:38Z, startOfWeek=2000-01-17T00:00Z, endOfWeek=2000-01-23T23:59:59.999999999Z
2025-02-10 17:46:55 DEBUG [main] c.v.limits.service.LoadLimitService - Weekly total for customer=137: current=7015.86, new=7267.73, limit=20000.00
2025-02-10 17:46:55 DEBUG [main] c.v.limits.service.LoadLimitService - Load saved successfully: id=24973, customer=137
2025-02-10 17:46:55 INFO  [main] c.v.limits.service.LoadLimitService - Load accepted: id=24973, customer=137, amount=$251.87
2025-02-10 17:46:55 DEBUG [main] c.v.limits.service.LoadLimitService - Processing load request: id=14981, customer=630, amount=$2911.39, time=2000-01-22T17:37Z
2025-02-10 17:46:55 DEBUG [main] c.v.limits.service.LoadLimitService - Checking limits for time=2000-01-22T17:37Z, startOfWeek=2000-01-17T00:00Z, endOfWeek=2000-01-23T23:59:59.999999999Z
2025-02-10 17:46:55 DEBUG [main] c.v.limits.service.LoadLimitService - Weekly total for customer=630: current=5019.45, new=7930.84, limit=20000.00
2025-02-10 17:46:55 DEBUG [main] c.v.limits.service.LoadLimitService - Load saved successfully: id=14981, customer=630
2025-02-10 17:46:55 INFO  [main] c.v.limits.service.LoadLimitService - Load accepted: id=14981, customer=630, amount=$2911.39
2025-02-10 17:46:55 DEBUG [main] c.v.limits.service.LoadLimitService - Processing load request: id=21581, customer=460, amount=$3315.92, time=2000-01-22T18:38:22Z
2025-02-10 17:46:55 DEBUG [main] c.v.limits.service.LoadLimitService - Checking limits for time=2000-01-22T18:38:22Z, startOfWeek=2000-01-17T00:00Z, endOfWeek=2000-01-23T23:59:59.999999999Z
2025-02-10 17:46:55 DEBUG [main] c.v.limits.service.LoadLimitService - Weekly total for customer=460: current=2678.11, new=5994.03, limit=20000.00
2025-02-10 17:46:55 DEBUG [main] c.v.limits.service.LoadLimitService - Load saved successfully: id=21581, customer=460
2025-02-10 17:46:55 INFO  [main] c.v.limits.service.LoadLimitService - Load accepted: id=21581, customer=460, amount=$3315.92
2025-02-10 17:46:55 DEBUG [main] c.v.limits.service.LoadLimitService - Processing load request: id=21191, customer=749, amount=$1556.79, time=2000-01-22T19:39:44Z
2025-02-10 17:46:55 DEBUG [main] c.v.limits.service.LoadLimitService - Checking limits for time=2000-01-22T19:39:44Z, startOfWeek=2000-01-17T00:00Z, endOfWeek=2000-01-23T23:59:59.999999999Z
2025-02-10 17:46:55 DEBUG [main] c.v.limits.service.LoadLimitService - Weekly total for customer=749: current=4056.28, new=5613.07, limit=20000.00
2025-02-10 17:46:55 DEBUG [main] c.v.limits.service.LoadLimitService - Load saved successfully: id=21191, customer=749
2025-02-10 17:46:55 INFO  [main] c.v.limits.service.LoadLimitService - Load accepted: id=21191, customer=749, amount=$1556.79
2025-02-10 17:46:55 DEBUG [main] c.v.limits.service.LoadLimitService - Processing load request: id=903, customer=154, amount=$2448.62, time=2000-01-22T20:41:06Z
2025-02-10 17:46:55 DEBUG [main] c.v.limits.service.LoadLimitService - Checking limits for time=2000-01-22T20:41:06Z, startOfWeek=2000-01-17T00:00Z, endOfWeek=2000-01-23T23:59:59.999999999Z
2025-02-10 17:46:55 DEBUG [main] c.v.limits.service.LoadLimitService - Weekly total for customer=154: current=0, new=2448.62, limit=20000.00
2025-02-10 17:46:55 DEBUG [main] c.v.limits.service.LoadLimitService - Load saved successfully: id=903, customer=154
2025-02-10 17:46:55 INFO  [main] c.v.limits.service.LoadLimitService - Load accepted: id=903, customer=154, amount=$2448.62
2025-02-10 17:46:55 DEBUG [main] c.v.limits.service.LoadLimitService - Processing load request: id=19377, customer=545, amount=$4404.66, time=2000-01-22T21:42:28Z
2025-02-10 17:46:55 DEBUG [main] c.v.limits.service.LoadLimitService - Checking limits for time=2000-01-22T21:42:28Z, startOfWeek=2000-01-17T00:00Z, endOfWeek=2000-01-23T23:59:59.999999999Z
2025-02-10 17:46:55 DEBUG [main] c.v.limits.service.LoadLimitService - Daily amount limit exceeded: customer=545, current=4007.33, attempted=$4404.66
2025-02-10 17:46:55 WARN  [main] c.v.limits.service.LoadLimitService - Load rejected: id=19377, customer=545, amount=$4404.66 (limit exceeded)
2025-02-10 17:46:55 DEBUG [main] c.v.limits.service.LoadLimitService - Processing load request: id=26629, customer=18, amount=$5127.10, time=2000-01-22T22:43:50Z
2025-02-10 17:46:55 DEBUG [main] c.v.limits.service.LoadLimitService - Checking limits for time=2000-01-22T22:43:50Z, startOfWeek=2000-01-17T00:00Z, endOfWeek=2000-01-23T23:59:59.999999999Z
2025-02-10 17:46:55 DEBUG [main] c.v.limits.service.LoadLimitService - Daily amount limit exceeded: customer=18, current=0, attempted=$5127.10
2025-02-10 17:46:55 WARN  [main] c.v.limits.service.LoadLimitService - Load rejected: id=26629, customer=18, amount=$5127.10 (limit exceeded)
2025-02-10 17:46:55 DEBUG [main] c.v.limits.service.LoadLimitService - Processing load request: id=24174, customer=392, amount=$5186.05, time=2000-01-22T23:45:12Z
2025-02-10 17:46:55 DEBUG [main] c.v.limits.service.LoadLimitService - Checking limits for time=2000-01-22T23:45:12Z, startOfWeek=2000-01-17T00:00Z, endOfWeek=2000-01-23T23:59:59.999999999Z
2025-02-10 17:46:55 DEBUG [main] c.v.limits.service.LoadLimitService - Daily amount limit exceeded: customer=392, current=0, attempted=$5186.05
2025-02-10 17:46:55 WARN  [main] c.v.limits.service.LoadLimitService - Load rejected: id=24174, customer=392, amount=$5186.05 (limit exceeded)
2025-02-10 17:46:55 DEBUG [main] c.v.limits.service.LoadLimitService - Processing load request: id=1617, customer=664, amount=$382.33, time=2000-01-23T00:46:34Z
2025-02-10 17:46:55 DEBUG [main] c.v.limits.service.LoadLimitService - Checking limits for time=2000-01-23T00:46:34Z, startOfWeek=2000-01-17T00:00Z, endOfWeek=2000-01-23T23:59:59.999999999Z
2025-02-10 17:46:55 DEBUG [main] c.v.limits.service.LoadLimitService - Weekly total for customer=664: current=10831.43, new=11213.76, limit=20000.00
2025-02-10 17:46:55 DEBUG [main] c.v.limits.service.LoadLimitService - Load saved successfully: id=1617, customer=664
2025-02-10 17:46:55 INFO  [main] c.v.limits.service.LoadLimitService - Load accepted: id=1617, customer=664, amount=$382.33
2025-02-10 17:46:55 DEBUG [main] c.v.limits.service.LoadLimitService - Processing load request: id=11628, customer=256, amount=$5286.89, time=2000-01-23T01:47:56Z
2025-02-10 17:46:55 DEBUG [main] c.v.limits.service.LoadLimitService - Checking limits for time=2000-01-23T01:47:56Z, startOfWeek=2000-01-17T00:00Z, endOfWeek=2000-01-23T23:59:59.999999999Z
2025-02-10 17:46:55 DEBUG [main] c.v.limits.service.LoadLimitService - Daily amount limit exceeded: customer=256, current=0, attempted=$5286.89
2025-02-10 17:46:55 WARN  [main] c.v.limits.service.LoadLimitService - Load rejected: id=11628, customer=256, amount=$5286.89 (limit exceeded)
2025-02-10 17:46:55 DEBUG [main] c.v.limits.service.LoadLimitService - Processing load request: id=20731, customer=766, amount=$4169.11, time=2000-01-23T02:49:18Z
2025-02-10 17:46:55 DEBUG [main] c.v.limits.service.LoadLimitService - Checking limits for time=2000-01-23T02:49:18Z, startOfWeek=2000-01-17T00:00Z, endOfWeek=2000-01-23T23:59:59.999999999Z
2025-02-10 17:46:55 DEBUG [main] c.v.limits.service.LoadLimitService - Weekly total for customer=766: current=3651.86, new=7820.97, limit=20000.00
2025-02-10 17:46:55 DEBUG [main] c.v.limits.service.LoadLimitService - Load saved successfully: id=20731, customer=766
2025-02-10 17:46:55 INFO  [main] c.v.limits.service.LoadLimitService - Load accepted: id=20731, customer=766, amount=$4169.11
2025-02-10 17:46:55 DEBUG [main] c.v.limits.service.LoadLimitService - Processing load request: id=10707, customer=341, amount=$215.38, time=2000-01-23T03:50:40Z
2025-02-10 17:46:55 DEBUG [main] c.v.limits.service.LoadLimitService - Checking limits for time=2000-01-23T03:50:40Z, startOfWeek=2000-01-17T00:00Z, endOfWeek=2000-01-23T23:59:59.999999999Z
2025-02-10 17:46:55 DEBUG [main] c.v.limits.service.LoadLimitService - Weekly total for customer=341: current=7068.65, new=7284.03, limit=20000.00
2025-02-10 17:46:55 DEBUG [main] c.v.limits.service.LoadLimitService - Load saved successfully: id=10707, customer=341
2025-02-10 17:46:55 INFO  [main] c.v.limits.service.LoadLimitService - Load accepted: id=10707, customer=341, amount=$215.38
2025-02-10 17:46:55 DEBUG [main] c.v.limits.service.LoadLimitService - Processing load request: id=19600, customer=86, amount=$1639.83, time=2000-01-23T04:52:02Z
2025-02-10 17:46:55 DEBUG [main] c.v.limits.service.LoadLimitService - Checking limits for time=2000-01-23T04:52:02Z, startOfWeek=2000-01-17T00:00Z, endOfWeek=2000-01-23T23:59:59.999999999Z
2025-02-10 17:46:55 DEBUG [main] c.v.limits.service.LoadLimitService - Weekly total for customer=86: current=2816.42, new=4456.25, limit=20000.00
2025-02-10 17:46:55 DEBUG [main] c.v.limits.service.LoadLimitService - Load saved successfully: id=19600, customer=86
2025-02-10 17:46:55 INFO  [main] c.v.limits.service.LoadLimitService - Load accepted: id=19600, customer=86, amount=$1639.83
2025-02-10 17:46:55 DEBUG [main] c.v.limits.service.LoadLimitService - Processing load request: id=29340, customer=443, amount=$3781.70, time=2000-01-23T05:53:24Z
2025-02-10 17:46:55 DEBUG [main] c.v.limits.service.LoadLimitService - Checking limits for time=2000-01-23T05:53:24Z, startOfWeek=2000-01-17T00:00Z, endOfWeek=2000-01-23T23:59:59.999999999Z
2025-02-10 17:46:55 DEBUG [main] c.v.limits.service.LoadLimitService - Weekly total for customer=443: current=4779.77, new=8561.47, limit=20000.00
2025-02-10 17:46:55 DEBUG [main] c.v.limits.service.LoadLimitService - Load saved successfully: id=29340, customer=443
2025-02-10 17:46:55 INFO  [main] c.v.limits.service.LoadLimitService - Load accepted: id=29340, customer=443, amount=$3781.70
2025-02-10 17:46:55 DEBUG [main] c.v.limits.service.LoadLimitService - Processing load request: id=29776, customer=834, amount=$1687.20, time=2000-01-23T06:54:46Z
2025-02-10 17:46:55 DEBUG [main] c.v.limits.service.LoadLimitService - Checking limits for time=2000-01-23T06:54:46Z, startOfWeek=2000-01-17T00:00Z, endOfWeek=2000-01-23T23:59:59.999999999Z
2025-02-10 17:46:55 DEBUG [main] c.v.limits.service.LoadLimitService - Weekly total for customer=834: current=8127.39, new=9814.59, limit=20000.00
2025-02-10 17:46:55 DEBUG [main] c.v.limits.service.LoadLimitService - Load saved successfully: id=29776, customer=834
2025-02-10 17:46:55 INFO  [main] c.v.limits.service.LoadLimitService - Load accepted: id=29776, customer=834, amount=$1687.20
2025-02-10 17:46:55 DEBUG [main] c.v.limits.service.LoadLimitService - Processing load request: id=1136, customer=426, amount=$2742.27, time=2000-01-23T07:56:08Z
2025-02-10 17:46:55 DEBUG [main] c.v.limits.service.LoadLimitService - Checking limits for time=2000-01-23T07:56:08Z, startOfWeek=2000-01-17T00:00Z, endOfWeek=2000-01-23T23:59:59.999999999Z
2025-02-10 17:46:55 DEBUG [main] c.v.limits.service.LoadLimitService - Weekly total for customer=426: current=2606.14, new=5348.41, limit=20000.00
2025-02-10 17:46:55 DEBUG [main] c.v.limits.service.LoadLimitService - Load saved successfully: id=1136, customer=426
2025-02-10 17:46:55 INFO  [main] c.v.limits.service.LoadLimitService - Load accepted: id=1136, customer=426, amount=$2742.27
2025-02-10 17:46:55 DEBUG [main] c.v.limits.service.LoadLimitService - Processing load request: id=13154, customer=290, amount=$5570.60, time=2000-01-23T08:57:30Z
2025-02-10 17:46:55 DEBUG [main] c.v.limits.service.LoadLimitService - Checking limits for time=2000-01-23T08:57:30Z, startOfWeek=2000-01-17T00:00Z, endOfWeek=2000-01-23T23:59:59.999999999Z
2025-02-10 17:46:55 DEBUG [main] c.v.limits.service.LoadLimitService - Daily amount limit exceeded: customer=290, current=0, attempted=$5570.60
2025-02-10 17:46:55 WARN  [main] c.v.limits.service.LoadLimitService - Load rejected: id=13154, customer=290, amount=$5570.60 (limit exceeded)
2025-02-10 17:46:55 DEBUG [main] c.v.limits.service.LoadLimitService - Processing load request: id=31646, customer=562, amount=$3569.06, time=2000-01-23T09:58:52Z
2025-02-10 17:46:55 DEBUG [main] c.v.limits.service.LoadLimitService - Checking limits for time=2000-01-23T09:58:52Z, startOfWeek=2000-01-17T00:00Z, endOfWeek=2000-01-23T23:59:59.999999999Z
2025-02-10 17:46:55 DEBUG [main] c.v.limits.service.LoadLimitService - Weekly total for customer=562: current=10091.44, new=13660.50, limit=20000.00
2025-02-10 17:46:55 DEBUG [main] c.v.limits.service.LoadLimitService - Load saved successfully: id=31646, customer=562
2025-02-10 17:46:55 INFO  [main] c.v.limits.service.LoadLimitService - Load accepted: id=31646, customer=562, amount=$3569.06
2025-02-10 17:46:55 DEBUG [main] c.v.limits.service.LoadLimitService - Processing load request: id=29415, customer=545, amount=$3047.54, time=2000-01-23T11:00:14Z
2025-02-10 17:46:55 DEBUG [main] c.v.limits.service.LoadLimitService - Checking limits for time=2000-01-23T11:00:14Z, startOfWeek=2000-01-17T00:00Z, endOfWeek=2000-01-23T23:59:59.999999999Z
2025-02-10 17:46:55 DEBUG [main] c.v.limits.service.LoadLimitService - Weekly total for customer=545: current=7552.04, new=10599.58, limit=20000.00
2025-02-10 17:46:55 DEBUG [main] c.v.limits.service.LoadLimitService - Load saved successfully: id=29415, customer=545
2025-02-10 17:46:55 INFO  [main] c.v.limits.service.LoadLimitService - Load accepted: id=29415, customer=545, amount=$3047.54
2025-02-10 17:46:55 DEBUG [main] c.v.limits.service.LoadLimitService - Processing load request: id=8836, customer=545, amount=$5239.64, time=2000-01-23T12:01:36Z
2025-02-10 17:46:55 DEBUG [main] c.v.limits.service.LoadLimitService - Checking limits for time=2000-01-23T12:01:36Z, startOfWeek=2000-01-17T00:00Z, endOfWeek=2000-01-23T23:59:59.999999999Z
2025-02-10 17:46:55 DEBUG [main] c.v.limits.service.LoadLimitService - Daily amount limit exceeded: customer=545, current=3047.54, attempted=$5239.64
2025-02-10 17:46:55 WARN  [main] c.v.limits.service.LoadLimitService - Load rejected: id=8836, customer=545, amount=$5239.64 (limit exceeded)
2025-02-10 17:46:55 DEBUG [main] c.v.limits.service.LoadLimitService - Processing load request: id=31831, customer=732, amount=$5121.76, time=2000-01-23T13:02:58Z
2025-02-10 17:46:55 DEBUG [main] c.v.limits.service.LoadLimitService - Checking limits for time=2000-01-23T13:02:58Z, startOfWeek=2000-01-17T00:00Z, endOfWeek=2000-01-23T23:59:59.999999999Z
2025-02-10 17:46:55 DEBUG [main] c.v.limits.service.LoadLimitService - Daily amount limit exceeded: customer=732, current=0, attempted=$5121.76
2025-02-10 17:46:55 WARN  [main] c.v.limits.service.LoadLimitService - Load rejected: id=31831, customer=732, amount=$5121.76 (limit exceeded)
2025-02-10 17:46:55 DEBUG [main] c.v.limits.service.LoadLimitService - Processing load request: id=17317, customer=222, amount=$4756.46, time=2000-01-23T14:04:20Z
2025-02-10 17:46:55 DEBUG [main] c.v.limits.service.LoadLimitService - Checking limits for time=2000-01-23T14:04:20Z, startOfWeek=2000-01-17T00:00Z, endOfWeek=2000-01-23T23:59:59.999999999Z
2025-02-10 17:46:55 DEBUG [main] c.v.limits.service.LoadLimitService - Weekly total for customer=222: current=3134.21, new=7890.67, limit=20000.00
2025-02-10 17:46:55 DEBUG [main] c.v.limits.service.LoadLimitService - Load saved successfully: id=17317, customer=222
2025-02-10 17:46:55 INFO  [main] c.v.limits.service.LoadLimitService - Load accepted: id=17317, customer=222, amount=$4756.46
2025-02-10 17:46:55 DEBUG [main] c.v.limits.service.LoadLimitService - Processing load request: id=11594, customer=307, amount=$3391.30, time=2000-01-23T15:05:42Z
2025-02-10 17:46:55 DEBUG [main] c.v.limits.service.LoadLimitService - Checking limits for time=2000-01-23T15:05:42Z, startOfWeek=2000-01-17T00:00Z, endOfWeek=2000-01-23T23:59:59.999999999Z
2025-02-10 17:46:55 DEBUG [main] c.v.limits.service.LoadLimitService - Weekly total for customer=307: current=6947.48, new=10338.78, limit=20000.00
2025-02-10 17:46:55 DEBUG [main] c.v.limits.service.LoadLimitService - Load saved successfully: id=11594, customer=307
2025-02-10 17:46:55 INFO  [main] c.v.limits.service.LoadLimitService - Load accepted: id=11594, customer=307, amount=$3391.30
2025-02-10 17:46:55 DEBUG [main] c.v.limits.service.LoadLimitService - Processing load request: id=20200, customer=426, amount=$1761.42, time=2000-01-23T16:07:04Z
2025-02-10 17:46:55 DEBUG [main] c.v.limits.service.LoadLimitService - Checking limits for time=2000-01-23T16:07:04Z, startOfWeek=2000-01-17T00:00Z, endOfWeek=2000-01-23T23:59:59.999999999Z
2025-02-10 17:46:55 DEBUG [main] c.v.limits.service.LoadLimitService - Weekly total for customer=426: current=5348.41, new=7109.83, limit=20000.00
2025-02-10 17:46:55 DEBUG [main] c.v.limits.service.LoadLimitService - Load saved successfully: id=20200, customer=426
2025-02-10 17:46:55 INFO  [main] c.v.limits.service.LoadLimitService - Load accepted: id=20200, customer=426, amount=$1761.42
2025-02-10 17:46:55 DEBUG [main] c.v.limits.service.LoadLimitService - Processing load request: id=4133, customer=562, amount=$3995.65, time=2000-01-23T17:08:26Z
2025-02-10 17:46:55 DEBUG [main] c.v.limits.service.LoadLimitService - Checking limits for time=2000-01-23T17:08:26Z, startOfWeek=2000-01-17T00:00Z, endOfWeek=2000-01-23T23:59:59.999999999Z
2025-02-10 17:46:55 DEBUG [main] c.v.limits.service.LoadLimitService - Daily amount limit exceeded: customer=562, current=3569.06, attempted=$3995.65
2025-02-10 17:46:55 WARN  [main] c.v.limits.service.LoadLimitService - Load rejected: id=4133, customer=562, amount=$3995.65 (limit exceeded)
2025-02-10 17:46:55 DEBUG [main] c.v.limits.service.LoadLimitService - Processing load request: id=11634, customer=443, amount=$5186.84, time=2000-01-23T18:09:48Z
2025-02-10 17:46:55 DEBUG [main] c.v.limits.service.LoadLimitService - Checking limits for time=2000-01-23T18:09:48Z, startOfWeek=2000-01-17T00:00Z, endOfWeek=2000-01-23T23:59:59.999999999Z
2025-02-10 17:46:55 DEBUG [main] c.v.limits.service.LoadLimitService - Daily amount limit exceeded: customer=443, current=3781.70, attempted=$5186.84
2025-02-10 17:46:55 WARN  [main] c.v.limits.service.LoadLimitService - Load rejected: id=11634, customer=443, amount=$5186.84 (limit exceeded)
2025-02-10 17:46:55 DEBUG [main] c.v.limits.service.LoadLimitService - Processing load request: id=30131, customer=154, amount=$4045.07, time=2000-01-23T19:11:10Z
2025-02-10 17:46:55 DEBUG [main] c.v.limits.service.LoadLimitService - Checking limits for time=2000-01-23T19:11:10Z, startOfWeek=2000-01-17T00:00Z, endOfWeek=2000-01-23T23:59:59.999999999Z
2025-02-10 17:46:55 DEBUG [main] c.v.limits.service.LoadLimitService - Weekly total for customer=154: current=2448.62, new=6493.69, limit=20000.00
2025-02-10 17:46:55 DEBUG [main] c.v.limits.service.LoadLimitService - Load saved successfully: id=30131, customer=154
2025-02-10 17:46:55 INFO  [main] c.v.limits.service.LoadLimitService - Load accepted: id=30131, customer=154, amount=$4045.07
2025-02-10 17:46:55 DEBUG [main] c.v.limits.service.LoadLimitService - Processing load request: id=31986, customer=783, amount=$1489.39, time=2000-01-23T20:12:32Z
2025-02-10 17:46:55 DEBUG [main] c.v.limits.service.LoadLimitService - Checking limits for time=2000-01-23T20:12:32Z, startOfWeek=2000-01-17T00:00Z, endOfWeek=2000-01-23T23:59:59.999999999Z
2025-02-10 17:46:55 DEBUG [main] c.v.limits.service.LoadLimitService - Weekly total for customer=783: current=3531.56, new=5020.95, limit=20000.00
2025-02-10 17:46:55 DEBUG [main] c.v.limits.service.LoadLimitService - Load saved successfully: id=31986, customer=783
2025-02-10 17:46:55 INFO  [main] c.v.limits.service.LoadLimitService - Load accepted: id=31986, customer=783, amount=$1489.39
2025-02-10 17:46:55 DEBUG [main] c.v.limits.service.LoadLimitService - Processing load request: id=8348, customer=715, amount=$1561.71, time=2000-01-23T21:13:54Z
2025-02-10 17:46:55 DEBUG [main] c.v.limits.service.LoadLimitService - Checking limits for time=2000-01-23T21:13:54Z, startOfWeek=2000-01-17T00:00Z, endOfWeek=2000-01-23T23:59:59.999999999Z
2025-02-10 17:46:55 DEBUG [main] c.v.limits.service.LoadLimitService - Weekly total for customer=715: current=405.41, new=1967.12, limit=20000.00
2025-02-10 17:46:55 DEBUG [main] c.v.limits.service.LoadLimitService - Load saved successfully: id=8348, customer=715
2025-02-10 17:46:55 INFO  [main] c.v.limits.service.LoadLimitService - Load accepted: id=8348, customer=715, amount=$1561.71
2025-02-10 17:46:55 DEBUG [main] c.v.limits.service.LoadLimitService - Processing load request: id=2030, customer=443, amount=$1917.31, time=2000-01-23T22:15:16Z
2025-02-10 17:46:55 DEBUG [main] c.v.limits.service.LoadLimitService - Checking limits for time=2000-01-23T22:15:16Z, startOfWeek=2000-01-17T00:00Z, endOfWeek=2000-01-23T23:59:59.999999999Z
2025-02-10 17:46:55 DEBUG [main] c.v.limits.service.LoadLimitService - Daily amount limit exceeded: customer=443, current=3781.70, attempted=$1917.31
2025-02-10 17:46:55 WARN  [main] c.v.limits.service.LoadLimitService - Load rejected: id=2030, customer=443, amount=$1917.31 (limit exceeded)
2025-02-10 17:46:55 DEBUG [main] c.v.limits.service.LoadLimitService - Processing load request: id=16202, customer=256, amount=$2475.00, time=2000-01-23T23:16:38Z
2025-02-10 17:46:55 DEBUG [main] c.v.limits.service.LoadLimitService - Checking limits for time=2000-01-23T23:16:38Z, startOfWeek=2000-01-17T00:00Z, endOfWeek=2000-01-23T23:59:59.999999999Z
2025-02-10 17:46:55 DEBUG [main] c.v.limits.service.LoadLimitService - Weekly total for customer=256: current=6319.53, new=8794.53, limit=20000.00
2025-02-10 17:46:55 DEBUG [main] c.v.limits.service.LoadLimitService - Load saved successfully: id=16202, customer=256
2025-02-10 17:46:55 INFO  [main] c.v.limits.service.LoadLimitService - Load accepted: id=16202, customer=256, amount=$2475.00
2025-02-10 17:46:55 DEBUG [main] c.v.limits.service.LoadLimitService - Processing load request: id=28452, customer=307, amount=$4128.80, time=2000-01-24T00:18Z
2025-02-10 17:46:55 DEBUG [main] c.v.limits.service.LoadLimitService - Checking limits for time=2000-01-24T00:18Z, startOfWeek=2000-01-24T00:00Z, endOfWeek=2000-01-30T23:59:59.999999999Z
2025-02-10 17:46:55 DEBUG [main] c.v.limits.service.LoadLimitService - Weekly total for customer=307: current=0, new=4128.80, limit=20000.00
2025-02-10 17:46:55 DEBUG [main] c.v.limits.service.LoadLimitService - Load saved successfully: id=28452, customer=307
2025-02-10 17:46:55 INFO  [main] c.v.limits.service.LoadLimitService - Load accepted: id=28452, customer=307, amount=$4128.80
2025-02-10 17:46:55 DEBUG [main] c.v.limits.service.LoadLimitService - Processing load request: id=10321, customer=579, amount=$3540.73, time=2000-01-24T01:19:22Z
2025-02-10 17:46:55 DEBUG [main] c.v.limits.service.LoadLimitService - Checking limits for time=2000-01-24T01:19:22Z, startOfWeek=2000-01-24T00:00Z, endOfWeek=2000-01-30T23:59:59.999999999Z
2025-02-10 17:46:55 DEBUG [main] c.v.limits.service.LoadLimitService - Weekly total for customer=579: current=0, new=3540.73, limit=20000.00
2025-02-10 17:46:55 DEBUG [main] c.v.limits.service.LoadLimitService - Load saved successfully: id=10321, customer=579
2025-02-10 17:46:55 INFO  [main] c.v.limits.service.LoadLimitService - Load accepted: id=10321, customer=579, amount=$3540.73
2025-02-10 17:46:55 DEBUG [main] c.v.limits.service.LoadLimitService - Processing load request: id=11327, customer=35, amount=$435.24, time=2000-01-24T02:20:44Z
2025-02-10 17:46:55 DEBUG [main] c.v.limits.service.LoadLimitService - Checking limits for time=2000-01-24T02:20:44Z, startOfWeek=2000-01-24T00:00Z, endOfWeek=2000-01-30T23:59:59.999999999Z
2025-02-10 17:46:55 DEBUG [main] c.v.limits.service.LoadLimitService - Weekly total for customer=35: current=0, new=435.24, limit=20000.00
2025-02-10 17:46:55 DEBUG [main] c.v.limits.service.LoadLimitService - Load saved successfully: id=11327, customer=35
2025-02-10 17:46:55 INFO  [main] c.v.limits.service.LoadLimitService - Load accepted: id=11327, customer=35, amount=$435.24
2025-02-10 17:46:55 DEBUG [main] c.v.limits.service.LoadLimitService - Processing load request: id=5524, customer=579, amount=$3396.84, time=2000-01-24T03:22:06Z
2025-02-10 17:46:55 DEBUG [main] c.v.limits.service.LoadLimitService - Checking limits for time=2000-01-24T03:22:06Z, startOfWeek=2000-01-24T00:00Z, endOfWeek=2000-01-30T23:59:59.999999999Z
2025-02-10 17:46:55 DEBUG [main] c.v.limits.service.LoadLimitService - Daily amount limit exceeded: customer=579, current=3540.73, attempted=$3396.84
2025-02-10 17:46:55 WARN  [main] c.v.limits.service.LoadLimitService - Load rejected: id=5524, customer=579, amount=$3396.84 (limit exceeded)
2025-02-10 17:46:55 DEBUG [main] c.v.limits.service.LoadLimitService - Processing load request: id=8027, customer=596, amount=$1276.23, time=2000-01-24T04:23:28Z
2025-02-10 17:46:55 DEBUG [main] c.v.limits.service.LoadLimitService - Checking limits for time=2000-01-24T04:23:28Z, startOfWeek=2000-01-24T00:00Z, endOfWeek=2000-01-30T23:59:59.999999999Z
2025-02-10 17:46:55 DEBUG [main] c.v.limits.service.LoadLimitService - Weekly total for customer=596: current=0, new=1276.23, limit=20000.00
2025-02-10 17:46:55 DEBUG [main] c.v.limits.service.LoadLimitService - Load saved successfully: id=8027, customer=596
2025-02-10 17:46:55 INFO  [main] c.v.limits.service.LoadLimitService - Load accepted: id=8027, customer=596, amount=$1276.23
2025-02-10 17:46:55 DEBUG [main] c.v.limits.service.LoadLimitService - Processing load request: id=31471, customer=375, amount=$2616.32, time=2000-01-24T05:24:50Z
2025-02-10 17:46:55 DEBUG [main] c.v.limits.service.LoadLimitService - Checking limits for time=2000-01-24T05:24:50Z, startOfWeek=2000-01-24T00:00Z, endOfWeek=2000-01-30T23:59:59.999999999Z
2025-02-10 17:46:55 DEBUG [main] c.v.limits.service.LoadLimitService - Weekly total for customer=375: current=0, new=2616.32, limit=20000.00
2025-02-10 17:46:56 DEBUG [main] c.v.limits.service.LoadLimitService - Load saved successfully: id=31471, customer=375
2025-02-10 17:46:56 INFO  [main] c.v.limits.service.LoadLimitService - Load accepted: id=31471, customer=375, amount=$2616.32
2025-02-10 17:46:56 DEBUG [main] c.v.limits.service.LoadLimitService - Processing load request: id=221, customer=171, amount=$1836.57, time=2000-01-24T06:26:12Z
2025-02-10 17:46:56 DEBUG [main] c.v.limits.service.LoadLimitService - Checking limits for time=2000-01-24T06:26:12Z, startOfWeek=2000-01-24T00:00Z, endOfWeek=2000-01-30T23:59:59.999999999Z
2025-02-10 17:46:56 DEBUG [main] c.v.limits.service.LoadLimitService - Weekly total for customer=171: current=0, new=1836.57, limit=20000.00
2025-02-10 17:46:56 DEBUG [main] c.v.limits.service.LoadLimitService - Load saved successfully: id=221, customer=171
2025-02-10 17:46:56 INFO  [main] c.v.limits.service.LoadLimitService - Load accepted: id=221, customer=171, amount=$1836.57
2025-02-10 17:46:56 DEBUG [main] c.v.limits.service.LoadLimitService - Processing load request: id=28502, customer=205, amount=$3350.01, time=2000-01-24T07:27:34Z
2025-02-10 17:46:56 DEBUG [main] c.v.limits.service.LoadLimitService - Checking limits for time=2000-01-24T07:27:34Z, startOfWeek=2000-01-24T00:00Z, endOfWeek=2000-01-30T23:59:59.999999999Z
2025-02-10 17:46:56 DEBUG [main] c.v.limits.service.LoadLimitService - Weekly total for customer=205: current=0, new=3350.01, limit=20000.00
2025-02-10 17:46:56 DEBUG [main] c.v.limits.service.LoadLimitService - Load saved successfully: id=28502, customer=205
2025-02-10 17:46:56 INFO  [main] c.v.limits.service.LoadLimitService - Load accepted: id=28502, customer=205, amount=$3350.01
2025-02-10 17:46:56 DEBUG [main] c.v.limits.service.LoadLimitService - Processing load request: id=9291, customer=154, amount=$1283.83, time=2000-01-24T08:28:56Z
2025-02-10 17:46:56 DEBUG [main] c.v.limits.service.LoadLimitService - Checking limits for time=2000-01-24T08:28:56Z, startOfWeek=2000-01-24T00:00Z, endOfWeek=2000-01-30T23:59:59.999999999Z
2025-02-10 17:46:56 DEBUG [main] c.v.limits.service.LoadLimitService - Weekly total for customer=154: current=0, new=1283.83, limit=20000.00
2025-02-10 17:46:56 DEBUG [main] c.v.limits.service.LoadLimitService - Load saved successfully: id=9291, customer=154
2025-02-10 17:46:56 INFO  [main] c.v.limits.service.LoadLimitService - Load accepted: id=9291, customer=154, amount=$1283.83
2025-02-10 17:46:56 DEBUG [main] c.v.limits.service.LoadLimitService - Processing load request: id=4687, customer=290, amount=$1998.69, time=2000-01-24T09:30:18Z
2025-02-10 17:46:56 DEBUG [main] c.v.limits.service.LoadLimitService - Checking limits for time=2000-01-24T09:30:18Z, startOfWeek=2000-01-24T00:00Z, endOfWeek=2000-01-30T23:59:59.999999999Z
2025-02-10 17:46:56 DEBUG [main] c.v.limits.service.LoadLimitService - Weekly total for customer=290: current=0, new=1998.69, limit=20000.00
2025-02-10 17:46:56 DEBUG [main] c.v.limits.service.LoadLimitService - Load saved successfully: id=4687, customer=290
2025-02-10 17:46:56 INFO  [main] c.v.limits.service.LoadLimitService - Load accepted: id=4687, customer=290, amount=$1998.69
2025-02-10 17:46:56 DEBUG [main] c.v.limits.service.LoadLimitService - Processing load request: id=3462, customer=1, amount=$4682.96, time=2000-01-24T10:31:40Z
2025-02-10 17:46:56 DEBUG [main] c.v.limits.service.LoadLimitService - Checking limits for time=2000-01-24T10:31:40Z, startOfWeek=2000-01-24T00:00Z, endOfWeek=2000-01-30T23:59:59.999999999Z
2025-02-10 17:46:56 DEBUG [main] c.v.limits.service.LoadLimitService - Weekly total for customer=1: current=0, new=4682.96, limit=20000.00
2025-02-10 17:46:56 DEBUG [main] c.v.limits.service.LoadLimitService - Load saved successfully: id=3462, customer=1
2025-02-10 17:46:56 INFO  [main] c.v.limits.service.LoadLimitService - Load accepted: id=3462, customer=1, amount=$4682.96
2025-02-10 17:46:56 DEBUG [main] c.v.limits.service.LoadLimitService - Processing load request: id=2462, customer=460, amount=$247.88, time=2000-01-24T11:33:02Z
2025-02-10 17:46:56 DEBUG [main] c.v.limits.service.LoadLimitService - Checking limits for time=2000-01-24T11:33:02Z, startOfWeek=2000-01-24T00:00Z, endOfWeek=2000-01-30T23:59:59.999999999Z
2025-02-10 17:46:56 DEBUG [main] c.v.limits.service.LoadLimitService - Weekly total for customer=460: current=0, new=247.88, limit=20000.00
2025-02-10 17:46:56 DEBUG [main] c.v.limits.service.LoadLimitService - Load saved successfully: id=2462, customer=460
2025-02-10 17:46:56 INFO  [main] c.v.limits.service.LoadLimitService - Load accepted: id=2462, customer=460, amount=$247.88
2025-02-10 17:46:56 DEBUG [main] c.v.limits.service.LoadLimitService - Processing load request: id=22494, customer=290, amount=$3921.82, time=2000-01-24T12:34:24Z
2025-02-10 17:46:56 DEBUG [main] c.v.limits.service.LoadLimitService - Checking limits for time=2000-01-24T12:34:24Z, startOfWeek=2000-01-24T00:00Z, endOfWeek=2000-01-30T23:59:59.999999999Z
2025-02-10 17:46:56 DEBUG [main] c.v.limits.service.LoadLimitService - Daily amount limit exceeded: customer=290, current=1998.69, attempted=$3921.82
2025-02-10 17:46:56 WARN  [main] c.v.limits.service.LoadLimitService - Load rejected: id=22494, customer=290, amount=$3921.82 (limit exceeded)
2025-02-10 17:46:56 DEBUG [main] c.v.limits.service.LoadLimitService - Processing load request: id=23505, customer=630, amount=$3733.75, time=2000-01-24T13:35:46Z
2025-02-10 17:46:56 DEBUG [main] c.v.limits.service.LoadLimitService - Checking limits for time=2000-01-24T13:35:46Z, startOfWeek=2000-01-24T00:00Z, endOfWeek=2000-01-30T23:59:59.999999999Z
2025-02-10 17:46:56 DEBUG [main] c.v.limits.service.LoadLimitService - Weekly total for customer=630: current=0, new=3733.75, limit=20000.00
2025-02-10 17:46:56 DEBUG [main] c.v.limits.service.LoadLimitService - Load saved successfully: id=23505, customer=630
2025-02-10 17:46:56 INFO  [main] c.v.limits.service.LoadLimitService - Load accepted: id=23505, customer=630, amount=$3733.75
2025-02-10 17:46:56 DEBUG [main] c.v.limits.service.LoadLimitService - Processing load request: id=6216, customer=732, amount=$3575.81, time=2000-01-24T14:37:08Z
2025-02-10 17:46:56 DEBUG [main] c.v.limits.service.LoadLimitService - Checking limits for time=2000-01-24T14:37:08Z, startOfWeek=2000-01-24T00:00Z, endOfWeek=2000-01-30T23:59:59.999999999Z
2025-02-10 17:46:56 DEBUG [main] c.v.limits.service.LoadLimitService - Weekly total for customer=732: current=0, new=3575.81, limit=20000.00
2025-02-10 17:46:56 DEBUG [main] c.v.limits.service.LoadLimitService - Load saved successfully: id=6216, customer=732
2025-02-10 17:46:56 INFO  [main] c.v.limits.service.LoadLimitService - Load accepted: id=6216, customer=732, amount=$3575.81
2025-02-10 17:46:56 DEBUG [main] c.v.limits.service.LoadLimitService - Processing load request: id=9004, customer=120, amount=$4450.98, time=2000-01-24T15:38:30Z
2025-02-10 17:46:56 DEBUG [main] c.v.limits.service.LoadLimitService - Checking limits for time=2000-01-24T15:38:30Z, startOfWeek=2000-01-24T00:00Z, endOfWeek=2000-01-30T23:59:59.999999999Z
2025-02-10 17:46:56 DEBUG [main] c.v.limits.service.LoadLimitService - Weekly total for customer=120: current=0, new=4450.98, limit=20000.00
2025-02-10 17:46:56 DEBUG [main] c.v.limits.service.LoadLimitService - Load saved successfully: id=9004, customer=120
2025-02-10 17:46:56 INFO  [main] c.v.limits.service.LoadLimitService - Load accepted: id=9004, customer=120, amount=$4450.98
2025-02-10 17:46:56 DEBUG [main] c.v.limits.service.LoadLimitService - Processing load request: id=5538, customer=409, amount=$1400.95, time=2000-01-24T16:39:52Z
2025-02-10 17:46:56 DEBUG [main] c.v.limits.service.LoadLimitService - Checking limits for time=2000-01-24T16:39:52Z, startOfWeek=2000-01-24T00:00Z, endOfWeek=2000-01-30T23:59:59.999999999Z
2025-02-10 17:46:56 DEBUG [main] c.v.limits.service.LoadLimitService - Weekly total for customer=409: current=0, new=1400.95, limit=20000.00
2025-02-10 17:46:56 DEBUG [main] c.v.limits.service.LoadLimitService - Load saved successfully: id=5538, customer=409
2025-02-10 17:46:56 INFO  [main] c.v.limits.service.LoadLimitService - Load accepted: id=5538, customer=409, amount=$1400.95
2025-02-10 17:46:56 DEBUG [main] c.v.limits.service.LoadLimitService - Processing load request: id=21721, customer=698, amount=$4618.66, time=2000-01-24T17:41:14Z
2025-02-10 17:46:56 DEBUG [main] c.v.limits.service.LoadLimitService - Checking limits for time=2000-01-24T17:41:14Z, startOfWeek=2000-01-24T00:00Z, endOfWeek=2000-01-30T23:59:59.999999999Z
2025-02-10 17:46:56 DEBUG [main] c.v.limits.service.LoadLimitService - Weekly total for customer=698: current=0, new=4618.66, limit=20000.00
2025-02-10 17:46:56 DEBUG [main] c.v.limits.service.LoadLimitService - Load saved successfully: id=21721, customer=698
2025-02-10 17:46:56 INFO  [main] c.v.limits.service.LoadLimitService - Load accepted: id=21721, customer=698, amount=$4618.66
2025-02-10 17:46:56 DEBUG [main] c.v.limits.service.LoadLimitService - Processing load request: id=15677, customer=732, amount=$5641.41, time=2000-01-24T18:42:36Z
2025-02-10 17:46:56 DEBUG [main] c.v.limits.service.LoadLimitService - Checking limits for time=2000-01-24T18:42:36Z, startOfWeek=2000-01-24T00:00Z, endOfWeek=2000-01-30T23:59:59.999999999Z
2025-02-10 17:46:56 DEBUG [main] c.v.limits.service.LoadLimitService - Daily amount limit exceeded: customer=732, current=3575.81, attempted=$5641.41
2025-02-10 17:46:56 WARN  [main] c.v.limits.service.LoadLimitService - Load rejected: id=15677, customer=732, amount=$5641.41 (limit exceeded)
2025-02-10 17:46:56 DEBUG [main] c.v.limits.service.LoadLimitService - Processing load request: id=1849, customer=103, amount=$3182.65, time=2000-01-24T19:43:58Z
2025-02-10 17:46:56 DEBUG [main] c.v.limits.service.LoadLimitService - Checking limits for time=2000-01-24T19:43:58Z, startOfWeek=2000-01-24T00:00Z, endOfWeek=2000-01-30T23:59:59.999999999Z
2025-02-10 17:46:56 DEBUG [main] c.v.limits.service.LoadLimitService - Weekly total for customer=103: current=0, new=3182.65, limit=20000.00
2025-02-10 17:46:56 DEBUG [main] c.v.limits.service.LoadLimitService - Load saved successfully: id=1849, customer=103
2025-02-10 17:46:56 INFO  [main] c.v.limits.service.LoadLimitService - Load accepted: id=1849, customer=103, amount=$3182.65
2025-02-10 17:46:56 DEBUG [main] c.v.limits.service.LoadLimitService - Processing load request: id=29831, customer=103, amount=$4376.97, time=2000-01-24T20:45:20Z
2025-02-10 17:46:56 DEBUG [main] c.v.limits.service.LoadLimitService - Checking limits for time=2000-01-24T20:45:20Z, startOfWeek=2000-01-24T00:00Z, endOfWeek=2000-01-30T23:59:59.999999999Z
2025-02-10 17:46:56 DEBUG [main] c.v.limits.service.LoadLimitService - Daily amount limit exceeded: customer=103, current=3182.65, attempted=$4376.97
2025-02-10 17:46:56 WARN  [main] c.v.limits.service.LoadLimitService - Load rejected: id=29831, customer=103, amount=$4376.97 (limit exceeded)
2025-02-10 17:46:56 DEBUG [main] c.v.limits.service.LoadLimitService - Processing load request: id=7118, customer=596, amount=$2682.02, time=2000-01-24T21:46:42Z
2025-02-10 17:46:56 DEBUG [main] c.v.limits.service.LoadLimitService - Checking limits for time=2000-01-24T21:46:42Z, startOfWeek=2000-01-24T00:00Z, endOfWeek=2000-01-30T23:59:59.999999999Z
2025-02-10 17:46:56 DEBUG [main] c.v.limits.service.LoadLimitService - Weekly total for customer=596: current=1276.23, new=3958.25, limit=20000.00
2025-02-10 17:46:56 DEBUG [main] c.v.limits.service.LoadLimitService - Load saved successfully: id=7118, customer=596
2025-02-10 17:46:56 INFO  [main] c.v.limits.service.LoadLimitService - Load accepted: id=7118, customer=596, amount=$2682.02
2025-02-10 17:46:56 DEBUG [main] c.v.limits.service.LoadLimitService - Processing load request: id=4105, customer=52, amount=$5718.44, time=2000-01-24T22:48:04Z
2025-02-10 17:46:56 DEBUG [main] c.v.limits.service.LoadLimitService - Checking limits for time=2000-01-24T22:48:04Z, startOfWeek=2000-01-24T00:00Z, endOfWeek=2000-01-30T23:59:59.999999999Z
2025-02-10 17:46:56 DEBUG [main] c.v.limits.service.LoadLimitService - Daily amount limit exceeded: customer=52, current=0, attempted=$5718.44
2025-02-10 17:46:56 WARN  [main] c.v.limits.service.LoadLimitService - Load rejected: id=4105, customer=52, amount=$5718.44 (limit exceeded)
2025-02-10 17:46:56 DEBUG [main] c.v.limits.service.LoadLimitService - Processing load request: id=23233, customer=630, amount=$2913.66, time=2000-01-24T23:49:26Z
2025-02-10 17:46:56 DEBUG [main] c.v.limits.service.LoadLimitService - Checking limits for time=2000-01-24T23:49:26Z, startOfWeek=2000-01-24T00:00Z, endOfWeek=2000-01-30T23:59:59.999999999Z
2025-02-10 17:46:56 DEBUG [main] c.v.limits.service.LoadLimitService - Daily amount limit exceeded: customer=630, current=3733.75, attempted=$2913.66
2025-02-10 17:46:56 WARN  [main] c.v.limits.service.LoadLimitService - Load rejected: id=23233, customer=630, amount=$2913.66 (limit exceeded)
2025-02-10 17:46:56 DEBUG [main] c.v.limits.service.LoadLimitService - Processing load request: id=11303, customer=545, amount=$3649.10, time=2000-01-25T00:50:48Z
2025-02-10 17:46:56 DEBUG [main] c.v.limits.service.LoadLimitService - Checking limits for time=2000-01-25T00:50:48Z, startOfWeek=2000-01-24T00:00Z, endOfWeek=2000-01-30T23:59:59.999999999Z
2025-02-10 17:46:56 DEBUG [main] c.v.limits.service.LoadLimitService - Weekly total for customer=545: current=0, new=3649.10, limit=20000.00
2025-02-10 17:46:56 DEBUG [main] c.v.limits.service.LoadLimitService - Load saved successfully: id=11303, customer=545
2025-02-10 17:46:56 INFO  [main] c.v.limits.service.LoadLimitService - Load accepted: id=11303, customer=545, amount=$3649.10
2025-02-10 17:46:56 DEBUG [main] c.v.limits.service.LoadLimitService - Processing load request: id=24140, customer=477, amount=$493.80, time=2000-01-25T01:52:10Z
2025-02-10 17:46:56 DEBUG [main] c.v.limits.service.LoadLimitService - Checking limits for time=2000-01-25T01:52:10Z, startOfWeek=2000-01-24T00:00Z, endOfWeek=2000-01-30T23:59:59.999999999Z
2025-02-10 17:46:56 DEBUG [main] c.v.limits.service.LoadLimitService - Weekly total for customer=477: current=0, new=493.80, limit=20000.00
2025-02-10 17:46:56 DEBUG [main] c.v.limits.service.LoadLimitService - Load saved successfully: id=24140, customer=477
2025-02-10 17:46:56 INFO  [main] c.v.limits.service.LoadLimitService - Load accepted: id=24140, customer=477, amount=$493.80
2025-02-10 17:46:56 DEBUG [main] c.v.limits.service.LoadLimitService - Processing load request: id=20412, customer=698, amount=$3479.05, time=2000-01-25T02:53:32Z
2025-02-10 17:46:56 DEBUG [main] c.v.limits.service.LoadLimitService - Checking limits for time=2000-01-25T02:53:32Z, startOfWeek=2000-01-24T00:00Z, endOfWeek=2000-01-30T23:59:59.999999999Z
2025-02-10 17:46:56 DEBUG [main] c.v.limits.service.LoadLimitService - Weekly total for customer=698: current=4618.66, new=8097.71, limit=20000.00
2025-02-10 17:46:56 DEBUG [main] c.v.limits.service.LoadLimitService - Load saved successfully: id=20412, customer=698
2025-02-10 17:46:56 INFO  [main] c.v.limits.service.LoadLimitService - Load accepted: id=20412, customer=698, amount=$3479.05
2025-02-10 17:46:56 DEBUG [main] c.v.limits.service.LoadLimitService - Processing load request: id=19437, customer=443, amount=$4893.89, time=2000-01-25T03:54:54Z
2025-02-10 17:46:56 DEBUG [main] c.v.limits.service.LoadLimitService - Checking limits for time=2000-01-25T03:54:54Z, startOfWeek=2000-01-24T00:00Z, endOfWeek=2000-01-30T23:59:59.999999999Z
2025-02-10 17:46:56 DEBUG [main] c.v.limits.service.LoadLimitService - Weekly total for customer=443: current=0, new=4893.89, limit=20000.00
2025-02-10 17:46:56 DEBUG [main] c.v.limits.service.LoadLimitService - Load saved successfully: id=19437, customer=443
2025-02-10 17:46:56 INFO  [main] c.v.limits.service.LoadLimitService - Load accepted: id=19437, customer=443, amount=$4893.89
2025-02-10 17:46:56 DEBUG [main] c.v.limits.service.LoadLimitService - Processing load request: id=22825, customer=732, amount=$2334.10, time=2000-01-25T04:56:16Z
2025-02-10 17:46:56 DEBUG [main] c.v.limits.service.LoadLimitService - Checking limits for time=2000-01-25T04:56:16Z, startOfWeek=2000-01-24T00:00Z, endOfWeek=2000-01-30T23:59:59.999999999Z
2025-02-10 17:46:56 DEBUG [main] c.v.limits.service.LoadLimitService - Weekly total for customer=732: current=3575.81, new=5909.91, limit=20000.00
2025-02-10 17:46:56 DEBUG [main] c.v.limits.service.LoadLimitService - Load saved successfully: id=22825, customer=732
2025-02-10 17:46:56 INFO  [main] c.v.limits.service.LoadLimitService - Load accepted: id=22825, customer=732, amount=$2334.10
2025-02-10 17:46:56 DEBUG [main] c.v.limits.service.LoadLimitService - Processing load request: id=14837, customer=86, amount=$312.33, time=2000-01-25T05:57:38Z
2025-02-10 17:46:56 DEBUG [main] c.v.limits.service.LoadLimitService - Checking limits for time=2000-01-25T05:57:38Z, startOfWeek=2000-01-24T00:00Z, endOfWeek=2000-01-30T23:59:59.999999999Z
2025-02-10 17:46:56 DEBUG [main] c.v.limits.service.LoadLimitService - Weekly total for customer=86: current=0, new=312.33, limit=20000.00
2025-02-10 17:46:56 DEBUG [main] c.v.limits.service.LoadLimitService - Load saved successfully: id=14837, customer=86
2025-02-10 17:46:56 INFO  [main] c.v.limits.service.LoadLimitService - Load accepted: id=14837, customer=86, amount=$312.33
2025-02-10 17:46:56 DEBUG [main] c.v.limits.service.LoadLimitService - Processing load request: id=25624, customer=766, amount=$2952.19, time=2000-01-25T06:59Z
2025-02-10 17:46:56 DEBUG [main] c.v.limits.service.LoadLimitService - Checking limits for time=2000-01-25T06:59Z, startOfWeek=2000-01-24T00:00Z, endOfWeek=2000-01-30T23:59:59.999999999Z
2025-02-10 17:46:56 DEBUG [main] c.v.limits.service.LoadLimitService - Weekly total for customer=766: current=0, new=2952.19, limit=20000.00
2025-02-10 17:46:56 DEBUG [main] c.v.limits.service.LoadLimitService - Load saved successfully: id=25624, customer=766
2025-02-10 17:46:56 INFO  [main] c.v.limits.service.LoadLimitService - Load accepted: id=25624, customer=766, amount=$2952.19
2025-02-10 17:46:56 DEBUG [main] c.v.limits.service.LoadLimitService - Processing load request: id=9928, customer=715, amount=$2040.31, time=2000-01-25T08:00:22Z
2025-02-10 17:46:56 DEBUG [main] c.v.limits.service.LoadLimitService - Checking limits for time=2000-01-25T08:00:22Z, startOfWeek=2000-01-24T00:00Z, endOfWeek=2000-01-30T23:59:59.999999999Z
2025-02-10 17:46:56 DEBUG [main] c.v.limits.service.LoadLimitService - Weekly total for customer=715: current=0, new=2040.31, limit=20000.00
2025-02-10 17:46:56 DEBUG [main] c.v.limits.service.LoadLimitService - Load saved successfully: id=9928, customer=715
2025-02-10 17:46:56 INFO  [main] c.v.limits.service.LoadLimitService - Load accepted: id=9928, customer=715, amount=$2040.31
2025-02-10 17:46:56 DEBUG [main] c.v.limits.service.LoadLimitService - Processing load request: id=24016, customer=545, amount=$2883.36, time=2000-01-25T09:01:44Z
2025-02-10 17:46:56 DEBUG [main] c.v.limits.service.LoadLimitService - Checking limits for time=2000-01-25T09:01:44Z, startOfWeek=2000-01-24T00:00Z, endOfWeek=2000-01-30T23:59:59.999999999Z
2025-02-10 17:46:56 DEBUG [main] c.v.limits.service.LoadLimitService - Daily amount limit exceeded: customer=545, current=3649.10, attempted=$2883.36
2025-02-10 17:46:56 WARN  [main] c.v.limits.service.LoadLimitService - Load rejected: id=24016, customer=545, amount=$2883.36 (limit exceeded)
2025-02-10 17:46:56 DEBUG [main] c.v.limits.service.LoadLimitService - Processing load request: id=23826, customer=715, amount=$1832.87, time=2000-01-25T10:03:06Z
2025-02-10 17:46:56 DEBUG [main] c.v.limits.service.LoadLimitService - Checking limits for time=2000-01-25T10:03:06Z, startOfWeek=2000-01-24T00:00Z, endOfWeek=2000-01-30T23:59:59.999999999Z
2025-02-10 17:46:56 DEBUG [main] c.v.limits.service.LoadLimitService - Weekly total for customer=715: current=2040.31, new=3873.18, limit=20000.00
2025-02-10 17:46:56 DEBUG [main] c.v.limits.service.LoadLimitService - Load saved successfully: id=23826, customer=715
2025-02-10 17:46:56 INFO  [main] c.v.limits.service.LoadLimitService - Load accepted: id=23826, customer=715, amount=$1832.87
2025-02-10 17:46:56 DEBUG [main] c.v.limits.service.LoadLimitService - Processing load request: id=21227, customer=273, amount=$3254.82, time=2000-01-25T11:04:28Z
2025-02-10 17:46:56 DEBUG [main] c.v.limits.service.LoadLimitService - Checking limits for time=2000-01-25T11:04:28Z, startOfWeek=2000-01-24T00:00Z, endOfWeek=2000-01-30T23:59:59.999999999Z
2025-02-10 17:46:56 DEBUG [main] c.v.limits.service.LoadLimitService - Weekly total for customer=273: current=0, new=3254.82, limit=20000.00
2025-02-10 17:46:56 DEBUG [main] c.v.limits.service.LoadLimitService - Load saved successfully: id=21227, customer=273
2025-02-10 17:46:56 INFO  [main] c.v.limits.service.LoadLimitService - Load accepted: id=21227, customer=273, amount=$3254.82
2025-02-10 17:46:56 DEBUG [main] c.v.limits.service.LoadLimitService - Processing load request: id=7185, customer=137, amount=$1565.52, time=2000-01-25T12:05:50Z
2025-02-10 17:46:56 DEBUG [main] c.v.limits.service.LoadLimitService - Checking limits for time=2000-01-25T12:05:50Z, startOfWeek=2000-01-24T00:00Z, endOfWeek=2000-01-30T23:59:59.999999999Z
2025-02-10 17:46:56 DEBUG [main] c.v.limits.service.LoadLimitService - Weekly total for customer=137: current=0, new=1565.52, limit=20000.00
2025-02-10 17:46:56 DEBUG [main] c.v.limits.service.LoadLimitService - Load saved successfully: id=7185, customer=137
2025-02-10 17:46:56 INFO  [main] c.v.limits.service.LoadLimitService - Load accepted: id=7185, customer=137, amount=$1565.52
2025-02-10 17:46:56 DEBUG [main] c.v.limits.service.LoadLimitService - Processing load request: id=18363, customer=341, amount=$2803.70, time=2000-01-25T13:07:12Z
2025-02-10 17:46:56 DEBUG [main] c.v.limits.service.LoadLimitService - Checking limits for time=2000-01-25T13:07:12Z, startOfWeek=2000-01-24T00:00Z, endOfWeek=2000-01-30T23:59:59.999999999Z
2025-02-10 17:46:56 DEBUG [main] c.v.limits.service.LoadLimitService - Weekly total for customer=341: current=0, new=2803.70, limit=20000.00
2025-02-10 17:46:56 DEBUG [main] c.v.limits.service.LoadLimitService - Load saved successfully: id=18363, customer=341
2025-02-10 17:46:56 INFO  [main] c.v.limits.service.LoadLimitService - Load accepted: id=18363, customer=341, amount=$2803.70
2025-02-10 17:46:56 DEBUG [main] c.v.limits.service.LoadLimitService - Processing load request: id=19328, customer=443, amount=$5225.93, time=2000-01-25T14:08:34Z
2025-02-10 17:46:56 DEBUG [main] c.v.limits.service.LoadLimitService - Checking limits for time=2000-01-25T14:08:34Z, startOfWeek=2000-01-24T00:00Z, endOfWeek=2000-01-30T23:59:59.999999999Z
2025-02-10 17:46:56 DEBUG [main] c.v.limits.service.LoadLimitService - Daily amount limit exceeded: customer=443, current=4893.89, attempted=$5225.93
2025-02-10 17:46:56 WARN  [main] c.v.limits.service.LoadLimitService - Load rejected: id=19328, customer=443, amount=$5225.93 (limit exceeded)
2025-02-10 17:46:56 DEBUG [main] c.v.limits.service.LoadLimitService - Processing load request: id=6587, customer=443, amount=$543.40, time=2000-01-25T15:09:56Z
2025-02-10 17:46:56 DEBUG [main] c.v.limits.service.LoadLimitService - Checking limits for time=2000-01-25T15:09:56Z, startOfWeek=2000-01-24T00:00Z, endOfWeek=2000-01-30T23:59:59.999999999Z
2025-02-10 17:46:56 DEBUG [main] c.v.limits.service.LoadLimitService - Daily amount limit exceeded: customer=443, current=4893.89, attempted=$543.40
2025-02-10 17:46:56 WARN  [main] c.v.limits.service.LoadLimitService - Load rejected: id=6587, customer=443, amount=$543.40 (limit exceeded)
2025-02-10 17:46:56 DEBUG [main] c.v.limits.service.LoadLimitService - Processing load request: id=7140, customer=273, amount=$4954.31, time=2000-01-25T16:11:18Z
2025-02-10 17:46:56 DEBUG [main] c.v.limits.service.LoadLimitService - Checking limits for time=2000-01-25T16:11:18Z, startOfWeek=2000-01-24T00:00Z, endOfWeek=2000-01-30T23:59:59.999999999Z
2025-02-10 17:46:56 DEBUG [main] c.v.limits.service.LoadLimitService - Daily amount limit exceeded: customer=273, current=3254.82, attempted=$4954.31
2025-02-10 17:46:56 WARN  [main] c.v.limits.service.LoadLimitService - Load rejected: id=7140, customer=273, amount=$4954.31 (limit exceeded)
2025-02-10 17:46:56 DEBUG [main] c.v.limits.service.LoadLimitService - Processing load request: id=27165, customer=86, amount=$887.88, time=2000-01-25T17:12:40Z
2025-02-10 17:46:56 DEBUG [main] c.v.limits.service.LoadLimitService - Checking limits for time=2000-01-25T17:12:40Z, startOfWeek=2000-01-24T00:00Z, endOfWeek=2000-01-30T23:59:59.999999999Z
2025-02-10 17:46:56 DEBUG [main] c.v.limits.service.LoadLimitService - Weekly total for customer=86: current=312.33, new=1200.21, limit=20000.00
2025-02-10 17:46:56 DEBUG [main] c.v.limits.service.LoadLimitService - Load saved successfully: id=27165, customer=86
2025-02-10 17:46:56 INFO  [main] c.v.limits.service.LoadLimitService - Load accepted: id=27165, customer=86, amount=$887.88
2025-02-10 17:46:56 DEBUG [main] c.v.limits.service.LoadLimitService - Processing load request: id=25688, customer=171, amount=$1589.96, time=2000-01-25T18:14:02Z
2025-02-10 17:46:56 DEBUG [main] c.v.limits.service.LoadLimitService - Checking limits for time=2000-01-25T18:14:02Z, startOfWeek=2000-01-24T00:00Z, endOfWeek=2000-01-30T23:59:59.999999999Z
2025-02-10 17:46:56 DEBUG [main] c.v.limits.service.LoadLimitService - Weekly total for customer=171: current=1836.57, new=3426.53, limit=20000.00
2025-02-10 17:46:56 DEBUG [main] c.v.limits.service.LoadLimitService - Load saved successfully: id=25688, customer=171
2025-02-10 17:46:56 INFO  [main] c.v.limits.service.LoadLimitService - Load accepted: id=25688, customer=171, amount=$1589.96
2025-02-10 17:46:56 DEBUG [main] c.v.limits.service.LoadLimitService - Processing load request: id=3219, customer=52, amount=$4237.90, time=2000-01-25T19:15:24Z
2025-02-10 17:46:56 DEBUG [main] c.v.limits.service.LoadLimitService - Checking limits for time=2000-01-25T19:15:24Z, startOfWeek=2000-01-24T00:00Z, endOfWeek=2000-01-30T23:59:59.999999999Z
2025-02-10 17:46:56 DEBUG [main] c.v.limits.service.LoadLimitService - Weekly total for customer=52: current=0, new=4237.90, limit=20000.00
2025-02-10 17:46:56 DEBUG [main] c.v.limits.service.LoadLimitService - Load saved successfully: id=3219, customer=52
2025-02-10 17:46:56 INFO  [main] c.v.limits.service.LoadLimitService - Load accepted: id=3219, customer=52, amount=$4237.90
2025-02-10 17:46:56 DEBUG [main] c.v.limits.service.LoadLimitService - Processing load request: id=12252, customer=579, amount=$1344.10, time=2000-01-25T20:16:46Z
2025-02-10 17:46:56 DEBUG [main] c.v.limits.service.LoadLimitService - Checking limits for time=2000-01-25T20:16:46Z, startOfWeek=2000-01-24T00:00Z, endOfWeek=2000-01-30T23:59:59.999999999Z
2025-02-10 17:46:56 DEBUG [main] c.v.limits.service.LoadLimitService - Weekly total for customer=579: current=3540.73, new=4884.83, limit=20000.00
2025-02-10 17:46:56 DEBUG [main] c.v.limits.service.LoadLimitService - Load saved successfully: id=12252, customer=579
2025-02-10 17:46:56 INFO  [main] c.v.limits.service.LoadLimitService - Load accepted: id=12252, customer=579, amount=$1344.10
2025-02-10 17:46:56 DEBUG [main] c.v.limits.service.LoadLimitService - Processing load request: id=22004, customer=222, amount=$3645.79, time=2000-01-25T21:18:08Z
2025-02-10 17:46:56 DEBUG [main] c.v.limits.service.LoadLimitService - Checking limits for time=2000-01-25T21:18:08Z, startOfWeek=2000-01-24T00:00Z, endOfWeek=2000-01-30T23:59:59.999999999Z
2025-02-10 17:46:56 DEBUG [main] c.v.limits.service.LoadLimitService - Weekly total for customer=222: current=0, new=3645.79, limit=20000.00
2025-02-10 17:46:56 DEBUG [main] c.v.limits.service.LoadLimitService - Load saved successfully: id=22004, customer=222
2025-02-10 17:46:56 INFO  [main] c.v.limits.service.LoadLimitService - Load accepted: id=22004, customer=222, amount=$3645.79
2025-02-10 17:46:56 DEBUG [main] c.v.limits.service.LoadLimitService - Processing load request: id=30675, customer=630, amount=$3335.81, time=2000-01-25T22:19:30Z
2025-02-10 17:46:56 DEBUG [main] c.v.limits.service.LoadLimitService - Checking limits for time=2000-01-25T22:19:30Z, startOfWeek=2000-01-24T00:00Z, endOfWeek=2000-01-30T23:59:59.999999999Z
2025-02-10 17:46:56 DEBUG [main] c.v.limits.service.LoadLimitService - Weekly total for customer=630: current=3733.75, new=7069.56, limit=20000.00
2025-02-10 17:46:56 DEBUG [main] c.v.limits.service.LoadLimitService - Load saved successfully: id=30675, customer=630
2025-02-10 17:46:56 INFO  [main] c.v.limits.service.LoadLimitService - Load accepted: id=30675, customer=630, amount=$3335.81
2025-02-10 17:46:56 DEBUG [main] c.v.limits.service.LoadLimitService - Processing load request: id=19254, customer=834, amount=$1736.37, time=2000-01-25T23:20:52Z
2025-02-10 17:46:56 DEBUG [main] c.v.limits.service.LoadLimitService - Checking limits for time=2000-01-25T23:20:52Z, startOfWeek=2000-01-24T00:00Z, endOfWeek=2000-01-30T23:59:59.999999999Z
2025-02-10 17:46:56 DEBUG [main] c.v.limits.service.LoadLimitService - Weekly total for customer=834: current=0, new=1736.37, limit=20000.00
2025-02-10 17:46:56 DEBUG [main] c.v.limits.service.LoadLimitService - Load saved successfully: id=19254, customer=834
2025-02-10 17:46:56 INFO  [main] c.v.limits.service.LoadLimitService - Load accepted: id=19254, customer=834, amount=$1736.37
2025-02-10 17:46:56 DEBUG [main] c.v.limits.service.LoadLimitService - Processing load request: id=23254, customer=392, amount=$95.20, time=2000-01-26T00:22:14Z
2025-02-10 17:46:56 DEBUG [main] c.v.limits.service.LoadLimitService - Checking limits for time=2000-01-26T00:22:14Z, startOfWeek=2000-01-24T00:00Z, endOfWeek=2000-01-30T23:59:59.999999999Z
2025-02-10 17:46:56 DEBUG [main] c.v.limits.service.LoadLimitService - Weekly total for customer=392: current=0, new=95.20, limit=20000.00
2025-02-10 17:46:56 DEBUG [main] c.v.limits.service.LoadLimitService - Load saved successfully: id=23254, customer=392
2025-02-10 17:46:56 INFO  [main] c.v.limits.service.LoadLimitService - Load accepted: id=23254, customer=392, amount=$95.20
2025-02-10 17:46:56 DEBUG [main] c.v.limits.service.LoadLimitService - Processing load request: id=29071, customer=766, amount=$4523.37, time=2000-01-26T01:23:36Z
2025-02-10 17:46:56 DEBUG [main] c.v.limits.service.LoadLimitService - Checking limits for time=2000-01-26T01:23:36Z, startOfWeek=2000-01-24T00:00Z, endOfWeek=2000-01-30T23:59:59.999999999Z
2025-02-10 17:46:56 DEBUG [main] c.v.limits.service.LoadLimitService - Weekly total for customer=766: current=2952.19, new=7475.56, limit=20000.00
2025-02-10 17:46:56 DEBUG [main] c.v.limits.service.LoadLimitService - Load saved successfully: id=29071, customer=766
2025-02-10 17:46:56 INFO  [main] c.v.limits.service.LoadLimitService - Load accepted: id=29071, customer=766, amount=$4523.37
2025-02-10 17:46:56 DEBUG [main] c.v.limits.service.LoadLimitService - Processing load request: id=310, customer=800, amount=$4984.08, time=2000-01-26T02:24:58Z
2025-02-10 17:46:56 DEBUG [main] c.v.limits.service.LoadLimitService - Checking limits for time=2000-01-26T02:24:58Z, startOfWeek=2000-01-24T00:00Z, endOfWeek=2000-01-30T23:59:59.999999999Z
2025-02-10 17:46:56 DEBUG [main] c.v.limits.service.LoadLimitService - Weekly total for customer=800: current=0, new=4984.08, limit=20000.00
2025-02-10 17:46:56 DEBUG [main] c.v.limits.service.LoadLimitService - Load saved successfully: id=310, customer=800
2025-02-10 17:46:56 INFO  [main] c.v.limits.service.LoadLimitService - Load accepted: id=310, customer=800, amount=$4984.08
2025-02-10 17:46:56 DEBUG [main] c.v.limits.service.LoadLimitService - Processing load request: id=18206, customer=375, amount=$5358.20, time=2000-01-26T03:26:20Z
2025-02-10 17:46:56 DEBUG [main] c.v.limits.service.LoadLimitService - Checking limits for time=2000-01-26T03:26:20Z, startOfWeek=2000-01-24T00:00Z, endOfWeek=2000-01-30T23:59:59.999999999Z
2025-02-10 17:46:56 DEBUG [main] c.v.limits.service.LoadLimitService - Daily amount limit exceeded: customer=375, current=0, attempted=$5358.20
2025-02-10 17:46:56 WARN  [main] c.v.limits.service.LoadLimitService - Load rejected: id=18206, customer=375, amount=$5358.20 (limit exceeded)
2025-02-10 17:46:56 DEBUG [main] c.v.limits.service.LoadLimitService - Processing load request: id=4966, customer=171, amount=$3370.81, time=2000-01-26T04:27:42Z
2025-02-10 17:46:56 DEBUG [main] c.v.limits.service.LoadLimitService - Checking limits for time=2000-01-26T04:27:42Z, startOfWeek=2000-01-24T00:00Z, endOfWeek=2000-01-30T23:59:59.999999999Z
2025-02-10 17:46:56 DEBUG [main] c.v.limits.service.LoadLimitService - Weekly total for customer=171: current=3426.53, new=6797.34, limit=20000.00
2025-02-10 17:46:56 DEBUG [main] c.v.limits.service.LoadLimitService - Load saved successfully: id=4966, customer=171
2025-02-10 17:46:56 INFO  [main] c.v.limits.service.LoadLimitService - Load accepted: id=4966, customer=171, amount=$3370.81
2025-02-10 17:46:56 DEBUG [main] c.v.limits.service.LoadLimitService - Processing load request: id=30696, customer=375, amount=$4682.79, time=2000-01-26T05:29:04Z
2025-02-10 17:46:56 DEBUG [main] c.v.limits.service.LoadLimitService - Checking limits for time=2000-01-26T05:29:04Z, startOfWeek=2000-01-24T00:00Z, endOfWeek=2000-01-30T23:59:59.999999999Z
2025-02-10 17:46:56 DEBUG [main] c.v.limits.service.LoadLimitService - Weekly total for customer=375: current=2616.32, new=7299.11, limit=20000.00
2025-02-10 17:46:56 DEBUG [main] c.v.limits.service.LoadLimitService - Load saved successfully: id=30696, customer=375
2025-02-10 17:46:56 INFO  [main] c.v.limits.service.LoadLimitService - Load accepted: id=30696, customer=375, amount=$4682.79
2025-02-10 17:46:56 DEBUG [main] c.v.limits.service.LoadLimitService - Processing load request: id=5787, customer=392, amount=$4424.17, time=2000-01-26T06:30:26Z
2025-02-10 17:46:56 DEBUG [main] c.v.limits.service.LoadLimitService - Checking limits for time=2000-01-26T06:30:26Z, startOfWeek=2000-01-24T00:00Z, endOfWeek=2000-01-30T23:59:59.999999999Z
2025-02-10 17:46:56 DEBUG [main] c.v.limits.service.LoadLimitService - Weekly total for customer=392: current=95.20, new=4519.37, limit=20000.00
2025-02-10 17:46:56 DEBUG [main] c.v.limits.service.LoadLimitService - Load saved successfully: id=5787, customer=392
2025-02-10 17:46:56 INFO  [main] c.v.limits.service.LoadLimitService - Load accepted: id=5787, customer=392, amount=$4424.17
2025-02-10 17:46:56 DEBUG [main] c.v.limits.service.LoadLimitService - Processing load request: id=7117, customer=460, amount=$5971.56, time=2000-01-26T07:31:48Z
2025-02-10 17:46:56 DEBUG [main] c.v.limits.service.LoadLimitService - Checking limits for time=2000-01-26T07:31:48Z, startOfWeek=2000-01-24T00:00Z, endOfWeek=2000-01-30T23:59:59.999999999Z
2025-02-10 17:46:56 DEBUG [main] c.v.limits.service.LoadLimitService - Daily amount limit exceeded: customer=460, current=0, attempted=$5971.56
2025-02-10 17:46:56 WARN  [main] c.v.limits.service.LoadLimitService - Load rejected: id=7117, customer=460, amount=$5971.56 (limit exceeded)
2025-02-10 17:46:56 DEBUG [main] c.v.limits.service.LoadLimitService - Processing load request: id=27594, customer=698, amount=$981.72, time=2000-01-26T08:33:10Z
2025-02-10 17:46:56 DEBUG [main] c.v.limits.service.LoadLimitService - Checking limits for time=2000-01-26T08:33:10Z, startOfWeek=2000-01-24T00:00Z, endOfWeek=2000-01-30T23:59:59.999999999Z
2025-02-10 17:46:56 DEBUG [main] c.v.limits.service.LoadLimitService - Weekly total for customer=698: current=8097.71, new=9079.43, limit=20000.00
2025-02-10 17:46:56 DEBUG [main] c.v.limits.service.LoadLimitService - Load saved successfully: id=27594, customer=698
2025-02-10 17:46:56 INFO  [main] c.v.limits.service.LoadLimitService - Load accepted: id=27594, customer=698, amount=$981.72
2025-02-10 17:46:56 DEBUG [main] c.v.limits.service.LoadLimitService - Processing load request: id=17202, customer=154, amount=$3751.64, time=2000-01-26T09:34:32Z
2025-02-10 17:46:56 DEBUG [main] c.v.limits.service.LoadLimitService - Checking limits for time=2000-01-26T09:34:32Z, startOfWeek=2000-01-24T00:00Z, endOfWeek=2000-01-30T23:59:59.999999999Z
2025-02-10 17:46:56 DEBUG [main] c.v.limits.service.LoadLimitService - Weekly total for customer=154: current=1283.83, new=5035.47, limit=20000.00
2025-02-10 17:46:56 DEBUG [main] c.v.limits.service.LoadLimitService - Load saved successfully: id=17202, customer=154
2025-02-10 17:46:56 INFO  [main] c.v.limits.service.LoadLimitService - Load accepted: id=17202, customer=154, amount=$3751.64
2025-02-10 17:46:56 DEBUG [main] c.v.limits.service.LoadLimitService - Processing load request: id=21313, customer=86, amount=$2945.47, time=2000-01-26T10:35:54Z
2025-02-10 17:46:56 DEBUG [main] c.v.limits.service.LoadLimitService - Checking limits for time=2000-01-26T10:35:54Z, startOfWeek=2000-01-24T00:00Z, endOfWeek=2000-01-30T23:59:59.999999999Z
2025-02-10 17:46:56 DEBUG [main] c.v.limits.service.LoadLimitService - Weekly total for customer=86: current=1200.21, new=4145.68, limit=20000.00
2025-02-10 17:46:56 DEBUG [main] c.v.limits.service.LoadLimitService - Load saved successfully: id=21313, customer=86
2025-02-10 17:46:56 INFO  [main] c.v.limits.service.LoadLimitService - Load accepted: id=21313, customer=86, amount=$2945.47
2025-02-10 17:46:56 DEBUG [main] c.v.limits.service.LoadLimitService - Processing load request: id=27196, customer=613, amount=$3895.30, time=2000-01-26T11:37:16Z
2025-02-10 17:46:56 DEBUG [main] c.v.limits.service.LoadLimitService - Checking limits for time=2000-01-26T11:37:16Z, startOfWeek=2000-01-24T00:00Z, endOfWeek=2000-01-30T23:59:59.999999999Z
2025-02-10 17:46:56 DEBUG [main] c.v.limits.service.LoadLimitService - Weekly total for customer=613: current=0, new=3895.30, limit=20000.00
2025-02-10 17:46:56 DEBUG [main] c.v.limits.service.LoadLimitService - Load saved successfully: id=27196, customer=613
2025-02-10 17:46:56 INFO  [main] c.v.limits.service.LoadLimitService - Load accepted: id=27196, customer=613, amount=$3895.30
2025-02-10 17:46:56 DEBUG [main] c.v.limits.service.LoadLimitService - Processing load request: id=27230, customer=171, amount=$4415.89, time=2000-01-26T12:38:38Z
2025-02-10 17:46:56 DEBUG [main] c.v.limits.service.LoadLimitService - Checking limits for time=2000-01-26T12:38:38Z, startOfWeek=2000-01-24T00:00Z, endOfWeek=2000-01-30T23:59:59.999999999Z
2025-02-10 17:46:56 DEBUG [main] c.v.limits.service.LoadLimitService - Daily amount limit exceeded: customer=171, current=3370.81, attempted=$4415.89
2025-02-10 17:46:56 WARN  [main] c.v.limits.service.LoadLimitService - Load rejected: id=27230, customer=171, amount=$4415.89 (limit exceeded)
2025-02-10 17:46:56 DEBUG [main] c.v.limits.service.LoadLimitService - Processing load request: id=22638, customer=477, amount=$4737.51, time=2000-01-26T13:40Z
2025-02-10 17:46:56 DEBUG [main] c.v.limits.service.LoadLimitService - Checking limits for time=2000-01-26T13:40Z, startOfWeek=2000-01-24T00:00Z, endOfWeek=2000-01-30T23:59:59.999999999Z
2025-02-10 17:46:56 DEBUG [main] c.v.limits.service.LoadLimitService - Weekly total for customer=477: current=493.80, new=5231.31, limit=20000.00
2025-02-10 17:46:56 DEBUG [main] c.v.limits.service.LoadLimitService - Load saved successfully: id=22638, customer=477
2025-02-10 17:46:56 INFO  [main] c.v.limits.service.LoadLimitService - Load accepted: id=22638, customer=477, amount=$4737.51
2025-02-10 17:46:56 DEBUG [main] c.v.limits.service.LoadLimitService - Processing load request: id=1774, customer=732, amount=$1208.58, time=2000-01-26T14:41:22Z
2025-02-10 17:46:56 DEBUG [main] c.v.limits.service.LoadLimitService - Checking limits for time=2000-01-26T14:41:22Z, startOfWeek=2000-01-24T00:00Z, endOfWeek=2000-01-30T23:59:59.999999999Z
2025-02-10 17:46:56 DEBUG [main] c.v.limits.service.LoadLimitService - Weekly total for customer=732: current=5909.91, new=7118.49, limit=20000.00
2025-02-10 17:46:56 DEBUG [main] c.v.limits.service.LoadLimitService - Load saved successfully: id=1774, customer=732
2025-02-10 17:46:56 INFO  [main] c.v.limits.service.LoadLimitService - Load accepted: id=1774, customer=732, amount=$1208.58
2025-02-10 17:46:56 DEBUG [main] c.v.limits.service.LoadLimitService - Processing load request: id=1388, customer=324, amount=$3887.74, time=2000-01-26T15:42:44Z
2025-02-10 17:46:56 DEBUG [main] c.v.limits.service.LoadLimitService - Checking limits for time=2000-01-26T15:42:44Z, startOfWeek=2000-01-24T00:00Z, endOfWeek=2000-01-30T23:59:59.999999999Z
2025-02-10 17:46:56 DEBUG [main] c.v.limits.service.LoadLimitService - Weekly total for customer=324: current=0, new=3887.74, limit=20000.00
2025-02-10 17:46:56 DEBUG [main] c.v.limits.service.LoadLimitService - Load saved successfully: id=1388, customer=324
2025-02-10 17:46:56 INFO  [main] c.v.limits.service.LoadLimitService - Load accepted: id=1388, customer=324, amount=$3887.74
2025-02-10 17:46:56 DEBUG [main] c.v.limits.service.LoadLimitService - Processing load request: id=4057, customer=1, amount=$2936.16, time=2000-01-26T16:44:06Z
2025-02-10 17:46:56 DEBUG [main] c.v.limits.service.LoadLimitService - Checking limits for time=2000-01-26T16:44:06Z, startOfWeek=2000-01-24T00:00Z, endOfWeek=2000-01-30T23:59:59.999999999Z
2025-02-10 17:46:56 DEBUG [main] c.v.limits.service.LoadLimitService - Weekly total for customer=1: current=4682.96, new=7619.12, limit=20000.00
2025-02-10 17:46:56 DEBUG [main] c.v.limits.service.LoadLimitService - Load saved successfully: id=4057, customer=1
2025-02-10 17:46:56 INFO  [main] c.v.limits.service.LoadLimitService - Load accepted: id=4057, customer=1, amount=$2936.16
2025-02-10 17:46:56 DEBUG [main] c.v.limits.service.LoadLimitService - Processing load request: id=8142, customer=579, amount=$3019.11, time=2000-01-26T17:45:28Z
2025-02-10 17:46:56 DEBUG [main] c.v.limits.service.LoadLimitService - Checking limits for time=2000-01-26T17:45:28Z, startOfWeek=2000-01-24T00:00Z, endOfWeek=2000-01-30T23:59:59.999999999Z
2025-02-10 17:46:56 DEBUG [main] c.v.limits.service.LoadLimitService - Weekly total for customer=579: current=4884.83, new=7903.94, limit=20000.00
2025-02-10 17:46:56 DEBUG [main] c.v.limits.service.LoadLimitService - Load saved successfully: id=8142, customer=579
2025-02-10 17:46:56 INFO  [main] c.v.limits.service.LoadLimitService - Load accepted: id=8142, customer=579, amount=$3019.11
2025-02-10 17:46:56 DEBUG [main] c.v.limits.service.LoadLimitService - Processing load request: id=4316, customer=766, amount=$1559.05, time=2000-01-26T18:46:50Z
2025-02-10 17:46:56 DEBUG [main] c.v.limits.service.LoadLimitService - Checking limits for time=2000-01-26T18:46:50Z, startOfWeek=2000-01-24T00:00Z, endOfWeek=2000-01-30T23:59:59.999999999Z
2025-02-10 17:46:56 DEBUG [main] c.v.limits.service.LoadLimitService - Daily amount limit exceeded: customer=766, current=4523.37, attempted=$1559.05
2025-02-10 17:46:56 WARN  [main] c.v.limits.service.LoadLimitService - Load rejected: id=4316, customer=766, amount=$1559.05 (limit exceeded)
2025-02-10 17:46:56 DEBUG [main] c.v.limits.service.LoadLimitService - Processing load request: id=20966, customer=171, amount=$2033.26, time=2000-01-26T19:48:12Z
2025-02-10 17:46:56 DEBUG [main] c.v.limits.service.LoadLimitService - Checking limits for time=2000-01-26T19:48:12Z, startOfWeek=2000-01-24T00:00Z, endOfWeek=2000-01-30T23:59:59.999999999Z
2025-02-10 17:46:56 DEBUG [main] c.v.limits.service.LoadLimitService - Daily amount limit exceeded: customer=171, current=3370.81, attempted=$2033.26
2025-02-10 17:46:56 WARN  [main] c.v.limits.service.LoadLimitService - Load rejected: id=20966, customer=171, amount=$2033.26 (limit exceeded)
2025-02-10 17:46:56 DEBUG [main] c.v.limits.service.LoadLimitService - Processing load request: id=1312, customer=341, amount=$5138.39, time=2000-01-26T20:49:34Z
2025-02-10 17:46:56 DEBUG [main] c.v.limits.service.LoadLimitService - Checking limits for time=2000-01-26T20:49:34Z, startOfWeek=2000-01-24T00:00Z, endOfWeek=2000-01-30T23:59:59.999999999Z
2025-02-10 17:46:56 DEBUG [main] c.v.limits.service.LoadLimitService - Daily amount limit exceeded: customer=341, current=0, attempted=$5138.39
2025-02-10 17:46:56 WARN  [main] c.v.limits.service.LoadLimitService - Load rejected: id=1312, customer=341, amount=$5138.39 (limit exceeded)
2025-02-10 17:46:56 DEBUG [main] c.v.limits.service.LoadLimitService - Processing load request: id=18166, customer=613, amount=$1073.48, time=2000-01-26T21:50:56Z
2025-02-10 17:46:56 DEBUG [main] c.v.limits.service.LoadLimitService - Checking limits for time=2000-01-26T21:50:56Z, startOfWeek=2000-01-24T00:00Z, endOfWeek=2000-01-30T23:59:59.999999999Z
2025-02-10 17:46:56 DEBUG [main] c.v.limits.service.LoadLimitService - Weekly total for customer=613: current=3895.30, new=4968.78, limit=20000.00
2025-02-10 17:46:56 DEBUG [main] c.v.limits.service.LoadLimitService - Load saved successfully: id=18166, customer=613
2025-02-10 17:46:56 INFO  [main] c.v.limits.service.LoadLimitService - Load accepted: id=18166, customer=613, amount=$1073.48
2025-02-10 17:46:56 DEBUG [main] c.v.limits.service.LoadLimitService - Processing load request: id=3873, customer=256, amount=$1159.60, time=2000-01-26T22:52:18Z
2025-02-10 17:46:56 DEBUG [main] c.v.limits.service.LoadLimitService - Checking limits for time=2000-01-26T22:52:18Z, startOfWeek=2000-01-24T00:00Z, endOfWeek=2000-01-30T23:59:59.999999999Z
2025-02-10 17:46:56 DEBUG [main] c.v.limits.service.LoadLimitService - Weekly total for customer=256: current=0, new=1159.60, limit=20000.00
2025-02-10 17:46:56 DEBUG [main] c.v.limits.service.LoadLimitService - Load saved successfully: id=3873, customer=256
2025-02-10 17:46:56 INFO  [main] c.v.limits.service.LoadLimitService - Load accepted: id=3873, customer=256, amount=$1159.60
2025-02-10 17:46:56 DEBUG [main] c.v.limits.service.LoadLimitService - Processing load request: id=27221, customer=817, amount=$206.46, time=2000-01-26T23:53:40Z
2025-02-10 17:46:56 DEBUG [main] c.v.limits.service.LoadLimitService - Checking limits for time=2000-01-26T23:53:40Z, startOfWeek=2000-01-24T00:00Z, endOfWeek=2000-01-30T23:59:59.999999999Z
2025-02-10 17:46:56 DEBUG [main] c.v.limits.service.LoadLimitService - Weekly total for customer=817: current=0, new=206.46, limit=20000.00
2025-02-10 17:46:56 DEBUG [main] c.v.limits.service.LoadLimitService - Load saved successfully: id=27221, customer=817
2025-02-10 17:46:56 INFO  [main] c.v.limits.service.LoadLimitService - Load accepted: id=27221, customer=817, amount=$206.46
2025-02-10 17:46:56 DEBUG [main] c.v.limits.service.LoadLimitService - Processing load request: id=16189, customer=86, amount=$5886.64, time=2000-01-27T00:55:02Z
2025-02-10 17:46:56 DEBUG [main] c.v.limits.service.LoadLimitService - Checking limits for time=2000-01-27T00:55:02Z, startOfWeek=2000-01-24T00:00Z, endOfWeek=2000-01-30T23:59:59.999999999Z
2025-02-10 17:46:56 DEBUG [main] c.v.limits.service.LoadLimitService - Daily amount limit exceeded: customer=86, current=0, attempted=$5886.64
2025-02-10 17:46:56 WARN  [main] c.v.limits.service.LoadLimitService - Load rejected: id=16189, customer=86, amount=$5886.64 (limit exceeded)
2025-02-10 17:46:56 DEBUG [main] c.v.limits.service.LoadLimitService - Processing load request: id=13148, customer=834, amount=$2558.88, time=2000-01-27T01:56:24Z
2025-02-10 17:46:56 DEBUG [main] c.v.limits.service.LoadLimitService - Checking limits for time=2000-01-27T01:56:24Z, startOfWeek=2000-01-24T00:00Z, endOfWeek=2000-01-30T23:59:59.999999999Z
2025-02-10 17:46:56 DEBUG [main] c.v.limits.service.LoadLimitService - Weekly total for customer=834: current=1736.37, new=4295.25, limit=20000.00
2025-02-10 17:46:56 DEBUG [main] c.v.limits.service.LoadLimitService - Load saved successfully: id=13148, customer=834
2025-02-10 17:46:56 INFO  [main] c.v.limits.service.LoadLimitService - Load accepted: id=13148, customer=834, amount=$2558.88
2025-02-10 17:46:56 DEBUG [main] c.v.limits.service.LoadLimitService - Processing load request: id=9535, customer=545, amount=$3391.76, time=2000-01-27T02:57:46Z
2025-02-10 17:46:56 DEBUG [main] c.v.limits.service.LoadLimitService - Checking limits for time=2000-01-27T02:57:46Z, startOfWeek=2000-01-24T00:00Z, endOfWeek=2000-01-30T23:59:59.999999999Z
2025-02-10 17:46:56 DEBUG [main] c.v.limits.service.LoadLimitService - Weekly total for customer=545: current=3649.10, new=7040.86, limit=20000.00
2025-02-10 17:46:56 DEBUG [main] c.v.limits.service.LoadLimitService - Load saved successfully: id=9535, customer=545
2025-02-10 17:46:56 INFO  [main] c.v.limits.service.LoadLimitService - Load accepted: id=9535, customer=545, amount=$3391.76
2025-02-10 17:46:56 DEBUG [main] c.v.limits.service.LoadLimitService - Processing load request: id=30469, customer=579, amount=$2071.38, time=2000-01-27T03:59:08Z
2025-02-10 17:46:56 DEBUG [main] c.v.limits.service.LoadLimitService - Checking limits for time=2000-01-27T03:59:08Z, startOfWeek=2000-01-24T00:00Z, endOfWeek=2000-01-30T23:59:59.999999999Z
2025-02-10 17:46:56 DEBUG [main] c.v.limits.service.LoadLimitService - Weekly total for customer=579: current=7903.94, new=9975.32, limit=20000.00
2025-02-10 17:46:56 DEBUG [main] c.v.limits.service.LoadLimitService - Load saved successfully: id=30469, customer=579
2025-02-10 17:46:56 INFO  [main] c.v.limits.service.LoadLimitService - Load accepted: id=30469, customer=579, amount=$2071.38
2025-02-10 17:46:56 DEBUG [main] c.v.limits.service.LoadLimitService - Processing load request: id=26586, customer=528, amount=$1063.03, time=2000-01-27T05:00:30Z
2025-02-10 17:46:56 DEBUG [main] c.v.limits.service.LoadLimitService - Checking limits for time=2000-01-27T05:00:30Z, startOfWeek=2000-01-24T00:00Z, endOfWeek=2000-01-30T23:59:59.999999999Z
2025-02-10 17:46:56 DEBUG [main] c.v.limits.service.LoadLimitService - Weekly total for customer=528: current=0, new=1063.03, limit=20000.00
2025-02-10 17:46:56 DEBUG [main] c.v.limits.service.LoadLimitService - Load saved successfully: id=26586, customer=528
2025-02-10 17:46:56 INFO  [main] c.v.limits.service.LoadLimitService - Load accepted: id=26586, customer=528, amount=$1063.03
2025-02-10 17:46:56 DEBUG [main] c.v.limits.service.LoadLimitService - Processing load request: id=28327, customer=18, amount=$3904.02, time=2000-01-27T06:01:52Z
2025-02-10 17:46:56 DEBUG [main] c.v.limits.service.LoadLimitService - Checking limits for time=2000-01-27T06:01:52Z, startOfWeek=2000-01-24T00:00Z, endOfWeek=2000-01-30T23:59:59.999999999Z
2025-02-10 17:46:56 DEBUG [main] c.v.limits.service.LoadLimitService - Weekly total for customer=18: current=0, new=3904.02, limit=20000.00
2025-02-10 17:46:56 DEBUG [main] c.v.limits.service.LoadLimitService - Load saved successfully: id=28327, customer=18
2025-02-10 17:46:56 INFO  [main] c.v.limits.service.LoadLimitService - Load accepted: id=28327, customer=18, amount=$3904.02
2025-02-10 17:46:56 DEBUG [main] c.v.limits.service.LoadLimitService - Processing load request: id=24264, customer=579, amount=$2197.27, time=2000-01-27T07:03:14Z
2025-02-10 17:46:56 DEBUG [main] c.v.limits.service.LoadLimitService - Checking limits for time=2000-01-27T07:03:14Z, startOfWeek=2000-01-24T00:00Z, endOfWeek=2000-01-30T23:59:59.999999999Z
2025-02-10 17:46:56 DEBUG [main] c.v.limits.service.LoadLimitService - Weekly total for customer=579: current=9975.32, new=12172.59, limit=20000.00
2025-02-10 17:46:56 DEBUG [main] c.v.limits.service.LoadLimitService - Load saved successfully: id=24264, customer=579
2025-02-10 17:46:56 INFO  [main] c.v.limits.service.LoadLimitService - Load accepted: id=24264, customer=579, amount=$2197.27
2025-02-10 17:46:56 DEBUG [main] c.v.limits.service.LoadLimitService - Processing load request: id=5450, customer=783, amount=$2949.82, time=2000-01-27T08:04:36Z
2025-02-10 17:46:56 DEBUG [main] c.v.limits.service.LoadLimitService - Checking limits for time=2000-01-27T08:04:36Z, startOfWeek=2000-01-24T00:00Z, endOfWeek=2000-01-30T23:59:59.999999999Z
2025-02-10 17:46:56 DEBUG [main] c.v.limits.service.LoadLimitService - Weekly total for customer=783: current=0, new=2949.82, limit=20000.00
2025-02-10 17:46:56 DEBUG [main] c.v.limits.service.LoadLimitService - Load saved successfully: id=5450, customer=783
2025-02-10 17:46:56 INFO  [main] c.v.limits.service.LoadLimitService - Load accepted: id=5450, customer=783, amount=$2949.82
2025-02-10 17:46:56 DEBUG [main] c.v.limits.service.LoadLimitService - Processing load request: id=3325, customer=443, amount=$1684.68, time=2000-01-27T09:05:58Z
2025-02-10 17:46:56 DEBUG [main] c.v.limits.service.LoadLimitService - Checking limits for time=2000-01-27T09:05:58Z, startOfWeek=2000-01-24T00:00Z, endOfWeek=2000-01-30T23:59:59.999999999Z
2025-02-10 17:46:56 DEBUG [main] c.v.limits.service.LoadLimitService - Weekly total for customer=443: current=4893.89, new=6578.57, limit=20000.00
2025-02-10 17:46:56 DEBUG [main] c.v.limits.service.LoadLimitService - Load saved successfully: id=3325, customer=443
2025-02-10 17:46:56 INFO  [main] c.v.limits.service.LoadLimitService - Load accepted: id=3325, customer=443, amount=$1684.68
2025-02-10 17:46:56 DEBUG [main] c.v.limits.service.LoadLimitService - Processing load request: id=30263, customer=69, amount=$2179.36, time=2000-01-27T10:07:20Z
2025-02-10 17:46:56 DEBUG [main] c.v.limits.service.LoadLimitService - Checking limits for time=2000-01-27T10:07:20Z, startOfWeek=2000-01-24T00:00Z, endOfWeek=2000-01-30T23:59:59.999999999Z
2025-02-10 17:46:56 DEBUG [main] c.v.limits.service.LoadLimitService - Weekly total for customer=69: current=0, new=2179.36, limit=20000.00
2025-02-10 17:46:56 DEBUG [main] c.v.limits.service.LoadLimitService - Load saved successfully: id=30263, customer=69
2025-02-10 17:46:56 INFO  [main] c.v.limits.service.LoadLimitService - Load accepted: id=30263, customer=69, amount=$2179.36
2025-02-10 17:46:56 DEBUG [main] c.v.limits.service.LoadLimitService - Processing load request: id=20320, customer=528, amount=$5877.17, time=2000-01-27T11:08:42Z
2025-02-10 17:46:56 DEBUG [main] c.v.limits.service.LoadLimitService - Checking limits for time=2000-01-27T11:08:42Z, startOfWeek=2000-01-24T00:00Z, endOfWeek=2000-01-30T23:59:59.999999999Z
2025-02-10 17:46:56 DEBUG [main] c.v.limits.service.LoadLimitService - Daily amount limit exceeded: customer=528, current=1063.03, attempted=$5877.17
2025-02-10 17:46:56 WARN  [main] c.v.limits.service.LoadLimitService - Load rejected: id=20320, customer=528, amount=$5877.17 (limit exceeded)
2025-02-10 17:46:56 DEBUG [main] c.v.limits.service.LoadLimitService - Processing load request: id=3552, customer=86, amount=$1507.92, time=2000-01-27T12:10:04Z
2025-02-10 17:46:56 DEBUG [main] c.v.limits.service.LoadLimitService - Checking limits for time=2000-01-27T12:10:04Z, startOfWeek=2000-01-24T00:00Z, endOfWeek=2000-01-30T23:59:59.999999999Z
2025-02-10 17:46:56 DEBUG [main] c.v.limits.service.LoadLimitService - Weekly total for customer=86: current=4145.68, new=5653.60, limit=20000.00
2025-02-10 17:46:56 DEBUG [main] c.v.limits.service.LoadLimitService - Load saved successfully: id=3552, customer=86
2025-02-10 17:46:56 INFO  [main] c.v.limits.service.LoadLimitService - Load accepted: id=3552, customer=86, amount=$1507.92
2025-02-10 17:46:56 DEBUG [main] c.v.limits.service.LoadLimitService - Processing load request: id=18870, customer=137, amount=$2903.46, time=2000-01-27T13:11:26Z
2025-02-10 17:46:56 DEBUG [main] c.v.limits.service.LoadLimitService - Checking limits for time=2000-01-27T13:11:26Z, startOfWeek=2000-01-24T00:00Z, endOfWeek=2000-01-30T23:59:59.999999999Z
2025-02-10 17:46:56 DEBUG [main] c.v.limits.service.LoadLimitService - Weekly total for customer=137: current=1565.52, new=4468.98, limit=20000.00
2025-02-10 17:46:56 DEBUG [main] c.v.limits.service.LoadLimitService - Load saved successfully: id=18870, customer=137
2025-02-10 17:46:56 INFO  [main] c.v.limits.service.LoadLimitService - Load accepted: id=18870, customer=137, amount=$2903.46
2025-02-10 17:46:56 DEBUG [main] c.v.limits.service.LoadLimitService - Processing load request: id=6345, customer=409, amount=$2433.49, time=2000-01-27T14:12:48Z
2025-02-10 17:46:56 DEBUG [main] c.v.limits.service.LoadLimitService - Checking limits for time=2000-01-27T14:12:48Z, startOfWeek=2000-01-24T00:00Z, endOfWeek=2000-01-30T23:59:59.999999999Z
2025-02-10 17:46:56 DEBUG [main] c.v.limits.service.LoadLimitService - Weekly total for customer=409: current=1400.95, new=3834.44, limit=20000.00
2025-02-10 17:46:56 DEBUG [main] c.v.limits.service.LoadLimitService - Load saved successfully: id=6345, customer=409
2025-02-10 17:46:56 INFO  [main] c.v.limits.service.LoadLimitService - Load accepted: id=6345, customer=409, amount=$2433.49
2025-02-10 17:46:56 DEBUG [main] c.v.limits.service.LoadLimitService - Processing load request: id=1800, customer=86, amount=$4967.26, time=2000-01-27T15:14:10Z
2025-02-10 17:46:56 DEBUG [main] c.v.limits.service.LoadLimitService - Checking limits for time=2000-01-27T15:14:10Z, startOfWeek=2000-01-24T00:00Z, endOfWeek=2000-01-30T23:59:59.999999999Z
2025-02-10 17:46:56 DEBUG [main] c.v.limits.service.LoadLimitService - Daily amount limit exceeded: customer=86, current=1507.92, attempted=$4967.26
2025-02-10 17:46:56 WARN  [main] c.v.limits.service.LoadLimitService - Load rejected: id=1800, customer=86, amount=$4967.26 (limit exceeded)
2025-02-10 17:46:56 DEBUG [main] c.v.limits.service.LoadLimitService - Processing load request: id=16788, customer=154, amount=$5528.62, time=2000-01-27T16:15:32Z
2025-02-10 17:46:56 DEBUG [main] c.v.limits.service.LoadLimitService - Checking limits for time=2000-01-27T16:15:32Z, startOfWeek=2000-01-24T00:00Z, endOfWeek=2000-01-30T23:59:59.999999999Z
2025-02-10 17:46:56 DEBUG [main] c.v.limits.service.LoadLimitService - Daily amount limit exceeded: customer=154, current=0, attempted=$5528.62
2025-02-10 17:46:56 WARN  [main] c.v.limits.service.LoadLimitService - Load rejected: id=16788, customer=154, amount=$5528.62 (limit exceeded)
2025-02-10 17:46:56 DEBUG [main] c.v.limits.service.LoadLimitService - Processing load request: id=13234, customer=596, amount=$872.65, time=2000-01-27T17:16:54Z
2025-02-10 17:46:56 DEBUG [main] c.v.limits.service.LoadLimitService - Checking limits for time=2000-01-27T17:16:54Z, startOfWeek=2000-01-24T00:00Z, endOfWeek=2000-01-30T23:59:59.999999999Z
2025-02-10 17:46:56 DEBUG [main] c.v.limits.service.LoadLimitService - Weekly total for customer=596: current=3958.25, new=4830.90, limit=20000.00
2025-02-10 17:46:56 DEBUG [main] c.v.limits.service.LoadLimitService - Load saved successfully: id=13234, customer=596
2025-02-10 17:46:56 INFO  [main] c.v.limits.service.LoadLimitService - Load accepted: id=13234, customer=596, amount=$872.65
2025-02-10 17:46:56 DEBUG [main] c.v.limits.service.LoadLimitService - Processing load request: id=3733, customer=52, amount=$2624.34, time=2000-01-27T18:18:16Z
2025-02-10 17:46:56 DEBUG [main] c.v.limits.service.LoadLimitService - Checking limits for time=2000-01-27T18:18:16Z, startOfWeek=2000-01-24T00:00Z, endOfWeek=2000-01-30T23:59:59.999999999Z
2025-02-10 17:46:56 DEBUG [main] c.v.limits.service.LoadLimitService - Weekly total for customer=52: current=4237.90, new=6862.24, limit=20000.00
2025-02-10 17:46:56 DEBUG [main] c.v.limits.service.LoadLimitService - Load saved successfully: id=3733, customer=52
2025-02-10 17:46:56 INFO  [main] c.v.limits.service.LoadLimitService - Load accepted: id=3733, customer=52, amount=$2624.34
2025-02-10 17:46:56 DEBUG [main] c.v.limits.service.LoadLimitService - Processing load request: id=15436, customer=749, amount=$2205.16, time=2000-01-27T19:19:38Z
2025-02-10 17:46:56 DEBUG [main] c.v.limits.service.LoadLimitService - Checking limits for time=2000-01-27T19:19:38Z, startOfWeek=2000-01-24T00:00Z, endOfWeek=2000-01-30T23:59:59.999999999Z
2025-02-10 17:46:56 DEBUG [main] c.v.limits.service.LoadLimitService - Weekly total for customer=749: current=0, new=2205.16, limit=20000.00
2025-02-10 17:46:56 DEBUG [main] c.v.limits.service.LoadLimitService - Load saved successfully: id=15436, customer=749
2025-02-10 17:46:56 INFO  [main] c.v.limits.service.LoadLimitService - Load accepted: id=15436, customer=749, amount=$2205.16
2025-02-10 17:46:56 DEBUG [main] c.v.limits.service.LoadLimitService - Processing load request: id=1564, customer=732, amount=$2787.82, time=2000-01-27T20:21Z
2025-02-10 17:46:56 DEBUG [main] c.v.limits.service.LoadLimitService - Checking limits for time=2000-01-27T20:21Z, startOfWeek=2000-01-24T00:00Z, endOfWeek=2000-01-30T23:59:59.999999999Z
2025-02-10 17:46:56 DEBUG [main] c.v.limits.service.LoadLimitService - Weekly total for customer=732: current=7118.49, new=9906.31, limit=20000.00
2025-02-10 17:46:56 DEBUG [main] c.v.limits.service.LoadLimitService - Load saved successfully: id=1564, customer=732
2025-02-10 17:46:56 INFO  [main] c.v.limits.service.LoadLimitService - Load accepted: id=1564, customer=732, amount=$2787.82
2025-02-10 17:46:56 DEBUG [main] c.v.limits.service.LoadLimitService - Processing load request: id=5903, customer=528, amount=$1997.89, time=2000-01-27T21:22:22Z
2025-02-10 17:46:56 DEBUG [main] c.v.limits.service.LoadLimitService - Checking limits for time=2000-01-27T21:22:22Z, startOfWeek=2000-01-24T00:00Z, endOfWeek=2000-01-30T23:59:59.999999999Z
2025-02-10 17:46:56 DEBUG [main] c.v.limits.service.LoadLimitService - Weekly total for customer=528: current=1063.03, new=3060.92, limit=20000.00
2025-02-10 17:46:56 DEBUG [main] c.v.limits.service.LoadLimitService - Load saved successfully: id=5903, customer=528
2025-02-10 17:46:56 INFO  [main] c.v.limits.service.LoadLimitService - Load accepted: id=5903, customer=528, amount=$1997.89
2025-02-10 17:46:56 DEBUG [main] c.v.limits.service.LoadLimitService - Processing load request: id=1691, customer=817, amount=$3460.94, time=2000-01-27T22:23:44Z
2025-02-10 17:46:56 DEBUG [main] c.v.limits.service.LoadLimitService - Checking limits for time=2000-01-27T22:23:44Z, startOfWeek=2000-01-24T00:00Z, endOfWeek=2000-01-30T23:59:59.999999999Z
2025-02-10 17:46:56 DEBUG [main] c.v.limits.service.LoadLimitService - Weekly total for customer=817: current=206.46, new=3667.40, limit=20000.00
2025-02-10 17:46:56 DEBUG [main] c.v.limits.service.LoadLimitService - Load saved successfully: id=1691, customer=817
2025-02-10 17:46:56 INFO  [main] c.v.limits.service.LoadLimitService - Load accepted: id=1691, customer=817, amount=$3460.94
2025-02-10 17:46:56 DEBUG [main] c.v.limits.service.LoadLimitService - Processing load request: id=30846, customer=103, amount=$4582.99, time=2000-01-27T23:25:06Z
2025-02-10 17:46:56 DEBUG [main] c.v.limits.service.LoadLimitService - Checking limits for time=2000-01-27T23:25:06Z, startOfWeek=2000-01-24T00:00Z, endOfWeek=2000-01-30T23:59:59.999999999Z
2025-02-10 17:46:56 DEBUG [main] c.v.limits.service.LoadLimitService - Weekly total for customer=103: current=3182.65, new=7765.64, limit=20000.00
2025-02-10 17:46:56 DEBUG [main] c.v.limits.service.LoadLimitService - Load saved successfully: id=30846, customer=103
2025-02-10 17:46:56 INFO  [main] c.v.limits.service.LoadLimitService - Load accepted: id=30846, customer=103, amount=$4582.99
2025-02-10 17:46:56 DEBUG [main] c.v.limits.service.LoadLimitService - Processing load request: id=16449, customer=1, amount=$4832.29, time=2000-01-28T00:26:28Z
2025-02-10 17:46:56 DEBUG [main] c.v.limits.service.LoadLimitService - Checking limits for time=2000-01-28T00:26:28Z, startOfWeek=2000-01-24T00:00Z, endOfWeek=2000-01-30T23:59:59.999999999Z
2025-02-10 17:46:56 DEBUG [main] c.v.limits.service.LoadLimitService - Weekly total for customer=1: current=7619.12, new=12451.41, limit=20000.00
2025-02-10 17:46:56 DEBUG [main] c.v.limits.service.LoadLimitService - Load saved successfully: id=16449, customer=1
2025-02-10 17:46:56 INFO  [main] c.v.limits.service.LoadLimitService - Load accepted: id=16449, customer=1, amount=$4832.29
2025-02-10 17:46:56 DEBUG [main] c.v.limits.service.LoadLimitService - Processing load request: id=5924, customer=562, amount=$1738.76, time=2000-01-28T01:27:50Z
2025-02-10 17:46:56 DEBUG [main] c.v.limits.service.LoadLimitService - Checking limits for time=2000-01-28T01:27:50Z, startOfWeek=2000-01-24T00:00Z, endOfWeek=2000-01-30T23:59:59.999999999Z
2025-02-10 17:46:56 DEBUG [main] c.v.limits.service.LoadLimitService - Weekly total for customer=562: current=0, new=1738.76, limit=20000.00
2025-02-10 17:46:56 DEBUG [main] c.v.limits.service.LoadLimitService - Load saved successfully: id=5924, customer=562
2025-02-10 17:46:56 INFO  [main] c.v.limits.service.LoadLimitService - Load accepted: id=5924, customer=562, amount=$1738.76
2025-02-10 17:46:56 DEBUG [main] c.v.limits.service.LoadLimitService - Processing load request: id=14220, customer=749, amount=$3381.01, time=2000-01-28T02:29:12Z
2025-02-10 17:46:56 DEBUG [main] c.v.limits.service.LoadLimitService - Checking limits for time=2000-01-28T02:29:12Z, startOfWeek=2000-01-24T00:00Z, endOfWeek=2000-01-30T23:59:59.999999999Z
2025-02-10 17:46:56 DEBUG [main] c.v.limits.service.LoadLimitService - Weekly total for customer=749: current=2205.16, new=5586.17, limit=20000.00
2025-02-10 17:46:56 DEBUG [main] c.v.limits.service.LoadLimitService - Load saved successfully: id=14220, customer=749
2025-02-10 17:46:56 INFO  [main] c.v.limits.service.LoadLimitService - Load accepted: id=14220, customer=749, amount=$3381.01
2025-02-10 17:46:56 DEBUG [main] c.v.limits.service.LoadLimitService - Processing load request: id=31757, customer=460, amount=$2960.78, time=2000-01-28T03:30:34Z
2025-02-10 17:46:56 DEBUG [main] c.v.limits.service.LoadLimitService - Checking limits for time=2000-01-28T03:30:34Z, startOfWeek=2000-01-24T00:00Z, endOfWeek=2000-01-30T23:59:59.999999999Z
2025-02-10 17:46:56 DEBUG [main] c.v.limits.service.LoadLimitService - Weekly total for customer=460: current=247.88, new=3208.66, limit=20000.00
2025-02-10 17:46:56 DEBUG [main] c.v.limits.service.LoadLimitService - Load saved successfully: id=31757, customer=460
2025-02-10 17:46:56 INFO  [main] c.v.limits.service.LoadLimitService - Load accepted: id=31757, customer=460, amount=$2960.78
2025-02-10 17:46:56 DEBUG [main] c.v.limits.service.LoadLimitService - Processing load request: id=31210, customer=35, amount=$4810.49, time=2000-01-28T04:31:56Z
2025-02-10 17:46:56 DEBUG [main] c.v.limits.service.LoadLimitService - Checking limits for time=2000-01-28T04:31:56Z, startOfWeek=2000-01-24T00:00Z, endOfWeek=2000-01-30T23:59:59.999999999Z
2025-02-10 17:46:56 DEBUG [main] c.v.limits.service.LoadLimitService - Weekly total for customer=35: current=435.24, new=5245.73, limit=20000.00
2025-02-10 17:46:56 DEBUG [main] c.v.limits.service.LoadLimitService - Load saved successfully: id=31210, customer=35
2025-02-10 17:46:56 INFO  [main] c.v.limits.service.LoadLimitService - Load accepted: id=31210, customer=35, amount=$4810.49
2025-02-10 17:46:56 DEBUG [main] c.v.limits.service.LoadLimitService - Processing load request: id=21892, customer=630, amount=$2065.26, time=2000-01-28T05:33:18Z
2025-02-10 17:46:56 DEBUG [main] c.v.limits.service.LoadLimitService - Checking limits for time=2000-01-28T05:33:18Z, startOfWeek=2000-01-24T00:00Z, endOfWeek=2000-01-30T23:59:59.999999999Z
2025-02-10 17:46:56 DEBUG [main] c.v.limits.service.LoadLimitService - Weekly total for customer=630: current=7069.56, new=9134.82, limit=20000.00
2025-02-10 17:46:56 DEBUG [main] c.v.limits.service.LoadLimitService - Load saved successfully: id=21892, customer=630
2025-02-10 17:46:56 INFO  [main] c.v.limits.service.LoadLimitService - Load accepted: id=21892, customer=630, amount=$2065.26
2025-02-10 17:46:56 DEBUG [main] c.v.limits.service.LoadLimitService - Processing load request: id=9120, customer=715, amount=$3829.37, time=2000-01-28T06:34:40Z
2025-02-10 17:46:56 DEBUG [main] c.v.limits.service.LoadLimitService - Checking limits for time=2000-01-28T06:34:40Z, startOfWeek=2000-01-24T00:00Z, endOfWeek=2000-01-30T23:59:59.999999999Z
2025-02-10 17:46:56 DEBUG [main] c.v.limits.service.LoadLimitService - Weekly total for customer=715: current=3873.18, new=7702.55, limit=20000.00
2025-02-10 17:46:56 DEBUG [main] c.v.limits.service.LoadLimitService - Load saved successfully: id=9120, customer=715
2025-02-10 17:46:56 INFO  [main] c.v.limits.service.LoadLimitService - Load accepted: id=9120, customer=715, amount=$3829.37
2025-02-10 17:46:56 DEBUG [main] c.v.limits.service.LoadLimitService - Processing load request: id=25333, customer=341, amount=$5436.72, time=2000-01-28T07:36:02Z
2025-02-10 17:46:56 DEBUG [main] c.v.limits.service.LoadLimitService - Checking limits for time=2000-01-28T07:36:02Z, startOfWeek=2000-01-24T00:00Z, endOfWeek=2000-01-30T23:59:59.999999999Z
2025-02-10 17:46:56 DEBUG [main] c.v.limits.service.LoadLimitService - Daily amount limit exceeded: customer=341, current=0, attempted=$5436.72
2025-02-10 17:46:56 WARN  [main] c.v.limits.service.LoadLimitService - Load rejected: id=25333, customer=341, amount=$5436.72 (limit exceeded)
2025-02-10 17:46:56 DEBUG [main] c.v.limits.service.LoadLimitService - Processing load request: id=3309, customer=630, amount=$2189.38, time=2000-01-28T08:37:24Z
2025-02-10 17:46:56 DEBUG [main] c.v.limits.service.LoadLimitService - Checking limits for time=2000-01-28T08:37:24Z, startOfWeek=2000-01-24T00:00Z, endOfWeek=2000-01-30T23:59:59.999999999Z
2025-02-10 17:46:56 DEBUG [main] c.v.limits.service.LoadLimitService - Weekly total for customer=630: current=9134.82, new=11324.20, limit=20000.00
2025-02-10 17:46:56 DEBUG [main] c.v.limits.service.LoadLimitService - Load saved successfully: id=3309, customer=630
2025-02-10 17:46:56 INFO  [main] c.v.limits.service.LoadLimitService - Load accepted: id=3309, customer=630, amount=$2189.38
2025-02-10 17:46:56 DEBUG [main] c.v.limits.service.LoadLimitService - Processing load request: id=4755, customer=664, amount=$4811.58, time=2000-01-28T09:38:46Z
2025-02-10 17:46:56 DEBUG [main] c.v.limits.service.LoadLimitService - Checking limits for time=2000-01-28T09:38:46Z, startOfWeek=2000-01-24T00:00Z, endOfWeek=2000-01-30T23:59:59.999999999Z
2025-02-10 17:46:56 DEBUG [main] c.v.limits.service.LoadLimitService - Weekly total for customer=664: current=0, new=4811.58, limit=20000.00
2025-02-10 17:46:56 DEBUG [main] c.v.limits.service.LoadLimitService - Load saved successfully: id=4755, customer=664
2025-02-10 17:46:56 INFO  [main] c.v.limits.service.LoadLimitService - Load accepted: id=4755, customer=664, amount=$4811.58
2025-02-10 17:46:56 DEBUG [main] c.v.limits.service.LoadLimitService - Processing load request: id=23752, customer=341, amount=$418.66, time=2000-01-28T10:40:08Z
2025-02-10 17:46:56 DEBUG [main] c.v.limits.service.LoadLimitService - Checking limits for time=2000-01-28T10:40:08Z, startOfWeek=2000-01-24T00:00Z, endOfWeek=2000-01-30T23:59:59.999999999Z
2025-02-10 17:46:56 DEBUG [main] c.v.limits.service.LoadLimitService - Weekly total for customer=341: current=2803.70, new=3222.36, limit=20000.00
2025-02-10 17:46:56 DEBUG [main] c.v.limits.service.LoadLimitService - Load saved successfully: id=23752, customer=341
2025-02-10 17:46:56 INFO  [main] c.v.limits.service.LoadLimitService - Load accepted: id=23752, customer=341, amount=$418.66
2025-02-10 17:46:56 DEBUG [main] c.v.limits.service.LoadLimitService - Processing load request: id=277, customer=443, amount=$3719.41, time=2000-01-28T11:41:30Z
2025-02-10 17:46:56 DEBUG [main] c.v.limits.service.LoadLimitService - Checking limits for time=2000-01-28T11:41:30Z, startOfWeek=2000-01-24T00:00Z, endOfWeek=2000-01-30T23:59:59.999999999Z
2025-02-10 17:46:56 DEBUG [main] c.v.limits.service.LoadLimitService - Weekly total for customer=443: current=6578.57, new=10297.98, limit=20000.00
2025-02-10 17:46:56 DEBUG [main] c.v.limits.service.LoadLimitService - Load saved successfully: id=277, customer=443
2025-02-10 17:46:56 INFO  [main] c.v.limits.service.LoadLimitService - Load accepted: id=277, customer=443, amount=$3719.41
2025-02-10 17:46:56 DEBUG [main] c.v.limits.service.LoadLimitService - Processing load request: id=20291, customer=375, amount=$2951.67, time=2000-01-28T12:42:52Z
2025-02-10 17:46:56 DEBUG [main] c.v.limits.service.LoadLimitService - Checking limits for time=2000-01-28T12:42:52Z, startOfWeek=2000-01-24T00:00Z, endOfWeek=2000-01-30T23:59:59.999999999Z
2025-02-10 17:46:56 DEBUG [main] c.v.limits.service.LoadLimitService - Weekly total for customer=375: current=7299.11, new=10250.78, limit=20000.00
2025-02-10 17:46:56 DEBUG [main] c.v.limits.service.LoadLimitService - Load saved successfully: id=20291, customer=375
2025-02-10 17:46:56 INFO  [main] c.v.limits.service.LoadLimitService - Load accepted: id=20291, customer=375, amount=$2951.67
2025-02-10 17:46:56 DEBUG [main] c.v.limits.service.LoadLimitService - Processing load request: id=15952, customer=783, amount=$3971.18, time=2000-01-28T13:44:14Z
2025-02-10 17:46:56 DEBUG [main] c.v.limits.service.LoadLimitService - Checking limits for time=2000-01-28T13:44:14Z, startOfWeek=2000-01-24T00:00Z, endOfWeek=2000-01-30T23:59:59.999999999Z
2025-02-10 17:46:56 DEBUG [main] c.v.limits.service.LoadLimitService - Weekly total for customer=783: current=2949.82, new=6921.00, limit=20000.00
2025-02-10 17:46:56 DEBUG [main] c.v.limits.service.LoadLimitService - Load saved successfully: id=15952, customer=783
2025-02-10 17:46:56 INFO  [main] c.v.limits.service.LoadLimitService - Load accepted: id=15952, customer=783, amount=$3971.18
2025-02-10 17:46:56 DEBUG [main] c.v.limits.service.LoadLimitService - Processing load request: id=10464, customer=171, amount=$5124.05, time=2000-01-28T14:45:36Z
2025-02-10 17:46:56 DEBUG [main] c.v.limits.service.LoadLimitService - Checking limits for time=2000-01-28T14:45:36Z, startOfWeek=2000-01-24T00:00Z, endOfWeek=2000-01-30T23:59:59.999999999Z
2025-02-10 17:46:56 DEBUG [main] c.v.limits.service.LoadLimitService - Daily amount limit exceeded: customer=171, current=0, attempted=$5124.05
2025-02-10 17:46:56 WARN  [main] c.v.limits.service.LoadLimitService - Load rejected: id=10464, customer=171, amount=$5124.05 (limit exceeded)
2025-02-10 17:46:56 DEBUG [main] c.v.limits.service.LoadLimitService - Processing load request: id=19971, customer=834, amount=$1223.67, time=2000-01-28T15:46:58Z
2025-02-10 17:46:56 DEBUG [main] c.v.limits.service.LoadLimitService - Checking limits for time=2000-01-28T15:46:58Z, startOfWeek=2000-01-24T00:00Z, endOfWeek=2000-01-30T23:59:59.999999999Z
2025-02-10 17:46:56 DEBUG [main] c.v.limits.service.LoadLimitService - Weekly total for customer=834: current=4295.25, new=5518.92, limit=20000.00
2025-02-10 17:46:56 DEBUG [main] c.v.limits.service.LoadLimitService - Load saved successfully: id=19971, customer=834
2025-02-10 17:46:56 INFO  [main] c.v.limits.service.LoadLimitService - Load accepted: id=19971, customer=834, amount=$1223.67
2025-02-10 17:46:56 DEBUG [main] c.v.limits.service.LoadLimitService - Processing load request: id=11441, customer=562, amount=$3260.20, time=2000-01-28T16:48:20Z
2025-02-10 17:46:56 DEBUG [main] c.v.limits.service.LoadLimitService - Checking limits for time=2000-01-28T16:48:20Z, startOfWeek=2000-01-24T00:00Z, endOfWeek=2000-01-30T23:59:59.999999999Z
2025-02-10 17:46:56 DEBUG [main] c.v.limits.service.LoadLimitService - Weekly total for customer=562: current=1738.76, new=4998.96, limit=20000.00
2025-02-10 17:46:56 DEBUG [main] c.v.limits.service.LoadLimitService - Load saved successfully: id=11441, customer=562
2025-02-10 17:46:56 INFO  [main] c.v.limits.service.LoadLimitService - Load accepted: id=11441, customer=562, amount=$3260.20
2025-02-10 17:46:56 DEBUG [main] c.v.limits.service.LoadLimitService - Processing load request: id=17564, customer=460, amount=$5051.65, time=2000-01-28T17:49:42Z
2025-02-10 17:46:56 DEBUG [main] c.v.limits.service.LoadLimitService - Checking limits for time=2000-01-28T17:49:42Z, startOfWeek=2000-01-24T00:00Z, endOfWeek=2000-01-30T23:59:59.999999999Z
2025-02-10 17:46:56 DEBUG [main] c.v.limits.service.LoadLimitService - Daily amount limit exceeded: customer=460, current=2960.78, attempted=$5051.65
2025-02-10 17:46:56 WARN  [main] c.v.limits.service.LoadLimitService - Load rejected: id=17564, customer=460, amount=$5051.65 (limit exceeded)
2025-02-10 17:46:56 DEBUG [main] c.v.limits.service.LoadLimitService - Processing load request: id=30442, customer=290, amount=$38.54, time=2000-01-28T18:51:04Z
2025-02-10 17:46:56 DEBUG [main] c.v.limits.service.LoadLimitService - Checking limits for time=2000-01-28T18:51:04Z, startOfWeek=2000-01-24T00:00Z, endOfWeek=2000-01-30T23:59:59.999999999Z
2025-02-10 17:46:56 DEBUG [main] c.v.limits.service.LoadLimitService - Weekly total for customer=290: current=1998.69, new=2037.23, limit=20000.00
2025-02-10 17:46:56 DEBUG [main] c.v.limits.service.LoadLimitService - Load saved successfully: id=30442, customer=290
2025-02-10 17:46:56 INFO  [main] c.v.limits.service.LoadLimitService - Load accepted: id=30442, customer=290, amount=$38.54
2025-02-10 17:46:56 DEBUG [main] c.v.limits.service.LoadLimitService - Processing load request: id=31659, customer=460, amount=$821.98, time=2000-01-28T19:52:26Z
2025-02-10 17:46:56 DEBUG [main] c.v.limits.service.LoadLimitService - Checking limits for time=2000-01-28T19:52:26Z, startOfWeek=2000-01-24T00:00Z, endOfWeek=2000-01-30T23:59:59.999999999Z
2025-02-10 17:46:56 DEBUG [main] c.v.limits.service.LoadLimitService - Weekly total for customer=460: current=3208.66, new=4030.64, limit=20000.00
2025-02-10 17:46:56 DEBUG [main] c.v.limits.service.LoadLimitService - Load saved successfully: id=31659, customer=460
2025-02-10 17:46:56 INFO  [main] c.v.limits.service.LoadLimitService - Load accepted: id=31659, customer=460, amount=$821.98
2025-02-10 17:46:56 DEBUG [main] c.v.limits.service.LoadLimitService - Processing load request: id=22594, customer=698, amount=$5688.40, time=2000-01-28T20:53:48Z
2025-02-10 17:46:56 DEBUG [main] c.v.limits.service.LoadLimitService - Checking limits for time=2000-01-28T20:53:48Z, startOfWeek=2000-01-24T00:00Z, endOfWeek=2000-01-30T23:59:59.999999999Z
2025-02-10 17:46:56 DEBUG [main] c.v.limits.service.LoadLimitService - Daily amount limit exceeded: customer=698, current=0, attempted=$5688.40
2025-02-10 17:46:56 WARN  [main] c.v.limits.service.LoadLimitService - Load rejected: id=22594, customer=698, amount=$5688.40 (limit exceeded)
2025-02-10 17:46:56 DEBUG [main] c.v.limits.service.LoadLimitService - Processing load request: id=8379, customer=392, amount=$4597.92, time=2000-01-28T21:55:10Z
2025-02-10 17:46:56 DEBUG [main] c.v.limits.service.LoadLimitService - Checking limits for time=2000-01-28T21:55:10Z, startOfWeek=2000-01-24T00:00Z, endOfWeek=2000-01-30T23:59:59.999999999Z
2025-02-10 17:46:56 DEBUG [main] c.v.limits.service.LoadLimitService - Weekly total for customer=392: current=4519.37, new=9117.29, limit=20000.00
2025-02-10 17:46:56 DEBUG [main] c.v.limits.service.LoadLimitService - Load saved successfully: id=8379, customer=392
2025-02-10 17:46:56 INFO  [main] c.v.limits.service.LoadLimitService - Load accepted: id=8379, customer=392, amount=$4597.92
2025-02-10 17:46:56 DEBUG [main] c.v.limits.service.LoadLimitService - Processing load request: id=8820, customer=290, amount=$3190.46, time=2000-01-28T22:56:32Z
2025-02-10 17:46:56 DEBUG [main] c.v.limits.service.LoadLimitService - Checking limits for time=2000-01-28T22:56:32Z, startOfWeek=2000-01-24T00:00Z, endOfWeek=2000-01-30T23:59:59.999999999Z
2025-02-10 17:46:56 DEBUG [main] c.v.limits.service.LoadLimitService - Weekly total for customer=290: current=2037.23, new=5227.69, limit=20000.00
2025-02-10 17:46:56 DEBUG [main] c.v.limits.service.LoadLimitService - Load saved successfully: id=8820, customer=290
2025-02-10 17:46:56 INFO  [main] c.v.limits.service.LoadLimitService - Load accepted: id=8820, customer=290, amount=$3190.46
2025-02-10 17:46:56 DEBUG [main] c.v.limits.service.LoadLimitService - Processing load request: id=19518, customer=1, amount=$1648.34, time=2000-01-28T23:57:54Z
2025-02-10 17:46:56 DEBUG [main] c.v.limits.service.LoadLimitService - Checking limits for time=2000-01-28T23:57:54Z, startOfWeek=2000-01-24T00:00Z, endOfWeek=2000-01-30T23:59:59.999999999Z
2025-02-10 17:46:56 DEBUG [main] c.v.limits.service.LoadLimitService - Daily amount limit exceeded: customer=1, current=4832.29, attempted=$1648.34
2025-02-10 17:46:56 WARN  [main] c.v.limits.service.LoadLimitService - Load rejected: id=19518, customer=1, amount=$1648.34 (limit exceeded)
2025-02-10 17:46:56 DEBUG [main] c.v.limits.service.LoadLimitService - Processing load request: id=8666, customer=103, amount=$5334.96, time=2000-01-29T00:59:16Z
2025-02-10 17:46:56 DEBUG [main] c.v.limits.service.LoadLimitService - Checking limits for time=2000-01-29T00:59:16Z, startOfWeek=2000-01-24T00:00Z, endOfWeek=2000-01-30T23:59:59.999999999Z
2025-02-10 17:46:56 DEBUG [main] c.v.limits.service.LoadLimitService - Daily amount limit exceeded: customer=103, current=0, attempted=$5334.96
2025-02-10 17:46:56 WARN  [main] c.v.limits.service.LoadLimitService - Load rejected: id=8666, customer=103, amount=$5334.96 (limit exceeded)
2025-02-10 17:46:56 DEBUG [main] c.v.limits.service.LoadLimitService - Processing load request: id=8340, customer=443, amount=$3755.59, time=2000-01-29T02:00:38Z
2025-02-10 17:46:56 DEBUG [main] c.v.limits.service.LoadLimitService - Checking limits for time=2000-01-29T02:00:38Z, startOfWeek=2000-01-24T00:00Z, endOfWeek=2000-01-30T23:59:59.999999999Z
2025-02-10 17:46:56 DEBUG [main] c.v.limits.service.LoadLimitService - Weekly total for customer=443: current=10297.98, new=14053.57, limit=20000.00
2025-02-10 17:46:56 DEBUG [main] c.v.limits.service.LoadLimitService - Load saved successfully: id=8340, customer=443
2025-02-10 17:46:56 INFO  [main] c.v.limits.service.LoadLimitService - Load accepted: id=8340, customer=443, amount=$3755.59
2025-02-10 17:46:56 DEBUG [main] c.v.limits.service.LoadLimitService - Processing load request: id=11899, customer=477, amount=$2173.77, time=2000-01-29T03:02Z
2025-02-10 17:46:56 DEBUG [main] c.v.limits.service.LoadLimitService - Checking limits for time=2000-01-29T03:02Z, startOfWeek=2000-01-24T00:00Z, endOfWeek=2000-01-30T23:59:59.999999999Z
2025-02-10 17:46:56 DEBUG [main] c.v.limits.service.LoadLimitService - Weekly total for customer=477: current=5231.31, new=7405.08, limit=20000.00
2025-02-10 17:46:56 DEBUG [main] c.v.limits.service.LoadLimitService - Load saved successfully: id=11899, customer=477
2025-02-10 17:46:56 INFO  [main] c.v.limits.service.LoadLimitService - Load accepted: id=11899, customer=477, amount=$2173.77
2025-02-10 17:46:56 DEBUG [main] c.v.limits.service.LoadLimitService - Processing load request: id=13607, customer=188, amount=$2594.77, time=2000-01-29T04:03:22Z
2025-02-10 17:46:56 DEBUG [main] c.v.limits.service.LoadLimitService - Checking limits for time=2000-01-29T04:03:22Z, startOfWeek=2000-01-24T00:00Z, endOfWeek=2000-01-30T23:59:59.999999999Z
2025-02-10 17:46:56 DEBUG [main] c.v.limits.service.LoadLimitService - Weekly total for customer=188: current=0, new=2594.77, limit=20000.00
2025-02-10 17:46:56 DEBUG [main] c.v.limits.service.LoadLimitService - Load saved successfully: id=13607, customer=188
2025-02-10 17:46:56 INFO  [main] c.v.limits.service.LoadLimitService - Load accepted: id=13607, customer=188, amount=$2594.77
2025-02-10 17:46:56 DEBUG [main] c.v.limits.service.LoadLimitService - Processing load request: id=26935, customer=154, amount=$949.53, time=2000-01-29T05:04:44Z
2025-02-10 17:46:56 DEBUG [main] c.v.limits.service.LoadLimitService - Checking limits for time=2000-01-29T05:04:44Z, startOfWeek=2000-01-24T00:00Z, endOfWeek=2000-01-30T23:59:59.999999999Z
2025-02-10 17:46:56 DEBUG [main] c.v.limits.service.LoadLimitService - Weekly total for customer=154: current=5035.47, new=5985.00, limit=20000.00
2025-02-10 17:46:56 DEBUG [main] c.v.limits.service.LoadLimitService - Load saved successfully: id=26935, customer=154
2025-02-10 17:46:56 INFO  [main] c.v.limits.service.LoadLimitService - Load accepted: id=26935, customer=154, amount=$949.53
2025-02-10 17:46:56 DEBUG [main] c.v.limits.service.LoadLimitService - Processing load request: id=14301, customer=562, amount=$3604.77, time=2000-01-29T06:06:06Z
2025-02-10 17:46:56 DEBUG [main] c.v.limits.service.LoadLimitService - Checking limits for time=2000-01-29T06:06:06Z, startOfWeek=2000-01-24T00:00Z, endOfWeek=2000-01-30T23:59:59.999999999Z
2025-02-10 17:46:56 DEBUG [main] c.v.limits.service.LoadLimitService - Weekly total for customer=562: current=4998.96, new=8603.73, limit=20000.00
2025-02-10 17:46:56 DEBUG [main] c.v.limits.service.LoadLimitService - Load saved successfully: id=14301, customer=562
2025-02-10 17:46:56 INFO  [main] c.v.limits.service.LoadLimitService - Load accepted: id=14301, customer=562, amount=$3604.77
2025-02-10 17:46:56 DEBUG [main] c.v.limits.service.LoadLimitService - Processing load request: id=13812, customer=528, amount=$77.47, time=2000-01-29T07:07:28Z
2025-02-10 17:46:56 DEBUG [main] c.v.limits.service.LoadLimitService - Checking limits for time=2000-01-29T07:07:28Z, startOfWeek=2000-01-24T00:00Z, endOfWeek=2000-01-30T23:59:59.999999999Z
2025-02-10 17:46:56 DEBUG [main] c.v.limits.service.LoadLimitService - Weekly total for customer=528: current=3060.92, new=3138.39, limit=20000.00
2025-02-10 17:46:56 DEBUG [main] c.v.limits.service.LoadLimitService - Load saved successfully: id=13812, customer=528
2025-02-10 17:46:56 INFO  [main] c.v.limits.service.LoadLimitService - Load accepted: id=13812, customer=528, amount=$77.47
2025-02-10 17:46:56 DEBUG [main] c.v.limits.service.LoadLimitService - Processing load request: id=24217, customer=239, amount=$2802.58, time=2000-01-29T08:08:50Z
2025-02-10 17:46:56 DEBUG [main] c.v.limits.service.LoadLimitService - Checking limits for time=2000-01-29T08:08:50Z, startOfWeek=2000-01-24T00:00Z, endOfWeek=2000-01-30T23:59:59.999999999Z
2025-02-10 17:46:56 DEBUG [main] c.v.limits.service.LoadLimitService - Weekly total for customer=239: current=0, new=2802.58, limit=20000.00
2025-02-10 17:46:56 DEBUG [main] c.v.limits.service.LoadLimitService - Load saved successfully: id=24217, customer=239
2025-02-10 17:46:56 INFO  [main] c.v.limits.service.LoadLimitService - Load accepted: id=24217, customer=239, amount=$2802.58
2025-02-10 17:46:56 DEBUG [main] c.v.limits.service.LoadLimitService - Processing load request: id=10118, customer=409, amount=$168.01, time=2000-01-29T09:10:12Z
2025-02-10 17:46:56 DEBUG [main] c.v.limits.service.LoadLimitService - Checking limits for time=2000-01-29T09:10:12Z, startOfWeek=2000-01-24T00:00Z, endOfWeek=2000-01-30T23:59:59.999999999Z
2025-02-10 17:46:56 DEBUG [main] c.v.limits.service.LoadLimitService - Weekly total for customer=409: current=3834.44, new=4002.45, limit=20000.00
2025-02-10 17:46:56 DEBUG [main] c.v.limits.service.LoadLimitService - Load saved successfully: id=10118, customer=409
2025-02-10 17:46:56 INFO  [main] c.v.limits.service.LoadLimitService - Load accepted: id=10118, customer=409, amount=$168.01
2025-02-10 17:46:56 DEBUG [main] c.v.limits.service.LoadLimitService - Processing load request: id=10989, customer=409, amount=$4783.20, time=2000-01-29T10:11:34Z
2025-02-10 17:46:56 DEBUG [main] c.v.limits.service.LoadLimitService - Checking limits for time=2000-01-29T10:11:34Z, startOfWeek=2000-01-24T00:00Z, endOfWeek=2000-01-30T23:59:59.999999999Z
2025-02-10 17:46:56 DEBUG [main] c.v.limits.service.LoadLimitService - Weekly total for customer=409: current=4002.45, new=8785.65, limit=20000.00
2025-02-10 17:46:56 DEBUG [main] c.v.limits.service.LoadLimitService - Load saved successfully: id=10989, customer=409
2025-02-10 17:46:56 INFO  [main] c.v.limits.service.LoadLimitService - Load accepted: id=10989, customer=409, amount=$4783.20
2025-02-10 17:46:56 DEBUG [main] c.v.limits.service.LoadLimitService - Processing load request: id=23483, customer=732, amount=$2490.76, time=2000-01-29T11:12:56Z
2025-02-10 17:46:56 DEBUG [main] c.v.limits.service.LoadLimitService - Checking limits for time=2000-01-29T11:12:56Z, startOfWeek=2000-01-24T00:00Z, endOfWeek=2000-01-30T23:59:59.999999999Z
2025-02-10 17:46:56 DEBUG [main] c.v.limits.service.LoadLimitService - Weekly total for customer=732: current=9906.31, new=12397.07, limit=20000.00
2025-02-10 17:46:56 DEBUG [main] c.v.limits.service.LoadLimitService - Load saved successfully: id=23483, customer=732
2025-02-10 17:46:56 INFO  [main] c.v.limits.service.LoadLimitService - Load accepted: id=23483, customer=732, amount=$2490.76
2025-02-10 17:46:56 DEBUG [main] c.v.limits.service.LoadLimitService - Processing load request: id=30373, customer=137, amount=$3718.84, time=2000-01-29T12:14:18Z
2025-02-10 17:46:56 DEBUG [main] c.v.limits.service.LoadLimitService - Checking limits for time=2000-01-29T12:14:18Z, startOfWeek=2000-01-24T00:00Z, endOfWeek=2000-01-30T23:59:59.999999999Z
2025-02-10 17:46:56 DEBUG [main] c.v.limits.service.LoadLimitService - Weekly total for customer=137: current=4468.98, new=8187.82, limit=20000.00
2025-02-10 17:46:56 DEBUG [main] c.v.limits.service.LoadLimitService - Load saved successfully: id=30373, customer=137
2025-02-10 17:46:56 INFO  [main] c.v.limits.service.LoadLimitService - Load accepted: id=30373, customer=137, amount=$3718.84
2025-02-10 17:46:56 DEBUG [main] c.v.limits.service.LoadLimitService - Processing load request: id=28832, customer=681, amount=$2804.55, time=2000-01-29T13:15:40Z
2025-02-10 17:46:56 DEBUG [main] c.v.limits.service.LoadLimitService - Checking limits for time=2000-01-29T13:15:40Z, startOfWeek=2000-01-24T00:00Z, endOfWeek=2000-01-30T23:59:59.999999999Z
2025-02-10 17:46:56 DEBUG [main] c.v.limits.service.LoadLimitService - Weekly total for customer=681: current=0, new=2804.55, limit=20000.00
2025-02-10 17:46:56 DEBUG [main] c.v.limits.service.LoadLimitService - Load saved successfully: id=28832, customer=681
2025-02-10 17:46:56 INFO  [main] c.v.limits.service.LoadLimitService - Load accepted: id=28832, customer=681, amount=$2804.55
2025-02-10 17:46:56 DEBUG [main] c.v.limits.service.LoadLimitService - Processing load request: id=11655, customer=239, amount=$466.03, time=2000-01-29T14:17:02Z
2025-02-10 17:46:56 DEBUG [main] c.v.limits.service.LoadLimitService - Checking limits for time=2000-01-29T14:17:02Z, startOfWeek=2000-01-24T00:00Z, endOfWeek=2000-01-30T23:59:59.999999999Z
2025-02-10 17:46:56 DEBUG [main] c.v.limits.service.LoadLimitService - Weekly total for customer=239: current=2802.58, new=3268.61, limit=20000.00
2025-02-10 17:46:56 DEBUG [main] c.v.limits.service.LoadLimitService - Load saved successfully: id=11655, customer=239
2025-02-10 17:46:56 INFO  [main] c.v.limits.service.LoadLimitService - Load accepted: id=11655, customer=239, amount=$466.03
2025-02-10 17:46:56 DEBUG [main] c.v.limits.service.LoadLimitService - Processing load request: id=29681, customer=511, amount=$4929.43, time=2000-01-29T15:18:24Z
2025-02-10 17:46:56 DEBUG [main] c.v.limits.service.LoadLimitService - Checking limits for time=2000-01-29T15:18:24Z, startOfWeek=2000-01-24T00:00Z, endOfWeek=2000-01-30T23:59:59.999999999Z
2025-02-10 17:46:56 DEBUG [main] c.v.limits.service.LoadLimitService - Weekly total for customer=511: current=0, new=4929.43, limit=20000.00
2025-02-10 17:46:56 DEBUG [main] c.v.limits.service.LoadLimitService - Load saved successfully: id=29681, customer=511
2025-02-10 17:46:56 INFO  [main] c.v.limits.service.LoadLimitService - Load accepted: id=29681, customer=511, amount=$4929.43
2025-02-10 17:46:56 DEBUG [main] c.v.limits.service.LoadLimitService - Processing load request: id=27037, customer=817, amount=$5774.40, time=2000-01-29T16:19:46Z
2025-02-10 17:46:56 DEBUG [main] c.v.limits.service.LoadLimitService - Checking limits for time=2000-01-29T16:19:46Z, startOfWeek=2000-01-24T00:00Z, endOfWeek=2000-01-30T23:59:59.999999999Z
2025-02-10 17:46:56 DEBUG [main] c.v.limits.service.LoadLimitService - Daily amount limit exceeded: customer=817, current=0, attempted=$5774.40
2025-02-10 17:46:56 WARN  [main] c.v.limits.service.LoadLimitService - Load rejected: id=27037, customer=817, amount=$5774.40 (limit exceeded)
2025-02-10 17:46:56 DEBUG [main] c.v.limits.service.LoadLimitService - Processing load request: id=4034, customer=358, amount=$2993.60, time=2000-01-29T17:21:08Z
2025-02-10 17:46:56 DEBUG [main] c.v.limits.service.LoadLimitService - Checking limits for time=2000-01-29T17:21:08Z, startOfWeek=2000-01-24T00:00Z, endOfWeek=2000-01-30T23:59:59.999999999Z
2025-02-10 17:46:56 DEBUG [main] c.v.limits.service.LoadLimitService - Weekly total for customer=358: current=0, new=2993.60, limit=20000.00
2025-02-10 17:46:56 DEBUG [main] c.v.limits.service.LoadLimitService - Load saved successfully: id=4034, customer=358
2025-02-10 17:46:56 INFO  [main] c.v.limits.service.LoadLimitService - Load accepted: id=4034, customer=358, amount=$2993.60
2025-02-10 17:46:56 DEBUG [main] c.v.limits.service.LoadLimitService - Processing load request: id=15224, customer=239, amount=$3282.21, time=2000-01-29T18:22:30Z
2025-02-10 17:46:56 DEBUG [main] c.v.limits.service.LoadLimitService - Checking limits for time=2000-01-29T18:22:30Z, startOfWeek=2000-01-24T00:00Z, endOfWeek=2000-01-30T23:59:59.999999999Z
2025-02-10 17:46:56 DEBUG [main] c.v.limits.service.LoadLimitService - Daily amount limit exceeded: customer=239, current=3268.61, attempted=$3282.21
2025-02-10 17:46:56 WARN  [main] c.v.limits.service.LoadLimitService - Load rejected: id=15224, customer=239, amount=$3282.21 (limit exceeded)
2025-02-10 17:46:56 DEBUG [main] c.v.limits.service.LoadLimitService - Processing load request: id=25223, customer=375, amount=$4504.05, time=2000-01-29T19:23:52Z
2025-02-10 17:46:56 DEBUG [main] c.v.limits.service.LoadLimitService - Checking limits for time=2000-01-29T19:23:52Z, startOfWeek=2000-01-24T00:00Z, endOfWeek=2000-01-30T23:59:59.999999999Z
2025-02-10 17:46:56 DEBUG [main] c.v.limits.service.LoadLimitService - Weekly total for customer=375: current=10250.78, new=14754.83, limit=20000.00
2025-02-10 17:46:56 DEBUG [main] c.v.limits.service.LoadLimitService - Load saved successfully: id=25223, customer=375
2025-02-10 17:46:56 INFO  [main] c.v.limits.service.LoadLimitService - Load accepted: id=25223, customer=375, amount=$4504.05
2025-02-10 17:46:56 DEBUG [main] c.v.limits.service.LoadLimitService - Processing load request: id=18875, customer=307, amount=$2629.20, time=2000-01-29T20:25:14Z
2025-02-10 17:46:56 DEBUG [main] c.v.limits.service.LoadLimitService - Checking limits for time=2000-01-29T20:25:14Z, startOfWeek=2000-01-24T00:00Z, endOfWeek=2000-01-30T23:59:59.999999999Z
2025-02-10 17:46:56 DEBUG [main] c.v.limits.service.LoadLimitService - Weekly total for customer=307: current=4128.80, new=6758.00, limit=20000.00
2025-02-10 17:46:56 DEBUG [main] c.v.limits.service.LoadLimitService - Load saved successfully: id=18875, customer=307
2025-02-10 17:46:56 INFO  [main] c.v.limits.service.LoadLimitService - Load accepted: id=18875, customer=307, amount=$2629.20
2025-02-10 17:46:56 DEBUG [main] c.v.limits.service.LoadLimitService - Processing load request: id=1583, customer=664, amount=$1.75, time=2000-01-29T21:26:36Z
2025-02-10 17:46:56 DEBUG [main] c.v.limits.service.LoadLimitService - Checking limits for time=2000-01-29T21:26:36Z, startOfWeek=2000-01-24T00:00Z, endOfWeek=2000-01-30T23:59:59.999999999Z
2025-02-10 17:46:56 DEBUG [main] c.v.limits.service.LoadLimitService - Weekly total for customer=664: current=4811.58, new=4813.33, limit=20000.00
2025-02-10 17:46:56 DEBUG [main] c.v.limits.service.LoadLimitService - Load saved successfully: id=1583, customer=664
2025-02-10 17:46:56 INFO  [main] c.v.limits.service.LoadLimitService - Load accepted: id=1583, customer=664, amount=$1.75
2025-02-10 17:46:56 DEBUG [main] c.v.limits.service.LoadLimitService - Processing load request: id=21224, customer=35, amount=$963.13, time=2000-01-29T22:27:58Z
2025-02-10 17:46:56 DEBUG [main] c.v.limits.service.LoadLimitService - Checking limits for time=2000-01-29T22:27:58Z, startOfWeek=2000-01-24T00:00Z, endOfWeek=2000-01-30T23:59:59.999999999Z
2025-02-10 17:46:56 DEBUG [main] c.v.limits.service.LoadLimitService - Weekly total for customer=35: current=5245.73, new=6208.86, limit=20000.00
2025-02-10 17:46:56 DEBUG [main] c.v.limits.service.LoadLimitService - Load saved successfully: id=21224, customer=35
2025-02-10 17:46:56 INFO  [main] c.v.limits.service.LoadLimitService - Load accepted: id=21224, customer=35, amount=$963.13
2025-02-10 17:46:56 DEBUG [main] c.v.limits.service.LoadLimitService - Processing load request: id=19981, customer=647, amount=$4138.73, time=2000-01-29T23:29:20Z
2025-02-10 17:46:56 DEBUG [main] c.v.limits.service.LoadLimitService - Checking limits for time=2000-01-29T23:29:20Z, startOfWeek=2000-01-24T00:00Z, endOfWeek=2000-01-30T23:59:59.999999999Z
2025-02-10 17:46:56 DEBUG [main] c.v.limits.service.LoadLimitService - Weekly total for customer=647: current=0, new=4138.73, limit=20000.00
2025-02-10 17:46:56 DEBUG [main] c.v.limits.service.LoadLimitService - Load saved successfully: id=19981, customer=647
2025-02-10 17:46:56 INFO  [main] c.v.limits.service.LoadLimitService - Load accepted: id=19981, customer=647, amount=$4138.73
2025-02-10 17:46:56 DEBUG [main] c.v.limits.service.LoadLimitService - Processing load request: id=31630, customer=834, amount=$2146.98, time=2000-01-30T00:30:42Z
2025-02-10 17:46:56 DEBUG [main] c.v.limits.service.LoadLimitService - Checking limits for time=2000-01-30T00:30:42Z, startOfWeek=2000-01-24T00:00Z, endOfWeek=2000-01-30T23:59:59.999999999Z
2025-02-10 17:46:56 DEBUG [main] c.v.limits.service.LoadLimitService - Weekly total for customer=834: current=5518.92, new=7665.90, limit=20000.00
2025-02-10 17:46:56 DEBUG [main] c.v.limits.service.LoadLimitService - Load saved successfully: id=31630, customer=834
2025-02-10 17:46:56 INFO  [main] c.v.limits.service.LoadLimitService - Load accepted: id=31630, customer=834, amount=$2146.98
2025-02-10 17:46:56 DEBUG [main] c.v.limits.service.LoadLimitService - Processing load request: id=15466, customer=409, amount=$5133.96, time=2000-01-30T01:32:04Z
2025-02-10 17:46:56 DEBUG [main] c.v.limits.service.LoadLimitService - Checking limits for time=2000-01-30T01:32:04Z, startOfWeek=2000-01-24T00:00Z, endOfWeek=2000-01-30T23:59:59.999999999Z
2025-02-10 17:46:56 DEBUG [main] c.v.limits.service.LoadLimitService - Daily amount limit exceeded: customer=409, current=0, attempted=$5133.96
2025-02-10 17:46:56 WARN  [main] c.v.limits.service.LoadLimitService - Load rejected: id=15466, customer=409, amount=$5133.96 (limit exceeded)
2025-02-10 17:46:56 DEBUG [main] c.v.limits.service.LoadLimitService - Processing load request: id=2245, customer=494, amount=$5559.98, time=2000-01-30T02:33:26Z
2025-02-10 17:46:56 DEBUG [main] c.v.limits.service.LoadLimitService - Checking limits for time=2000-01-30T02:33:26Z, startOfWeek=2000-01-24T00:00Z, endOfWeek=2000-01-30T23:59:59.999999999Z
2025-02-10 17:46:56 DEBUG [main] c.v.limits.service.LoadLimitService - Daily amount limit exceeded: customer=494, current=0, attempted=$5559.98
2025-02-10 17:46:56 WARN  [main] c.v.limits.service.LoadLimitService - Load rejected: id=2245, customer=494, amount=$5559.98 (limit exceeded)
2025-02-10 17:46:56 DEBUG [main] c.v.limits.service.LoadLimitService - Processing load request: id=2845, customer=1, amount=$3883.89, time=2000-01-30T03:34:48Z
2025-02-10 17:46:56 DEBUG [main] c.v.limits.service.LoadLimitService - Checking limits for time=2000-01-30T03:34:48Z, startOfWeek=2000-01-24T00:00Z, endOfWeek=2000-01-30T23:59:59.999999999Z
2025-02-10 17:46:56 DEBUG [main] c.v.limits.service.LoadLimitService - Weekly total for customer=1: current=12451.41, new=16335.30, limit=20000.00
2025-02-10 17:46:56 DEBUG [main] c.v.limits.service.LoadLimitService - Load saved successfully: id=2845, customer=1
2025-02-10 17:46:56 INFO  [main] c.v.limits.service.LoadLimitService - Load accepted: id=2845, customer=1, amount=$3883.89
2025-02-10 17:46:56 DEBUG [main] c.v.limits.service.LoadLimitService - Processing load request: id=19081, customer=664, amount=$5666.02, time=2000-01-30T04:36:10Z
2025-02-10 17:46:56 DEBUG [main] c.v.limits.service.LoadLimitService - Checking limits for time=2000-01-30T04:36:10Z, startOfWeek=2000-01-24T00:00Z, endOfWeek=2000-01-30T23:59:59.999999999Z
2025-02-10 17:46:56 DEBUG [main] c.v.limits.service.LoadLimitService - Daily amount limit exceeded: customer=664, current=0, attempted=$5666.02
2025-02-10 17:46:56 WARN  [main] c.v.limits.service.LoadLimitService - Load rejected: id=19081, customer=664, amount=$5666.02 (limit exceeded)
2025-02-10 17:46:56 DEBUG [main] c.v.limits.service.LoadLimitService - Processing load request: id=6928, customer=562, amount=$3164.98, time=2000-01-30T05:37:32Z
2025-02-10 17:46:56 DEBUG [main] c.v.limits.service.LoadLimitService - Checking limits for time=2000-01-30T05:37:32Z, startOfWeek=2000-01-24T00:00Z, endOfWeek=2000-01-30T23:59:59.999999999Z
2025-02-10 17:46:56 DEBUG [main] c.v.limits.service.LoadLimitService - Weekly total for customer=562: current=8603.73, new=11768.71, limit=20000.00
2025-02-10 17:46:56 DEBUG [main] c.v.limits.service.LoadLimitService - Load saved successfully: id=6928, customer=562
2025-02-10 17:46:56 INFO  [main] c.v.limits.service.LoadLimitService - Load accepted: id=6928, customer=562, amount=$3164.98
2025-02-10 17:46:56 DEBUG [main] c.v.limits.service.LoadLimitService - Processing load request: id=10235, customer=69, amount=$3988.56, time=2000-01-30T06:38:54Z
2025-02-10 17:46:56 DEBUG [main] c.v.limits.service.LoadLimitService - Checking limits for time=2000-01-30T06:38:54Z, startOfWeek=2000-01-24T00:00Z, endOfWeek=2000-01-30T23:59:59.999999999Z
2025-02-10 17:46:56 DEBUG [main] c.v.limits.service.LoadLimitService - Weekly total for customer=69: current=2179.36, new=6167.92, limit=20000.00
2025-02-10 17:46:56 DEBUG [main] c.v.limits.service.LoadLimitService - Load saved successfully: id=10235, customer=69
2025-02-10 17:46:56 INFO  [main] c.v.limits.service.LoadLimitService - Load accepted: id=10235, customer=69, amount=$3988.56
2025-02-10 17:46:56 DEBUG [main] c.v.limits.service.LoadLimitService - Processing load request: id=5648, customer=766, amount=$950.10, time=2000-01-30T07:40:16Z
2025-02-10 17:46:56 DEBUG [main] c.v.limits.service.LoadLimitService - Checking limits for time=2000-01-30T07:40:16Z, startOfWeek=2000-01-24T00:00Z, endOfWeek=2000-01-30T23:59:59.999999999Z
2025-02-10 17:46:56 DEBUG [main] c.v.limits.service.LoadLimitService - Weekly total for customer=766: current=7475.56, new=8425.66, limit=20000.00
2025-02-10 17:46:56 DEBUG [main] c.v.limits.service.LoadLimitService - Load saved successfully: id=5648, customer=766
2025-02-10 17:46:56 INFO  [main] c.v.limits.service.LoadLimitService - Load accepted: id=5648, customer=766, amount=$950.10
2025-02-10 17:46:56 DEBUG [main] c.v.limits.service.LoadLimitService - Processing load request: id=19348, customer=52, amount=$619.85, time=2000-01-30T08:41:38Z
2025-02-10 17:46:56 DEBUG [main] c.v.limits.service.LoadLimitService - Checking limits for time=2000-01-30T08:41:38Z, startOfWeek=2000-01-24T00:00Z, endOfWeek=2000-01-30T23:59:59.999999999Z
2025-02-10 17:46:56 DEBUG [main] c.v.limits.service.LoadLimitService - Weekly total for customer=52: current=6862.24, new=7482.09, limit=20000.00
2025-02-10 17:46:56 DEBUG [main] c.v.limits.service.LoadLimitService - Load saved successfully: id=19348, customer=52
2025-02-10 17:46:56 INFO  [main] c.v.limits.service.LoadLimitService - Load accepted: id=19348, customer=52, amount=$619.85
2025-02-10 17:46:56 DEBUG [main] c.v.limits.service.LoadLimitService - Processing load request: id=9904, customer=307, amount=$2876.29, time=2000-01-30T09:43Z
2025-02-10 17:46:56 DEBUG [main] c.v.limits.service.LoadLimitService - Checking limits for time=2000-01-30T09:43Z, startOfWeek=2000-01-24T00:00Z, endOfWeek=2000-01-30T23:59:59.999999999Z
2025-02-10 17:46:56 DEBUG [main] c.v.limits.service.LoadLimitService - Weekly total for customer=307: current=6758.00, new=9634.29, limit=20000.00
2025-02-10 17:46:56 DEBUG [main] c.v.limits.service.LoadLimitService - Load saved successfully: id=9904, customer=307
2025-02-10 17:46:56 INFO  [main] c.v.limits.service.LoadLimitService - Load accepted: id=9904, customer=307, amount=$2876.29
2025-02-10 17:46:56 DEBUG [main] c.v.limits.service.LoadLimitService - Processing load request: id=6321, customer=86, amount=$719.76, time=2000-01-30T10:44:22Z
2025-02-10 17:46:56 DEBUG [main] c.v.limits.service.LoadLimitService - Checking limits for time=2000-01-30T10:44:22Z, startOfWeek=2000-01-24T00:00Z, endOfWeek=2000-01-30T23:59:59.999999999Z
2025-02-10 17:46:56 DEBUG [main] c.v.limits.service.LoadLimitService - Weekly total for customer=86: current=5653.60, new=6373.36, limit=20000.00
2025-02-10 17:46:56 DEBUG [main] c.v.limits.service.LoadLimitService - Load saved successfully: id=6321, customer=86
2025-02-10 17:46:56 INFO  [main] c.v.limits.service.LoadLimitService - Load accepted: id=6321, customer=86, amount=$719.76
2025-02-10 17:46:56 DEBUG [main] c.v.limits.service.LoadLimitService - Processing load request: id=7842, customer=579, amount=$3853.58, time=2000-01-30T11:45:44Z
2025-02-10 17:46:56 DEBUG [main] c.v.limits.service.LoadLimitService - Checking limits for time=2000-01-30T11:45:44Z, startOfWeek=2000-01-24T00:00Z, endOfWeek=2000-01-30T23:59:59.999999999Z
2025-02-10 17:46:56 DEBUG [main] c.v.limits.service.LoadLimitService - Weekly total for customer=579: current=12172.59, new=16026.17, limit=20000.00
2025-02-10 17:46:56 DEBUG [main] c.v.limits.service.LoadLimitService - Load saved successfully: id=7842, customer=579
2025-02-10 17:46:56 INFO  [main] c.v.limits.service.LoadLimitService - Load accepted: id=7842, customer=579, amount=$3853.58
2025-02-10 17:46:56 DEBUG [main] c.v.limits.service.LoadLimitService - Processing load request: id=22379, customer=409, amount=$698.61, time=2000-01-30T12:47:06Z
2025-02-10 17:46:56 DEBUG [main] c.v.limits.service.LoadLimitService - Checking limits for time=2000-01-30T12:47:06Z, startOfWeek=2000-01-24T00:00Z, endOfWeek=2000-01-30T23:59:59.999999999Z
2025-02-10 17:46:56 DEBUG [main] c.v.limits.service.LoadLimitService - Weekly total for customer=409: current=8785.65, new=9484.26, limit=20000.00
2025-02-10 17:46:56 DEBUG [main] c.v.limits.service.LoadLimitService - Load saved successfully: id=22379, customer=409
2025-02-10 17:46:56 INFO  [main] c.v.limits.service.LoadLimitService - Load accepted: id=22379, customer=409, amount=$698.61
2025-02-10 17:46:56 DEBUG [main] c.v.limits.service.LoadLimitService - Processing load request: id=21037, customer=86, amount=$48.97, time=2000-01-30T13:48:28Z
2025-02-10 17:46:56 DEBUG [main] c.v.limits.service.LoadLimitService - Checking limits for time=2000-01-30T13:48:28Z, startOfWeek=2000-01-24T00:00Z, endOfWeek=2000-01-30T23:59:59.999999999Z
2025-02-10 17:46:56 DEBUG [main] c.v.limits.service.LoadLimitService - Weekly total for customer=86: current=6373.36, new=6422.33, limit=20000.00
2025-02-10 17:46:56 DEBUG [main] c.v.limits.service.LoadLimitService - Load saved successfully: id=21037, customer=86
2025-02-10 17:46:56 INFO  [main] c.v.limits.service.LoadLimitService - Load accepted: id=21037, customer=86, amount=$48.97
2025-02-10 17:46:56 DEBUG [main] c.v.limits.service.LoadLimitService - Processing load request: id=25892, customer=154, amount=$1986.49, time=2000-01-30T14:49:50Z
2025-02-10 17:46:56 DEBUG [main] c.v.limits.service.LoadLimitService - Checking limits for time=2000-01-30T14:49:50Z, startOfWeek=2000-01-24T00:00Z, endOfWeek=2000-01-30T23:59:59.999999999Z
2025-02-10 17:46:56 DEBUG [main] c.v.limits.service.LoadLimitService - Weekly total for customer=154: current=5985.00, new=7971.49, limit=20000.00
2025-02-10 17:46:56 DEBUG [main] c.v.limits.service.LoadLimitService - Load saved successfully: id=25892, customer=154
2025-02-10 17:46:56 INFO  [main] c.v.limits.service.LoadLimitService - Load accepted: id=25892, customer=154, amount=$1986.49
2025-02-10 17:46:56 DEBUG [main] c.v.limits.service.LoadLimitService - Processing load request: id=5280, customer=392, amount=$2781.54, time=2000-01-30T15:51:12Z
2025-02-10 17:46:56 DEBUG [main] c.v.limits.service.LoadLimitService - Checking limits for time=2000-01-30T15:51:12Z, startOfWeek=2000-01-24T00:00Z, endOfWeek=2000-01-30T23:59:59.999999999Z
2025-02-10 17:46:56 DEBUG [main] c.v.limits.service.LoadLimitService - Weekly total for customer=392: current=9117.29, new=11898.83, limit=20000.00
2025-02-10 17:46:56 DEBUG [main] c.v.limits.service.LoadLimitService - Load saved successfully: id=5280, customer=392
2025-02-10 17:46:56 INFO  [main] c.v.limits.service.LoadLimitService - Load accepted: id=5280, customer=392, amount=$2781.54
2025-02-10 17:46:56 DEBUG [main] c.v.limits.service.LoadLimitService - Processing load request: id=20485, customer=409, amount=$189.32, time=2000-01-30T16:52:34Z
2025-02-10 17:46:56 DEBUG [main] c.v.limits.service.LoadLimitService - Checking limits for time=2000-01-30T16:52:34Z, startOfWeek=2000-01-24T00:00Z, endOfWeek=2000-01-30T23:59:59.999999999Z
2025-02-10 17:46:56 DEBUG [main] c.v.limits.service.LoadLimitService - Weekly total for customer=409: current=9484.26, new=9673.58, limit=20000.00
2025-02-10 17:46:56 DEBUG [main] c.v.limits.service.LoadLimitService - Load saved successfully: id=20485, customer=409
2025-02-10 17:46:56 INFO  [main] c.v.limits.service.LoadLimitService - Load accepted: id=20485, customer=409, amount=$189.32
2025-02-10 17:46:56 DEBUG [main] c.v.limits.service.LoadLimitService - Processing load request: id=5915, customer=579, amount=$4041.02, time=2000-01-30T17:53:56Z
2025-02-10 17:46:56 DEBUG [main] c.v.limits.service.LoadLimitService - Checking limits for time=2000-01-30T17:53:56Z, startOfWeek=2000-01-24T00:00Z, endOfWeek=2000-01-30T23:59:59.999999999Z
2025-02-10 17:46:56 DEBUG [main] c.v.limits.service.LoadLimitService - Daily amount limit exceeded: customer=579, current=3853.58, attempted=$4041.02
2025-02-10 17:46:56 WARN  [main] c.v.limits.service.LoadLimitService - Load rejected: id=5915, customer=579, amount=$4041.02 (limit exceeded)
2025-02-10 17:46:56 DEBUG [main] c.v.limits.service.LoadLimitService - Processing load request: id=13203, customer=18, amount=$1732.19, time=2000-01-30T18:55:18Z
2025-02-10 17:46:56 DEBUG [main] c.v.limits.service.LoadLimitService - Checking limits for time=2000-01-30T18:55:18Z, startOfWeek=2000-01-24T00:00Z, endOfWeek=2000-01-30T23:59:59.999999999Z
2025-02-10 17:46:56 DEBUG [main] c.v.limits.service.LoadLimitService - Weekly total for customer=18: current=3904.02, new=5636.21, limit=20000.00
2025-02-10 17:46:56 DEBUG [main] c.v.limits.service.LoadLimitService - Load saved successfully: id=13203, customer=18
2025-02-10 17:46:56 INFO  [main] c.v.limits.service.LoadLimitService - Load accepted: id=13203, customer=18, amount=$1732.19
2025-02-10 17:46:56 DEBUG [main] c.v.limits.service.LoadLimitService - Processing load request: id=31223, customer=1, amount=$5997.09, time=2000-01-30T19:56:40Z
2025-02-10 17:46:56 DEBUG [main] c.v.limits.service.LoadLimitService - Checking limits for time=2000-01-30T19:56:40Z, startOfWeek=2000-01-24T00:00Z, endOfWeek=2000-01-30T23:59:59.999999999Z
2025-02-10 17:46:56 DEBUG [main] c.v.limits.service.LoadLimitService - Daily amount limit exceeded: customer=1, current=3883.89, attempted=$5997.09
2025-02-10 17:46:56 WARN  [main] c.v.limits.service.LoadLimitService - Load rejected: id=31223, customer=1, amount=$5997.09 (limit exceeded)
2025-02-10 17:46:56 DEBUG [main] c.v.limits.service.LoadLimitService - Processing load request: id=1827, customer=766, amount=$4522.88, time=2000-01-30T20:58:02Z
2025-02-10 17:46:56 DEBUG [main] c.v.limits.service.LoadLimitService - Checking limits for time=2000-01-30T20:58:02Z, startOfWeek=2000-01-24T00:00Z, endOfWeek=2000-01-30T23:59:59.999999999Z
2025-02-10 17:46:56 DEBUG [main] c.v.limits.service.LoadLimitService - Daily amount limit exceeded: customer=766, current=950.10, attempted=$4522.88
2025-02-10 17:46:56 WARN  [main] c.v.limits.service.LoadLimitService - Load rejected: id=1827, customer=766, amount=$4522.88 (limit exceeded)
2025-02-10 17:46:56 DEBUG [main] c.v.limits.service.LoadLimitService - Processing load request: id=6969, customer=205, amount=$5840.26, time=2000-01-30T21:59:24Z
2025-02-10 17:46:56 DEBUG [main] c.v.limits.service.LoadLimitService - Checking limits for time=2000-01-30T21:59:24Z, startOfWeek=2000-01-24T00:00Z, endOfWeek=2000-01-30T23:59:59.999999999Z
2025-02-10 17:46:56 DEBUG [main] c.v.limits.service.LoadLimitService - Daily amount limit exceeded: customer=205, current=0, attempted=$5840.26
2025-02-10 17:46:56 WARN  [main] c.v.limits.service.LoadLimitService - Load rejected: id=6969, customer=205, amount=$5840.26 (limit exceeded)
2025-02-10 17:46:56 DEBUG [main] c.v.limits.service.LoadLimitService - Processing load request: id=906, customer=494, amount=$4257.00, time=2000-01-30T23:00:46Z
2025-02-10 17:46:56 DEBUG [main] c.v.limits.service.LoadLimitService - Checking limits for time=2000-01-30T23:00:46Z, startOfWeek=2000-01-24T00:00Z, endOfWeek=2000-01-30T23:59:59.999999999Z
2025-02-10 17:46:56 DEBUG [main] c.v.limits.service.LoadLimitService - Weekly total for customer=494: current=0, new=4257.00, limit=20000.00
2025-02-10 17:46:56 DEBUG [main] c.v.limits.service.LoadLimitService - Load saved successfully: id=906, customer=494
2025-02-10 17:46:56 INFO  [main] c.v.limits.service.LoadLimitService - Load accepted: id=906, customer=494, amount=$4257.00
2025-02-10 17:46:56 DEBUG [main] c.v.limits.service.LoadLimitService - Processing load request: id=23025, customer=358, amount=$4384.42, time=2000-01-31T00:02:08Z
2025-02-10 17:46:56 DEBUG [main] c.v.limits.service.LoadLimitService - Checking limits for time=2000-01-31T00:02:08Z, startOfWeek=2000-01-31T00:00Z, endOfWeek=2000-02-06T23:59:59.999999999Z
2025-02-10 17:46:56 DEBUG [main] c.v.limits.service.LoadLimitService - Weekly total for customer=358: current=0, new=4384.42, limit=20000.00
2025-02-10 17:46:56 DEBUG [main] c.v.limits.service.LoadLimitService - Load saved successfully: id=23025, customer=358
2025-02-10 17:46:56 INFO  [main] c.v.limits.service.LoadLimitService - Load accepted: id=23025, customer=358, amount=$4384.42
2025-02-10 17:46:56 DEBUG [main] c.v.limits.service.LoadLimitService - Processing load request: id=31671, customer=766, amount=$2404.06, time=2000-01-31T01:03:30Z
2025-02-10 17:46:56 DEBUG [main] c.v.limits.service.LoadLimitService - Checking limits for time=2000-01-31T01:03:30Z, startOfWeek=2000-01-31T00:00Z, endOfWeek=2000-02-06T23:59:59.999999999Z
2025-02-10 17:46:56 DEBUG [main] c.v.limits.service.LoadLimitService - Weekly total for customer=766: current=0, new=2404.06, limit=20000.00
2025-02-10 17:46:56 DEBUG [main] c.v.limits.service.LoadLimitService - Load saved successfully: id=31671, customer=766
2025-02-10 17:46:56 INFO  [main] c.v.limits.service.LoadLimitService - Load accepted: id=31671, customer=766, amount=$2404.06
2025-02-10 17:46:56 DEBUG [main] c.v.limits.service.LoadLimitService - Processing load request: id=14813, customer=511, amount=$5707.15, time=2000-01-31T02:04:52Z
2025-02-10 17:46:56 DEBUG [main] c.v.limits.service.LoadLimitService - Checking limits for time=2000-01-31T02:04:52Z, startOfWeek=2000-01-31T00:00Z, endOfWeek=2000-02-06T23:59:59.999999999Z
2025-02-10 17:46:56 DEBUG [main] c.v.limits.service.LoadLimitService - Daily amount limit exceeded: customer=511, current=0, attempted=$5707.15
2025-02-10 17:46:56 WARN  [main] c.v.limits.service.LoadLimitService - Load rejected: id=14813, customer=511, amount=$5707.15 (limit exceeded)
2025-02-10 17:46:56 DEBUG [main] c.v.limits.service.LoadLimitService - Processing load request: id=31349, customer=154, amount=$110.77, time=2000-01-31T03:06:14Z
2025-02-10 17:46:56 DEBUG [main] c.v.limits.service.LoadLimitService - Checking limits for time=2000-01-31T03:06:14Z, startOfWeek=2000-01-31T00:00Z, endOfWeek=2000-02-06T23:59:59.999999999Z
2025-02-10 17:46:56 DEBUG [main] c.v.limits.service.LoadLimitService - Weekly total for customer=154: current=0, new=110.77, limit=20000.00
2025-02-10 17:46:56 DEBUG [main] c.v.limits.service.LoadLimitService - Load saved successfully: id=31349, customer=154
2025-02-10 17:46:56 INFO  [main] c.v.limits.service.LoadLimitService - Load accepted: id=31349, customer=154, amount=$110.77
2025-02-10 17:46:56 DEBUG [main] c.v.limits.service.LoadLimitService - Processing load request: id=31048, customer=681, amount=$1428.38, time=2000-01-31T04:07:36Z
2025-02-10 17:46:56 DEBUG [main] c.v.limits.service.LoadLimitService - Checking limits for time=2000-01-31T04:07:36Z, startOfWeek=2000-01-31T00:00Z, endOfWeek=2000-02-06T23:59:59.999999999Z
2025-02-10 17:46:56 DEBUG [main] c.v.limits.service.LoadLimitService - Weekly total for customer=681: current=0, new=1428.38, limit=20000.00
2025-02-10 17:46:56 DEBUG [main] c.v.limits.service.LoadLimitService - Load saved successfully: id=31048, customer=681
2025-02-10 17:46:56 INFO  [main] c.v.limits.service.LoadLimitService - Load accepted: id=31048, customer=681, amount=$1428.38
2025-02-10 17:46:56 DEBUG [main] c.v.limits.service.LoadLimitService - Processing load request: id=22729, customer=528, amount=$5074.69, time=2000-01-31T05:08:58Z
2025-02-10 17:46:56 DEBUG [main] c.v.limits.service.LoadLimitService - Checking limits for time=2000-01-31T05:08:58Z, startOfWeek=2000-01-31T00:00Z, endOfWeek=2000-02-06T23:59:59.999999999Z
2025-02-10 17:46:56 DEBUG [main] c.v.limits.service.LoadLimitService - Daily amount limit exceeded: customer=528, current=0, attempted=$5074.69
2025-02-10 17:46:56 WARN  [main] c.v.limits.service.LoadLimitService - Load rejected: id=22729, customer=528, amount=$5074.69 (limit exceeded)
2025-02-10 17:46:56 DEBUG [main] c.v.limits.service.LoadLimitService - Processing load request: id=2599, customer=375, amount=$885.99, time=2000-01-31T06:10:20Z
2025-02-10 17:46:56 DEBUG [main] c.v.limits.service.LoadLimitService - Checking limits for time=2000-01-31T06:10:20Z, startOfWeek=2000-01-31T00:00Z, endOfWeek=2000-02-06T23:59:59.999999999Z
2025-02-10 17:46:56 DEBUG [main] c.v.limits.service.LoadLimitService - Weekly total for customer=375: current=0, new=885.99, limit=20000.00
2025-02-10 17:46:56 DEBUG [main] c.v.limits.service.LoadLimitService - Load saved successfully: id=2599, customer=375
2025-02-10 17:46:56 INFO  [main] c.v.limits.service.LoadLimitService - Load accepted: id=2599, customer=375, amount=$885.99
2025-02-10 17:46:56 DEBUG [main] c.v.limits.service.LoadLimitService - Processing load request: id=25723, customer=596, amount=$5352.62, time=2000-01-31T07:11:42Z
2025-02-10 17:46:56 DEBUG [main] c.v.limits.service.LoadLimitService - Checking limits for time=2000-01-31T07:11:42Z, startOfWeek=2000-01-31T00:00Z, endOfWeek=2000-02-06T23:59:59.999999999Z
2025-02-10 17:46:56 DEBUG [main] c.v.limits.service.LoadLimitService - Daily amount limit exceeded: customer=596, current=0, attempted=$5352.62
2025-02-10 17:46:56 WARN  [main] c.v.limits.service.LoadLimitService - Load rejected: id=25723, customer=596, amount=$5352.62 (limit exceeded)
2025-02-10 17:46:56 DEBUG [main] c.v.limits.service.LoadLimitService - Processing load request: id=810, customer=341, amount=$5830.50, time=2000-01-31T08:13:04Z
2025-02-10 17:46:56 DEBUG [main] c.v.limits.service.LoadLimitService - Checking limits for time=2000-01-31T08:13:04Z, startOfWeek=2000-01-31T00:00Z, endOfWeek=2000-02-06T23:59:59.999999999Z
2025-02-10 17:46:56 DEBUG [main] c.v.limits.service.LoadLimitService - Daily amount limit exceeded: customer=341, current=0, attempted=$5830.50
2025-02-10 17:46:56 WARN  [main] c.v.limits.service.LoadLimitService - Load rejected: id=810, customer=341, amount=$5830.50 (limit exceeded)
2025-02-10 17:46:56 DEBUG [main] c.v.limits.service.LoadLimitService - Processing load request: id=5330, customer=749, amount=$2327.25, time=2000-01-31T09:14:26Z
2025-02-10 17:46:56 DEBUG [main] c.v.limits.service.LoadLimitService - Checking limits for time=2000-01-31T09:14:26Z, startOfWeek=2000-01-31T00:00Z, endOfWeek=2000-02-06T23:59:59.999999999Z
2025-02-10 17:46:56 DEBUG [main] c.v.limits.service.LoadLimitService - Weekly total for customer=749: current=0, new=2327.25, limit=20000.00
2025-02-10 17:46:56 DEBUG [main] c.v.limits.service.LoadLimitService - Load saved successfully: id=5330, customer=749
2025-02-10 17:46:56 INFO  [main] c.v.limits.service.LoadLimitService - Load accepted: id=5330, customer=749, amount=$2327.25
2025-02-10 17:46:56 DEBUG [main] c.v.limits.service.LoadLimitService - Processing load request: id=13165, customer=35, amount=$1595.38, time=2000-01-31T10:15:48Z
2025-02-10 17:46:56 DEBUG [main] c.v.limits.service.LoadLimitService - Checking limits for time=2000-01-31T10:15:48Z, startOfWeek=2000-01-31T00:00Z, endOfWeek=2000-02-06T23:59:59.999999999Z
2025-02-10 17:46:56 DEBUG [main] c.v.limits.service.LoadLimitService - Weekly total for customer=35: current=0, new=1595.38, limit=20000.00
2025-02-10 17:46:56 DEBUG [main] c.v.limits.service.LoadLimitService - Load saved successfully: id=13165, customer=35
2025-02-10 17:46:56 INFO  [main] c.v.limits.service.LoadLimitService - Load accepted: id=13165, customer=35, amount=$1595.38
2025-02-10 17:46:56 DEBUG [main] c.v.limits.service.LoadLimitService - Processing load request: id=13705, customer=69, amount=$2566.04, time=2000-01-31T11:17:10Z
2025-02-10 17:46:56 DEBUG [main] c.v.limits.service.LoadLimitService - Checking limits for time=2000-01-31T11:17:10Z, startOfWeek=2000-01-31T00:00Z, endOfWeek=2000-02-06T23:59:59.999999999Z
2025-02-10 17:46:56 DEBUG [main] c.v.limits.service.LoadLimitService - Weekly total for customer=69: current=0, new=2566.04, limit=20000.00
2025-02-10 17:46:56 DEBUG [main] c.v.limits.service.LoadLimitService - Load saved successfully: id=13705, customer=69
2025-02-10 17:46:56 INFO  [main] c.v.limits.service.LoadLimitService - Load accepted: id=13705, customer=69, amount=$2566.04
2025-02-10 17:46:56 DEBUG [main] c.v.limits.service.LoadLimitService - Processing load request: id=5985, customer=307, amount=$84.56, time=2000-01-31T12:18:32Z
2025-02-10 17:46:56 DEBUG [main] c.v.limits.service.LoadLimitService - Checking limits for time=2000-01-31T12:18:32Z, startOfWeek=2000-01-31T00:00Z, endOfWeek=2000-02-06T23:59:59.999999999Z
2025-02-10 17:46:56 DEBUG [main] c.v.limits.service.LoadLimitService - Weekly total for customer=307: current=0, new=84.56, limit=20000.00
2025-02-10 17:46:56 DEBUG [main] c.v.limits.service.LoadLimitService - Load saved successfully: id=5985, customer=307
2025-02-10 17:46:56 INFO  [main] c.v.limits.service.LoadLimitService - Load accepted: id=5985, customer=307, amount=$84.56
2025-02-10 17:46:56 DEBUG [main] c.v.limits.service.LoadLimitService - Processing load request: id=19739, customer=477, amount=$3038.44, time=2000-01-31T13:19:54Z
2025-02-10 17:46:56 DEBUG [main] c.v.limits.service.LoadLimitService - Checking limits for time=2000-01-31T13:19:54Z, startOfWeek=2000-01-31T00:00Z, endOfWeek=2000-02-06T23:59:59.999999999Z
2025-02-10 17:46:56 DEBUG [main] c.v.limits.service.LoadLimitService - Weekly total for customer=477: current=0, new=3038.44, limit=20000.00
2025-02-10 17:46:56 DEBUG [main] c.v.limits.service.LoadLimitService - Load saved successfully: id=19739, customer=477
2025-02-10 17:46:56 INFO  [main] c.v.limits.service.LoadLimitService - Load accepted: id=19739, customer=477, amount=$3038.44
2025-02-10 17:46:56 DEBUG [main] c.v.limits.service.LoadLimitService - Processing load request: id=26260, customer=783, amount=$5274.39, time=2000-01-31T14:21:16Z
2025-02-10 17:46:56 DEBUG [main] c.v.limits.service.LoadLimitService - Checking limits for time=2000-01-31T14:21:16Z, startOfWeek=2000-01-31T00:00Z, endOfWeek=2000-02-06T23:59:59.999999999Z
2025-02-10 17:46:56 DEBUG [main] c.v.limits.service.LoadLimitService - Daily amount limit exceeded: customer=783, current=0, attempted=$5274.39
2025-02-10 17:46:56 WARN  [main] c.v.limits.service.LoadLimitService - Load rejected: id=26260, customer=783, amount=$5274.39 (limit exceeded)
2025-02-10 17:46:56 DEBUG [main] c.v.limits.service.LoadLimitService - Processing load request: id=30123, customer=154, amount=$1840.51, time=2000-01-31T15:22:38Z
2025-02-10 17:46:56 DEBUG [main] c.v.limits.service.LoadLimitService - Checking limits for time=2000-01-31T15:22:38Z, startOfWeek=2000-01-31T00:00Z, endOfWeek=2000-02-06T23:59:59.999999999Z
2025-02-10 17:46:56 DEBUG [main] c.v.limits.service.LoadLimitService - Weekly total for customer=154: current=110.77, new=1951.28, limit=20000.00
2025-02-10 17:46:56 DEBUG [main] c.v.limits.service.LoadLimitService - Load saved successfully: id=30123, customer=154
2025-02-10 17:46:56 INFO  [main] c.v.limits.service.LoadLimitService - Load accepted: id=30123, customer=154, amount=$1840.51
2025-02-10 17:46:56 DEBUG [main] c.v.limits.service.LoadLimitService - Processing load request: id=3602, customer=511, amount=$3601.45, time=2000-01-31T16:24Z
2025-02-10 17:46:56 DEBUG [main] c.v.limits.service.LoadLimitService - Checking limits for time=2000-01-31T16:24Z, startOfWeek=2000-01-31T00:00Z, endOfWeek=2000-02-06T23:59:59.999999999Z
2025-02-10 17:46:56 DEBUG [main] c.v.limits.service.LoadLimitService - Weekly total for customer=511: current=0, new=3601.45, limit=20000.00
2025-02-10 17:46:56 DEBUG [main] c.v.limits.service.LoadLimitService - Load saved successfully: id=3602, customer=511
2025-02-10 17:46:56 INFO  [main] c.v.limits.service.LoadLimitService - Load accepted: id=3602, customer=511, amount=$3601.45
2025-02-10 17:46:56 DEBUG [main] c.v.limits.service.LoadLimitService - Processing load request: id=1259, customer=596, amount=$995.14, time=2000-01-31T17:25:22Z
2025-02-10 17:46:56 DEBUG [main] c.v.limits.service.LoadLimitService - Checking limits for time=2000-01-31T17:25:22Z, startOfWeek=2000-01-31T00:00Z, endOfWeek=2000-02-06T23:59:59.999999999Z
2025-02-10 17:46:56 DEBUG [main] c.v.limits.service.LoadLimitService - Weekly total for customer=596: current=0, new=995.14, limit=20000.00
2025-02-10 17:46:56 DEBUG [main] c.v.limits.service.LoadLimitService - Load saved successfully: id=1259, customer=596
2025-02-10 17:46:56 INFO  [main] c.v.limits.service.LoadLimitService - Load accepted: id=1259, customer=596, amount=$995.14
2025-02-10 17:46:56 DEBUG [main] c.v.limits.service.LoadLimitService - Processing load request: id=31474, customer=732, amount=$3944.97, time=2000-01-31T18:26:44Z
2025-02-10 17:46:56 DEBUG [main] c.v.limits.service.LoadLimitService - Checking limits for time=2000-01-31T18:26:44Z, startOfWeek=2000-01-31T00:00Z, endOfWeek=2000-02-06T23:59:59.999999999Z
2025-02-10 17:46:56 DEBUG [main] c.v.limits.service.LoadLimitService - Weekly total for customer=732: current=0, new=3944.97, limit=20000.00
2025-02-10 17:46:56 DEBUG [main] c.v.limits.service.LoadLimitService - Load saved successfully: id=31474, customer=732
2025-02-10 17:46:56 INFO  [main] c.v.limits.service.LoadLimitService - Load accepted: id=31474, customer=732, amount=$3944.97
2025-02-10 17:46:56 DEBUG [main] c.v.limits.service.LoadLimitService - Processing load request: id=25549, customer=664, amount=$1896.95, time=2000-01-31T19:28:06Z
2025-02-10 17:46:56 DEBUG [main] c.v.limits.service.LoadLimitService - Checking limits for time=2000-01-31T19:28:06Z, startOfWeek=2000-01-31T00:00Z, endOfWeek=2000-02-06T23:59:59.999999999Z
2025-02-10 17:46:56 DEBUG [main] c.v.limits.service.LoadLimitService - Weekly total for customer=664: current=0, new=1896.95, limit=20000.00
2025-02-10 17:46:56 DEBUG [main] c.v.limits.service.LoadLimitService - Load saved successfully: id=25549, customer=664
2025-02-10 17:46:56 INFO  [main] c.v.limits.service.LoadLimitService - Load accepted: id=25549, customer=664, amount=$1896.95
2025-02-10 17:46:56 DEBUG [main] c.v.limits.service.LoadLimitService - Processing load request: id=14775, customer=681, amount=$5879.91, time=2000-01-31T20:29:28Z
2025-02-10 17:46:56 DEBUG [main] c.v.limits.service.LoadLimitService - Checking limits for time=2000-01-31T20:29:28Z, startOfWeek=2000-01-31T00:00Z, endOfWeek=2000-02-06T23:59:59.999999999Z
2025-02-10 17:46:56 DEBUG [main] c.v.limits.service.LoadLimitService - Daily amount limit exceeded: customer=681, current=1428.38, attempted=$5879.91
2025-02-10 17:46:56 WARN  [main] c.v.limits.service.LoadLimitService - Load rejected: id=14775, customer=681, amount=$5879.91 (limit exceeded)
2025-02-10 17:46:56 DEBUG [main] c.v.limits.service.LoadLimitService - Processing load request: id=31001, customer=358, amount=$1290.06, time=2000-01-31T21:30:50Z
2025-02-10 17:46:56 DEBUG [main] c.v.limits.service.LoadLimitService - Checking limits for time=2000-01-31T21:30:50Z, startOfWeek=2000-01-31T00:00Z, endOfWeek=2000-02-06T23:59:59.999999999Z
2025-02-10 17:46:56 DEBUG [main] c.v.limits.service.LoadLimitService - Daily amount limit exceeded: customer=358, current=4384.42, attempted=$1290.06
2025-02-10 17:46:56 WARN  [main] c.v.limits.service.LoadLimitService - Load rejected: id=31001, customer=358, amount=$1290.06 (limit exceeded)
2025-02-10 17:46:56 DEBUG [main] c.v.limits.service.LoadLimitService - Processing load request: id=21402, customer=103, amount=$1590.13, time=2000-01-31T22:32:12Z
2025-02-10 17:46:56 DEBUG [main] c.v.limits.service.LoadLimitService - Checking limits for time=2000-01-31T22:32:12Z, startOfWeek=2000-01-31T00:00Z, endOfWeek=2000-02-06T23:59:59.999999999Z
2025-02-10 17:46:56 DEBUG [main] c.v.limits.service.LoadLimitService - Weekly total for customer=103: current=0, new=1590.13, limit=20000.00
2025-02-10 17:46:56 DEBUG [main] c.v.limits.service.LoadLimitService - Load saved successfully: id=21402, customer=103
2025-02-10 17:46:56 INFO  [main] c.v.limits.service.LoadLimitService - Load accepted: id=21402, customer=103, amount=$1590.13
2025-02-10 17:46:56 DEBUG [main] c.v.limits.service.LoadLimitService - Processing load request: id=28440, customer=375, amount=$5512.55, time=2000-01-31T23:33:34Z
2025-02-10 17:46:56 DEBUG [main] c.v.limits.service.LoadLimitService - Checking limits for time=2000-01-31T23:33:34Z, startOfWeek=2000-01-31T00:00Z, endOfWeek=2000-02-06T23:59:59.999999999Z
2025-02-10 17:46:56 DEBUG [main] c.v.limits.service.LoadLimitService - Daily amount limit exceeded: customer=375, current=885.99, attempted=$5512.55
2025-02-10 17:46:56 WARN  [main] c.v.limits.service.LoadLimitService - Load rejected: id=28440, customer=375, amount=$5512.55 (limit exceeded)
2025-02-10 17:46:56 DEBUG [main] c.v.limits.service.LoadLimitService - Processing load request: id=14640, customer=647, amount=$3080.77, time=2000-02-01T00:34:56Z
2025-02-10 17:46:56 DEBUG [main] c.v.limits.service.LoadLimitService - Checking limits for time=2000-02-01T00:34:56Z, startOfWeek=2000-01-31T00:00Z, endOfWeek=2000-02-06T23:59:59.999999999Z
2025-02-10 17:46:56 DEBUG [main] c.v.limits.service.LoadLimitService - Weekly total for customer=647: current=0, new=3080.77, limit=20000.00
2025-02-10 17:46:56 DEBUG [main] c.v.limits.service.LoadLimitService - Load saved successfully: id=14640, customer=647
2025-02-10 17:46:56 INFO  [main] c.v.limits.service.LoadLimitService - Load accepted: id=14640, customer=647, amount=$3080.77
2025-02-10 17:46:56 DEBUG [main] c.v.limits.service.LoadLimitService - Processing load request: id=1142, customer=137, amount=$3344.65, time=2000-02-01T01:36:18Z
2025-02-10 17:46:56 DEBUG [main] c.v.limits.service.LoadLimitService - Checking limits for time=2000-02-01T01:36:18Z, startOfWeek=2000-01-31T00:00Z, endOfWeek=2000-02-06T23:59:59.999999999Z
2025-02-10 17:46:56 DEBUG [main] c.v.limits.service.LoadLimitService - Weekly total for customer=137: current=0, new=3344.65, limit=20000.00
2025-02-10 17:46:56 DEBUG [main] c.v.limits.service.LoadLimitService - Load saved successfully: id=1142, customer=137
2025-02-10 17:46:56 INFO  [main] c.v.limits.service.LoadLimitService - Load accepted: id=1142, customer=137, amount=$3344.65
2025-02-10 17:46:56 DEBUG [main] c.v.limits.service.LoadLimitService - Processing load request: id=16974, customer=698, amount=$4437.14, time=2000-02-01T02:37:40Z
2025-02-10 17:46:56 DEBUG [main] c.v.limits.service.LoadLimitService - Checking limits for time=2000-02-01T02:37:40Z, startOfWeek=2000-01-31T00:00Z, endOfWeek=2000-02-06T23:59:59.999999999Z
2025-02-10 17:46:56 DEBUG [main] c.v.limits.service.LoadLimitService - Weekly total for customer=698: current=0, new=4437.14, limit=20000.00
2025-02-10 17:46:56 DEBUG [main] c.v.limits.service.LoadLimitService - Load saved successfully: id=16974, customer=698
2025-02-10 17:46:56 INFO  [main] c.v.limits.service.LoadLimitService - Load accepted: id=16974, customer=698, amount=$4437.14
2025-02-10 17:46:56 DEBUG [main] c.v.limits.service.LoadLimitService - Processing load request: id=64, customer=154, amount=$3907.68, time=2000-02-01T03:39:02Z
2025-02-10 17:46:56 DEBUG [main] c.v.limits.service.LoadLimitService - Checking limits for time=2000-02-01T03:39:02Z, startOfWeek=2000-01-31T00:00Z, endOfWeek=2000-02-06T23:59:59.999999999Z
2025-02-10 17:46:56 DEBUG [main] c.v.limits.service.LoadLimitService - Weekly total for customer=154: current=1951.28, new=5858.96, limit=20000.00
2025-02-10 17:46:56 DEBUG [main] c.v.limits.service.LoadLimitService - Load saved successfully: id=64, customer=154
2025-02-10 17:46:56 INFO  [main] c.v.limits.service.LoadLimitService - Load accepted: id=64, customer=154, amount=$3907.68
2025-02-10 17:46:56 DEBUG [main] c.v.limits.service.LoadLimitService - Processing load request: id=31047, customer=783, amount=$1573.42, time=2000-02-01T04:40:24Z
2025-02-10 17:46:56 DEBUG [main] c.v.limits.service.LoadLimitService - Checking limits for time=2000-02-01T04:40:24Z, startOfWeek=2000-01-31T00:00Z, endOfWeek=2000-02-06T23:59:59.999999999Z
2025-02-10 17:46:56 DEBUG [main] c.v.limits.service.LoadLimitService - Weekly total for customer=783: current=0, new=1573.42, limit=20000.00
2025-02-10 17:46:56 DEBUG [main] c.v.limits.service.LoadLimitService - Load saved successfully: id=31047, customer=783
2025-02-10 17:46:56 INFO  [main] c.v.limits.service.LoadLimitService - Load accepted: id=31047, customer=783, amount=$1573.42
2025-02-10 17:46:56 DEBUG [main] c.v.limits.service.LoadLimitService - Processing load request: id=22978, customer=562, amount=$625.33, time=2000-02-01T05:41:46Z
2025-02-10 17:46:56 DEBUG [main] c.v.limits.service.LoadLimitService - Checking limits for time=2000-02-01T05:41:46Z, startOfWeek=2000-01-31T00:00Z, endOfWeek=2000-02-06T23:59:59.999999999Z
2025-02-10 17:46:56 DEBUG [main] c.v.limits.service.LoadLimitService - Weekly total for customer=562: current=0, new=625.33, limit=20000.00
2025-02-10 17:46:56 DEBUG [main] c.v.limits.service.LoadLimitService - Load saved successfully: id=22978, customer=562
2025-02-10 17:46:56 INFO  [main] c.v.limits.service.LoadLimitService - Load accepted: id=22978, customer=562, amount=$625.33
2025-02-10 17:46:56 DEBUG [main] c.v.limits.service.LoadLimitService - Processing load request: id=14580, customer=375, amount=$3413.59, time=2000-02-01T06:43:08Z
2025-02-10 17:46:56 DEBUG [main] c.v.limits.service.LoadLimitService - Checking limits for time=2000-02-01T06:43:08Z, startOfWeek=2000-01-31T00:00Z, endOfWeek=2000-02-06T23:59:59.999999999Z
2025-02-10 17:46:56 DEBUG [main] c.v.limits.service.LoadLimitService - Weekly total for customer=375: current=885.99, new=4299.58, limit=20000.00
2025-02-10 17:46:56 DEBUG [main] c.v.limits.service.LoadLimitService - Load saved successfully: id=14580, customer=375
2025-02-10 17:46:56 INFO  [main] c.v.limits.service.LoadLimitService - Load accepted: id=14580, customer=375, amount=$3413.59
2025-02-10 17:46:56 DEBUG [main] c.v.limits.service.LoadLimitService - Processing load request: id=18237, customer=256, amount=$3143.52, time=2000-02-01T07:44:30Z
2025-02-10 17:46:56 DEBUG [main] c.v.limits.service.LoadLimitService - Checking limits for time=2000-02-01T07:44:30Z, startOfWeek=2000-01-31T00:00Z, endOfWeek=2000-02-06T23:59:59.999999999Z
2025-02-10 17:46:56 DEBUG [main] c.v.limits.service.LoadLimitService - Weekly total for customer=256: current=0, new=3143.52, limit=20000.00
2025-02-10 17:46:56 DEBUG [main] c.v.limits.service.LoadLimitService - Load saved successfully: id=18237, customer=256
2025-02-10 17:46:56 INFO  [main] c.v.limits.service.LoadLimitService - Load accepted: id=18237, customer=256, amount=$3143.52
2025-02-10 17:46:56 DEBUG [main] c.v.limits.service.LoadLimitService - Processing load request: id=15204, customer=698, amount=$4679.28, time=2000-02-01T08:45:52Z
2025-02-10 17:46:56 DEBUG [main] c.v.limits.service.LoadLimitService - Checking limits for time=2000-02-01T08:45:52Z, startOfWeek=2000-01-31T00:00Z, endOfWeek=2000-02-06T23:59:59.999999999Z
2025-02-10 17:46:56 DEBUG [main] c.v.limits.service.LoadLimitService - Daily amount limit exceeded: customer=698, current=4437.14, attempted=$4679.28
2025-02-10 17:46:56 WARN  [main] c.v.limits.service.LoadLimitService - Load rejected: id=15204, customer=698, amount=$4679.28 (limit exceeded)
2025-02-10 17:46:56 DEBUG [main] c.v.limits.service.LoadLimitService - Processing load request: id=3501, customer=120, amount=$736.50, time=2000-02-01T09:47:14Z
2025-02-10 17:46:56 DEBUG [main] c.v.limits.service.LoadLimitService - Checking limits for time=2000-02-01T09:47:14Z, startOfWeek=2000-01-31T00:00Z, endOfWeek=2000-02-06T23:59:59.999999999Z
2025-02-10 17:46:56 DEBUG [main] c.v.limits.service.LoadLimitService - Weekly total for customer=120: current=0, new=736.50, limit=20000.00
2025-02-10 17:46:56 DEBUG [main] c.v.limits.service.LoadLimitService - Load saved successfully: id=3501, customer=120
2025-02-10 17:46:56 INFO  [main] c.v.limits.service.LoadLimitService - Load accepted: id=3501, customer=120, amount=$736.50
2025-02-10 17:46:56 DEBUG [main] c.v.limits.service.LoadLimitService - Processing load request: id=30148, customer=103, amount=$1651.05, time=2000-02-01T10:48:36Z
2025-02-10 17:46:56 DEBUG [main] c.v.limits.service.LoadLimitService - Checking limits for time=2000-02-01T10:48:36Z, startOfWeek=2000-01-31T00:00Z, endOfWeek=2000-02-06T23:59:59.999999999Z
2025-02-10 17:46:56 DEBUG [main] c.v.limits.service.LoadLimitService - Weekly total for customer=103: current=1590.13, new=3241.18, limit=20000.00
2025-02-10 17:46:56 DEBUG [main] c.v.limits.service.LoadLimitService - Load saved successfully: id=30148, customer=103
2025-02-10 17:46:56 INFO  [main] c.v.limits.service.LoadLimitService - Load accepted: id=30148, customer=103, amount=$1651.05
2025-02-10 17:46:56 DEBUG [main] c.v.limits.service.LoadLimitService - Processing load request: id=24407, customer=35, amount=$1011.06, time=2000-02-01T11:49:58Z
2025-02-10 17:46:56 DEBUG [main] c.v.limits.service.LoadLimitService - Checking limits for time=2000-02-01T11:49:58Z, startOfWeek=2000-01-31T00:00Z, endOfWeek=2000-02-06T23:59:59.999999999Z
2025-02-10 17:46:56 DEBUG [main] c.v.limits.service.LoadLimitService - Weekly total for customer=35: current=1595.38, new=2606.44, limit=20000.00
2025-02-10 17:46:56 DEBUG [main] c.v.limits.service.LoadLimitService - Load saved successfully: id=24407, customer=35
2025-02-10 17:46:56 INFO  [main] c.v.limits.service.LoadLimitService - Load accepted: id=24407, customer=35, amount=$1011.06
2025-02-10 17:46:56 DEBUG [main] c.v.limits.service.LoadLimitService - Processing load request: id=15348, customer=358, amount=$2443.98, time=2000-02-01T12:51:20Z
2025-02-10 17:46:56 DEBUG [main] c.v.limits.service.LoadLimitService - Checking limits for time=2000-02-01T12:51:20Z, startOfWeek=2000-01-31T00:00Z, endOfWeek=2000-02-06T23:59:59.999999999Z
2025-02-10 17:46:56 DEBUG [main] c.v.limits.service.LoadLimitService - Weekly total for customer=358: current=4384.42, new=6828.40, limit=20000.00
2025-02-10 17:46:56 DEBUG [main] c.v.limits.service.LoadLimitService - Load saved successfully: id=15348, customer=358
2025-02-10 17:46:56 INFO  [main] c.v.limits.service.LoadLimitService - Load accepted: id=15348, customer=358, amount=$2443.98
2025-02-10 17:46:56 DEBUG [main] c.v.limits.service.LoadLimitService - Processing load request: id=22606, customer=239, amount=$2665.74, time=2000-02-01T13:52:42Z
2025-02-10 17:46:56 DEBUG [main] c.v.limits.service.LoadLimitService - Checking limits for time=2000-02-01T13:52:42Z, startOfWeek=2000-01-31T00:00Z, endOfWeek=2000-02-06T23:59:59.999999999Z
2025-02-10 17:46:56 DEBUG [main] c.v.limits.service.LoadLimitService - Weekly total for customer=239: current=0, new=2665.74, limit=20000.00
2025-02-10 17:46:56 DEBUG [main] c.v.limits.service.LoadLimitService - Load saved successfully: id=22606, customer=239
2025-02-10 17:46:56 INFO  [main] c.v.limits.service.LoadLimitService - Load accepted: id=22606, customer=239, amount=$2665.74
2025-02-10 17:46:56 DEBUG [main] c.v.limits.service.LoadLimitService - Processing load request: id=16434, customer=494, amount=$2739.69, time=2000-02-01T14:54:04Z
2025-02-10 17:46:56 DEBUG [main] c.v.limits.service.LoadLimitService - Checking limits for time=2000-02-01T14:54:04Z, startOfWeek=2000-01-31T00:00Z, endOfWeek=2000-02-06T23:59:59.999999999Z
2025-02-10 17:46:56 DEBUG [main] c.v.limits.service.LoadLimitService - Weekly total for customer=494: current=0, new=2739.69, limit=20000.00
2025-02-10 17:46:56 DEBUG [main] c.v.limits.service.LoadLimitService - Load saved successfully: id=16434, customer=494
2025-02-10 17:46:56 INFO  [main] c.v.limits.service.LoadLimitService - Load accepted: id=16434, customer=494, amount=$2739.69
2025-02-10 17:46:56 DEBUG [main] c.v.limits.service.LoadLimitService - Processing load request: id=28278, customer=1, amount=$1741.75, time=2000-02-01T15:55:26Z
2025-02-10 17:46:56 DEBUG [main] c.v.limits.service.LoadLimitService - Checking limits for time=2000-02-01T15:55:26Z, startOfWeek=2000-01-31T00:00Z, endOfWeek=2000-02-06T23:59:59.999999999Z
2025-02-10 17:46:56 DEBUG [main] c.v.limits.service.LoadLimitService - Weekly total for customer=1: current=0, new=1741.75, limit=20000.00
2025-02-10 17:46:56 DEBUG [main] c.v.limits.service.LoadLimitService - Load saved successfully: id=28278, customer=1
2025-02-10 17:46:56 INFO  [main] c.v.limits.service.LoadLimitService - Load accepted: id=28278, customer=1, amount=$1741.75
2025-02-10 17:46:56 DEBUG [main] c.v.limits.service.LoadLimitService - Processing load request: id=12462, customer=52, amount=$2055.26, time=2000-02-01T16:56:48Z
2025-02-10 17:46:56 DEBUG [main] c.v.limits.service.LoadLimitService - Checking limits for time=2000-02-01T16:56:48Z, startOfWeek=2000-01-31T00:00Z, endOfWeek=2000-02-06T23:59:59.999999999Z
2025-02-10 17:46:56 DEBUG [main] c.v.limits.service.LoadLimitService - Weekly total for customer=52: current=0, new=2055.26, limit=20000.00
2025-02-10 17:46:56 DEBUG [main] c.v.limits.service.LoadLimitService - Load saved successfully: id=12462, customer=52
2025-02-10 17:46:56 INFO  [main] c.v.limits.service.LoadLimitService - Load accepted: id=12462, customer=52, amount=$2055.26
2025-02-10 17:46:56 DEBUG [main] c.v.limits.service.LoadLimitService - Processing load request: id=29479, customer=307, amount=$1423.65, time=2000-02-01T17:58:10Z
2025-02-10 17:46:56 DEBUG [main] c.v.limits.service.LoadLimitService - Checking limits for time=2000-02-01T17:58:10Z, startOfWeek=2000-01-31T00:00Z, endOfWeek=2000-02-06T23:59:59.999999999Z
2025-02-10 17:46:56 DEBUG [main] c.v.limits.service.LoadLimitService - Weekly total for customer=307: current=84.56, new=1508.21, limit=20000.00
2025-02-10 17:46:56 DEBUG [main] c.v.limits.service.LoadLimitService - Load saved successfully: id=29479, customer=307
2025-02-10 17:46:56 INFO  [main] c.v.limits.service.LoadLimitService - Load accepted: id=29479, customer=307, amount=$1423.65
2025-02-10 17:46:56 DEBUG [main] c.v.limits.service.LoadLimitService - Processing load request: id=17065, customer=120, amount=$2678.19, time=2000-02-01T18:59:32Z
2025-02-10 17:46:56 DEBUG [main] c.v.limits.service.LoadLimitService - Checking limits for time=2000-02-01T18:59:32Z, startOfWeek=2000-01-31T00:00Z, endOfWeek=2000-02-06T23:59:59.999999999Z
2025-02-10 17:46:56 DEBUG [main] c.v.limits.service.LoadLimitService - Weekly total for customer=120: current=736.50, new=3414.69, limit=20000.00
2025-02-10 17:46:56 DEBUG [main] c.v.limits.service.LoadLimitService - Load saved successfully: id=17065, customer=120
2025-02-10 17:46:56 INFO  [main] c.v.limits.service.LoadLimitService - Load accepted: id=17065, customer=120, amount=$2678.19
2025-02-10 17:46:56 DEBUG [main] c.v.limits.service.LoadLimitService - Processing load request: id=13642, customer=715, amount=$3105.18, time=2000-02-01T20:00:54Z
2025-02-10 17:46:56 DEBUG [main] c.v.limits.service.LoadLimitService - Checking limits for time=2000-02-01T20:00:54Z, startOfWeek=2000-01-31T00:00Z, endOfWeek=2000-02-06T23:59:59.999999999Z
2025-02-10 17:46:56 DEBUG [main] c.v.limits.service.LoadLimitService - Weekly total for customer=715: current=0, new=3105.18, limit=20000.00
2025-02-10 17:46:56 DEBUG [main] c.v.limits.service.LoadLimitService - Load saved successfully: id=13642, customer=715
2025-02-10 17:46:56 INFO  [main] c.v.limits.service.LoadLimitService - Load accepted: id=13642, customer=715, amount=$3105.18
2025-02-10 17:46:56 DEBUG [main] c.v.limits.service.LoadLimitService - Processing load request: id=23879, customer=596, amount=$1774.08, time=2000-02-01T21:02:16Z
2025-02-10 17:46:56 DEBUG [main] c.v.limits.service.LoadLimitService - Checking limits for time=2000-02-01T21:02:16Z, startOfWeek=2000-01-31T00:00Z, endOfWeek=2000-02-06T23:59:59.999999999Z
2025-02-10 17:46:56 DEBUG [main] c.v.limits.service.LoadLimitService - Weekly total for customer=596: current=995.14, new=2769.22, limit=20000.00
2025-02-10 17:46:56 DEBUG [main] c.v.limits.service.LoadLimitService - Load saved successfully: id=23879, customer=596
2025-02-10 17:46:56 INFO  [main] c.v.limits.service.LoadLimitService - Load accepted: id=23879, customer=596, amount=$1774.08
2025-02-10 17:46:56 DEBUG [main] c.v.limits.service.LoadLimitService - Processing load request: id=26729, customer=222, amount=$3779.98, time=2000-02-01T22:03:38Z
2025-02-10 17:46:56 DEBUG [main] c.v.limits.service.LoadLimitService - Checking limits for time=2000-02-01T22:03:38Z, startOfWeek=2000-01-31T00:00Z, endOfWeek=2000-02-06T23:59:59.999999999Z
2025-02-10 17:46:56 DEBUG [main] c.v.limits.service.LoadLimitService - Weekly total for customer=222: current=0, new=3779.98, limit=20000.00
2025-02-10 17:46:56 DEBUG [main] c.v.limits.service.LoadLimitService - Load saved successfully: id=26729, customer=222
2025-02-10 17:46:56 INFO  [main] c.v.limits.service.LoadLimitService - Load accepted: id=26729, customer=222, amount=$3779.98
2025-02-10 17:46:56 DEBUG [main] c.v.limits.service.LoadLimitService - Processing load request: id=12900, customer=460, amount=$4488.51, time=2000-02-01T23:05Z
2025-02-10 17:46:56 DEBUG [main] c.v.limits.service.LoadLimitService - Checking limits for time=2000-02-01T23:05Z, startOfWeek=2000-01-31T00:00Z, endOfWeek=2000-02-06T23:59:59.999999999Z
2025-02-10 17:46:56 DEBUG [main] c.v.limits.service.LoadLimitService - Weekly total for customer=460: current=0, new=4488.51, limit=20000.00
2025-02-10 17:46:56 DEBUG [main] c.v.limits.service.LoadLimitService - Load saved successfully: id=12900, customer=460
2025-02-10 17:46:56 INFO  [main] c.v.limits.service.LoadLimitService - Load accepted: id=12900, customer=460, amount=$4488.51
2025-02-10 17:46:56 DEBUG [main] c.v.limits.service.LoadLimitService - Processing load request: id=25316, customer=205, amount=$4584.16, time=2000-02-02T00:06:22Z
2025-02-10 17:46:56 DEBUG [main] c.v.limits.service.LoadLimitService - Checking limits for time=2000-02-02T00:06:22Z, startOfWeek=2000-01-31T00:00Z, endOfWeek=2000-02-06T23:59:59.999999999Z
2025-02-10 17:46:56 DEBUG [main] c.v.limits.service.LoadLimitService - Weekly total for customer=205: current=0, new=4584.16, limit=20000.00
2025-02-10 17:46:56 DEBUG [main] c.v.limits.service.LoadLimitService - Load saved successfully: id=25316, customer=205
2025-02-10 17:46:56 INFO  [main] c.v.limits.service.LoadLimitService - Load accepted: id=25316, customer=205, amount=$4584.16
2025-02-10 17:46:56 DEBUG [main] c.v.limits.service.LoadLimitService - Processing load request: id=2960, customer=562, amount=$4469.40, time=2000-02-02T01:07:44Z
2025-02-10 17:46:56 DEBUG [main] c.v.limits.service.LoadLimitService - Checking limits for time=2000-02-02T01:07:44Z, startOfWeek=2000-01-31T00:00Z, endOfWeek=2000-02-06T23:59:59.999999999Z
2025-02-10 17:46:56 DEBUG [main] c.v.limits.service.LoadLimitService - Weekly total for customer=562: current=625.33, new=5094.73, limit=20000.00
2025-02-10 17:46:56 DEBUG [main] c.v.limits.service.LoadLimitService - Load saved successfully: id=2960, customer=562
2025-02-10 17:46:56 INFO  [main] c.v.limits.service.LoadLimitService - Load accepted: id=2960, customer=562, amount=$4469.40
2025-02-10 17:46:56 DEBUG [main] c.v.limits.service.LoadLimitService - Processing load request: id=18515, customer=103, amount=$94.16, time=2000-02-02T02:09:06Z
2025-02-10 17:46:56 DEBUG [main] c.v.limits.service.LoadLimitService - Checking limits for time=2000-02-02T02:09:06Z, startOfWeek=2000-01-31T00:00Z, endOfWeek=2000-02-06T23:59:59.999999999Z
2025-02-10 17:46:56 DEBUG [main] c.v.limits.service.LoadLimitService - Weekly total for customer=103: current=3241.18, new=3335.34, limit=20000.00
2025-02-10 17:46:56 DEBUG [main] c.v.limits.service.LoadLimitService - Load saved successfully: id=18515, customer=103
2025-02-10 17:46:56 INFO  [main] c.v.limits.service.LoadLimitService - Load accepted: id=18515, customer=103, amount=$94.16
2025-02-10 17:46:56 DEBUG [main] c.v.limits.service.LoadLimitService - Processing load request: id=25821, customer=358, amount=$3349.71, time=2000-02-02T03:10:28Z
2025-02-10 17:46:56 DEBUG [main] c.v.limits.service.LoadLimitService - Checking limits for time=2000-02-02T03:10:28Z, startOfWeek=2000-01-31T00:00Z, endOfWeek=2000-02-06T23:59:59.999999999Z
2025-02-10 17:46:56 DEBUG [main] c.v.limits.service.LoadLimitService - Weekly total for customer=358: current=6828.40, new=10178.11, limit=20000.00
2025-02-10 17:46:56 DEBUG [main] c.v.limits.service.LoadLimitService - Load saved successfully: id=25821, customer=358
2025-02-10 17:46:56 INFO  [main] c.v.limits.service.LoadLimitService - Load accepted: id=25821, customer=358, amount=$3349.71
2025-02-10 17:46:56 DEBUG [main] c.v.limits.service.LoadLimitService - Processing load request: id=10449, customer=256, amount=$1432.53, time=2000-02-02T04:11:50Z
2025-02-10 17:46:56 DEBUG [main] c.v.limits.service.LoadLimitService - Checking limits for time=2000-02-02T04:11:50Z, startOfWeek=2000-01-31T00:00Z, endOfWeek=2000-02-06T23:59:59.999999999Z
2025-02-10 17:46:56 DEBUG [main] c.v.limits.service.LoadLimitService - Weekly total for customer=256: current=3143.52, new=4576.05, limit=20000.00
2025-02-10 17:46:56 DEBUG [main] c.v.limits.service.LoadLimitService - Load saved successfully: id=10449, customer=256
2025-02-10 17:46:56 INFO  [main] c.v.limits.service.LoadLimitService - Load accepted: id=10449, customer=256, amount=$1432.53
2025-02-10 17:46:56 DEBUG [main] c.v.limits.service.LoadLimitService - Processing load request: id=23810, customer=681, amount=$3068.26, time=2000-02-02T05:13:12Z
2025-02-10 17:46:56 DEBUG [main] c.v.limits.service.LoadLimitService - Checking limits for time=2000-02-02T05:13:12Z, startOfWeek=2000-01-31T00:00Z, endOfWeek=2000-02-06T23:59:59.999999999Z
2025-02-10 17:46:56 DEBUG [main] c.v.limits.service.LoadLimitService - Weekly total for customer=681: current=1428.38, new=4496.64, limit=20000.00
2025-02-10 17:46:56 DEBUG [main] c.v.limits.service.LoadLimitService - Load saved successfully: id=23810, customer=681
2025-02-10 17:46:56 INFO  [main] c.v.limits.service.LoadLimitService - Load accepted: id=23810, customer=681, amount=$3068.26
2025-02-10 17:46:56 DEBUG [main] c.v.limits.service.LoadLimitService - Processing load request: id=27478, customer=120, amount=$5261.57, time=2000-02-02T06:14:34Z
2025-02-10 17:46:56 DEBUG [main] c.v.limits.service.LoadLimitService - Checking limits for time=2000-02-02T06:14:34Z, startOfWeek=2000-01-31T00:00Z, endOfWeek=2000-02-06T23:59:59.999999999Z
2025-02-10 17:46:56 DEBUG [main] c.v.limits.service.LoadLimitService - Daily amount limit exceeded: customer=120, current=0, attempted=$5261.57
2025-02-10 17:46:56 WARN  [main] c.v.limits.service.LoadLimitService - Load rejected: id=27478, customer=120, amount=$5261.57 (limit exceeded)
2025-02-10 17:46:56 DEBUG [main] c.v.limits.service.LoadLimitService - Processing load request: id=7565, customer=392, amount=$2438.59, time=2000-02-02T07:15:56Z
2025-02-10 17:46:56 DEBUG [main] c.v.limits.service.LoadLimitService - Checking limits for time=2000-02-02T07:15:56Z, startOfWeek=2000-01-31T00:00Z, endOfWeek=2000-02-06T23:59:59.999999999Z
2025-02-10 17:46:56 DEBUG [main] c.v.limits.service.LoadLimitService - Weekly total for customer=392: current=0, new=2438.59, limit=20000.00
2025-02-10 17:46:56 DEBUG [main] c.v.limits.service.LoadLimitService - Load saved successfully: id=7565, customer=392
2025-02-10 17:46:56 INFO  [main] c.v.limits.service.LoadLimitService - Load accepted: id=7565, customer=392, amount=$2438.59
2025-02-10 17:46:56 DEBUG [main] c.v.limits.service.LoadLimitService - Processing load request: id=25477, customer=647, amount=$3987.98, time=2000-02-02T08:17:18Z
2025-02-10 17:46:56 DEBUG [main] c.v.limits.service.LoadLimitService - Checking limits for time=2000-02-02T08:17:18Z, startOfWeek=2000-01-31T00:00Z, endOfWeek=2000-02-06T23:59:59.999999999Z
2025-02-10 17:46:56 DEBUG [main] c.v.limits.service.LoadLimitService - Weekly total for customer=647: current=3080.77, new=7068.75, limit=20000.00
2025-02-10 17:46:56 DEBUG [main] c.v.limits.service.LoadLimitService - Load saved successfully: id=25477, customer=647
2025-02-10 17:46:56 INFO  [main] c.v.limits.service.LoadLimitService - Load accepted: id=25477, customer=647, amount=$3987.98
2025-02-10 17:46:56 DEBUG [main] c.v.limits.service.LoadLimitService - Processing load request: id=19518, customer=409, amount=$1155.61, time=2000-02-02T09:18:40Z
2025-02-10 17:46:56 DEBUG [main] c.v.limits.service.LoadLimitService - Checking limits for time=2000-02-02T09:18:40Z, startOfWeek=2000-01-31T00:00Z, endOfWeek=2000-02-06T23:59:59.999999999Z
2025-02-10 17:46:56 DEBUG [main] c.v.limits.service.LoadLimitService - Weekly total for customer=409: current=0, new=1155.61, limit=20000.00
2025-02-10 17:46:56 DEBUG [main] c.v.limits.service.LoadLimitService - Load saved successfully: id=19518, customer=409
2025-02-10 17:46:56 INFO  [main] c.v.limits.service.LoadLimitService - Load accepted: id=19518, customer=409, amount=$1155.61
2025-02-10 17:46:56 DEBUG [main] c.v.limits.service.LoadLimitService - Processing load request: id=8090, customer=528, amount=$823.04, time=2000-02-02T10:20:02Z
2025-02-10 17:46:56 DEBUG [main] c.v.limits.service.LoadLimitService - Checking limits for time=2000-02-02T10:20:02Z, startOfWeek=2000-01-31T00:00Z, endOfWeek=2000-02-06T23:59:59.999999999Z
2025-02-10 17:46:56 DEBUG [main] c.v.limits.service.LoadLimitService - Weekly total for customer=528: current=0, new=823.04, limit=20000.00
2025-02-10 17:46:56 DEBUG [main] c.v.limits.service.LoadLimitService - Load saved successfully: id=8090, customer=528
2025-02-10 17:46:56 INFO  [main] c.v.limits.service.LoadLimitService - Load accepted: id=8090, customer=528, amount=$823.04
2025-02-10 17:46:56 DEBUG [main] c.v.limits.service.LoadLimitService - Processing load request: id=6963, customer=545, amount=$2087.86, time=2000-02-02T11:21:24Z
2025-02-10 17:46:56 DEBUG [main] c.v.limits.service.LoadLimitService - Checking limits for time=2000-02-02T11:21:24Z, startOfWeek=2000-01-31T00:00Z, endOfWeek=2000-02-06T23:59:59.999999999Z
2025-02-10 17:46:56 DEBUG [main] c.v.limits.service.LoadLimitService - Weekly total for customer=545: current=0, new=2087.86, limit=20000.00
2025-02-10 17:46:56 DEBUG [main] c.v.limits.service.LoadLimitService - Load saved successfully: id=6963, customer=545
2025-02-10 17:46:56 INFO  [main] c.v.limits.service.LoadLimitService - Load accepted: id=6963, customer=545, amount=$2087.86
2025-02-10 17:46:56 DEBUG [main] c.v.limits.service.LoadLimitService - Processing load request: id=23969, customer=494, amount=$4644.13, time=2000-02-02T12:22:46Z
2025-02-10 17:46:56 DEBUG [main] c.v.limits.service.LoadLimitService - Checking limits for time=2000-02-02T12:22:46Z, startOfWeek=2000-01-31T00:00Z, endOfWeek=2000-02-06T23:59:59.999999999Z
2025-02-10 17:46:56 DEBUG [main] c.v.limits.service.LoadLimitService - Weekly total for customer=494: current=2739.69, new=7383.82, limit=20000.00
2025-02-10 17:46:56 DEBUG [main] c.v.limits.service.LoadLimitService - Load saved successfully: id=23969, customer=494
2025-02-10 17:46:56 INFO  [main] c.v.limits.service.LoadLimitService - Load accepted: id=23969, customer=494, amount=$4644.13
2025-02-10 17:46:56 DEBUG [main] c.v.limits.service.LoadLimitService - Processing load request: id=29292, customer=52, amount=$4455.46, time=2000-02-02T13:24:08Z
2025-02-10 17:46:56 DEBUG [main] c.v.limits.service.LoadLimitService - Checking limits for time=2000-02-02T13:24:08Z, startOfWeek=2000-01-31T00:00Z, endOfWeek=2000-02-06T23:59:59.999999999Z
2025-02-10 17:46:56 DEBUG [main] c.v.limits.service.LoadLimitService - Weekly total for customer=52: current=2055.26, new=6510.72, limit=20000.00
2025-02-10 17:46:56 DEBUG [main] c.v.limits.service.LoadLimitService - Load saved successfully: id=29292, customer=52
2025-02-10 17:46:56 INFO  [main] c.v.limits.service.LoadLimitService - Load accepted: id=29292, customer=52, amount=$4455.46
2025-02-10 17:46:56 DEBUG [main] c.v.limits.service.LoadLimitService - Processing load request: id=12223, customer=290, amount=$2185.94, time=2000-02-02T14:25:30Z
2025-02-10 17:46:56 DEBUG [main] c.v.limits.service.LoadLimitService - Checking limits for time=2000-02-02T14:25:30Z, startOfWeek=2000-01-31T00:00Z, endOfWeek=2000-02-06T23:59:59.999999999Z
2025-02-10 17:46:56 DEBUG [main] c.v.limits.service.LoadLimitService - Weekly total for customer=290: current=0, new=2185.94, limit=20000.00
2025-02-10 17:46:56 DEBUG [main] c.v.limits.service.LoadLimitService - Load saved successfully: id=12223, customer=290
2025-02-10 17:46:56 INFO  [main] c.v.limits.service.LoadLimitService - Load accepted: id=12223, customer=290, amount=$2185.94
2025-02-10 17:46:56 DEBUG [main] c.v.limits.service.LoadLimitService - Processing load request: id=4156, customer=528, amount=$5075.24, time=2000-02-02T15:26:52Z
2025-02-10 17:46:56 DEBUG [main] c.v.limits.service.LoadLimitService - Checking limits for time=2000-02-02T15:26:52Z, startOfWeek=2000-01-31T00:00Z, endOfWeek=2000-02-06T23:59:59.999999999Z
2025-02-10 17:46:56 DEBUG [main] c.v.limits.service.LoadLimitService - Daily amount limit exceeded: customer=528, current=823.04, attempted=$5075.24
2025-02-10 17:46:56 WARN  [main] c.v.limits.service.LoadLimitService - Load rejected: id=4156, customer=528, amount=$5075.24 (limit exceeded)
2025-02-10 17:46:56 DEBUG [main] c.v.limits.service.LoadLimitService - Processing load request: id=12754, customer=545, amount=$1945.46, time=2000-02-02T16:28:14Z
2025-02-10 17:46:56 DEBUG [main] c.v.limits.service.LoadLimitService - Checking limits for time=2000-02-02T16:28:14Z, startOfWeek=2000-01-31T00:00Z, endOfWeek=2000-02-06T23:59:59.999999999Z
2025-02-10 17:46:56 DEBUG [main] c.v.limits.service.LoadLimitService - Weekly total for customer=545: current=2087.86, new=4033.32, limit=20000.00
2025-02-10 17:46:56 DEBUG [main] c.v.limits.service.LoadLimitService - Load saved successfully: id=12754, customer=545
2025-02-10 17:46:56 INFO  [main] c.v.limits.service.LoadLimitService - Load accepted: id=12754, customer=545, amount=$1945.46
2025-02-10 17:46:56 DEBUG [main] c.v.limits.service.LoadLimitService - Processing load request: id=28618, customer=1, amount=$113.32, time=2000-02-02T17:29:36Z
2025-02-10 17:46:56 DEBUG [main] c.v.limits.service.LoadLimitService - Checking limits for time=2000-02-02T17:29:36Z, startOfWeek=2000-01-31T00:00Z, endOfWeek=2000-02-06T23:59:59.999999999Z
2025-02-10 17:46:56 DEBUG [main] c.v.limits.service.LoadLimitService - Weekly total for customer=1: current=1741.75, new=1855.07, limit=20000.00
2025-02-10 17:46:56 DEBUG [main] c.v.limits.service.LoadLimitService - Load saved successfully: id=28618, customer=1
2025-02-10 17:46:56 INFO  [main] c.v.limits.service.LoadLimitService - Load accepted: id=28618, customer=1, amount=$113.32
2025-02-10 17:46:56 DEBUG [main] c.v.limits.service.LoadLimitService - Processing load request: id=13609, customer=749, amount=$159.65, time=2000-02-02T18:30:58Z
2025-02-10 17:46:56 DEBUG [main] c.v.limits.service.LoadLimitService - Checking limits for time=2000-02-02T18:30:58Z, startOfWeek=2000-01-31T00:00Z, endOfWeek=2000-02-06T23:59:59.999999999Z
2025-02-10 17:46:56 DEBUG [main] c.v.limits.service.LoadLimitService - Weekly total for customer=749: current=2327.25, new=2486.90, limit=20000.00
2025-02-10 17:46:56 DEBUG [main] c.v.limits.service.LoadLimitService - Load saved successfully: id=13609, customer=749
2025-02-10 17:46:56 INFO  [main] c.v.limits.service.LoadLimitService - Load accepted: id=13609, customer=749, amount=$159.65
2025-02-10 17:46:56 DEBUG [main] c.v.limits.service.LoadLimitService - Processing load request: id=19468, customer=715, amount=$2914.90, time=2000-02-02T19:32:20Z
2025-02-10 17:46:56 DEBUG [main] c.v.limits.service.LoadLimitService - Checking limits for time=2000-02-02T19:32:20Z, startOfWeek=2000-01-31T00:00Z, endOfWeek=2000-02-06T23:59:59.999999999Z
2025-02-10 17:46:56 DEBUG [main] c.v.limits.service.LoadLimitService - Weekly total for customer=715: current=3105.18, new=6020.08, limit=20000.00
2025-02-10 17:46:56 DEBUG [main] c.v.limits.service.LoadLimitService - Load saved successfully: id=19468, customer=715
2025-02-10 17:46:56 INFO  [main] c.v.limits.service.LoadLimitService - Load accepted: id=19468, customer=715, amount=$2914.90
2025-02-10 17:46:56 DEBUG [main] c.v.limits.service.LoadLimitService - Processing load request: id=13437, customer=817, amount=$927.10, time=2000-02-02T20:33:42Z
2025-02-10 17:46:56 DEBUG [main] c.v.limits.service.LoadLimitService - Checking limits for time=2000-02-02T20:33:42Z, startOfWeek=2000-01-31T00:00Z, endOfWeek=2000-02-06T23:59:59.999999999Z
2025-02-10 17:46:56 DEBUG [main] c.v.limits.service.LoadLimitService - Weekly total for customer=817: current=0, new=927.10, limit=20000.00
2025-02-10 17:46:56 DEBUG [main] c.v.limits.service.LoadLimitService - Load saved successfully: id=13437, customer=817
2025-02-10 17:46:56 INFO  [main] c.v.limits.service.LoadLimitService - Load accepted: id=13437, customer=817, amount=$927.10
2025-02-10 17:46:56 DEBUG [main] c.v.limits.service.LoadLimitService - Processing load request: id=14676, customer=545, amount=$2126.74, time=2000-02-02T21:35:04Z
2025-02-10 17:46:56 DEBUG [main] c.v.limits.service.LoadLimitService - Checking limits for time=2000-02-02T21:35:04Z, startOfWeek=2000-01-31T00:00Z, endOfWeek=2000-02-06T23:59:59.999999999Z
2025-02-10 17:46:56 DEBUG [main] c.v.limits.service.LoadLimitService - Daily amount limit exceeded: customer=545, current=4033.32, attempted=$2126.74
2025-02-10 17:46:56 WARN  [main] c.v.limits.service.LoadLimitService - Load rejected: id=14676, customer=545, amount=$2126.74 (limit exceeded)
2025-02-10 17:46:56 DEBUG [main] c.v.limits.service.LoadLimitService - Processing load request: id=25458, customer=766, amount=$4993.25, time=2000-02-02T22:36:26Z
2025-02-10 17:46:56 DEBUG [main] c.v.limits.service.LoadLimitService - Checking limits for time=2000-02-02T22:36:26Z, startOfWeek=2000-01-31T00:00Z, endOfWeek=2000-02-06T23:59:59.999999999Z
2025-02-10 17:46:56 DEBUG [main] c.v.limits.service.LoadLimitService - Weekly total for customer=766: current=2404.06, new=7397.31, limit=20000.00
2025-02-10 17:46:56 DEBUG [main] c.v.limits.service.LoadLimitService - Load saved successfully: id=25458, customer=766
2025-02-10 17:46:56 INFO  [main] c.v.limits.service.LoadLimitService - Load accepted: id=25458, customer=766, amount=$4993.25
2025-02-10 17:46:56 DEBUG [main] c.v.limits.service.LoadLimitService - Processing load request: id=11430, customer=171, amount=$5763.66, time=2000-02-02T23:37:48Z
2025-02-10 17:46:56 DEBUG [main] c.v.limits.service.LoadLimitService - Checking limits for time=2000-02-02T23:37:48Z, startOfWeek=2000-01-31T00:00Z, endOfWeek=2000-02-06T23:59:59.999999999Z
2025-02-10 17:46:56 DEBUG [main] c.v.limits.service.LoadLimitService - Daily amount limit exceeded: customer=171, current=0, attempted=$5763.66
2025-02-10 17:46:56 WARN  [main] c.v.limits.service.LoadLimitService - Load rejected: id=11430, customer=171, amount=$5763.66 (limit exceeded)
2025-02-10 17:46:56 DEBUG [main] c.v.limits.service.LoadLimitService - Processing load request: id=15838, customer=664, amount=$725.67, time=2000-02-03T00:39:10Z
2025-02-10 17:46:56 DEBUG [main] c.v.limits.service.LoadLimitService - Checking limits for time=2000-02-03T00:39:10Z, startOfWeek=2000-01-31T00:00Z, endOfWeek=2000-02-06T23:59:59.999999999Z
2025-02-10 17:46:56 DEBUG [main] c.v.limits.service.LoadLimitService - Weekly total for customer=664: current=1896.95, new=2622.62, limit=20000.00
2025-02-10 17:46:56 DEBUG [main] c.v.limits.service.LoadLimitService - Load saved successfully: id=15838, customer=664
2025-02-10 17:46:56 INFO  [main] c.v.limits.service.LoadLimitService - Load accepted: id=15838, customer=664, amount=$725.67
2025-02-10 17:46:56 DEBUG [main] c.v.limits.service.LoadLimitService - Processing load request: id=29048, customer=443, amount=$2038.29, time=2000-02-03T01:40:32Z
2025-02-10 17:46:56 DEBUG [main] c.v.limits.service.LoadLimitService - Checking limits for time=2000-02-03T01:40:32Z, startOfWeek=2000-01-31T00:00Z, endOfWeek=2000-02-06T23:59:59.999999999Z
2025-02-10 17:46:56 DEBUG [main] c.v.limits.service.LoadLimitService - Weekly total for customer=443: current=0, new=2038.29, limit=20000.00
2025-02-10 17:46:56 DEBUG [main] c.v.limits.service.LoadLimitService - Load saved successfully: id=29048, customer=443
2025-02-10 17:46:56 INFO  [main] c.v.limits.service.LoadLimitService - Load accepted: id=29048, customer=443, amount=$2038.29
2025-02-10 17:46:56 DEBUG [main] c.v.limits.service.LoadLimitService - Processing load request: id=637, customer=290, amount=$5600.36, time=2000-02-03T02:41:54Z
2025-02-10 17:46:56 DEBUG [main] c.v.limits.service.LoadLimitService - Checking limits for time=2000-02-03T02:41:54Z, startOfWeek=2000-01-31T00:00Z, endOfWeek=2000-02-06T23:59:59.999999999Z
2025-02-10 17:46:56 DEBUG [main] c.v.limits.service.LoadLimitService - Daily amount limit exceeded: customer=290, current=0, attempted=$5600.36
2025-02-10 17:46:56 WARN  [main] c.v.limits.service.LoadLimitService - Load rejected: id=637, customer=290, amount=$5600.36 (limit exceeded)
2025-02-10 17:46:56 DEBUG [main] c.v.limits.service.LoadLimitService - Processing load request: id=10908, customer=103, amount=$5292.20, time=2000-02-03T03:43:16Z
2025-02-10 17:46:56 DEBUG [main] c.v.limits.service.LoadLimitService - Checking limits for time=2000-02-03T03:43:16Z, startOfWeek=2000-01-31T00:00Z, endOfWeek=2000-02-06T23:59:59.999999999Z
2025-02-10 17:46:56 DEBUG [main] c.v.limits.service.LoadLimitService - Daily amount limit exceeded: customer=103, current=0, attempted=$5292.20
2025-02-10 17:46:56 WARN  [main] c.v.limits.service.LoadLimitService - Load rejected: id=10908, customer=103, amount=$5292.20 (limit exceeded)
2025-02-10 17:46:56 DEBUG [main] c.v.limits.service.LoadLimitService - Processing load request: id=677, customer=273, amount=$4983.38, time=2000-02-03T04:44:38Z
2025-02-10 17:46:56 DEBUG [main] c.v.limits.service.LoadLimitService - Checking limits for time=2000-02-03T04:44:38Z, startOfWeek=2000-01-31T00:00Z, endOfWeek=2000-02-06T23:59:59.999999999Z
2025-02-10 17:46:56 DEBUG [main] c.v.limits.service.LoadLimitService - Weekly total for customer=273: current=0, new=4983.38, limit=20000.00
2025-02-10 17:46:56 DEBUG [main] c.v.limits.service.LoadLimitService - Load saved successfully: id=677, customer=273
2025-02-10 17:46:56 INFO  [main] c.v.limits.service.LoadLimitService - Load accepted: id=677, customer=273, amount=$4983.38
2025-02-10 17:46:56 DEBUG [main] c.v.limits.service.LoadLimitService - Processing load request: id=24877, customer=817, amount=$4445.72, time=2000-02-03T05:46Z
2025-02-10 17:46:56 DEBUG [main] c.v.limits.service.LoadLimitService - Checking limits for time=2000-02-03T05:46Z, startOfWeek=2000-01-31T00:00Z, endOfWeek=2000-02-06T23:59:59.999999999Z
2025-02-10 17:46:56 DEBUG [main] c.v.limits.service.LoadLimitService - Weekly total for customer=817: current=927.10, new=5372.82, limit=20000.00
2025-02-10 17:46:56 DEBUG [main] c.v.limits.service.LoadLimitService - Load saved successfully: id=24877, customer=817
2025-02-10 17:46:56 INFO  [main] c.v.limits.service.LoadLimitService - Load accepted: id=24877, customer=817, amount=$4445.72
2025-02-10 17:46:56 DEBUG [main] c.v.limits.service.LoadLimitService - Processing load request: id=27021, customer=154, amount=$111.22, time=2000-02-03T06:47:22Z
2025-02-10 17:46:56 DEBUG [main] c.v.limits.service.LoadLimitService - Checking limits for time=2000-02-03T06:47:22Z, startOfWeek=2000-01-31T00:00Z, endOfWeek=2000-02-06T23:59:59.999999999Z
2025-02-10 17:46:56 DEBUG [main] c.v.limits.service.LoadLimitService - Weekly total for customer=154: current=5858.96, new=5970.18, limit=20000.00
2025-02-10 17:46:56 DEBUG [main] c.v.limits.service.LoadLimitService - Load saved successfully: id=27021, customer=154
2025-02-10 17:46:56 INFO  [main] c.v.limits.service.LoadLimitService - Load accepted: id=27021, customer=154, amount=$111.22
2025-02-10 17:46:56 DEBUG [main] c.v.limits.service.LoadLimitService - Processing load request: id=17226, customer=664, amount=$3391.42, time=2000-02-03T07:48:44Z
2025-02-10 17:46:56 DEBUG [main] c.v.limits.service.LoadLimitService - Checking limits for time=2000-02-03T07:48:44Z, startOfWeek=2000-01-31T00:00Z, endOfWeek=2000-02-06T23:59:59.999999999Z
2025-02-10 17:46:56 DEBUG [main] c.v.limits.service.LoadLimitService - Weekly total for customer=664: current=2622.62, new=6014.04, limit=20000.00
2025-02-10 17:46:56 DEBUG [main] c.v.limits.service.LoadLimitService - Load saved successfully: id=17226, customer=664
2025-02-10 17:46:56 INFO  [main] c.v.limits.service.LoadLimitService - Load accepted: id=17226, customer=664, amount=$3391.42
2025-02-10 17:46:56 DEBUG [main] c.v.limits.service.LoadLimitService - Processing load request: id=13754, customer=392, amount=$3790.46, time=2000-02-03T08:50:06Z
2025-02-10 17:46:56 DEBUG [main] c.v.limits.service.LoadLimitService - Checking limits for time=2000-02-03T08:50:06Z, startOfWeek=2000-01-31T00:00Z, endOfWeek=2000-02-06T23:59:59.999999999Z
2025-02-10 17:46:56 DEBUG [main] c.v.limits.service.LoadLimitService - Weekly total for customer=392: current=2438.59, new=6229.05, limit=20000.00
2025-02-10 17:46:56 DEBUG [main] c.v.limits.service.LoadLimitService - Load saved successfully: id=13754, customer=392
2025-02-10 17:46:56 INFO  [main] c.v.limits.service.LoadLimitService - Load accepted: id=13754, customer=392, amount=$3790.46
2025-02-10 17:46:56 DEBUG [main] c.v.limits.service.LoadLimitService - Processing load request: id=13732, customer=375, amount=$3414.33, time=2000-02-03T09:51:28Z
2025-02-10 17:46:56 DEBUG [main] c.v.limits.service.LoadLimitService - Checking limits for time=2000-02-03T09:51:28Z, startOfWeek=2000-01-31T00:00Z, endOfWeek=2000-02-06T23:59:59.999999999Z
2025-02-10 17:46:56 DEBUG [main] c.v.limits.service.LoadLimitService - Weekly total for customer=375: current=4299.58, new=7713.91, limit=20000.00
2025-02-10 17:46:56 DEBUG [main] c.v.limits.service.LoadLimitService - Load saved successfully: id=13732, customer=375
2025-02-10 17:46:56 INFO  [main] c.v.limits.service.LoadLimitService - Load accepted: id=13732, customer=375, amount=$3414.33
2025-02-10 17:46:56 DEBUG [main] c.v.limits.service.LoadLimitService - Processing load request: id=5872, customer=783, amount=$2535.02, time=2000-02-03T10:52:50Z
2025-02-10 17:46:56 DEBUG [main] c.v.limits.service.LoadLimitService - Checking limits for time=2000-02-03T10:52:50Z, startOfWeek=2000-01-31T00:00Z, endOfWeek=2000-02-06T23:59:59.999999999Z
2025-02-10 17:46:56 DEBUG [main] c.v.limits.service.LoadLimitService - Weekly total for customer=783: current=1573.42, new=4108.44, limit=20000.00
2025-02-10 17:46:56 DEBUG [main] c.v.limits.service.LoadLimitService - Load saved successfully: id=5872, customer=783
2025-02-10 17:46:56 INFO  [main] c.v.limits.service.LoadLimitService - Load accepted: id=5872, customer=783, amount=$2535.02
2025-02-10 17:46:56 DEBUG [main] c.v.limits.service.LoadLimitService - Processing load request: id=29705, customer=324, amount=$126.53, time=2000-02-03T11:54:12Z
2025-02-10 17:46:56 DEBUG [main] c.v.limits.service.LoadLimitService - Checking limits for time=2000-02-03T11:54:12Z, startOfWeek=2000-01-31T00:00Z, endOfWeek=2000-02-06T23:59:59.999999999Z
2025-02-10 17:46:56 DEBUG [main] c.v.limits.service.LoadLimitService - Weekly total for customer=324: current=0, new=126.53, limit=20000.00
2025-02-10 17:46:56 DEBUG [main] c.v.limits.service.LoadLimitService - Load saved successfully: id=29705, customer=324
2025-02-10 17:46:56 INFO  [main] c.v.limits.service.LoadLimitService - Load accepted: id=29705, customer=324, amount=$126.53
2025-02-10 17:46:56 DEBUG [main] c.v.limits.service.LoadLimitService - Processing load request: id=26918, customer=35, amount=$5771.82, time=2000-02-03T12:55:34Z
2025-02-10 17:46:56 DEBUG [main] c.v.limits.service.LoadLimitService - Checking limits for time=2000-02-03T12:55:34Z, startOfWeek=2000-01-31T00:00Z, endOfWeek=2000-02-06T23:59:59.999999999Z
2025-02-10 17:46:56 DEBUG [main] c.v.limits.service.LoadLimitService - Daily amount limit exceeded: customer=35, current=0, attempted=$5771.82
2025-02-10 17:46:56 WARN  [main] c.v.limits.service.LoadLimitService - Load rejected: id=26918, customer=35, amount=$5771.82 (limit exceeded)
2025-02-10 17:46:56 DEBUG [main] c.v.limits.service.LoadLimitService - Processing load request: id=20236, customer=86, amount=$3341.86, time=2000-02-03T13:56:56Z
2025-02-10 17:46:56 DEBUG [main] c.v.limits.service.LoadLimitService - Checking limits for time=2000-02-03T13:56:56Z, startOfWeek=2000-01-31T00:00Z, endOfWeek=2000-02-06T23:59:59.999999999Z
2025-02-10 17:46:56 DEBUG [main] c.v.limits.service.LoadLimitService - Weekly total for customer=86: current=0, new=3341.86, limit=20000.00
2025-02-10 17:46:56 DEBUG [main] c.v.limits.service.LoadLimitService - Load saved successfully: id=20236, customer=86
2025-02-10 17:46:56 INFO  [main] c.v.limits.service.LoadLimitService - Load accepted: id=20236, customer=86, amount=$3341.86
2025-02-10 17:46:56 DEBUG [main] c.v.limits.service.LoadLimitService - Processing load request: id=9338, customer=409, amount=$957.08, time=2000-02-03T14:58:18Z
2025-02-10 17:46:56 DEBUG [main] c.v.limits.service.LoadLimitService - Checking limits for time=2000-02-03T14:58:18Z, startOfWeek=2000-01-31T00:00Z, endOfWeek=2000-02-06T23:59:59.999999999Z
2025-02-10 17:46:56 DEBUG [main] c.v.limits.service.LoadLimitService - Weekly total for customer=409: current=1155.61, new=2112.69, limit=20000.00
2025-02-10 17:46:56 DEBUG [main] c.v.limits.service.LoadLimitService - Load saved successfully: id=9338, customer=409
2025-02-10 17:46:56 INFO  [main] c.v.limits.service.LoadLimitService - Load accepted: id=9338, customer=409, amount=$957.08
2025-02-10 17:46:56 DEBUG [main] c.v.limits.service.LoadLimitService - Processing load request: id=31599, customer=375, amount=$3346.42, time=2000-02-03T15:59:40Z
2025-02-10 17:46:56 DEBUG [main] c.v.limits.service.LoadLimitService - Checking limits for time=2000-02-03T15:59:40Z, startOfWeek=2000-01-31T00:00Z, endOfWeek=2000-02-06T23:59:59.999999999Z
2025-02-10 17:46:56 DEBUG [main] c.v.limits.service.LoadLimitService - Daily amount limit exceeded: customer=375, current=3414.33, attempted=$3346.42
2025-02-10 17:46:56 WARN  [main] c.v.limits.service.LoadLimitService - Load rejected: id=31599, customer=375, amount=$3346.42 (limit exceeded)
2025-02-10 17:46:56 DEBUG [main] c.v.limits.service.LoadLimitService - Processing load request: id=19722, customer=647, amount=$843.72, time=2000-02-03T17:01:02Z
2025-02-10 17:46:56 DEBUG [main] c.v.limits.service.LoadLimitService - Checking limits for time=2000-02-03T17:01:02Z, startOfWeek=2000-01-31T00:00Z, endOfWeek=2000-02-06T23:59:59.999999999Z
2025-02-10 17:46:56 DEBUG [main] c.v.limits.service.LoadLimitService - Weekly total for customer=647: current=7068.75, new=7912.47, limit=20000.00
2025-02-10 17:46:56 DEBUG [main] c.v.limits.service.LoadLimitService - Load saved successfully: id=19722, customer=647
2025-02-10 17:46:56 INFO  [main] c.v.limits.service.LoadLimitService - Load accepted: id=19722, customer=647, amount=$843.72
2025-02-10 17:46:56 DEBUG [main] c.v.limits.service.LoadLimitService - Processing load request: id=30501, customer=52, amount=$5824.95, time=2000-02-03T18:02:24Z
2025-02-10 17:46:56 DEBUG [main] c.v.limits.service.LoadLimitService - Checking limits for time=2000-02-03T18:02:24Z, startOfWeek=2000-01-31T00:00Z, endOfWeek=2000-02-06T23:59:59.999999999Z
2025-02-10 17:46:56 DEBUG [main] c.v.limits.service.LoadLimitService - Daily amount limit exceeded: customer=52, current=0, attempted=$5824.95
2025-02-10 17:46:56 WARN  [main] c.v.limits.service.LoadLimitService - Load rejected: id=30501, customer=52, amount=$5824.95 (limit exceeded)
2025-02-10 17:46:56 DEBUG [main] c.v.limits.service.LoadLimitService - Processing load request: id=6682, customer=596, amount=$1533.45, time=2000-02-03T19:03:46Z
2025-02-10 17:46:56 DEBUG [main] c.v.limits.service.LoadLimitService - Checking limits for time=2000-02-03T19:03:46Z, startOfWeek=2000-01-31T00:00Z, endOfWeek=2000-02-06T23:59:59.999999999Z
2025-02-10 17:46:56 DEBUG [main] c.v.limits.service.LoadLimitService - Weekly total for customer=596: current=2769.22, new=4302.67, limit=20000.00
2025-02-10 17:46:56 DEBUG [main] c.v.limits.service.LoadLimitService - Load saved successfully: id=6682, customer=596
2025-02-10 17:46:56 INFO  [main] c.v.limits.service.LoadLimitService - Load accepted: id=6682, customer=596, amount=$1533.45
2025-02-10 17:46:56 DEBUG [main] c.v.limits.service.LoadLimitService - Processing load request: id=28981, customer=205, amount=$4643.97, time=2000-02-03T20:05:08Z
2025-02-10 17:46:56 DEBUG [main] c.v.limits.service.LoadLimitService - Checking limits for time=2000-02-03T20:05:08Z, startOfWeek=2000-01-31T00:00Z, endOfWeek=2000-02-06T23:59:59.999999999Z
2025-02-10 17:46:56 DEBUG [main] c.v.limits.service.LoadLimitService - Weekly total for customer=205: current=4584.16, new=9228.13, limit=20000.00
2025-02-10 17:46:56 DEBUG [main] c.v.limits.service.LoadLimitService - Load saved successfully: id=28981, customer=205
2025-02-10 17:46:56 INFO  [main] c.v.limits.service.LoadLimitService - Load accepted: id=28981, customer=205, amount=$4643.97
2025-02-10 17:46:56 DEBUG [main] c.v.limits.service.LoadLimitService - Processing load request: id=27050, customer=35, amount=$522.29, time=2000-02-03T21:06:30Z
2025-02-10 17:46:56 DEBUG [main] c.v.limits.service.LoadLimitService - Checking limits for time=2000-02-03T21:06:30Z, startOfWeek=2000-01-31T00:00Z, endOfWeek=2000-02-06T23:59:59.999999999Z
2025-02-10 17:46:56 DEBUG [main] c.v.limits.service.LoadLimitService - Weekly total for customer=35: current=2606.44, new=3128.73, limit=20000.00
2025-02-10 17:46:56 DEBUG [main] c.v.limits.service.LoadLimitService - Load saved successfully: id=27050, customer=35
2025-02-10 17:46:56 INFO  [main] c.v.limits.service.LoadLimitService - Load accepted: id=27050, customer=35, amount=$522.29
2025-02-10 17:46:56 DEBUG [main] c.v.limits.service.LoadLimitService - Processing load request: id=21399, customer=239, amount=$5035.23, time=2000-02-03T22:07:52Z
2025-02-10 17:46:56 DEBUG [main] c.v.limits.service.LoadLimitService - Checking limits for time=2000-02-03T22:07:52Z, startOfWeek=2000-01-31T00:00Z, endOfWeek=2000-02-06T23:59:59.999999999Z
2025-02-10 17:46:56 DEBUG [main] c.v.limits.service.LoadLimitService - Daily amount limit exceeded: customer=239, current=0, attempted=$5035.23
2025-02-10 17:46:56 WARN  [main] c.v.limits.service.LoadLimitService - Load rejected: id=21399, customer=239, amount=$5035.23 (limit exceeded)
2025-02-10 17:46:56 DEBUG [main] c.v.limits.service.LoadLimitService - Processing load request: id=11006, customer=613, amount=$3946.62, time=2000-02-03T23:09:14Z
2025-02-10 17:46:56 DEBUG [main] c.v.limits.service.LoadLimitService - Checking limits for time=2000-02-03T23:09:14Z, startOfWeek=2000-01-31T00:00Z, endOfWeek=2000-02-06T23:59:59.999999999Z
2025-02-10 17:46:56 DEBUG [main] c.v.limits.service.LoadLimitService - Weekly total for customer=613: current=0, new=3946.62, limit=20000.00
2025-02-10 17:46:56 DEBUG [main] c.v.limits.service.LoadLimitService - Load saved successfully: id=11006, customer=613
2025-02-10 17:46:56 INFO  [main] c.v.limits.service.LoadLimitService - Load accepted: id=11006, customer=613, amount=$3946.62
2025-02-10 17:46:56 DEBUG [main] c.v.limits.service.LoadLimitService - Processing load request: id=24458, customer=579, amount=$3082.79, time=2000-02-04T00:10:36Z
2025-02-10 17:46:56 DEBUG [main] c.v.limits.service.LoadLimitService - Checking limits for time=2000-02-04T00:10:36Z, startOfWeek=2000-01-31T00:00Z, endOfWeek=2000-02-06T23:59:59.999999999Z
2025-02-10 17:46:56 DEBUG [main] c.v.limits.service.LoadLimitService - Weekly total for customer=579: current=0, new=3082.79, limit=20000.00
2025-02-10 17:46:56 DEBUG [main] c.v.limits.service.LoadLimitService - Load saved successfully: id=24458, customer=579
2025-02-10 17:46:56 INFO  [main] c.v.limits.service.LoadLimitService - Load accepted: id=24458, customer=579, amount=$3082.79
2025-02-10 17:46:56 DEBUG [main] c.v.limits.service.LoadLimitService - Processing load request: id=7354, customer=103, amount=$405.04, time=2000-02-04T01:11:58Z
2025-02-10 17:46:56 DEBUG [main] c.v.limits.service.LoadLimitService - Checking limits for time=2000-02-04T01:11:58Z, startOfWeek=2000-01-31T00:00Z, endOfWeek=2000-02-06T23:59:59.999999999Z
2025-02-10 17:46:56 DEBUG [main] c.v.limits.service.LoadLimitService - Weekly total for customer=103: current=3335.34, new=3740.38, limit=20000.00
2025-02-10 17:46:56 DEBUG [main] c.v.limits.service.LoadLimitService - Load saved successfully: id=7354, customer=103
2025-02-10 17:46:56 INFO  [main] c.v.limits.service.LoadLimitService - Load accepted: id=7354, customer=103, amount=$405.04
2025-02-10 17:46:56 DEBUG [main] c.v.limits.service.LoadLimitService - Processing load request: id=29417, customer=528, amount=$2386.66, time=2000-02-04T02:13:20Z
2025-02-10 17:46:56 DEBUG [main] c.v.limits.service.LoadLimitService - Checking limits for time=2000-02-04T02:13:20Z, startOfWeek=2000-01-31T00:00Z, endOfWeek=2000-02-06T23:59:59.999999999Z
2025-02-10 17:46:56 DEBUG [main] c.v.limits.service.LoadLimitService - Weekly total for customer=528: current=823.04, new=3209.70, limit=20000.00
2025-02-10 17:46:56 DEBUG [main] c.v.limits.service.LoadLimitService - Load saved successfully: id=29417, customer=528
2025-02-10 17:46:56 INFO  [main] c.v.limits.service.LoadLimitService - Load accepted: id=29417, customer=528, amount=$2386.66
2025-02-10 17:46:56 DEBUG [main] c.v.limits.service.LoadLimitService - Processing load request: id=5710, customer=69, amount=$5318.29, time=2000-02-04T03:14:42Z
2025-02-10 17:46:56 DEBUG [main] c.v.limits.service.LoadLimitService - Checking limits for time=2000-02-04T03:14:42Z, startOfWeek=2000-01-31T00:00Z, endOfWeek=2000-02-06T23:59:59.999999999Z
2025-02-10 17:46:56 DEBUG [main] c.v.limits.service.LoadLimitService - Daily amount limit exceeded: customer=69, current=0, attempted=$5318.29
2025-02-10 17:46:56 WARN  [main] c.v.limits.service.LoadLimitService - Load rejected: id=5710, customer=69, amount=$5318.29 (limit exceeded)
2025-02-10 17:46:56 DEBUG [main] c.v.limits.service.LoadLimitService - Processing load request: id=21204, customer=443, amount=$1622.52, time=2000-02-04T04:16:04Z
2025-02-10 17:46:56 DEBUG [main] c.v.limits.service.LoadLimitService - Checking limits for time=2000-02-04T04:16:04Z, startOfWeek=2000-01-31T00:00Z, endOfWeek=2000-02-06T23:59:59.999999999Z
2025-02-10 17:46:56 DEBUG [main] c.v.limits.service.LoadLimitService - Weekly total for customer=443: current=2038.29, new=3660.81, limit=20000.00
2025-02-10 17:46:56 DEBUG [main] c.v.limits.service.LoadLimitService - Load saved successfully: id=21204, customer=443
2025-02-10 17:46:56 INFO  [main] c.v.limits.service.LoadLimitService - Load accepted: id=21204, customer=443, amount=$1622.52
2025-02-10 17:46:56 DEBUG [main] c.v.limits.service.LoadLimitService - Processing load request: id=15853, customer=358, amount=$2691.76, time=2000-02-04T05:17:26Z
2025-02-10 17:46:56 DEBUG [main] c.v.limits.service.LoadLimitService - Checking limits for time=2000-02-04T05:17:26Z, startOfWeek=2000-01-31T00:00Z, endOfWeek=2000-02-06T23:59:59.999999999Z
2025-02-10 17:46:56 DEBUG [main] c.v.limits.service.LoadLimitService - Weekly total for customer=358: current=10178.11, new=12869.87, limit=20000.00
2025-02-10 17:46:56 DEBUG [main] c.v.limits.service.LoadLimitService - Load saved successfully: id=15853, customer=358
2025-02-10 17:46:56 INFO  [main] c.v.limits.service.LoadLimitService - Load accepted: id=15853, customer=358, amount=$2691.76
2025-02-10 17:46:56 DEBUG [main] c.v.limits.service.LoadLimitService - Processing load request: id=28001, customer=35, amount=$821.14, time=2000-02-04T06:18:48Z
2025-02-10 17:46:56 DEBUG [main] c.v.limits.service.LoadLimitService - Checking limits for time=2000-02-04T06:18:48Z, startOfWeek=2000-01-31T00:00Z, endOfWeek=2000-02-06T23:59:59.999999999Z
2025-02-10 17:46:56 DEBUG [main] c.v.limits.service.LoadLimitService - Weekly total for customer=35: current=3128.73, new=3949.87, limit=20000.00
2025-02-10 17:46:56 DEBUG [main] c.v.limits.service.LoadLimitService - Load saved successfully: id=28001, customer=35
2025-02-10 17:46:56 INFO  [main] c.v.limits.service.LoadLimitService - Load accepted: id=28001, customer=35, amount=$821.14
2025-02-10 17:46:56 DEBUG [main] c.v.limits.service.LoadLimitService - Processing load request: id=4617, customer=460, amount=$4515.95, time=2000-02-04T07:20:10Z
2025-02-10 17:46:56 DEBUG [main] c.v.limits.service.LoadLimitService - Checking limits for time=2000-02-04T07:20:10Z, startOfWeek=2000-01-31T00:00Z, endOfWeek=2000-02-06T23:59:59.999999999Z
2025-02-10 17:46:56 DEBUG [main] c.v.limits.service.LoadLimitService - Weekly total for customer=460: current=4488.51, new=9004.46, limit=20000.00
2025-02-10 17:46:56 DEBUG [main] c.v.limits.service.LoadLimitService - Load saved successfully: id=4617, customer=460
2025-02-10 17:46:56 INFO  [main] c.v.limits.service.LoadLimitService - Load accepted: id=4617, customer=460, amount=$4515.95
2025-02-10 17:46:56 DEBUG [main] c.v.limits.service.LoadLimitService - Processing load request: id=11741, customer=375, amount=$2887.46, time=2000-02-04T08:21:32Z
2025-02-10 17:46:56 DEBUG [main] c.v.limits.service.LoadLimitService - Checking limits for time=2000-02-04T08:21:32Z, startOfWeek=2000-01-31T00:00Z, endOfWeek=2000-02-06T23:59:59.999999999Z
2025-02-10 17:46:56 DEBUG [main] c.v.limits.service.LoadLimitService - Weekly total for customer=375: current=7713.91, new=10601.37, limit=20000.00
2025-02-10 17:46:56 DEBUG [main] c.v.limits.service.LoadLimitService - Load saved successfully: id=11741, customer=375
2025-02-10 17:46:56 INFO  [main] c.v.limits.service.LoadLimitService - Load accepted: id=11741, customer=375, amount=$2887.46
2025-02-10 17:46:56 DEBUG [main] c.v.limits.service.LoadLimitService - Processing load request: id=22431, customer=528, amount=$4811.24, time=2000-02-04T09:22:54Z
2025-02-10 17:46:56 DEBUG [main] c.v.limits.service.LoadLimitService - Checking limits for time=2000-02-04T09:22:54Z, startOfWeek=2000-01-31T00:00Z, endOfWeek=2000-02-06T23:59:59.999999999Z
2025-02-10 17:46:56 DEBUG [main] c.v.limits.service.LoadLimitService - Daily amount limit exceeded: customer=528, current=2386.66, attempted=$4811.24
2025-02-10 17:46:56 WARN  [main] c.v.limits.service.LoadLimitService - Load rejected: id=22431, customer=528, amount=$4811.24 (limit exceeded)
2025-02-10 17:46:56 DEBUG [main] c.v.limits.service.LoadLimitService - Processing load request: id=12401, customer=562, amount=$4848.10, time=2000-02-04T10:24:16Z
2025-02-10 17:46:56 DEBUG [main] c.v.limits.service.LoadLimitService - Checking limits for time=2000-02-04T10:24:16Z, startOfWeek=2000-01-31T00:00Z, endOfWeek=2000-02-06T23:59:59.999999999Z
2025-02-10 17:46:56 DEBUG [main] c.v.limits.service.LoadLimitService - Weekly total for customer=562: current=5094.73, new=9942.83, limit=20000.00
2025-02-10 17:46:56 DEBUG [main] c.v.limits.service.LoadLimitService - Load saved successfully: id=12401, customer=562
2025-02-10 17:46:56 INFO  [main] c.v.limits.service.LoadLimitService - Load accepted: id=12401, customer=562, amount=$4848.10
2025-02-10 17:46:56 DEBUG [main] c.v.limits.service.LoadLimitService - Processing load request: id=9230, customer=409, amount=$647.52, time=2000-02-04T11:25:38Z
2025-02-10 17:46:56 DEBUG [main] c.v.limits.service.LoadLimitService - Checking limits for time=2000-02-04T11:25:38Z, startOfWeek=2000-01-31T00:00Z, endOfWeek=2000-02-06T23:59:59.999999999Z
2025-02-10 17:46:56 DEBUG [main] c.v.limits.service.LoadLimitService - Weekly total for customer=409: current=2112.69, new=2760.21, limit=20000.00
2025-02-10 17:46:56 DEBUG [main] c.v.limits.service.LoadLimitService - Load saved successfully: id=9230, customer=409
2025-02-10 17:46:56 INFO  [main] c.v.limits.service.LoadLimitService - Load accepted: id=9230, customer=409, amount=$647.52
2025-02-10 17:46:56 DEBUG [main] c.v.limits.service.LoadLimitService - Processing load request: id=29360, customer=18, amount=$5745.70, time=2000-02-04T12:27Z
2025-02-10 17:46:56 DEBUG [main] c.v.limits.service.LoadLimitService - Checking limits for time=2000-02-04T12:27Z, startOfWeek=2000-01-31T00:00Z, endOfWeek=2000-02-06T23:59:59.999999999Z
2025-02-10 17:46:56 DEBUG [main] c.v.limits.service.LoadLimitService - Daily amount limit exceeded: customer=18, current=0, attempted=$5745.70
2025-02-10 17:46:56 WARN  [main] c.v.limits.service.LoadLimitService - Load rejected: id=29360, customer=18, amount=$5745.70 (limit exceeded)
2025-02-10 17:46:56 DEBUG [main] c.v.limits.service.LoadLimitService - Processing load request: id=3169, customer=511, amount=$3800.18, time=2000-02-04T13:28:22Z
2025-02-10 17:46:56 DEBUG [main] c.v.limits.service.LoadLimitService - Checking limits for time=2000-02-04T13:28:22Z, startOfWeek=2000-01-31T00:00Z, endOfWeek=2000-02-06T23:59:59.999999999Z
2025-02-10 17:46:56 DEBUG [main] c.v.limits.service.LoadLimitService - Weekly total for customer=511: current=3601.45, new=7401.63, limit=20000.00
2025-02-10 17:46:56 DEBUG [main] c.v.limits.service.LoadLimitService - Load saved successfully: id=3169, customer=511
2025-02-10 17:46:56 INFO  [main] c.v.limits.service.LoadLimitService - Load accepted: id=3169, customer=511, amount=$3800.18
2025-02-10 17:46:56 DEBUG [main] c.v.limits.service.LoadLimitService - Processing load request: id=16710, customer=783, amount=$750.87, time=2000-02-04T14:29:44Z
2025-02-10 17:46:56 DEBUG [main] c.v.limits.service.LoadLimitService - Checking limits for time=2000-02-04T14:29:44Z, startOfWeek=2000-01-31T00:00Z, endOfWeek=2000-02-06T23:59:59.999999999Z
2025-02-10 17:46:56 DEBUG [main] c.v.limits.service.LoadLimitService - Weekly total for customer=783: current=4108.44, new=4859.31, limit=20000.00
2025-02-10 17:46:56 DEBUG [main] c.v.limits.service.LoadLimitService - Load saved successfully: id=16710, customer=783
2025-02-10 17:46:56 INFO  [main] c.v.limits.service.LoadLimitService - Load accepted: id=16710, customer=783, amount=$750.87
2025-02-10 17:46:56 DEBUG [main] c.v.limits.service.LoadLimitService - Processing load request: id=29332, customer=698, amount=$2230.38, time=2000-02-04T15:31:06Z
2025-02-10 17:46:56 DEBUG [main] c.v.limits.service.LoadLimitService - Checking limits for time=2000-02-04T15:31:06Z, startOfWeek=2000-01-31T00:00Z, endOfWeek=2000-02-06T23:59:59.999999999Z
2025-02-10 17:46:56 DEBUG [main] c.v.limits.service.LoadLimitService - Weekly total for customer=698: current=4437.14, new=6667.52, limit=20000.00
2025-02-10 17:46:56 DEBUG [main] c.v.limits.service.LoadLimitService - Load saved successfully: id=29332, customer=698
2025-02-10 17:46:56 INFO  [main] c.v.limits.service.LoadLimitService - Load accepted: id=29332, customer=698, amount=$2230.38
2025-02-10 17:46:56 DEBUG [main] c.v.limits.service.LoadLimitService - Processing load request: id=13898, customer=103, amount=$1068.43, time=2000-02-04T16:32:28Z
2025-02-10 17:46:56 DEBUG [main] c.v.limits.service.LoadLimitService - Checking limits for time=2000-02-04T16:32:28Z, startOfWeek=2000-01-31T00:00Z, endOfWeek=2000-02-06T23:59:59.999999999Z
2025-02-10 17:46:56 DEBUG [main] c.v.limits.service.LoadLimitService - Weekly total for customer=103: current=3740.38, new=4808.81, limit=20000.00
2025-02-10 17:46:56 DEBUG [main] c.v.limits.service.LoadLimitService - Load saved successfully: id=13898, customer=103
2025-02-10 17:46:56 INFO  [main] c.v.limits.service.LoadLimitService - Load accepted: id=13898, customer=103, amount=$1068.43
2025-02-10 17:46:56 DEBUG [main] c.v.limits.service.LoadLimitService - Processing load request: id=11508, customer=528, amount=$1095.26, time=2000-02-04T17:33:50Z
2025-02-10 17:46:56 DEBUG [main] c.v.limits.service.LoadLimitService - Checking limits for time=2000-02-04T17:33:50Z, startOfWeek=2000-01-31T00:00Z, endOfWeek=2000-02-06T23:59:59.999999999Z
2025-02-10 17:46:56 DEBUG [main] c.v.limits.service.LoadLimitService - Weekly total for customer=528: current=3209.70, new=4304.96, limit=20000.00
2025-02-10 17:46:56 DEBUG [main] c.v.limits.service.LoadLimitService - Load saved successfully: id=11508, customer=528
2025-02-10 17:46:56 INFO  [main] c.v.limits.service.LoadLimitService - Load accepted: id=11508, customer=528, amount=$1095.26
2025-02-10 17:46:56 DEBUG [main] c.v.limits.service.LoadLimitService - Processing load request: id=1637, customer=1, amount=$518.28, time=2000-02-04T18:35:12Z
2025-02-10 17:46:56 DEBUG [main] c.v.limits.service.LoadLimitService - Checking limits for time=2000-02-04T18:35:12Z, startOfWeek=2000-01-31T00:00Z, endOfWeek=2000-02-06T23:59:59.999999999Z
2025-02-10 17:46:56 DEBUG [main] c.v.limits.service.LoadLimitService - Weekly total for customer=1: current=1855.07, new=2373.35, limit=20000.00
2025-02-10 17:46:56 DEBUG [main] c.v.limits.service.LoadLimitService - Load saved successfully: id=1637, customer=1
2025-02-10 17:46:56 INFO  [main] c.v.limits.service.LoadLimitService - Load accepted: id=1637, customer=1, amount=$518.28
2025-02-10 17:46:56 DEBUG [main] c.v.limits.service.LoadLimitService - Processing load request: id=985, customer=749, amount=$2299.51, time=2000-02-04T19:36:34Z
2025-02-10 17:46:56 DEBUG [main] c.v.limits.service.LoadLimitService - Checking limits for time=2000-02-04T19:36:34Z, startOfWeek=2000-01-31T00:00Z, endOfWeek=2000-02-06T23:59:59.999999999Z
2025-02-10 17:46:56 DEBUG [main] c.v.limits.service.LoadLimitService - Weekly total for customer=749: current=2486.90, new=4786.41, limit=20000.00
2025-02-10 17:46:56 DEBUG [main] c.v.limits.service.LoadLimitService - Load saved successfully: id=985, customer=749
2025-02-10 17:46:56 INFO  [main] c.v.limits.service.LoadLimitService - Load accepted: id=985, customer=749, amount=$2299.51
2025-02-10 17:46:56 DEBUG [main] c.v.limits.service.LoadLimitService - Processing load request: id=12841, customer=426, amount=$2879.34, time=2000-02-04T20:37:56Z
2025-02-10 17:46:56 DEBUG [main] c.v.limits.service.LoadLimitService - Checking limits for time=2000-02-04T20:37:56Z, startOfWeek=2000-01-31T00:00Z, endOfWeek=2000-02-06T23:59:59.999999999Z
2025-02-10 17:46:56 DEBUG [main] c.v.limits.service.LoadLimitService - Weekly total for customer=426: current=0, new=2879.34, limit=20000.00
2025-02-10 17:46:56 DEBUG [main] c.v.limits.service.LoadLimitService - Load saved successfully: id=12841, customer=426
2025-02-10 17:46:56 INFO  [main] c.v.limits.service.LoadLimitService - Load accepted: id=12841, customer=426, amount=$2879.34
2025-02-10 17:46:56 DEBUG [main] c.v.limits.service.LoadLimitService - Processing load request: id=20927, customer=715, amount=$1926.94, time=2000-02-04T21:39:18Z
2025-02-10 17:46:56 DEBUG [main] c.v.limits.service.LoadLimitService - Checking limits for time=2000-02-04T21:39:18Z, startOfWeek=2000-01-31T00:00Z, endOfWeek=2000-02-06T23:59:59.999999999Z
2025-02-10 17:46:56 DEBUG [main] c.v.limits.service.LoadLimitService - Weekly total for customer=715: current=6020.08, new=7947.02, limit=20000.00
2025-02-10 17:46:56 DEBUG [main] c.v.limits.service.LoadLimitService - Load saved successfully: id=20927, customer=715
2025-02-10 17:46:56 INFO  [main] c.v.limits.service.LoadLimitService - Load accepted: id=20927, customer=715, amount=$1926.94
2025-02-10 17:46:56 DEBUG [main] c.v.limits.service.LoadLimitService - Processing load request: id=10041, customer=596, amount=$162.67, time=2000-02-04T22:40:40Z
2025-02-10 17:46:56 DEBUG [main] c.v.limits.service.LoadLimitService - Checking limits for time=2000-02-04T22:40:40Z, startOfWeek=2000-01-31T00:00Z, endOfWeek=2000-02-06T23:59:59.999999999Z
2025-02-10 17:46:56 DEBUG [main] c.v.limits.service.LoadLimitService - Weekly total for customer=596: current=4302.67, new=4465.34, limit=20000.00
2025-02-10 17:46:56 DEBUG [main] c.v.limits.service.LoadLimitService - Load saved successfully: id=10041, customer=596
2025-02-10 17:46:56 INFO  [main] c.v.limits.service.LoadLimitService - Load accepted: id=10041, customer=596, amount=$162.67
2025-02-10 17:46:56 DEBUG [main] c.v.limits.service.LoadLimitService - Processing load request: id=25651, customer=409, amount=$1473.92, time=2000-02-04T23:42:02Z
2025-02-10 17:46:56 DEBUG [main] c.v.limits.service.LoadLimitService - Checking limits for time=2000-02-04T23:42:02Z, startOfWeek=2000-01-31T00:00Z, endOfWeek=2000-02-06T23:59:59.999999999Z
2025-02-10 17:46:56 DEBUG [main] c.v.limits.service.LoadLimitService - Weekly total for customer=409: current=2760.21, new=4234.13, limit=20000.00
2025-02-10 17:46:56 DEBUG [main] c.v.limits.service.LoadLimitService - Load saved successfully: id=25651, customer=409
2025-02-10 17:46:56 INFO  [main] c.v.limits.service.LoadLimitService - Load accepted: id=25651, customer=409, amount=$1473.92
2025-02-10 17:46:56 DEBUG [main] c.v.limits.service.LoadLimitService - Processing load request: id=10220, customer=460, amount=$5053.84, time=2000-02-05T00:43:24Z
2025-02-10 17:46:56 DEBUG [main] c.v.limits.service.LoadLimitService - Checking limits for time=2000-02-05T00:43:24Z, startOfWeek=2000-01-31T00:00Z, endOfWeek=2000-02-06T23:59:59.999999999Z
2025-02-10 17:46:56 DEBUG [main] c.v.limits.service.LoadLimitService - Daily amount limit exceeded: customer=460, current=0, attempted=$5053.84
2025-02-10 17:46:56 WARN  [main] c.v.limits.service.LoadLimitService - Load rejected: id=10220, customer=460, amount=$5053.84 (limit exceeded)
2025-02-10 17:46:56 DEBUG [main] c.v.limits.service.LoadLimitService - Processing load request: id=27678, customer=579, amount=$2976.62, time=2000-02-05T01:44:46Z
2025-02-10 17:46:56 DEBUG [main] c.v.limits.service.LoadLimitService - Checking limits for time=2000-02-05T01:44:46Z, startOfWeek=2000-01-31T00:00Z, endOfWeek=2000-02-06T23:59:59.999999999Z
2025-02-10 17:46:56 DEBUG [main] c.v.limits.service.LoadLimitService - Weekly total for customer=579: current=3082.79, new=6059.41, limit=20000.00
2025-02-10 17:46:56 DEBUG [main] c.v.limits.service.LoadLimitService - Load saved successfully: id=27678, customer=579
2025-02-10 17:46:56 INFO  [main] c.v.limits.service.LoadLimitService - Load accepted: id=27678, customer=579, amount=$2976.62
2025-02-10 17:46:56 DEBUG [main] c.v.limits.service.LoadLimitService - Processing load request: id=31834, customer=52, amount=$4820.86, time=2000-02-05T02:46:08Z
2025-02-10 17:46:56 DEBUG [main] c.v.limits.service.LoadLimitService - Checking limits for time=2000-02-05T02:46:08Z, startOfWeek=2000-01-31T00:00Z, endOfWeek=2000-02-06T23:59:59.999999999Z
2025-02-10 17:46:56 DEBUG [main] c.v.limits.service.LoadLimitService - Weekly total for customer=52: current=6510.72, new=11331.58, limit=20000.00
2025-02-10 17:46:56 DEBUG [main] c.v.limits.service.LoadLimitService - Load saved successfully: id=31834, customer=52
2025-02-10 17:46:56 INFO  [main] c.v.limits.service.LoadLimitService - Load accepted: id=31834, customer=52, amount=$4820.86
2025-02-10 17:46:56 DEBUG [main] c.v.limits.service.LoadLimitService - Processing load request: id=8141, customer=239, amount=$3842.30, time=2000-02-05T03:47:30Z
2025-02-10 17:46:56 DEBUG [main] c.v.limits.service.LoadLimitService - Checking limits for time=2000-02-05T03:47:30Z, startOfWeek=2000-01-31T00:00Z, endOfWeek=2000-02-06T23:59:59.999999999Z
2025-02-10 17:46:56 DEBUG [main] c.v.limits.service.LoadLimitService - Weekly total for customer=239: current=2665.74, new=6508.04, limit=20000.00
2025-02-10 17:46:56 DEBUG [main] c.v.limits.service.LoadLimitService - Load saved successfully: id=8141, customer=239
2025-02-10 17:46:56 INFO  [main] c.v.limits.service.LoadLimitService - Load accepted: id=8141, customer=239, amount=$3842.30
2025-02-10 17:46:56 DEBUG [main] c.v.limits.service.LoadLimitService - Processing load request: id=14662, customer=205, amount=$4006.97, time=2000-02-05T04:48:52Z
2025-02-10 17:46:56 DEBUG [main] c.v.limits.service.LoadLimitService - Checking limits for time=2000-02-05T04:48:52Z, startOfWeek=2000-01-31T00:00Z, endOfWeek=2000-02-06T23:59:59.999999999Z
2025-02-10 17:46:56 DEBUG [main] c.v.limits.service.LoadLimitService - Weekly total for customer=205: current=9228.13, new=13235.10, limit=20000.00
2025-02-10 17:46:56 DEBUG [main] c.v.limits.service.LoadLimitService - Load saved successfully: id=14662, customer=205
2025-02-10 17:46:56 INFO  [main] c.v.limits.service.LoadLimitService - Load accepted: id=14662, customer=205, amount=$4006.97
2025-02-10 17:46:56 DEBUG [main] c.v.limits.service.LoadLimitService - Processing load request: id=1412, customer=732, amount=$5977.29, time=2000-02-05T05:50:14Z
2025-02-10 17:46:56 DEBUG [main] c.v.limits.service.LoadLimitService - Checking limits for time=2000-02-05T05:50:14Z, startOfWeek=2000-01-31T00:00Z, endOfWeek=2000-02-06T23:59:59.999999999Z
2025-02-10 17:46:56 DEBUG [main] c.v.limits.service.LoadLimitService - Daily amount limit exceeded: customer=732, current=0, attempted=$5977.29
2025-02-10 17:46:56 WARN  [main] c.v.limits.service.LoadLimitService - Load rejected: id=1412, customer=732, amount=$5977.29 (limit exceeded)
2025-02-10 17:46:56 DEBUG [main] c.v.limits.service.LoadLimitService - Processing load request: id=8562, customer=596, amount=$3944.38, time=2000-02-05T06:51:36Z
2025-02-10 17:46:56 DEBUG [main] c.v.limits.service.LoadLimitService - Checking limits for time=2000-02-05T06:51:36Z, startOfWeek=2000-01-31T00:00Z, endOfWeek=2000-02-06T23:59:59.999999999Z
2025-02-10 17:46:56 DEBUG [main] c.v.limits.service.LoadLimitService - Weekly total for customer=596: current=4465.34, new=8409.72, limit=20000.00
2025-02-10 17:46:56 DEBUG [main] c.v.limits.service.LoadLimitService - Load saved successfully: id=8562, customer=596
2025-02-10 17:46:56 INFO  [main] c.v.limits.service.LoadLimitService - Load accepted: id=8562, customer=596, amount=$3944.38
2025-02-10 17:46:56 DEBUG [main] c.v.limits.service.LoadLimitService - Processing load request: id=9534, customer=324, amount=$3186.91, time=2000-02-05T07:52:58Z
2025-02-10 17:46:56 DEBUG [main] c.v.limits.service.LoadLimitService - Checking limits for time=2000-02-05T07:52:58Z, startOfWeek=2000-01-31T00:00Z, endOfWeek=2000-02-06T23:59:59.999999999Z
2025-02-10 17:46:56 DEBUG [main] c.v.limits.service.LoadLimitService - Weekly total for customer=324: current=126.53, new=3313.44, limit=20000.00
2025-02-10 17:46:56 DEBUG [main] c.v.limits.service.LoadLimitService - Load saved successfully: id=9534, customer=324
2025-02-10 17:46:56 INFO  [main] c.v.limits.service.LoadLimitService - Load accepted: id=9534, customer=324, amount=$3186.91
2025-02-10 17:46:56 DEBUG [main] c.v.limits.service.LoadLimitService - Processing load request: id=29513, customer=290, amount=$4088.39, time=2000-02-05T08:54:20Z
2025-02-10 17:46:56 DEBUG [main] c.v.limits.service.LoadLimitService - Checking limits for time=2000-02-05T08:54:20Z, startOfWeek=2000-01-31T00:00Z, endOfWeek=2000-02-06T23:59:59.999999999Z
2025-02-10 17:46:56 DEBUG [main] c.v.limits.service.LoadLimitService - Weekly total for customer=290: current=2185.94, new=6274.33, limit=20000.00
2025-02-10 17:46:56 DEBUG [main] c.v.limits.service.LoadLimitService - Load saved successfully: id=29513, customer=290
2025-02-10 17:46:56 INFO  [main] c.v.limits.service.LoadLimitService - Load accepted: id=29513, customer=290, amount=$4088.39
2025-02-10 17:46:56 DEBUG [main] c.v.limits.service.LoadLimitService - Processing load request: id=2994, customer=86, amount=$801.86, time=2000-02-05T09:55:42Z
2025-02-10 17:46:56 DEBUG [main] c.v.limits.service.LoadLimitService - Checking limits for time=2000-02-05T09:55:42Z, startOfWeek=2000-01-31T00:00Z, endOfWeek=2000-02-06T23:59:59.999999999Z
2025-02-10 17:46:56 DEBUG [main] c.v.limits.service.LoadLimitService - Weekly total for customer=86: current=3341.86, new=4143.72, limit=20000.00
2025-02-10 17:46:56 DEBUG [main] c.v.limits.service.LoadLimitService - Load saved successfully: id=2994, customer=86
2025-02-10 17:46:56 INFO  [main] c.v.limits.service.LoadLimitService - Load accepted: id=2994, customer=86, amount=$801.86
2025-02-10 17:46:56 DEBUG [main] c.v.limits.service.LoadLimitService - Processing load request: id=602, customer=562, amount=$441.39, time=2000-02-05T10:57:04Z
2025-02-10 17:46:56 DEBUG [main] c.v.limits.service.LoadLimitService - Checking limits for time=2000-02-05T10:57:04Z, startOfWeek=2000-01-31T00:00Z, endOfWeek=2000-02-06T23:59:59.999999999Z
2025-02-10 17:46:56 DEBUG [main] c.v.limits.service.LoadLimitService - Weekly total for customer=562: current=9942.83, new=10384.22, limit=20000.00
2025-02-10 17:46:56 DEBUG [main] c.v.limits.service.LoadLimitService - Load saved successfully: id=602, customer=562
2025-02-10 17:46:56 INFO  [main] c.v.limits.service.LoadLimitService - Load accepted: id=602, customer=562, amount=$441.39
2025-02-10 17:46:56 DEBUG [main] c.v.limits.service.LoadLimitService - Processing load request: id=26866, customer=205, amount=$4558.73, time=2000-02-05T11:58:26Z
2025-02-10 17:46:56 DEBUG [main] c.v.limits.service.LoadLimitService - Checking limits for time=2000-02-05T11:58:26Z, startOfWeek=2000-01-31T00:00Z, endOfWeek=2000-02-06T23:59:59.999999999Z
2025-02-10 17:46:56 DEBUG [main] c.v.limits.service.LoadLimitService - Daily amount limit exceeded: customer=205, current=4006.97, attempted=$4558.73
2025-02-10 17:46:56 WARN  [main] c.v.limits.service.LoadLimitService - Load rejected: id=26866, customer=205, amount=$4558.73 (limit exceeded)
2025-02-10 17:46:56 DEBUG [main] c.v.limits.service.LoadLimitService - Processing load request: id=17727, customer=664, amount=$2042.19, time=2000-02-05T12:59:48Z
2025-02-10 17:46:56 DEBUG [main] c.v.limits.service.LoadLimitService - Checking limits for time=2000-02-05T12:59:48Z, startOfWeek=2000-01-31T00:00Z, endOfWeek=2000-02-06T23:59:59.999999999Z
2025-02-10 17:46:56 DEBUG [main] c.v.limits.service.LoadLimitService - Weekly total for customer=664: current=6014.04, new=8056.23, limit=20000.00
2025-02-10 17:46:56 DEBUG [main] c.v.limits.service.LoadLimitService - Load saved successfully: id=17727, customer=664
2025-02-10 17:46:56 INFO  [main] c.v.limits.service.LoadLimitService - Load accepted: id=17727, customer=664, amount=$2042.19
2025-02-10 17:46:56 DEBUG [main] c.v.limits.service.LoadLimitService - Processing load request: id=4771, customer=800, amount=$2487.25, time=2000-02-05T14:01:10Z
2025-02-10 17:46:56 DEBUG [main] c.v.limits.service.LoadLimitService - Checking limits for time=2000-02-05T14:01:10Z, startOfWeek=2000-01-31T00:00Z, endOfWeek=2000-02-06T23:59:59.999999999Z
2025-02-10 17:46:56 DEBUG [main] c.v.limits.service.LoadLimitService - Weekly total for customer=800: current=0, new=2487.25, limit=20000.00
2025-02-10 17:46:56 DEBUG [main] c.v.limits.service.LoadLimitService - Load saved successfully: id=4771, customer=800
2025-02-10 17:46:56 INFO  [main] c.v.limits.service.LoadLimitService - Load accepted: id=4771, customer=800, amount=$2487.25
2025-02-10 17:46:56 DEBUG [main] c.v.limits.service.LoadLimitService - Processing load request: id=10931, customer=290, amount=$2111.66, time=2000-02-05T15:02:32Z
2025-02-10 17:46:56 DEBUG [main] c.v.limits.service.LoadLimitService - Checking limits for time=2000-02-05T15:02:32Z, startOfWeek=2000-01-31T00:00Z, endOfWeek=2000-02-06T23:59:59.999999999Z
2025-02-10 17:46:56 DEBUG [main] c.v.limits.service.LoadLimitService - Daily amount limit exceeded: customer=290, current=4088.39, attempted=$2111.66
2025-02-10 17:46:56 WARN  [main] c.v.limits.service.LoadLimitService - Load rejected: id=10931, customer=290, amount=$2111.66 (limit exceeded)
2025-02-10 17:46:56 DEBUG [main] c.v.limits.service.LoadLimitService - Processing load request: id=15851, customer=630, amount=$2300.96, time=2000-02-05T16:03:54Z
2025-02-10 17:46:56 DEBUG [main] c.v.limits.service.LoadLimitService - Checking limits for time=2000-02-05T16:03:54Z, startOfWeek=2000-01-31T00:00Z, endOfWeek=2000-02-06T23:59:59.999999999Z
2025-02-10 17:46:56 DEBUG [main] c.v.limits.service.LoadLimitService - Weekly total for customer=630: current=0, new=2300.96, limit=20000.00
2025-02-10 17:46:56 DEBUG [main] c.v.limits.service.LoadLimitService - Load saved successfully: id=15851, customer=630
2025-02-10 17:46:56 INFO  [main] c.v.limits.service.LoadLimitService - Load accepted: id=15851, customer=630, amount=$2300.96
2025-02-10 17:46:56 DEBUG [main] c.v.limits.service.LoadLimitService - Processing load request: id=25439, customer=324, amount=$4810.91, time=2000-02-05T17:05:16Z
2025-02-10 17:46:56 DEBUG [main] c.v.limits.service.LoadLimitService - Checking limits for time=2000-02-05T17:05:16Z, startOfWeek=2000-01-31T00:00Z, endOfWeek=2000-02-06T23:59:59.999999999Z
2025-02-10 17:46:56 DEBUG [main] c.v.limits.service.LoadLimitService - Daily amount limit exceeded: customer=324, current=3186.91, attempted=$4810.91
2025-02-10 17:46:56 WARN  [main] c.v.limits.service.LoadLimitService - Load rejected: id=25439, customer=324, amount=$4810.91 (limit exceeded)
2025-02-10 17:46:56 DEBUG [main] c.v.limits.service.LoadLimitService - Processing load request: id=23059, customer=613, amount=$3291.65, time=2000-02-05T18:06:38Z
2025-02-10 17:46:56 DEBUG [main] c.v.limits.service.LoadLimitService - Checking limits for time=2000-02-05T18:06:38Z, startOfWeek=2000-01-31T00:00Z, endOfWeek=2000-02-06T23:59:59.999999999Z
2025-02-10 17:46:56 DEBUG [main] c.v.limits.service.LoadLimitService - Weekly total for customer=613: current=3946.62, new=7238.27, limit=20000.00
2025-02-10 17:46:56 DEBUG [main] c.v.limits.service.LoadLimitService - Load saved successfully: id=23059, customer=613
2025-02-10 17:46:56 INFO  [main] c.v.limits.service.LoadLimitService - Load accepted: id=23059, customer=613, amount=$3291.65
2025-02-10 17:46:56 DEBUG [main] c.v.limits.service.LoadLimitService - Processing load request: id=5233, customer=749, amount=$3692.08, time=2000-02-05T19:08Z
2025-02-10 17:46:56 DEBUG [main] c.v.limits.service.LoadLimitService - Checking limits for time=2000-02-05T19:08Z, startOfWeek=2000-01-31T00:00Z, endOfWeek=2000-02-06T23:59:59.999999999Z
2025-02-10 17:46:56 DEBUG [main] c.v.limits.service.LoadLimitService - Weekly total for customer=749: current=4786.41, new=8478.49, limit=20000.00
2025-02-10 17:46:56 DEBUG [main] c.v.limits.service.LoadLimitService - Load saved successfully: id=5233, customer=749
2025-02-10 17:46:56 INFO  [main] c.v.limits.service.LoadLimitService - Load accepted: id=5233, customer=749, amount=$3692.08
2025-02-10 17:46:56 DEBUG [main] c.v.limits.service.LoadLimitService - Processing load request: id=24137, customer=477, amount=$5107.43, time=2000-02-05T20:09:22Z
2025-02-10 17:46:56 DEBUG [main] c.v.limits.service.LoadLimitService - Checking limits for time=2000-02-05T20:09:22Z, startOfWeek=2000-01-31T00:00Z, endOfWeek=2000-02-06T23:59:59.999999999Z
2025-02-10 17:46:56 DEBUG [main] c.v.limits.service.LoadLimitService - Daily amount limit exceeded: customer=477, current=0, attempted=$5107.43
2025-02-10 17:46:56 WARN  [main] c.v.limits.service.LoadLimitService - Load rejected: id=24137, customer=477, amount=$5107.43 (limit exceeded)
2025-02-10 17:46:56 DEBUG [main] c.v.limits.service.LoadLimitService - Processing load request: id=8761, customer=681, amount=$78.89, time=2000-02-05T21:10:44Z
2025-02-10 17:46:56 DEBUG [main] c.v.limits.service.LoadLimitService - Checking limits for time=2000-02-05T21:10:44Z, startOfWeek=2000-01-31T00:00Z, endOfWeek=2000-02-06T23:59:59.999999999Z
2025-02-10 17:46:56 DEBUG [main] c.v.limits.service.LoadLimitService - Weekly total for customer=681: current=4496.64, new=4575.53, limit=20000.00
2025-02-10 17:46:56 DEBUG [main] c.v.limits.service.LoadLimitService - Load saved successfully: id=8761, customer=681
2025-02-10 17:46:56 INFO  [main] c.v.limits.service.LoadLimitService - Load accepted: id=8761, customer=681, amount=$78.89
2025-02-10 17:46:56 DEBUG [main] c.v.limits.service.LoadLimitService - Processing load request: id=17330, customer=358, amount=$1922.74, time=2000-02-05T22:12:06Z
2025-02-10 17:46:56 DEBUG [main] c.v.limits.service.LoadLimitService - Checking limits for time=2000-02-05T22:12:06Z, startOfWeek=2000-01-31T00:00Z, endOfWeek=2000-02-06T23:59:59.999999999Z
2025-02-10 17:46:56 DEBUG [main] c.v.limits.service.LoadLimitService - Weekly total for customer=358: current=12869.87, new=14792.61, limit=20000.00
2025-02-10 17:46:56 DEBUG [main] c.v.limits.service.LoadLimitService - Load saved successfully: id=17330, customer=358
2025-02-10 17:46:56 INFO  [main] c.v.limits.service.LoadLimitService - Load accepted: id=17330, customer=358, amount=$1922.74
2025-02-10 17:46:56 DEBUG [main] c.v.limits.service.LoadLimitService - Processing load request: id=13152, customer=511, amount=$5770.78, time=2000-02-05T23:13:28Z
2025-02-10 17:46:56 DEBUG [main] c.v.limits.service.LoadLimitService - Checking limits for time=2000-02-05T23:13:28Z, startOfWeek=2000-01-31T00:00Z, endOfWeek=2000-02-06T23:59:59.999999999Z
2025-02-10 17:46:56 DEBUG [main] c.v.limits.service.LoadLimitService - Daily amount limit exceeded: customer=511, current=0, attempted=$5770.78
2025-02-10 17:46:56 WARN  [main] c.v.limits.service.LoadLimitService - Load rejected: id=13152, customer=511, amount=$5770.78 (limit exceeded)
2025-02-10 17:46:56 DEBUG [main] c.v.limits.service.LoadLimitService - Processing load request: id=24413, customer=171, amount=$5120.78, time=2000-02-06T00:14:50Z
2025-02-10 17:46:56 DEBUG [main] c.v.limits.service.LoadLimitService - Checking limits for time=2000-02-06T00:14:50Z, startOfWeek=2000-01-31T00:00Z, endOfWeek=2000-02-06T23:59:59.999999999Z
2025-02-10 17:46:56 DEBUG [main] c.v.limits.service.LoadLimitService - Daily amount limit exceeded: customer=171, current=0, attempted=$5120.78
2025-02-10 17:46:56 WARN  [main] c.v.limits.service.LoadLimitService - Load rejected: id=24413, customer=171, amount=$5120.78 (limit exceeded)
2025-02-10 17:46:56 DEBUG [main] c.v.limits.service.LoadLimitService - Processing load request: id=26570, customer=443, amount=$4033.58, time=2000-02-06T01:16:12Z
2025-02-10 17:46:56 DEBUG [main] c.v.limits.service.LoadLimitService - Checking limits for time=2000-02-06T01:16:12Z, startOfWeek=2000-01-31T00:00Z, endOfWeek=2000-02-06T23:59:59.999999999Z
2025-02-10 17:46:56 DEBUG [main] c.v.limits.service.LoadLimitService - Weekly total for customer=443: current=3660.81, new=7694.39, limit=20000.00
2025-02-10 17:46:56 DEBUG [main] c.v.limits.service.LoadLimitService - Load saved successfully: id=26570, customer=443
2025-02-10 17:46:56 INFO  [main] c.v.limits.service.LoadLimitService - Load accepted: id=26570, customer=443, amount=$4033.58
2025-02-10 17:46:56 DEBUG [main] c.v.limits.service.LoadLimitService - Processing load request: id=18786, customer=137, amount=$991.03, time=2000-02-06T02:17:34Z
2025-02-10 17:46:56 DEBUG [main] c.v.limits.service.LoadLimitService - Checking limits for time=2000-02-06T02:17:34Z, startOfWeek=2000-01-31T00:00Z, endOfWeek=2000-02-06T23:59:59.999999999Z
2025-02-10 17:46:56 DEBUG [main] c.v.limits.service.LoadLimitService - Weekly total for customer=137: current=3344.65, new=4335.68, limit=20000.00
2025-02-10 17:46:56 DEBUG [main] c.v.limits.service.LoadLimitService - Load saved successfully: id=18786, customer=137
2025-02-10 17:46:56 INFO  [main] c.v.limits.service.LoadLimitService - Load accepted: id=18786, customer=137, amount=$991.03
2025-02-10 17:46:56 DEBUG [main] c.v.limits.service.LoadLimitService - Processing load request: id=4700, customer=18, amount=$1384.48, time=2000-02-06T03:18:56Z
2025-02-10 17:46:56 DEBUG [main] c.v.limits.service.LoadLimitService - Checking limits for time=2000-02-06T03:18:56Z, startOfWeek=2000-01-31T00:00Z, endOfWeek=2000-02-06T23:59:59.999999999Z
2025-02-10 17:46:56 DEBUG [main] c.v.limits.service.LoadLimitService - Weekly total for customer=18: current=0, new=1384.48, limit=20000.00
2025-02-10 17:46:56 DEBUG [main] c.v.limits.service.LoadLimitService - Load saved successfully: id=4700, customer=18
2025-02-10 17:46:56 INFO  [main] c.v.limits.service.LoadLimitService - Load accepted: id=4700, customer=18, amount=$1384.48
2025-02-10 17:46:56 DEBUG [main] c.v.limits.service.LoadLimitService - Processing load request: id=7112, customer=715, amount=$4961.63, time=2000-02-06T04:20:18Z
2025-02-10 17:46:56 DEBUG [main] c.v.limits.service.LoadLimitService - Checking limits for time=2000-02-06T04:20:18Z, startOfWeek=2000-01-31T00:00Z, endOfWeek=2000-02-06T23:59:59.999999999Z
2025-02-10 17:46:56 DEBUG [main] c.v.limits.service.LoadLimitService - Weekly total for customer=715: current=7947.02, new=12908.65, limit=20000.00
2025-02-10 17:46:56 DEBUG [main] c.v.limits.service.LoadLimitService - Load saved successfully: id=7112, customer=715
2025-02-10 17:46:56 INFO  [main] c.v.limits.service.LoadLimitService - Load accepted: id=7112, customer=715, amount=$4961.63
2025-02-10 17:46:56 DEBUG [main] c.v.limits.service.LoadLimitService - Processing load request: id=21587, customer=154, amount=$4892.63, time=2000-02-06T05:21:40Z
2025-02-10 17:46:56 DEBUG [main] c.v.limits.service.LoadLimitService - Checking limits for time=2000-02-06T05:21:40Z, startOfWeek=2000-01-31T00:00Z, endOfWeek=2000-02-06T23:59:59.999999999Z
2025-02-10 17:46:56 DEBUG [main] c.v.limits.service.LoadLimitService - Weekly total for customer=154: current=5970.18, new=10862.81, limit=20000.00
2025-02-10 17:46:56 DEBUG [main] c.v.limits.service.LoadLimitService - Load saved successfully: id=21587, customer=154
2025-02-10 17:46:56 INFO  [main] c.v.limits.service.LoadLimitService - Load accepted: id=21587, customer=154, amount=$4892.63
2025-02-10 17:46:56 DEBUG [main] c.v.limits.service.LoadLimitService - Processing load request: id=7518, customer=545, amount=$4358.85, time=2000-02-06T06:23:02Z
2025-02-10 17:46:56 DEBUG [main] c.v.limits.service.LoadLimitService - Checking limits for time=2000-02-06T06:23:02Z, startOfWeek=2000-01-31T00:00Z, endOfWeek=2000-02-06T23:59:59.999999999Z
2025-02-10 17:46:56 DEBUG [main] c.v.limits.service.LoadLimitService - Weekly total for customer=545: current=4033.32, new=8392.17, limit=20000.00
2025-02-10 17:46:56 DEBUG [main] c.v.limits.service.LoadLimitService - Load saved successfully: id=7518, customer=545
2025-02-10 17:46:56 INFO  [main] c.v.limits.service.LoadLimitService - Load accepted: id=7518, customer=545, amount=$4358.85
2025-02-10 17:46:56 DEBUG [main] c.v.limits.service.LoadLimitService - Processing load request: id=5574, customer=18, amount=$3497.45, time=2000-02-06T07:24:24Z
2025-02-10 17:46:56 DEBUG [main] c.v.limits.service.LoadLimitService - Checking limits for time=2000-02-06T07:24:24Z, startOfWeek=2000-01-31T00:00Z, endOfWeek=2000-02-06T23:59:59.999999999Z
2025-02-10 17:46:56 DEBUG [main] c.v.limits.service.LoadLimitService - Weekly total for customer=18: current=1384.48, new=4881.93, limit=20000.00
2025-02-10 17:46:56 DEBUG [main] c.v.limits.service.LoadLimitService - Load saved successfully: id=5574, customer=18
2025-02-10 17:46:56 INFO  [main] c.v.limits.service.LoadLimitService - Load accepted: id=5574, customer=18, amount=$3497.45
2025-02-10 17:46:56 DEBUG [main] c.v.limits.service.LoadLimitService - Processing load request: id=29242, customer=69, amount=$2103.50, time=2000-02-06T08:25:46Z
2025-02-10 17:46:56 DEBUG [main] c.v.limits.service.LoadLimitService - Checking limits for time=2000-02-06T08:25:46Z, startOfWeek=2000-01-31T00:00Z, endOfWeek=2000-02-06T23:59:59.999999999Z
2025-02-10 17:46:56 DEBUG [main] c.v.limits.service.LoadLimitService - Weekly total for customer=69: current=2566.04, new=4669.54, limit=20000.00
2025-02-10 17:46:56 DEBUG [main] c.v.limits.service.LoadLimitService - Load saved successfully: id=29242, customer=69
2025-02-10 17:46:56 INFO  [main] c.v.limits.service.LoadLimitService - Load accepted: id=29242, customer=69, amount=$2103.50
2025-02-10 17:46:56 DEBUG [main] c.v.limits.service.LoadLimitService - Processing load request: id=9788, customer=800, amount=$3588.55, time=2000-02-06T09:27:08Z
2025-02-10 17:46:56 DEBUG [main] c.v.limits.service.LoadLimitService - Checking limits for time=2000-02-06T09:27:08Z, startOfWeek=2000-01-31T00:00Z, endOfWeek=2000-02-06T23:59:59.999999999Z
2025-02-10 17:46:56 DEBUG [main] c.v.limits.service.LoadLimitService - Weekly total for customer=800: current=2487.25, new=6075.80, limit=20000.00
2025-02-10 17:46:56 DEBUG [main] c.v.limits.service.LoadLimitService - Load saved successfully: id=9788, customer=800
2025-02-10 17:46:56 INFO  [main] c.v.limits.service.LoadLimitService - Load accepted: id=9788, customer=800, amount=$3588.55
2025-02-10 17:46:56 DEBUG [main] c.v.limits.service.LoadLimitService - Processing load request: id=30772, customer=154, amount=$4132.05, time=2000-02-06T10:28:30Z
2025-02-10 17:46:56 DEBUG [main] c.v.limits.service.LoadLimitService - Checking limits for time=2000-02-06T10:28:30Z, startOfWeek=2000-01-31T00:00Z, endOfWeek=2000-02-06T23:59:59.999999999Z
2025-02-10 17:46:56 DEBUG [main] c.v.limits.service.LoadLimitService - Daily amount limit exceeded: customer=154, current=4892.63, attempted=$4132.05
2025-02-10 17:46:56 WARN  [main] c.v.limits.service.LoadLimitService - Load rejected: id=30772, customer=154, amount=$4132.05 (limit exceeded)
2025-02-10 17:46:56 DEBUG [main] c.v.limits.service.LoadLimitService - Processing load request: id=2965, customer=273, amount=$2215.40, time=2000-02-06T11:29:52Z
2025-02-10 17:46:56 DEBUG [main] c.v.limits.service.LoadLimitService - Checking limits for time=2000-02-06T11:29:52Z, startOfWeek=2000-01-31T00:00Z, endOfWeek=2000-02-06T23:59:59.999999999Z
2025-02-10 17:46:56 DEBUG [main] c.v.limits.service.LoadLimitService - Weekly total for customer=273: current=4983.38, new=7198.78, limit=20000.00
2025-02-10 17:46:56 DEBUG [main] c.v.limits.service.LoadLimitService - Load saved successfully: id=2965, customer=273
2025-02-10 17:46:56 INFO  [main] c.v.limits.service.LoadLimitService - Load accepted: id=2965, customer=273, amount=$2215.40
2025-02-10 17:46:56 DEBUG [main] c.v.limits.service.LoadLimitService - Processing load request: id=28880, customer=392, amount=$2162.56, time=2000-02-06T12:31:14Z
2025-02-10 17:46:56 DEBUG [main] c.v.limits.service.LoadLimitService - Checking limits for time=2000-02-06T12:31:14Z, startOfWeek=2000-01-31T00:00Z, endOfWeek=2000-02-06T23:59:59.999999999Z
2025-02-10 17:46:56 DEBUG [main] c.v.limits.service.LoadLimitService - Weekly total for customer=392: current=6229.05, new=8391.61, limit=20000.00
2025-02-10 17:46:56 DEBUG [main] c.v.limits.service.LoadLimitService - Load saved successfully: id=28880, customer=392
2025-02-10 17:46:56 INFO  [main] c.v.limits.service.LoadLimitService - Load accepted: id=28880, customer=392, amount=$2162.56
2025-02-10 17:46:56 DEBUG [main] c.v.limits.service.LoadLimitService - Processing load request: id=26621, customer=426, amount=$193.66, time=2000-02-06T13:32:36Z
2025-02-10 17:46:56 DEBUG [main] c.v.limits.service.LoadLimitService - Checking limits for time=2000-02-06T13:32:36Z, startOfWeek=2000-01-31T00:00Z, endOfWeek=2000-02-06T23:59:59.999999999Z
2025-02-10 17:46:56 DEBUG [main] c.v.limits.service.LoadLimitService - Weekly total for customer=426: current=2879.34, new=3073.00, limit=20000.00
2025-02-10 17:46:56 DEBUG [main] c.v.limits.service.LoadLimitService - Load saved successfully: id=26621, customer=426
2025-02-10 17:46:56 INFO  [main] c.v.limits.service.LoadLimitService - Load accepted: id=26621, customer=426, amount=$193.66
2025-02-10 17:46:56 DEBUG [main] c.v.limits.service.LoadLimitService - Processing load request: id=7219, customer=800, amount=$2352.03, time=2000-02-06T14:33:58Z
2025-02-10 17:46:56 DEBUG [main] c.v.limits.service.LoadLimitService - Checking limits for time=2000-02-06T14:33:58Z, startOfWeek=2000-01-31T00:00Z, endOfWeek=2000-02-06T23:59:59.999999999Z
2025-02-10 17:46:56 DEBUG [main] c.v.limits.service.LoadLimitService - Daily amount limit exceeded: customer=800, current=3588.55, attempted=$2352.03
2025-02-10 17:46:56 WARN  [main] c.v.limits.service.LoadLimitService - Load rejected: id=7219, customer=800, amount=$2352.03 (limit exceeded)
2025-02-10 17:46:56 DEBUG [main] c.v.limits.service.LoadLimitService - Processing load request: id=27818, customer=494, amount=$2806.31, time=2000-02-06T15:35:20Z
2025-02-10 17:46:56 DEBUG [main] c.v.limits.service.LoadLimitService - Checking limits for time=2000-02-06T15:35:20Z, startOfWeek=2000-01-31T00:00Z, endOfWeek=2000-02-06T23:59:59.999999999Z
2025-02-10 17:46:56 DEBUG [main] c.v.limits.service.LoadLimitService - Weekly total for customer=494: current=7383.82, new=10190.13, limit=20000.00
2025-02-10 17:46:56 DEBUG [main] c.v.limits.service.LoadLimitService - Load saved successfully: id=27818, customer=494
2025-02-10 17:46:56 INFO  [main] c.v.limits.service.LoadLimitService - Load accepted: id=27818, customer=494, amount=$2806.31
2025-02-10 17:46:56 DEBUG [main] c.v.limits.service.LoadLimitService - Processing load request: id=28444, customer=647, amount=$5798.31, time=2000-02-06T16:36:42Z
2025-02-10 17:46:56 DEBUG [main] c.v.limits.service.LoadLimitService - Checking limits for time=2000-02-06T16:36:42Z, startOfWeek=2000-01-31T00:00Z, endOfWeek=2000-02-06T23:59:59.999999999Z
2025-02-10 17:46:56 DEBUG [main] c.v.limits.service.LoadLimitService - Daily amount limit exceeded: customer=647, current=0, attempted=$5798.31
2025-02-10 17:46:56 WARN  [main] c.v.limits.service.LoadLimitService - Load rejected: id=28444, customer=647, amount=$5798.31 (limit exceeded)
2025-02-10 17:46:56 DEBUG [main] c.v.limits.service.LoadLimitService - Processing load request: id=20665, customer=171, amount=$4006.10, time=2000-02-06T17:38:04Z
2025-02-10 17:46:56 DEBUG [main] c.v.limits.service.LoadLimitService - Checking limits for time=2000-02-06T17:38:04Z, startOfWeek=2000-01-31T00:00Z, endOfWeek=2000-02-06T23:59:59.999999999Z
2025-02-10 17:46:56 DEBUG [main] c.v.limits.service.LoadLimitService - Weekly total for customer=171: current=0, new=4006.10, limit=20000.00
2025-02-10 17:46:56 DEBUG [main] c.v.limits.service.LoadLimitService - Load saved successfully: id=20665, customer=171
2025-02-10 17:46:56 INFO  [main] c.v.limits.service.LoadLimitService - Load accepted: id=20665, customer=171, amount=$4006.10
2025-02-10 17:46:56 DEBUG [main] c.v.limits.service.LoadLimitService - Processing load request: id=740, customer=188, amount=$102.82, time=2000-02-06T18:39:26Z
2025-02-10 17:46:56 DEBUG [main] c.v.limits.service.LoadLimitService - Checking limits for time=2000-02-06T18:39:26Z, startOfWeek=2000-01-31T00:00Z, endOfWeek=2000-02-06T23:59:59.999999999Z
2025-02-10 17:46:56 DEBUG [main] c.v.limits.service.LoadLimitService - Weekly total for customer=188: current=0, new=102.82, limit=20000.00
2025-02-10 17:46:56 DEBUG [main] c.v.limits.service.LoadLimitService - Load saved successfully: id=740, customer=188
2025-02-10 17:46:56 INFO  [main] c.v.limits.service.LoadLimitService - Load accepted: id=740, customer=188, amount=$102.82
2025-02-10 17:46:56 DEBUG [main] c.v.limits.service.LoadLimitService - Processing load request: id=4170, customer=392, amount=$5866.12, time=2000-02-06T19:40:48Z
2025-02-10 17:46:56 DEBUG [main] c.v.limits.service.LoadLimitService - Checking limits for time=2000-02-06T19:40:48Z, startOfWeek=2000-01-31T00:00Z, endOfWeek=2000-02-06T23:59:59.999999999Z
2025-02-10 17:46:56 DEBUG [main] c.v.limits.service.LoadLimitService - Daily amount limit exceeded: customer=392, current=2162.56, attempted=$5866.12
2025-02-10 17:46:56 WARN  [main] c.v.limits.service.LoadLimitService - Load rejected: id=4170, customer=392, amount=$5866.12 (limit exceeded)
2025-02-10 17:46:56 DEBUG [main] c.v.limits.service.LoadLimitService - Processing load request: id=4613, customer=273, amount=$5470.20, time=2000-02-06T20:42:10Z
2025-02-10 17:46:56 DEBUG [main] c.v.limits.service.LoadLimitService - Checking limits for time=2000-02-06T20:42:10Z, startOfWeek=2000-01-31T00:00Z, endOfWeek=2000-02-06T23:59:59.999999999Z
2025-02-10 17:46:56 DEBUG [main] c.v.limits.service.LoadLimitService - Daily amount limit exceeded: customer=273, current=2215.40, attempted=$5470.20
2025-02-10 17:46:56 WARN  [main] c.v.limits.service.LoadLimitService - Load rejected: id=4613, customer=273, amount=$5470.20 (limit exceeded)
2025-02-10 17:46:56 DEBUG [main] c.v.limits.service.LoadLimitService - Processing load request: id=7871, customer=290, amount=$4063.79, time=2000-02-06T21:43:32Z
2025-02-10 17:46:56 DEBUG [main] c.v.limits.service.LoadLimitService - Checking limits for time=2000-02-06T21:43:32Z, startOfWeek=2000-01-31T00:00Z, endOfWeek=2000-02-06T23:59:59.999999999Z
2025-02-10 17:46:56 DEBUG [main] c.v.limits.service.LoadLimitService - Weekly total for customer=290: current=6274.33, new=10338.12, limit=20000.00
2025-02-10 17:46:56 DEBUG [main] c.v.limits.service.LoadLimitService - Load saved successfully: id=7871, customer=290
2025-02-10 17:46:56 INFO  [main] c.v.limits.service.LoadLimitService - Load accepted: id=7871, customer=290, amount=$4063.79
2025-02-10 17:46:56 DEBUG [main] c.v.limits.service.LoadLimitService - Processing load request: id=20512, customer=443, amount=$5560.47, time=2000-02-06T22:44:54Z
2025-02-10 17:46:56 DEBUG [main] c.v.limits.service.LoadLimitService - Checking limits for time=2000-02-06T22:44:54Z, startOfWeek=2000-01-31T00:00Z, endOfWeek=2000-02-06T23:59:59.999999999Z
2025-02-10 17:46:56 DEBUG [main] c.v.limits.service.LoadLimitService - Daily amount limit exceeded: customer=443, current=4033.58, attempted=$5560.47
2025-02-10 17:46:56 WARN  [main] c.v.limits.service.LoadLimitService - Load rejected: id=20512, customer=443, amount=$5560.47 (limit exceeded)
2025-02-10 17:46:56 DEBUG [main] c.v.limits.service.LoadLimitService - Processing load request: id=14413, customer=426, amount=$4261.54, time=2000-02-06T23:46:16Z
2025-02-10 17:46:56 DEBUG [main] c.v.limits.service.LoadLimitService - Checking limits for time=2000-02-06T23:46:16Z, startOfWeek=2000-01-31T00:00Z, endOfWeek=2000-02-06T23:59:59.999999999Z
2025-02-10 17:46:56 DEBUG [main] c.v.limits.service.LoadLimitService - Weekly total for customer=426: current=3073.00, new=7334.54, limit=20000.00
2025-02-10 17:46:56 DEBUG [main] c.v.limits.service.LoadLimitService - Load saved successfully: id=14413, customer=426
2025-02-10 17:46:56 INFO  [main] c.v.limits.service.LoadLimitService - Load accepted: id=14413, customer=426, amount=$4261.54
2025-02-10 17:46:56 DEBUG [main] c.v.limits.service.LoadLimitService - Processing load request: id=18134, customer=154, amount=$805.61, time=2000-02-07T00:47:38Z
2025-02-10 17:46:56 DEBUG [main] c.v.limits.service.LoadLimitService - Checking limits for time=2000-02-07T00:47:38Z, startOfWeek=2000-02-07T00:00Z, endOfWeek=2000-02-13T23:59:59.999999999Z
2025-02-10 17:46:56 DEBUG [main] c.v.limits.service.LoadLimitService - Weekly total for customer=154: current=0, new=805.61, limit=20000.00
2025-02-10 17:46:56 DEBUG [main] c.v.limits.service.LoadLimitService - Load saved successfully: id=18134, customer=154
2025-02-10 17:46:56 INFO  [main] c.v.limits.service.LoadLimitService - Load accepted: id=18134, customer=154, amount=$805.61
2025-02-10 17:46:56 DEBUG [main] c.v.limits.service.LoadLimitService - Processing load request: id=8320, customer=664, amount=$2301.73, time=2000-02-07T01:49Z
2025-02-10 17:46:56 DEBUG [main] c.v.limits.service.LoadLimitService - Checking limits for time=2000-02-07T01:49Z, startOfWeek=2000-02-07T00:00Z, endOfWeek=2000-02-13T23:59:59.999999999Z
2025-02-10 17:46:56 DEBUG [main] c.v.limits.service.LoadLimitService - Weekly total for customer=664: current=0, new=2301.73, limit=20000.00
2025-02-10 17:46:56 DEBUG [main] c.v.limits.service.LoadLimitService - Load saved successfully: id=8320, customer=664
2025-02-10 17:46:56 INFO  [main] c.v.limits.service.LoadLimitService - Load accepted: id=8320, customer=664, amount=$2301.73
2025-02-10 17:46:56 DEBUG [main] c.v.limits.service.LoadLimitService - Processing load request: id=22235, customer=426, amount=$3229.46, time=2000-02-07T02:50:22Z
2025-02-10 17:46:56 DEBUG [main] c.v.limits.service.LoadLimitService - Checking limits for time=2000-02-07T02:50:22Z, startOfWeek=2000-02-07T00:00Z, endOfWeek=2000-02-13T23:59:59.999999999Z
2025-02-10 17:46:56 DEBUG [main] c.v.limits.service.LoadLimitService - Weekly total for customer=426: current=0, new=3229.46, limit=20000.00
2025-02-10 17:46:56 DEBUG [main] c.v.limits.service.LoadLimitService - Load saved successfully: id=22235, customer=426
2025-02-10 17:46:56 INFO  [main] c.v.limits.service.LoadLimitService - Load accepted: id=22235, customer=426, amount=$3229.46
2025-02-10 17:46:56 DEBUG [main] c.v.limits.service.LoadLimitService - Processing load request: id=163, customer=766, amount=$5359.54, time=2000-02-07T03:51:44Z
2025-02-10 17:46:56 DEBUG [main] c.v.limits.service.LoadLimitService - Checking limits for time=2000-02-07T03:51:44Z, startOfWeek=2000-02-07T00:00Z, endOfWeek=2000-02-13T23:59:59.999999999Z
2025-02-10 17:46:56 DEBUG [main] c.v.limits.service.LoadLimitService - Daily amount limit exceeded: customer=766, current=0, attempted=$5359.54
2025-02-10 17:46:56 WARN  [main] c.v.limits.service.LoadLimitService - Load rejected: id=163, customer=766, amount=$5359.54 (limit exceeded)
2025-02-10 17:46:56 DEBUG [main] c.v.limits.service.LoadLimitService - Processing load request: id=10442, customer=766, amount=$3187.97, time=2000-02-07T04:53:06Z
2025-02-10 17:46:56 DEBUG [main] c.v.limits.service.LoadLimitService - Checking limits for time=2000-02-07T04:53:06Z, startOfWeek=2000-02-07T00:00Z, endOfWeek=2000-02-13T23:59:59.999999999Z
2025-02-10 17:46:56 DEBUG [main] c.v.limits.service.LoadLimitService - Weekly total for customer=766: current=0, new=3187.97, limit=20000.00
2025-02-10 17:46:56 DEBUG [main] c.v.limits.service.LoadLimitService - Load saved successfully: id=10442, customer=766
2025-02-10 17:46:56 INFO  [main] c.v.limits.service.LoadLimitService - Load accepted: id=10442, customer=766, amount=$3187.97
2025-02-10 17:46:56 DEBUG [main] c.v.limits.service.LoadLimitService - Processing load request: id=16837, customer=477, amount=$5410.80, time=2000-02-07T05:54:28Z
2025-02-10 17:46:56 DEBUG [main] c.v.limits.service.LoadLimitService - Checking limits for time=2000-02-07T05:54:28Z, startOfWeek=2000-02-07T00:00Z, endOfWeek=2000-02-13T23:59:59.999999999Z
2025-02-10 17:46:56 DEBUG [main] c.v.limits.service.LoadLimitService - Daily amount limit exceeded: customer=477, current=0, attempted=$5410.80
2025-02-10 17:46:56 WARN  [main] c.v.limits.service.LoadLimitService - Load rejected: id=16837, customer=477, amount=$5410.80 (limit exceeded)
2025-02-10 17:46:56 DEBUG [main] c.v.limits.service.LoadLimitService - Processing load request: id=9533, customer=273, amount=$4404.70, time=2000-02-07T06:55:50Z
2025-02-10 17:46:56 DEBUG [main] c.v.limits.service.LoadLimitService - Checking limits for time=2000-02-07T06:55:50Z, startOfWeek=2000-02-07T00:00Z, endOfWeek=2000-02-13T23:59:59.999999999Z
2025-02-10 17:46:56 DEBUG [main] c.v.limits.service.LoadLimitService - Weekly total for customer=273: current=0, new=4404.70, limit=20000.00
2025-02-10 17:46:56 DEBUG [main] c.v.limits.service.LoadLimitService - Load saved successfully: id=9533, customer=273
2025-02-10 17:46:56 INFO  [main] c.v.limits.service.LoadLimitService - Load accepted: id=9533, customer=273, amount=$4404.70
2025-02-10 17:46:56 DEBUG [main] c.v.limits.service.LoadLimitService - Processing load request: id=21745, customer=613, amount=$495.36, time=2000-02-07T07:57:12Z
2025-02-10 17:46:56 DEBUG [main] c.v.limits.service.LoadLimitService - Checking limits for time=2000-02-07T07:57:12Z, startOfWeek=2000-02-07T00:00Z, endOfWeek=2000-02-13T23:59:59.999999999Z
2025-02-10 17:46:56 DEBUG [main] c.v.limits.service.LoadLimitService - Weekly total for customer=613: current=0, new=495.36, limit=20000.00
2025-02-10 17:46:56 DEBUG [main] c.v.limits.service.LoadLimitService - Load saved successfully: id=21745, customer=613
2025-02-10 17:46:56 INFO  [main] c.v.limits.service.LoadLimitService - Load accepted: id=21745, customer=613, amount=$495.36
2025-02-10 17:46:56 DEBUG [main] c.v.limits.service.LoadLimitService - Processing load request: id=11371, customer=511, amount=$3958.77, time=2000-02-07T08:58:34Z
2025-02-10 17:46:56 DEBUG [main] c.v.limits.service.LoadLimitService - Checking limits for time=2000-02-07T08:58:34Z, startOfWeek=2000-02-07T00:00Z, endOfWeek=2000-02-13T23:59:59.999999999Z
2025-02-10 17:46:56 DEBUG [main] c.v.limits.service.LoadLimitService - Weekly total for customer=511: current=0, new=3958.77, limit=20000.00
2025-02-10 17:46:56 DEBUG [main] c.v.limits.service.LoadLimitService - Load saved successfully: id=11371, customer=511
2025-02-10 17:46:56 INFO  [main] c.v.limits.service.LoadLimitService - Load accepted: id=11371, customer=511, amount=$3958.77
2025-02-10 17:46:56 DEBUG [main] c.v.limits.service.LoadLimitService - Processing load request: id=9742, customer=409, amount=$2664.06, time=2000-02-07T09:59:56Z
2025-02-10 17:46:56 DEBUG [main] c.v.limits.service.LoadLimitService - Checking limits for time=2000-02-07T09:59:56Z, startOfWeek=2000-02-07T00:00Z, endOfWeek=2000-02-13T23:59:59.999999999Z
2025-02-10 17:46:56 DEBUG [main] c.v.limits.service.LoadLimitService - Weekly total for customer=409: current=0, new=2664.06, limit=20000.00
2025-02-10 17:46:56 DEBUG [main] c.v.limits.service.LoadLimitService - Load saved successfully: id=9742, customer=409
2025-02-10 17:46:56 INFO  [main] c.v.limits.service.LoadLimitService - Load accepted: id=9742, customer=409, amount=$2664.06
2025-02-10 17:46:56 DEBUG [main] c.v.limits.service.LoadLimitService - Processing load request: id=10455, customer=222, amount=$3894.13, time=2000-02-07T11:01:18Z
2025-02-10 17:46:56 DEBUG [main] c.v.limits.service.LoadLimitService - Checking limits for time=2000-02-07T11:01:18Z, startOfWeek=2000-02-07T00:00Z, endOfWeek=2000-02-13T23:59:59.999999999Z
2025-02-10 17:46:56 DEBUG [main] c.v.limits.service.LoadLimitService - Weekly total for customer=222: current=0, new=3894.13, limit=20000.00
2025-02-10 17:46:56 DEBUG [main] c.v.limits.service.LoadLimitService - Load saved successfully: id=10455, customer=222
2025-02-10 17:46:56 INFO  [main] c.v.limits.service.LoadLimitService - Load accepted: id=10455, customer=222, amount=$3894.13
2025-02-10 17:46:56 DEBUG [main] c.v.limits.service.LoadLimitService - Processing load request: id=17178, customer=749, amount=$5496.43, time=2000-02-07T12:02:40Z
2025-02-10 17:46:56 DEBUG [main] c.v.limits.service.LoadLimitService - Checking limits for time=2000-02-07T12:02:40Z, startOfWeek=2000-02-07T00:00Z, endOfWeek=2000-02-13T23:59:59.999999999Z
2025-02-10 17:46:56 DEBUG [main] c.v.limits.service.LoadLimitService - Daily amount limit exceeded: customer=749, current=0, attempted=$5496.43
2025-02-10 17:46:56 WARN  [main] c.v.limits.service.LoadLimitService - Load rejected: id=17178, customer=749, amount=$5496.43 (limit exceeded)
2025-02-10 17:46:56 DEBUG [main] c.v.limits.service.LoadLimitService - Processing load request: id=25301, customer=834, amount=$3718.67, time=2000-02-07T13:04:02Z
2025-02-10 17:46:56 DEBUG [main] c.v.limits.service.LoadLimitService - Checking limits for time=2000-02-07T13:04:02Z, startOfWeek=2000-02-07T00:00Z, endOfWeek=2000-02-13T23:59:59.999999999Z
2025-02-10 17:46:56 DEBUG [main] c.v.limits.service.LoadLimitService - Weekly total for customer=834: current=0, new=3718.67, limit=20000.00
2025-02-10 17:46:56 DEBUG [main] c.v.limits.service.LoadLimitService - Load saved successfully: id=25301, customer=834
2025-02-10 17:46:56 INFO  [main] c.v.limits.service.LoadLimitService - Load accepted: id=25301, customer=834, amount=$3718.67
2025-02-10 17:46:56 DEBUG [main] c.v.limits.service.LoadLimitService - Processing load request: id=29011, customer=52, amount=$3167.06, time=2000-02-07T14:05:24Z
2025-02-10 17:46:56 DEBUG [main] c.v.limits.service.LoadLimitService - Checking limits for time=2000-02-07T14:05:24Z, startOfWeek=2000-02-07T00:00Z, endOfWeek=2000-02-13T23:59:59.999999999Z
2025-02-10 17:46:56 DEBUG [main] c.v.limits.service.LoadLimitService - Weekly total for customer=52: current=0, new=3167.06, limit=20000.00
2025-02-10 17:46:56 DEBUG [main] c.v.limits.service.LoadLimitService - Load saved successfully: id=29011, customer=52
2025-02-10 17:46:56 INFO  [main] c.v.limits.service.LoadLimitService - Load accepted: id=29011, customer=52, amount=$3167.06
2025-02-10 17:46:56 DEBUG [main] c.v.limits.service.LoadLimitService - Processing load request: id=25050, customer=460, amount=$24.77, time=2000-02-07T15:06:46Z
2025-02-10 17:46:56 DEBUG [main] c.v.limits.service.LoadLimitService - Checking limits for time=2000-02-07T15:06:46Z, startOfWeek=2000-02-07T00:00Z, endOfWeek=2000-02-13T23:59:59.999999999Z
2025-02-10 17:46:56 DEBUG [main] c.v.limits.service.LoadLimitService - Weekly total for customer=460: current=0, new=24.77, limit=20000.00
2025-02-10 17:46:56 DEBUG [main] c.v.limits.service.LoadLimitService - Load saved successfully: id=25050, customer=460
2025-02-10 17:46:56 INFO  [main] c.v.limits.service.LoadLimitService - Load accepted: id=25050, customer=460, amount=$24.77
2025-02-10 17:46:56 DEBUG [main] c.v.limits.service.LoadLimitService - Processing load request: id=9058, customer=613, amount=$3208.11, time=2000-02-07T16:08:08Z
2025-02-10 17:46:56 DEBUG [main] c.v.limits.service.LoadLimitService - Checking limits for time=2000-02-07T16:08:08Z, startOfWeek=2000-02-07T00:00Z, endOfWeek=2000-02-13T23:59:59.999999999Z
2025-02-10 17:46:56 DEBUG [main] c.v.limits.service.LoadLimitService - Weekly total for customer=613: current=495.36, new=3703.47, limit=20000.00
2025-02-10 17:46:56 DEBUG [main] c.v.limits.service.LoadLimitService - Load saved successfully: id=9058, customer=613
2025-02-10 17:46:56 INFO  [main] c.v.limits.service.LoadLimitService - Load accepted: id=9058, customer=613, amount=$3208.11
2025-02-10 17:46:56 DEBUG [main] c.v.limits.service.LoadLimitService - Processing load request: id=512, customer=137, amount=$5546.43, time=2000-02-07T17:09:30Z
2025-02-10 17:46:56 DEBUG [main] c.v.limits.service.LoadLimitService - Checking limits for time=2000-02-07T17:09:30Z, startOfWeek=2000-02-07T00:00Z, endOfWeek=2000-02-13T23:59:59.999999999Z
2025-02-10 17:46:56 DEBUG [main] c.v.limits.service.LoadLimitService - Daily amount limit exceeded: customer=137, current=0, attempted=$5546.43
2025-02-10 17:46:56 WARN  [main] c.v.limits.service.LoadLimitService - Load rejected: id=512, customer=137, amount=$5546.43 (limit exceeded)
2025-02-10 17:46:56 DEBUG [main] c.v.limits.service.LoadLimitService - Processing load request: id=17351, customer=1, amount=$1634.27, time=2000-02-07T18:10:52Z
2025-02-10 17:46:56 DEBUG [main] c.v.limits.service.LoadLimitService - Checking limits for time=2000-02-07T18:10:52Z, startOfWeek=2000-02-07T00:00Z, endOfWeek=2000-02-13T23:59:59.999999999Z
2025-02-10 17:46:56 DEBUG [main] c.v.limits.service.LoadLimitService - Weekly total for customer=1: current=0, new=1634.27, limit=20000.00
2025-02-10 17:46:56 DEBUG [main] c.v.limits.service.LoadLimitService - Load saved successfully: id=17351, customer=1
2025-02-10 17:46:56 INFO  [main] c.v.limits.service.LoadLimitService - Load accepted: id=17351, customer=1, amount=$1634.27
2025-02-10 17:46:56 DEBUG [main] c.v.limits.service.LoadLimitService - Processing load request: id=2740, customer=52, amount=$3669.57, time=2000-02-07T19:12:14Z
2025-02-10 17:46:56 DEBUG [main] c.v.limits.service.LoadLimitService - Checking limits for time=2000-02-07T19:12:14Z, startOfWeek=2000-02-07T00:00Z, endOfWeek=2000-02-13T23:59:59.999999999Z
2025-02-10 17:46:56 DEBUG [main] c.v.limits.service.LoadLimitService - Daily amount limit exceeded: customer=52, current=3167.06, attempted=$3669.57
2025-02-10 17:46:56 WARN  [main] c.v.limits.service.LoadLimitService - Load rejected: id=2740, customer=52, amount=$3669.57 (limit exceeded)
2025-02-10 17:46:56 DEBUG [main] c.v.limits.service.LoadLimitService - Processing load request: id=28489, customer=698, amount=$4655.91, time=2000-02-07T20:13:36Z
2025-02-10 17:46:56 DEBUG [main] c.v.limits.service.LoadLimitService - Checking limits for time=2000-02-07T20:13:36Z, startOfWeek=2000-02-07T00:00Z, endOfWeek=2000-02-13T23:59:59.999999999Z
2025-02-10 17:46:56 DEBUG [main] c.v.limits.service.LoadLimitService - Weekly total for customer=698: current=0, new=4655.91, limit=20000.00
2025-02-10 17:46:56 DEBUG [main] c.v.limits.service.LoadLimitService - Load saved successfully: id=28489, customer=698
2025-02-10 17:46:56 INFO  [main] c.v.limits.service.LoadLimitService - Load accepted: id=28489, customer=698, amount=$4655.91
2025-02-10 17:46:56 DEBUG [main] c.v.limits.service.LoadLimitService - Processing load request: id=13364, customer=579, amount=$5788.67, time=2000-02-07T21:14:58Z
2025-02-10 17:46:56 DEBUG [main] c.v.limits.service.LoadLimitService - Checking limits for time=2000-02-07T21:14:58Z, startOfWeek=2000-02-07T00:00Z, endOfWeek=2000-02-13T23:59:59.999999999Z
2025-02-10 17:46:56 DEBUG [main] c.v.limits.service.LoadLimitService - Daily amount limit exceeded: customer=579, current=0, attempted=$5788.67
2025-02-10 17:46:56 WARN  [main] c.v.limits.service.LoadLimitService - Load rejected: id=13364, customer=579, amount=$5788.67 (limit exceeded)
2025-02-10 17:46:56 DEBUG [main] c.v.limits.service.LoadLimitService - Processing load request: id=13350, customer=222, amount=$1065.04, time=2000-02-07T22:16:20Z
2025-02-10 17:46:56 DEBUG [main] c.v.limits.service.LoadLimitService - Checking limits for time=2000-02-07T22:16:20Z, startOfWeek=2000-02-07T00:00Z, endOfWeek=2000-02-13T23:59:59.999999999Z
2025-02-10 17:46:56 DEBUG [main] c.v.limits.service.LoadLimitService - Weekly total for customer=222: current=3894.13, new=4959.17, limit=20000.00
2025-02-10 17:46:56 DEBUG [main] c.v.limits.service.LoadLimitService - Load saved successfully: id=13350, customer=222
2025-02-10 17:46:56 INFO  [main] c.v.limits.service.LoadLimitService - Load accepted: id=13350, customer=222, amount=$1065.04
2025-02-10 17:46:56 DEBUG [main] c.v.limits.service.LoadLimitService - Processing load request: id=15422, customer=715, amount=$3823.67, time=2000-02-07T23:17:42Z
2025-02-10 17:46:56 DEBUG [main] c.v.limits.service.LoadLimitService - Checking limits for time=2000-02-07T23:17:42Z, startOfWeek=2000-02-07T00:00Z, endOfWeek=2000-02-13T23:59:59.999999999Z
2025-02-10 17:46:56 DEBUG [main] c.v.limits.service.LoadLimitService - Weekly total for customer=715: current=0, new=3823.67, limit=20000.00
2025-02-10 17:46:56 DEBUG [main] c.v.limits.service.LoadLimitService - Load saved successfully: id=15422, customer=715
2025-02-10 17:46:56 INFO  [main] c.v.limits.service.LoadLimitService - Load accepted: id=15422, customer=715, amount=$3823.67
2025-02-10 17:46:56 DEBUG [main] c.v.limits.service.LoadLimitService - Processing load request: id=17031, customer=681, amount=$1657.34, time=2000-02-08T00:19:04Z
2025-02-10 17:46:56 DEBUG [main] c.v.limits.service.LoadLimitService - Checking limits for time=2000-02-08T00:19:04Z, startOfWeek=2000-02-07T00:00Z, endOfWeek=2000-02-13T23:59:59.999999999Z
2025-02-10 17:46:56 DEBUG [main] c.v.limits.service.LoadLimitService - Weekly total for customer=681: current=0, new=1657.34, limit=20000.00
2025-02-10 17:46:56 DEBUG [main] c.v.limits.service.LoadLimitService - Load saved successfully: id=17031, customer=681
2025-02-10 17:46:56 INFO  [main] c.v.limits.service.LoadLimitService - Load accepted: id=17031, customer=681, amount=$1657.34
2025-02-10 17:46:56 DEBUG [main] c.v.limits.service.LoadLimitService - Processing load request: id=10259, customer=103, amount=$1845.73, time=2000-02-08T01:20:26Z
2025-02-10 17:46:56 DEBUG [main] c.v.limits.service.LoadLimitService - Checking limits for time=2000-02-08T01:20:26Z, startOfWeek=2000-02-07T00:00Z, endOfWeek=2000-02-13T23:59:59.999999999Z
2025-02-10 17:46:56 DEBUG [main] c.v.limits.service.LoadLimitService - Weekly total for customer=103: current=0, new=1845.73, limit=20000.00
2025-02-10 17:46:56 DEBUG [main] c.v.limits.service.LoadLimitService - Load saved successfully: id=10259, customer=103
2025-02-10 17:46:56 INFO  [main] c.v.limits.service.LoadLimitService - Load accepted: id=10259, customer=103, amount=$1845.73
2025-02-10 17:46:56 DEBUG [main] c.v.limits.service.LoadLimitService - Processing load request: id=13290, customer=817, amount=$173.70, time=2000-02-08T02:21:48Z
2025-02-10 17:46:56 DEBUG [main] c.v.limits.service.LoadLimitService - Checking limits for time=2000-02-08T02:21:48Z, startOfWeek=2000-02-07T00:00Z, endOfWeek=2000-02-13T23:59:59.999999999Z
2025-02-10 17:46:56 DEBUG [main] c.v.limits.service.LoadLimitService - Weekly total for customer=817: current=0, new=173.70, limit=20000.00
2025-02-10 17:46:56 DEBUG [main] c.v.limits.service.LoadLimitService - Load saved successfully: id=13290, customer=817
2025-02-10 17:46:56 INFO  [main] c.v.limits.service.LoadLimitService - Load accepted: id=13290, customer=817, amount=$173.70
2025-02-10 17:46:56 DEBUG [main] c.v.limits.service.LoadLimitService - Processing load request: id=5325, customer=188, amount=$2048.46, time=2000-02-08T03:23:10Z
2025-02-10 17:46:56 DEBUG [main] c.v.limits.service.LoadLimitService - Checking limits for time=2000-02-08T03:23:10Z, startOfWeek=2000-02-07T00:00Z, endOfWeek=2000-02-13T23:59:59.999999999Z
2025-02-10 17:46:56 DEBUG [main] c.v.limits.service.LoadLimitService - Weekly total for customer=188: current=0, new=2048.46, limit=20000.00
2025-02-10 17:46:56 DEBUG [main] c.v.limits.service.LoadLimitService - Load saved successfully: id=5325, customer=188
2025-02-10 17:46:56 INFO  [main] c.v.limits.service.LoadLimitService - Load accepted: id=5325, customer=188, amount=$2048.46
2025-02-10 17:46:56 DEBUG [main] c.v.limits.service.LoadLimitService - Processing load request: id=2173, customer=681, amount=$5009.85, time=2000-02-08T04:24:32Z
2025-02-10 17:46:56 DEBUG [main] c.v.limits.service.LoadLimitService - Checking limits for time=2000-02-08T04:24:32Z, startOfWeek=2000-02-07T00:00Z, endOfWeek=2000-02-13T23:59:59.999999999Z
2025-02-10 17:46:56 DEBUG [main] c.v.limits.service.LoadLimitService - Daily amount limit exceeded: customer=681, current=1657.34, attempted=$5009.85
2025-02-10 17:46:56 WARN  [main] c.v.limits.service.LoadLimitService - Load rejected: id=2173, customer=681, amount=$5009.85 (limit exceeded)
2025-02-10 17:46:56 DEBUG [main] c.v.limits.service.LoadLimitService - Processing load request: id=17701, customer=341, amount=$2869.91, time=2000-02-08T05:25:54Z
2025-02-10 17:46:56 DEBUG [main] c.v.limits.service.LoadLimitService - Checking limits for time=2000-02-08T05:25:54Z, startOfWeek=2000-02-07T00:00Z, endOfWeek=2000-02-13T23:59:59.999999999Z
2025-02-10 17:46:56 DEBUG [main] c.v.limits.service.LoadLimitService - Weekly total for customer=341: current=0, new=2869.91, limit=20000.00
2025-02-10 17:46:56 DEBUG [main] c.v.limits.service.LoadLimitService - Load saved successfully: id=17701, customer=341
2025-02-10 17:46:56 INFO  [main] c.v.limits.service.LoadLimitService - Load accepted: id=17701, customer=341, amount=$2869.91
2025-02-10 17:46:56 DEBUG [main] c.v.limits.service.LoadLimitService - Processing load request: id=9307, customer=528, amount=$5264.04, time=2000-02-08T06:27:16Z
2025-02-10 17:46:56 DEBUG [main] c.v.limits.service.LoadLimitService - Checking limits for time=2000-02-08T06:27:16Z, startOfWeek=2000-02-07T00:00Z, endOfWeek=2000-02-13T23:59:59.999999999Z
2025-02-10 17:46:56 DEBUG [main] c.v.limits.service.LoadLimitService - Daily amount limit exceeded: customer=528, current=0, attempted=$5264.04
2025-02-10 17:46:56 WARN  [main] c.v.limits.service.LoadLimitService - Load rejected: id=9307, customer=528, amount=$5264.04 (limit exceeded)
2025-02-10 17:46:56 DEBUG [main] c.v.limits.service.LoadLimitService - Processing load request: id=30826, customer=647, amount=$5292.96, time=2000-02-08T07:28:38Z
2025-02-10 17:46:56 DEBUG [main] c.v.limits.service.LoadLimitService - Checking limits for time=2000-02-08T07:28:38Z, startOfWeek=2000-02-07T00:00Z, endOfWeek=2000-02-13T23:59:59.999999999Z
2025-02-10 17:46:56 DEBUG [main] c.v.limits.service.LoadLimitService - Daily amount limit exceeded: customer=647, current=0, attempted=$5292.96
2025-02-10 17:46:56 WARN  [main] c.v.limits.service.LoadLimitService - Load rejected: id=30826, customer=647, amount=$5292.96 (limit exceeded)
2025-02-10 17:46:56 DEBUG [main] c.v.limits.service.LoadLimitService - Processing load request: id=14467, customer=154, amount=$4866.68, time=2000-02-08T08:30Z
2025-02-10 17:46:56 DEBUG [main] c.v.limits.service.LoadLimitService - Checking limits for time=2000-02-08T08:30Z, startOfWeek=2000-02-07T00:00Z, endOfWeek=2000-02-13T23:59:59.999999999Z
2025-02-10 17:46:56 DEBUG [main] c.v.limits.service.LoadLimitService - Weekly total for customer=154: current=805.61, new=5672.29, limit=20000.00
2025-02-10 17:46:56 DEBUG [main] c.v.limits.service.LoadLimitService - Load saved successfully: id=14467, customer=154
2025-02-10 17:46:56 INFO  [main] c.v.limits.service.LoadLimitService - Load accepted: id=14467, customer=154, amount=$4866.68
2025-02-10 17:46:56 DEBUG [main] c.v.limits.service.LoadLimitService - Processing load request: id=29513, customer=86, amount=$3121.26, time=2000-02-08T09:31:22Z
2025-02-10 17:46:56 DEBUG [main] c.v.limits.service.LoadLimitService - Checking limits for time=2000-02-08T09:31:22Z, startOfWeek=2000-02-07T00:00Z, endOfWeek=2000-02-13T23:59:59.999999999Z
2025-02-10 17:46:56 DEBUG [main] c.v.limits.service.LoadLimitService - Weekly total for customer=86: current=0, new=3121.26, limit=20000.00
2025-02-10 17:46:56 DEBUG [main] c.v.limits.service.LoadLimitService - Load saved successfully: id=29513, customer=86
2025-02-10 17:46:56 INFO  [main] c.v.limits.service.LoadLimitService - Load accepted: id=29513, customer=86, amount=$3121.26
2025-02-10 17:46:56 DEBUG [main] c.v.limits.service.LoadLimitService - Processing load request: id=15020, customer=18, amount=$555.94, time=2000-02-08T10:32:44Z
2025-02-10 17:46:56 DEBUG [main] c.v.limits.service.LoadLimitService - Checking limits for time=2000-02-08T10:32:44Z, startOfWeek=2000-02-07T00:00Z, endOfWeek=2000-02-13T23:59:59.999999999Z
2025-02-10 17:46:56 DEBUG [main] c.v.limits.service.LoadLimitService - Weekly total for customer=18: current=0, new=555.94, limit=20000.00
2025-02-10 17:46:56 DEBUG [main] c.v.limits.service.LoadLimitService - Load saved successfully: id=15020, customer=18
2025-02-10 17:46:56 INFO  [main] c.v.limits.service.LoadLimitService - Load accepted: id=15020, customer=18, amount=$555.94
2025-02-10 17:46:56 DEBUG [main] c.v.limits.service.LoadLimitService - Processing load request: id=905, customer=103, amount=$4412.67, time=2000-02-08T11:34:06Z
2025-02-10 17:46:56 DEBUG [main] c.v.limits.service.LoadLimitService - Checking limits for time=2000-02-08T11:34:06Z, startOfWeek=2000-02-07T00:00Z, endOfWeek=2000-02-13T23:59:59.999999999Z
2025-02-10 17:46:56 DEBUG [main] c.v.limits.service.LoadLimitService - Daily amount limit exceeded: customer=103, current=1845.73, attempted=$4412.67
2025-02-10 17:46:56 WARN  [main] c.v.limits.service.LoadLimitService - Load rejected: id=905, customer=103, amount=$4412.67 (limit exceeded)
2025-02-10 17:46:56 DEBUG [main] c.v.limits.service.LoadLimitService - Processing load request: id=25796, customer=511, amount=$4903.59, time=2000-02-08T12:35:28Z
2025-02-10 17:46:56 DEBUG [main] c.v.limits.service.LoadLimitService - Checking limits for time=2000-02-08T12:35:28Z, startOfWeek=2000-02-07T00:00Z, endOfWeek=2000-02-13T23:59:59.999999999Z
2025-02-10 17:46:56 DEBUG [main] c.v.limits.service.LoadLimitService - Weekly total for customer=511: current=3958.77, new=8862.36, limit=20000.00
2025-02-10 17:46:56 DEBUG [main] c.v.limits.service.LoadLimitService - Load saved successfully: id=25796, customer=511
2025-02-10 17:46:56 INFO  [main] c.v.limits.service.LoadLimitService - Load accepted: id=25796, customer=511, amount=$4903.59
2025-02-10 17:46:56 DEBUG [main] c.v.limits.service.LoadLimitService - Processing load request: id=15279, customer=562, amount=$1797.50, time=2000-02-08T13:36:50Z
2025-02-10 17:46:56 DEBUG [main] c.v.limits.service.LoadLimitService - Checking limits for time=2000-02-08T13:36:50Z, startOfWeek=2000-02-07T00:00Z, endOfWeek=2000-02-13T23:59:59.999999999Z
2025-02-10 17:46:56 DEBUG [main] c.v.limits.service.LoadLimitService - Weekly total for customer=562: current=0, new=1797.50, limit=20000.00
2025-02-10 17:46:56 DEBUG [main] c.v.limits.service.LoadLimitService - Load saved successfully: id=15279, customer=562
2025-02-10 17:46:56 INFO  [main] c.v.limits.service.LoadLimitService - Load accepted: id=15279, customer=562, amount=$1797.50
2025-02-10 17:46:56 DEBUG [main] c.v.limits.service.LoadLimitService - Processing load request: id=7431, customer=545, amount=$1449.03, time=2000-02-08T14:38:12Z
2025-02-10 17:46:56 DEBUG [main] c.v.limits.service.LoadLimitService - Checking limits for time=2000-02-08T14:38:12Z, startOfWeek=2000-02-07T00:00Z, endOfWeek=2000-02-13T23:59:59.999999999Z
2025-02-10 17:46:56 DEBUG [main] c.v.limits.service.LoadLimitService - Weekly total for customer=545: current=0, new=1449.03, limit=20000.00
2025-02-10 17:46:56 DEBUG [main] c.v.limits.service.LoadLimitService - Load saved successfully: id=7431, customer=545
2025-02-10 17:46:56 INFO  [main] c.v.limits.service.LoadLimitService - Load accepted: id=7431, customer=545, amount=$1449.03
2025-02-10 17:46:56 DEBUG [main] c.v.limits.service.LoadLimitService - Processing load request: id=10382, customer=732, amount=$754.99, time=2000-02-08T15:39:34Z
2025-02-10 17:46:56 DEBUG [main] c.v.limits.service.LoadLimitService - Checking limits for time=2000-02-08T15:39:34Z, startOfWeek=2000-02-07T00:00Z, endOfWeek=2000-02-13T23:59:59.999999999Z
2025-02-10 17:46:56 DEBUG [main] c.v.limits.service.LoadLimitService - Weekly total for customer=732: current=0, new=754.99, limit=20000.00
2025-02-10 17:46:56 DEBUG [main] c.v.limits.service.LoadLimitService - Load saved successfully: id=10382, customer=732
2025-02-10 17:46:56 INFO  [main] c.v.limits.service.LoadLimitService - Load accepted: id=10382, customer=732, amount=$754.99
2025-02-10 17:46:56 DEBUG [main] c.v.limits.service.LoadLimitService - Processing load request: id=26366, customer=52, amount=$3771.16, time=2000-02-08T16:40:56Z
2025-02-10 17:46:56 DEBUG [main] c.v.limits.service.LoadLimitService - Checking limits for time=2000-02-08T16:40:56Z, startOfWeek=2000-02-07T00:00Z, endOfWeek=2000-02-13T23:59:59.999999999Z
2025-02-10 17:46:56 DEBUG [main] c.v.limits.service.LoadLimitService - Weekly total for customer=52: current=3167.06, new=6938.22, limit=20000.00
2025-02-10 17:46:56 DEBUG [main] c.v.limits.service.LoadLimitService - Load saved successfully: id=26366, customer=52
2025-02-10 17:46:56 INFO  [main] c.v.limits.service.LoadLimitService - Load accepted: id=26366, customer=52, amount=$3771.16
2025-02-10 17:46:56 DEBUG [main] c.v.limits.service.LoadLimitService - Processing load request: id=17952, customer=732, amount=$2792.83, time=2000-02-08T17:42:18Z
2025-02-10 17:46:56 DEBUG [main] c.v.limits.service.LoadLimitService - Checking limits for time=2000-02-08T17:42:18Z, startOfWeek=2000-02-07T00:00Z, endOfWeek=2000-02-13T23:59:59.999999999Z
2025-02-10 17:46:56 DEBUG [main] c.v.limits.service.LoadLimitService - Weekly total for customer=732: current=754.99, new=3547.82, limit=20000.00
2025-02-10 17:46:56 DEBUG [main] c.v.limits.service.LoadLimitService - Load saved successfully: id=17952, customer=732
2025-02-10 17:46:56 INFO  [main] c.v.limits.service.LoadLimitService - Load accepted: id=17952, customer=732, amount=$2792.83
2025-02-10 17:46:56 DEBUG [main] c.v.limits.service.LoadLimitService - Processing load request: id=29268, customer=324, amount=$1197.43, time=2000-02-08T18:43:40Z
2025-02-10 17:46:56 DEBUG [main] c.v.limits.service.LoadLimitService - Checking limits for time=2000-02-08T18:43:40Z, startOfWeek=2000-02-07T00:00Z, endOfWeek=2000-02-13T23:59:59.999999999Z
2025-02-10 17:46:56 DEBUG [main] c.v.limits.service.LoadLimitService - Weekly total for customer=324: current=0, new=1197.43, limit=20000.00
2025-02-10 17:46:56 DEBUG [main] c.v.limits.service.LoadLimitService - Load saved successfully: id=29268, customer=324
2025-02-10 17:46:56 INFO  [main] c.v.limits.service.LoadLimitService - Load accepted: id=29268, customer=324, amount=$1197.43
2025-02-10 17:46:56 DEBUG [main] c.v.limits.service.LoadLimitService - Processing load request: id=11673, customer=443, amount=$3393.48, time=2000-02-08T19:45:02Z
2025-02-10 17:46:56 DEBUG [main] c.v.limits.service.LoadLimitService - Checking limits for time=2000-02-08T19:45:02Z, startOfWeek=2000-02-07T00:00Z, endOfWeek=2000-02-13T23:59:59.999999999Z
2025-02-10 17:46:56 DEBUG [main] c.v.limits.service.LoadLimitService - Weekly total for customer=443: current=0, new=3393.48, limit=20000.00
2025-02-10 17:46:56 DEBUG [main] c.v.limits.service.LoadLimitService - Load saved successfully: id=11673, customer=443
2025-02-10 17:46:56 INFO  [main] c.v.limits.service.LoadLimitService - Load accepted: id=11673, customer=443, amount=$3393.48
2025-02-10 17:46:56 DEBUG [main] c.v.limits.service.LoadLimitService - Processing load request: id=1925, customer=732, amount=$5499.91, time=2000-02-08T20:46:24Z
2025-02-10 17:46:56 DEBUG [main] c.v.limits.service.LoadLimitService - Checking limits for time=2000-02-08T20:46:24Z, startOfWeek=2000-02-07T00:00Z, endOfWeek=2000-02-13T23:59:59.999999999Z
2025-02-10 17:46:56 DEBUG [main] c.v.limits.service.LoadLimitService - Daily amount limit exceeded: customer=732, current=3547.82, attempted=$5499.91
2025-02-10 17:46:56 WARN  [main] c.v.limits.service.LoadLimitService - Load rejected: id=1925, customer=732, amount=$5499.91 (limit exceeded)
2025-02-10 17:46:56 DEBUG [main] c.v.limits.service.LoadLimitService - Processing load request: id=10055, customer=460, amount=$2671.07, time=2000-02-08T21:47:46Z
2025-02-10 17:46:56 DEBUG [main] c.v.limits.service.LoadLimitService - Checking limits for time=2000-02-08T21:47:46Z, startOfWeek=2000-02-07T00:00Z, endOfWeek=2000-02-13T23:59:59.999999999Z
2025-02-10 17:46:56 DEBUG [main] c.v.limits.service.LoadLimitService - Weekly total for customer=460: current=24.77, new=2695.84, limit=20000.00
2025-02-10 17:46:56 DEBUG [main] c.v.limits.service.LoadLimitService - Load saved successfully: id=10055, customer=460
2025-02-10 17:46:56 INFO  [main] c.v.limits.service.LoadLimitService - Load accepted: id=10055, customer=460, amount=$2671.07
2025-02-10 17:46:56 DEBUG [main] c.v.limits.service.LoadLimitService - Processing load request: id=2200, customer=800, amount=$4344.73, time=2000-02-08T22:49:08Z
2025-02-10 17:46:56 DEBUG [main] c.v.limits.service.LoadLimitService - Checking limits for time=2000-02-08T22:49:08Z, startOfWeek=2000-02-07T00:00Z, endOfWeek=2000-02-13T23:59:59.999999999Z
2025-02-10 17:46:56 DEBUG [main] c.v.limits.service.LoadLimitService - Weekly total for customer=800: current=0, new=4344.73, limit=20000.00
2025-02-10 17:46:56 DEBUG [main] c.v.limits.service.LoadLimitService - Load saved successfully: id=2200, customer=800
2025-02-10 17:46:56 INFO  [main] c.v.limits.service.LoadLimitService - Load accepted: id=2200, customer=800, amount=$4344.73
2025-02-10 17:46:56 DEBUG [main] c.v.limits.service.LoadLimitService - Processing load request: id=3828, customer=86, amount=$3957.68, time=2000-02-08T23:50:30Z
2025-02-10 17:46:56 DEBUG [main] c.v.limits.service.LoadLimitService - Checking limits for time=2000-02-08T23:50:30Z, startOfWeek=2000-02-07T00:00Z, endOfWeek=2000-02-13T23:59:59.999999999Z
2025-02-10 17:46:56 DEBUG [main] c.v.limits.service.LoadLimitService - Daily amount limit exceeded: customer=86, current=3121.26, attempted=$3957.68
2025-02-10 17:46:56 WARN  [main] c.v.limits.service.LoadLimitService - Load rejected: id=3828, customer=86, amount=$3957.68 (limit exceeded)
2025-02-10 17:46:56 DEBUG [main] c.v.limits.service.LoadLimitService - Processing load request: id=17646, customer=681, amount=$4977.47, time=2000-02-09T00:51:52Z
2025-02-10 17:46:56 DEBUG [main] c.v.limits.service.LoadLimitService - Checking limits for time=2000-02-09T00:51:52Z, startOfWeek=2000-02-07T00:00Z, endOfWeek=2000-02-13T23:59:59.999999999Z
2025-02-10 17:46:56 DEBUG [main] c.v.limits.service.LoadLimitService - Weekly total for customer=681: current=1657.34, new=6634.81, limit=20000.00
2025-02-10 17:46:56 DEBUG [main] c.v.limits.service.LoadLimitService - Load saved successfully: id=17646, customer=681
2025-02-10 17:46:56 INFO  [main] c.v.limits.service.LoadLimitService - Load accepted: id=17646, customer=681, amount=$4977.47
2025-02-10 17:46:56 DEBUG [main] c.v.limits.service.LoadLimitService - Processing load request: id=30766, customer=35, amount=$3707.55, time=2000-02-09T01:53:14Z
2025-02-10 17:46:56 DEBUG [main] c.v.limits.service.LoadLimitService - Checking limits for time=2000-02-09T01:53:14Z, startOfWeek=2000-02-07T00:00Z, endOfWeek=2000-02-13T23:59:59.999999999Z
2025-02-10 17:46:56 DEBUG [main] c.v.limits.service.LoadLimitService - Weekly total for customer=35: current=0, new=3707.55, limit=20000.00
2025-02-10 17:46:56 DEBUG [main] c.v.limits.service.LoadLimitService - Load saved successfully: id=30766, customer=35
2025-02-10 17:46:56 INFO  [main] c.v.limits.service.LoadLimitService - Load accepted: id=30766, customer=35, amount=$3707.55
2025-02-10 17:46:56 DEBUG [main] c.v.limits.service.LoadLimitService - Processing load request: id=4130, customer=800, amount=$5600.66, time=2000-02-09T02:54:36Z
2025-02-10 17:46:56 DEBUG [main] c.v.limits.service.LoadLimitService - Checking limits for time=2000-02-09T02:54:36Z, startOfWeek=2000-02-07T00:00Z, endOfWeek=2000-02-13T23:59:59.999999999Z
2025-02-10 17:46:56 DEBUG [main] c.v.limits.service.LoadLimitService - Daily amount limit exceeded: customer=800, current=0, attempted=$5600.66
2025-02-10 17:46:56 WARN  [main] c.v.limits.service.LoadLimitService - Load rejected: id=4130, customer=800, amount=$5600.66 (limit exceeded)
2025-02-10 17:46:56 DEBUG [main] c.v.limits.service.LoadLimitService - Processing load request: id=6091, customer=732, amount=$4665.30, time=2000-02-09T03:55:58Z
2025-02-10 17:46:56 DEBUG [main] c.v.limits.service.LoadLimitService - Checking limits for time=2000-02-09T03:55:58Z, startOfWeek=2000-02-07T00:00Z, endOfWeek=2000-02-13T23:59:59.999999999Z
2025-02-10 17:46:56 DEBUG [main] c.v.limits.service.LoadLimitService - Weekly total for customer=732: current=3547.82, new=8213.12, limit=20000.00
2025-02-10 17:46:56 DEBUG [main] c.v.limits.service.LoadLimitService - Load saved successfully: id=6091, customer=732
2025-02-10 17:46:56 INFO  [main] c.v.limits.service.LoadLimitService - Load accepted: id=6091, customer=732, amount=$4665.30
2025-02-10 17:46:56 DEBUG [main] c.v.limits.service.LoadLimitService - Processing load request: id=1982, customer=256, amount=$5493.03, time=2000-02-09T04:57:20Z
2025-02-10 17:46:56 DEBUG [main] c.v.limits.service.LoadLimitService - Checking limits for time=2000-02-09T04:57:20Z, startOfWeek=2000-02-07T00:00Z, endOfWeek=2000-02-13T23:59:59.999999999Z
2025-02-10 17:46:56 DEBUG [main] c.v.limits.service.LoadLimitService - Daily amount limit exceeded: customer=256, current=0, attempted=$5493.03
2025-02-10 17:46:56 WARN  [main] c.v.limits.service.LoadLimitService - Load rejected: id=1982, customer=256, amount=$5493.03 (limit exceeded)
2025-02-10 17:46:56 DEBUG [main] c.v.limits.service.LoadLimitService - Processing load request: id=12873, customer=137, amount=$5349.63, time=2000-02-09T05:58:42Z
2025-02-10 17:46:56 DEBUG [main] c.v.limits.service.LoadLimitService - Checking limits for time=2000-02-09T05:58:42Z, startOfWeek=2000-02-07T00:00Z, endOfWeek=2000-02-13T23:59:59.999999999Z
2025-02-10 17:46:56 DEBUG [main] c.v.limits.service.LoadLimitService - Daily amount limit exceeded: customer=137, current=0, attempted=$5349.63
2025-02-10 17:46:56 WARN  [main] c.v.limits.service.LoadLimitService - Load rejected: id=12873, customer=137, amount=$5349.63 (limit exceeded)
2025-02-10 17:46:56 DEBUG [main] c.v.limits.service.LoadLimitService - Processing load request: id=9226, customer=154, amount=$5797.88, time=2000-02-09T07:00:04Z
2025-02-10 17:46:56 DEBUG [main] c.v.limits.service.LoadLimitService - Checking limits for time=2000-02-09T07:00:04Z, startOfWeek=2000-02-07T00:00Z, endOfWeek=2000-02-13T23:59:59.999999999Z
2025-02-10 17:46:56 DEBUG [main] c.v.limits.service.LoadLimitService - Daily amount limit exceeded: customer=154, current=0, attempted=$5797.88
2025-02-10 17:46:56 WARN  [main] c.v.limits.service.LoadLimitService - Load rejected: id=9226, customer=154, amount=$5797.88 (limit exceeded)
2025-02-10 17:46:56 DEBUG [main] c.v.limits.service.LoadLimitService - Processing load request: id=3288, customer=511, amount=$1057.51, time=2000-02-09T08:01:26Z
2025-02-10 17:46:56 DEBUG [main] c.v.limits.service.LoadLimitService - Checking limits for time=2000-02-09T08:01:26Z, startOfWeek=2000-02-07T00:00Z, endOfWeek=2000-02-13T23:59:59.999999999Z
2025-02-10 17:46:56 DEBUG [main] c.v.limits.service.LoadLimitService - Weekly total for customer=511: current=8862.36, new=9919.87, limit=20000.00
2025-02-10 17:46:56 DEBUG [main] c.v.limits.service.LoadLimitService - Load saved successfully: id=3288, customer=511
2025-02-10 17:46:56 INFO  [main] c.v.limits.service.LoadLimitService - Load accepted: id=3288, customer=511, amount=$1057.51
2025-02-10 17:46:56 DEBUG [main] c.v.limits.service.LoadLimitService - Processing load request: id=10561, customer=477, amount=$1556.99, time=2000-02-09T09:02:48Z
2025-02-10 17:46:56 DEBUG [main] c.v.limits.service.LoadLimitService - Checking limits for time=2000-02-09T09:02:48Z, startOfWeek=2000-02-07T00:00Z, endOfWeek=2000-02-13T23:59:59.999999999Z
2025-02-10 17:46:56 DEBUG [main] c.v.limits.service.LoadLimitService - Weekly total for customer=477: current=0, new=1556.99, limit=20000.00
2025-02-10 17:46:56 DEBUG [main] c.v.limits.service.LoadLimitService - Load saved successfully: id=10561, customer=477
2025-02-10 17:46:56 INFO  [main] c.v.limits.service.LoadLimitService - Load accepted: id=10561, customer=477, amount=$1556.99
2025-02-10 17:46:56 DEBUG [main] c.v.limits.service.LoadLimitService - Processing load request: id=17066, customer=647, amount=$5781.21, time=2000-02-09T10:04:10Z
2025-02-10 17:46:56 DEBUG [main] c.v.limits.service.LoadLimitService - Checking limits for time=2000-02-09T10:04:10Z, startOfWeek=2000-02-07T00:00Z, endOfWeek=2000-02-13T23:59:59.999999999Z
2025-02-10 17:46:56 DEBUG [main] c.v.limits.service.LoadLimitService - Daily amount limit exceeded: customer=647, current=0, attempted=$5781.21
2025-02-10 17:46:56 WARN  [main] c.v.limits.service.LoadLimitService - Load rejected: id=17066, customer=647, amount=$5781.21 (limit exceeded)
2025-02-10 17:46:56 DEBUG [main] c.v.limits.service.LoadLimitService - Processing load request: id=25064, customer=732, amount=$475.00, time=2000-02-09T11:05:32Z
2025-02-10 17:46:56 DEBUG [main] c.v.limits.service.LoadLimitService - Checking limits for time=2000-02-09T11:05:32Z, startOfWeek=2000-02-07T00:00Z, endOfWeek=2000-02-13T23:59:59.999999999Z
2025-02-10 17:46:56 DEBUG [main] c.v.limits.service.LoadLimitService - Daily amount limit exceeded: customer=732, current=4665.30, attempted=$475.00
2025-02-10 17:46:56 WARN  [main] c.v.limits.service.LoadLimitService - Load rejected: id=25064, customer=732, amount=$475.00 (limit exceeded)
2025-02-10 17:46:56 DEBUG [main] c.v.limits.service.LoadLimitService - Processing load request: id=18555, customer=154, amount=$2421.68, time=2000-02-09T12:06:54Z
2025-02-10 17:46:56 DEBUG [main] c.v.limits.service.LoadLimitService - Checking limits for time=2000-02-09T12:06:54Z, startOfWeek=2000-02-07T00:00Z, endOfWeek=2000-02-13T23:59:59.999999999Z
2025-02-10 17:46:56 DEBUG [main] c.v.limits.service.LoadLimitService - Weekly total for customer=154: current=5672.29, new=8093.97, limit=20000.00
2025-02-10 17:46:56 DEBUG [main] c.v.limits.service.LoadLimitService - Load saved successfully: id=18555, customer=154
2025-02-10 17:46:56 INFO  [main] c.v.limits.service.LoadLimitService - Load accepted: id=18555, customer=154, amount=$2421.68
2025-02-10 17:46:56 DEBUG [main] c.v.limits.service.LoadLimitService - Processing load request: id=15357, customer=732, amount=$5198.50, time=2000-02-09T13:08:16Z
2025-02-10 17:46:56 DEBUG [main] c.v.limits.service.LoadLimitService - Checking limits for time=2000-02-09T13:08:16Z, startOfWeek=2000-02-07T00:00Z, endOfWeek=2000-02-13T23:59:59.999999999Z
2025-02-10 17:46:56 DEBUG [main] c.v.limits.service.LoadLimitService - Daily amount limit exceeded: customer=732, current=4665.30, attempted=$5198.50
2025-02-10 17:46:56 WARN  [main] c.v.limits.service.LoadLimitService - Load rejected: id=15357, customer=732, amount=$5198.50 (limit exceeded)
2025-02-10 17:46:56 DEBUG [main] c.v.limits.service.LoadLimitService - Processing load request: id=19111, customer=579, amount=$2775.31, time=2000-02-09T14:09:38Z
2025-02-10 17:46:56 DEBUG [main] c.v.limits.service.LoadLimitService - Checking limits for time=2000-02-09T14:09:38Z, startOfWeek=2000-02-07T00:00Z, endOfWeek=2000-02-13T23:59:59.999999999Z
2025-02-10 17:46:56 DEBUG [main] c.v.limits.service.LoadLimitService - Weekly total for customer=579: current=0, new=2775.31, limit=20000.00
2025-02-10 17:46:56 DEBUG [main] c.v.limits.service.LoadLimitService - Load saved successfully: id=19111, customer=579
2025-02-10 17:46:56 INFO  [main] c.v.limits.service.LoadLimitService - Load accepted: id=19111, customer=579, amount=$2775.31
2025-02-10 17:46:56 DEBUG [main] c.v.limits.service.LoadLimitService - Processing load request: id=6947, customer=732, amount=$3838.06, time=2000-02-09T15:11Z
2025-02-10 17:46:56 DEBUG [main] c.v.limits.service.LoadLimitService - Checking limits for time=2000-02-09T15:11Z, startOfWeek=2000-02-07T00:00Z, endOfWeek=2000-02-13T23:59:59.999999999Z
2025-02-10 17:46:56 DEBUG [main] c.v.limits.service.LoadLimitService - Daily amount limit exceeded: customer=732, current=4665.30, attempted=$3838.06
2025-02-10 17:46:56 WARN  [main] c.v.limits.service.LoadLimitService - Load rejected: id=6947, customer=732, amount=$3838.06 (limit exceeded)
2025-02-10 17:46:56 DEBUG [main] c.v.limits.service.LoadLimitService - Processing load request: id=24291, customer=375, amount=$4947.03, time=2000-02-09T16:12:22Z
2025-02-10 17:46:56 DEBUG [main] c.v.limits.service.LoadLimitService - Checking limits for time=2000-02-09T16:12:22Z, startOfWeek=2000-02-07T00:00Z, endOfWeek=2000-02-13T23:59:59.999999999Z
2025-02-10 17:46:56 DEBUG [main] c.v.limits.service.LoadLimitService - Weekly total for customer=375: current=0, new=4947.03, limit=20000.00
2025-02-10 17:46:56 DEBUG [main] c.v.limits.service.LoadLimitService - Load saved successfully: id=24291, customer=375
2025-02-10 17:46:56 INFO  [main] c.v.limits.service.LoadLimitService - Load accepted: id=24291, customer=375, amount=$4947.03
2025-02-10 17:46:56 DEBUG [main] c.v.limits.service.LoadLimitService - Processing load request: id=480, customer=766, amount=$3677.17, time=2000-02-09T17:13:44Z
2025-02-10 17:46:56 DEBUG [main] c.v.limits.service.LoadLimitService - Checking limits for time=2000-02-09T17:13:44Z, startOfWeek=2000-02-07T00:00Z, endOfWeek=2000-02-13T23:59:59.999999999Z
2025-02-10 17:46:56 DEBUG [main] c.v.limits.service.LoadLimitService - Weekly total for customer=766: current=3187.97, new=6865.14, limit=20000.00
2025-02-10 17:46:56 DEBUG [main] c.v.limits.service.LoadLimitService - Load saved successfully: id=480, customer=766
2025-02-10 17:46:56 INFO  [main] c.v.limits.service.LoadLimitService - Load accepted: id=480, customer=766, amount=$3677.17
2025-02-10 17:46:56 DEBUG [main] c.v.limits.service.LoadLimitService - Processing load request: id=20170, customer=86, amount=$4799.53, time=2000-02-09T18:15:06Z
2025-02-10 17:46:56 DEBUG [main] c.v.limits.service.LoadLimitService - Checking limits for time=2000-02-09T18:15:06Z, startOfWeek=2000-02-07T00:00Z, endOfWeek=2000-02-13T23:59:59.999999999Z
2025-02-10 17:46:56 DEBUG [main] c.v.limits.service.LoadLimitService - Weekly total for customer=86: current=3121.26, new=7920.79, limit=20000.00
2025-02-10 17:46:56 DEBUG [main] c.v.limits.service.LoadLimitService - Load saved successfully: id=20170, customer=86
2025-02-10 17:46:56 INFO  [main] c.v.limits.service.LoadLimitService - Load accepted: id=20170, customer=86, amount=$4799.53
2025-02-10 17:46:56 DEBUG [main] c.v.limits.service.LoadLimitService - Processing load request: id=23876, customer=715, amount=$4356.74, time=2000-02-09T19:16:28Z
2025-02-10 17:46:56 DEBUG [main] c.v.limits.service.LoadLimitService - Checking limits for time=2000-02-09T19:16:28Z, startOfWeek=2000-02-07T00:00Z, endOfWeek=2000-02-13T23:59:59.999999999Z
2025-02-10 17:46:56 DEBUG [main] c.v.limits.service.LoadLimitService - Weekly total for customer=715: current=3823.67, new=8180.41, limit=20000.00
2025-02-10 17:46:56 DEBUG [main] c.v.limits.service.LoadLimitService - Load saved successfully: id=23876, customer=715
2025-02-10 17:46:56 INFO  [main] c.v.limits.service.LoadLimitService - Load accepted: id=23876, customer=715, amount=$4356.74
2025-02-10 17:46:56 DEBUG [main] c.v.limits.service.LoadLimitService - Processing load request: id=31788, customer=392, amount=$2640.56, time=2000-02-09T20:17:50Z
2025-02-10 17:46:56 DEBUG [main] c.v.limits.service.LoadLimitService - Checking limits for time=2000-02-09T20:17:50Z, startOfWeek=2000-02-07T00:00Z, endOfWeek=2000-02-13T23:59:59.999999999Z
2025-02-10 17:46:56 DEBUG [main] c.v.limits.service.LoadLimitService - Weekly total for customer=392: current=0, new=2640.56, limit=20000.00
2025-02-10 17:46:56 DEBUG [main] c.v.limits.service.LoadLimitService - Load saved successfully: id=31788, customer=392
2025-02-10 17:46:56 INFO  [main] c.v.limits.service.LoadLimitService - Load accepted: id=31788, customer=392, amount=$2640.56
2025-02-10 17:46:56 DEBUG [main] c.v.limits.service.LoadLimitService - Processing load request: id=26135, customer=766, amount=$5070.11, time=2000-02-09T21:19:12Z
2025-02-10 17:46:56 DEBUG [main] c.v.limits.service.LoadLimitService - Checking limits for time=2000-02-09T21:19:12Z, startOfWeek=2000-02-07T00:00Z, endOfWeek=2000-02-13T23:59:59.999999999Z
2025-02-10 17:46:56 DEBUG [main] c.v.limits.service.LoadLimitService - Daily amount limit exceeded: customer=766, current=3677.17, attempted=$5070.11
2025-02-10 17:46:56 WARN  [main] c.v.limits.service.LoadLimitService - Load rejected: id=26135, customer=766, amount=$5070.11 (limit exceeded)
2025-02-10 17:46:56 DEBUG [main] c.v.limits.service.LoadLimitService - Processing load request: id=11538, customer=647, amount=$4375.95, time=2000-02-09T22:20:34Z
2025-02-10 17:46:56 DEBUG [main] c.v.limits.service.LoadLimitService - Checking limits for time=2000-02-09T22:20:34Z, startOfWeek=2000-02-07T00:00Z, endOfWeek=2000-02-13T23:59:59.999999999Z
2025-02-10 17:46:56 DEBUG [main] c.v.limits.service.LoadLimitService - Weekly total for customer=647: current=0, new=4375.95, limit=20000.00
2025-02-10 17:46:56 DEBUG [main] c.v.limits.service.LoadLimitService - Load saved successfully: id=11538, customer=647
2025-02-10 17:46:56 INFO  [main] c.v.limits.service.LoadLimitService - Load accepted: id=11538, customer=647, amount=$4375.95
2025-02-10 17:46:56 DEBUG [main] c.v.limits.service.LoadLimitService - Processing load request: id=29328, customer=188, amount=$4983.07, time=2000-02-09T23:21:56Z
2025-02-10 17:46:56 DEBUG [main] c.v.limits.service.LoadLimitService - Checking limits for time=2000-02-09T23:21:56Z, startOfWeek=2000-02-07T00:00Z, endOfWeek=2000-02-13T23:59:59.999999999Z
2025-02-10 17:46:56 DEBUG [main] c.v.limits.service.LoadLimitService - Weekly total for customer=188: current=2048.46, new=7031.53, limit=20000.00
2025-02-10 17:46:56 DEBUG [main] c.v.limits.service.LoadLimitService - Load saved successfully: id=29328, customer=188
2025-02-10 17:46:56 INFO  [main] c.v.limits.service.LoadLimitService - Load accepted: id=29328, customer=188, amount=$4983.07
2025-02-10 17:46:56 DEBUG [main] c.v.limits.service.LoadLimitService - Processing load request: id=959, customer=511, amount=$2583.01, time=2000-02-10T00:23:18Z
2025-02-10 17:46:56 DEBUG [main] c.v.limits.service.LoadLimitService - Checking limits for time=2000-02-10T00:23:18Z, startOfWeek=2000-02-07T00:00Z, endOfWeek=2000-02-13T23:59:59.999999999Z
2025-02-10 17:46:56 DEBUG [main] c.v.limits.service.LoadLimitService - Weekly total for customer=511: current=9919.87, new=12502.88, limit=20000.00
2025-02-10 17:46:56 DEBUG [main] c.v.limits.service.LoadLimitService - Load saved successfully: id=959, customer=511
2025-02-10 17:46:56 INFO  [main] c.v.limits.service.LoadLimitService - Load accepted: id=959, customer=511, amount=$2583.01
2025-02-10 17:46:56 DEBUG [main] c.v.limits.service.LoadLimitService - Processing load request: id=7518, customer=715, amount=$5823.12, time=2000-02-10T01:24:40Z
2025-02-10 17:46:56 DEBUG [main] c.v.limits.service.LoadLimitService - Checking limits for time=2000-02-10T01:24:40Z, startOfWeek=2000-02-07T00:00Z, endOfWeek=2000-02-13T23:59:59.999999999Z
2025-02-10 17:46:56 DEBUG [main] c.v.limits.service.LoadLimitService - Daily amount limit exceeded: customer=715, current=0, attempted=$5823.12
2025-02-10 17:46:56 WARN  [main] c.v.limits.service.LoadLimitService - Load rejected: id=7518, customer=715, amount=$5823.12 (limit exceeded)
2025-02-10 17:46:56 DEBUG [main] c.v.limits.service.LoadLimitService - Processing load request: id=26990, customer=273, amount=$2700.22, time=2000-02-10T02:26:02Z
2025-02-10 17:46:56 DEBUG [main] c.v.limits.service.LoadLimitService - Checking limits for time=2000-02-10T02:26:02Z, startOfWeek=2000-02-07T00:00Z, endOfWeek=2000-02-13T23:59:59.999999999Z
2025-02-10 17:46:56 DEBUG [main] c.v.limits.service.LoadLimitService - Weekly total for customer=273: current=4404.70, new=7104.92, limit=20000.00
2025-02-10 17:46:56 DEBUG [main] c.v.limits.service.LoadLimitService - Load saved successfully: id=26990, customer=273
2025-02-10 17:46:56 INFO  [main] c.v.limits.service.LoadLimitService - Load accepted: id=26990, customer=273, amount=$2700.22
2025-02-10 17:46:56 DEBUG [main] c.v.limits.service.LoadLimitService - Processing load request: id=7689, customer=647, amount=$2352.33, time=2000-02-10T03:27:24Z
2025-02-10 17:46:56 DEBUG [main] c.v.limits.service.LoadLimitService - Checking limits for time=2000-02-10T03:27:24Z, startOfWeek=2000-02-07T00:00Z, endOfWeek=2000-02-13T23:59:59.999999999Z
2025-02-10 17:46:56 DEBUG [main] c.v.limits.service.LoadLimitService - Weekly total for customer=647: current=4375.95, new=6728.28, limit=20000.00
2025-02-10 17:46:56 DEBUG [main] c.v.limits.service.LoadLimitService - Load saved successfully: id=7689, customer=647
2025-02-10 17:46:56 INFO  [main] c.v.limits.service.LoadLimitService - Load accepted: id=7689, customer=647, amount=$2352.33
2025-02-10 17:46:56 DEBUG [main] c.v.limits.service.LoadLimitService - Processing load request: id=7141, customer=18, amount=$5527.04, time=2000-02-10T04:28:46Z
2025-02-10 17:46:56 DEBUG [main] c.v.limits.service.LoadLimitService - Checking limits for time=2000-02-10T04:28:46Z, startOfWeek=2000-02-07T00:00Z, endOfWeek=2000-02-13T23:59:59.999999999Z
2025-02-10 17:46:56 DEBUG [main] c.v.limits.service.LoadLimitService - Daily amount limit exceeded: customer=18, current=0, attempted=$5527.04
2025-02-10 17:46:56 WARN  [main] c.v.limits.service.LoadLimitService - Load rejected: id=7141, customer=18, amount=$5527.04 (limit exceeded)
2025-02-10 17:46:56 DEBUG [main] c.v.limits.service.LoadLimitService - Processing load request: id=3022, customer=494, amount=$267.85, time=2000-02-10T05:30:08Z
2025-02-10 17:46:56 DEBUG [main] c.v.limits.service.LoadLimitService - Checking limits for time=2000-02-10T05:30:08Z, startOfWeek=2000-02-07T00:00Z, endOfWeek=2000-02-13T23:59:59.999999999Z
2025-02-10 17:46:56 DEBUG [main] c.v.limits.service.LoadLimitService - Weekly total for customer=494: current=0, new=267.85, limit=20000.00
2025-02-10 17:46:56 DEBUG [main] c.v.limits.service.LoadLimitService - Load saved successfully: id=3022, customer=494
2025-02-10 17:46:56 INFO  [main] c.v.limits.service.LoadLimitService - Load accepted: id=3022, customer=494, amount=$267.85
2025-02-10 17:46:56 DEBUG [main] c.v.limits.service.LoadLimitService - Processing load request: id=24488, customer=307, amount=$1274.85, time=2000-02-10T06:31:30Z
2025-02-10 17:46:56 DEBUG [main] c.v.limits.service.LoadLimitService - Checking limits for time=2000-02-10T06:31:30Z, startOfWeek=2000-02-07T00:00Z, endOfWeek=2000-02-13T23:59:59.999999999Z
2025-02-10 17:46:56 DEBUG [main] c.v.limits.service.LoadLimitService - Weekly total for customer=307: current=0, new=1274.85, limit=20000.00
2025-02-10 17:46:56 DEBUG [main] c.v.limits.service.LoadLimitService - Load saved successfully: id=24488, customer=307
2025-02-10 17:46:56 INFO  [main] c.v.limits.service.LoadLimitService - Load accepted: id=24488, customer=307, amount=$1274.85
2025-02-10 17:46:56 DEBUG [main] c.v.limits.service.LoadLimitService - Processing load request: id=26325, customer=630, amount=$4380.20, time=2000-02-10T07:32:52Z
2025-02-10 17:46:56 DEBUG [main] c.v.limits.service.LoadLimitService - Checking limits for time=2000-02-10T07:32:52Z, startOfWeek=2000-02-07T00:00Z, endOfWeek=2000-02-13T23:59:59.999999999Z
2025-02-10 17:46:56 DEBUG [main] c.v.limits.service.LoadLimitService - Weekly total for customer=630: current=0, new=4380.20, limit=20000.00
2025-02-10 17:46:56 DEBUG [main] c.v.limits.service.LoadLimitService - Load saved successfully: id=26325, customer=630
2025-02-10 17:46:56 INFO  [main] c.v.limits.service.LoadLimitService - Load accepted: id=26325, customer=630, amount=$4380.20
2025-02-10 17:46:56 DEBUG [main] c.v.limits.service.LoadLimitService - Processing load request: id=25583, customer=715, amount=$4233.71, time=2000-02-10T08:34:14Z
2025-02-10 17:46:56 DEBUG [main] c.v.limits.service.LoadLimitService - Checking limits for time=2000-02-10T08:34:14Z, startOfWeek=2000-02-07T00:00Z, endOfWeek=2000-02-13T23:59:59.999999999Z
2025-02-10 17:46:56 DEBUG [main] c.v.limits.service.LoadLimitService - Weekly total for customer=715: current=8180.41, new=12414.12, limit=20000.00
2025-02-10 17:46:56 DEBUG [main] c.v.limits.service.LoadLimitService - Load saved successfully: id=25583, customer=715
2025-02-10 17:46:56 INFO  [main] c.v.limits.service.LoadLimitService - Load accepted: id=25583, customer=715, amount=$4233.71
2025-02-10 17:46:56 DEBUG [main] c.v.limits.service.LoadLimitService - Processing load request: id=5639, customer=647, amount=$4696.74, time=2000-02-10T09:35:36Z
2025-02-10 17:46:56 DEBUG [main] c.v.limits.service.LoadLimitService - Checking limits for time=2000-02-10T09:35:36Z, startOfWeek=2000-02-07T00:00Z, endOfWeek=2000-02-13T23:59:59.999999999Z
2025-02-10 17:46:56 DEBUG [main] c.v.limits.service.LoadLimitService - Daily amount limit exceeded: customer=647, current=2352.33, attempted=$4696.74
2025-02-10 17:46:56 WARN  [main] c.v.limits.service.LoadLimitService - Load rejected: id=5639, customer=647, amount=$4696.74 (limit exceeded)
2025-02-10 17:46:56 DEBUG [main] c.v.limits.service.LoadLimitService - Processing load request: id=28463, customer=783, amount=$4613.61, time=2000-02-10T10:36:58Z
2025-02-10 17:46:56 DEBUG [main] c.v.limits.service.LoadLimitService - Checking limits for time=2000-02-10T10:36:58Z, startOfWeek=2000-02-07T00:00Z, endOfWeek=2000-02-13T23:59:59.999999999Z
2025-02-10 17:46:56 DEBUG [main] c.v.limits.service.LoadLimitService - Weekly total for customer=783: current=0, new=4613.61, limit=20000.00
2025-02-10 17:46:56 DEBUG [main] c.v.limits.service.LoadLimitService - Load saved successfully: id=28463, customer=783
2025-02-10 17:46:56 INFO  [main] c.v.limits.service.LoadLimitService - Load accepted: id=28463, customer=783, amount=$4613.61
2025-02-10 17:46:56 DEBUG [main] c.v.limits.service.LoadLimitService - Processing load request: id=19805, customer=290, amount=$2874.35, time=2000-02-10T11:38:20Z
2025-02-10 17:46:56 DEBUG [main] c.v.limits.service.LoadLimitService - Checking limits for time=2000-02-10T11:38:20Z, startOfWeek=2000-02-07T00:00Z, endOfWeek=2000-02-13T23:59:59.999999999Z
2025-02-10 17:46:56 DEBUG [main] c.v.limits.service.LoadLimitService - Weekly total for customer=290: current=0, new=2874.35, limit=20000.00
2025-02-10 17:46:56 DEBUG [main] c.v.limits.service.LoadLimitService - Load saved successfully: id=19805, customer=290
2025-02-10 17:46:56 INFO  [main] c.v.limits.service.LoadLimitService - Load accepted: id=19805, customer=290, amount=$2874.35
2025-02-10 17:46:56 DEBUG [main] c.v.limits.service.LoadLimitService - Processing load request: id=9683, customer=681, amount=$2077.12, time=2000-02-10T12:39:42Z
2025-02-10 17:46:56 DEBUG [main] c.v.limits.service.LoadLimitService - Checking limits for time=2000-02-10T12:39:42Z, startOfWeek=2000-02-07T00:00Z, endOfWeek=2000-02-13T23:59:59.999999999Z
2025-02-10 17:46:56 DEBUG [main] c.v.limits.service.LoadLimitService - Weekly total for customer=681: current=6634.81, new=8711.93, limit=20000.00
2025-02-10 17:46:56 DEBUG [main] c.v.limits.service.LoadLimitService - Load saved successfully: id=9683, customer=681
2025-02-10 17:46:56 INFO  [main] c.v.limits.service.LoadLimitService - Load accepted: id=9683, customer=681, amount=$2077.12
2025-02-10 17:46:56 DEBUG [main] c.v.limits.service.LoadLimitService - Processing load request: id=20422, customer=613, amount=$4130.84, time=2000-02-10T13:41:04Z
2025-02-10 17:46:56 DEBUG [main] c.v.limits.service.LoadLimitService - Checking limits for time=2000-02-10T13:41:04Z, startOfWeek=2000-02-07T00:00Z, endOfWeek=2000-02-13T23:59:59.999999999Z
2025-02-10 17:46:56 DEBUG [main] c.v.limits.service.LoadLimitService - Weekly total for customer=613: current=3703.47, new=7834.31, limit=20000.00
2025-02-10 17:46:56 DEBUG [main] c.v.limits.service.LoadLimitService - Load saved successfully: id=20422, customer=613
2025-02-10 17:46:56 INFO  [main] c.v.limits.service.LoadLimitService - Load accepted: id=20422, customer=613, amount=$4130.84
2025-02-10 17:46:56 DEBUG [main] c.v.limits.service.LoadLimitService - Processing load request: id=629, customer=222, amount=$2062.79, time=2000-02-10T14:42:26Z
2025-02-10 17:46:56 DEBUG [main] c.v.limits.service.LoadLimitService - Checking limits for time=2000-02-10T14:42:26Z, startOfWeek=2000-02-07T00:00Z, endOfWeek=2000-02-13T23:59:59.999999999Z
2025-02-10 17:46:56 DEBUG [main] c.v.limits.service.LoadLimitService - Weekly total for customer=222: current=4959.17, new=7021.96, limit=20000.00
2025-02-10 17:46:56 DEBUG [main] c.v.limits.service.LoadLimitService - Load saved successfully: id=629, customer=222
2025-02-10 17:46:56 INFO  [main] c.v.limits.service.LoadLimitService - Load accepted: id=629, customer=222, amount=$2062.79
2025-02-10 17:46:56 DEBUG [main] c.v.limits.service.LoadLimitService - Processing load request: id=15026, customer=511, amount=$372.43, time=2000-02-10T15:43:48Z
2025-02-10 17:46:56 DEBUG [main] c.v.limits.service.LoadLimitService - Checking limits for time=2000-02-10T15:43:48Z, startOfWeek=2000-02-07T00:00Z, endOfWeek=2000-02-13T23:59:59.999999999Z
2025-02-10 17:46:56 DEBUG [main] c.v.limits.service.LoadLimitService - Weekly total for customer=511: current=12502.88, new=12875.31, limit=20000.00
2025-02-10 17:46:56 DEBUG [main] c.v.limits.service.LoadLimitService - Load saved successfully: id=15026, customer=511
2025-02-10 17:46:56 INFO  [main] c.v.limits.service.LoadLimitService - Load accepted: id=15026, customer=511, amount=$372.43
2025-02-10 17:46:56 DEBUG [main] c.v.limits.service.LoadLimitService - Processing load request: id=30826, customer=239, amount=$2931.28, time=2000-02-10T16:45:10Z
2025-02-10 17:46:56 DEBUG [main] c.v.limits.service.LoadLimitService - Checking limits for time=2000-02-10T16:45:10Z, startOfWeek=2000-02-07T00:00Z, endOfWeek=2000-02-13T23:59:59.999999999Z
2025-02-10 17:46:56 DEBUG [main] c.v.limits.service.LoadLimitService - Weekly total for customer=239: current=0, new=2931.28, limit=20000.00
2025-02-10 17:46:56 DEBUG [main] c.v.limits.service.LoadLimitService - Load saved successfully: id=30826, customer=239
2025-02-10 17:46:56 INFO  [main] c.v.limits.service.LoadLimitService - Load accepted: id=30826, customer=239, amount=$2931.28
2025-02-10 17:46:56 DEBUG [main] c.v.limits.service.LoadLimitService - Processing load request: id=14585, customer=545, amount=$2891.94, time=2000-02-10T17:46:32Z
2025-02-10 17:46:56 DEBUG [main] c.v.limits.service.LoadLimitService - Checking limits for time=2000-02-10T17:46:32Z, startOfWeek=2000-02-07T00:00Z, endOfWeek=2000-02-13T23:59:59.999999999Z
2025-02-10 17:46:56 DEBUG [main] c.v.limits.service.LoadLimitService - Weekly total for customer=545: current=1449.03, new=4340.97, limit=20000.00
2025-02-10 17:46:56 DEBUG [main] c.v.limits.service.LoadLimitService - Load saved successfully: id=14585, customer=545
2025-02-10 17:46:56 INFO  [main] c.v.limits.service.LoadLimitService - Load accepted: id=14585, customer=545, amount=$2891.94
2025-02-10 17:46:56 DEBUG [main] c.v.limits.service.LoadLimitService - Processing load request: id=20439, customer=681, amount=$3288.29, time=2000-02-10T18:47:54Z
2025-02-10 17:46:56 DEBUG [main] c.v.limits.service.LoadLimitService - Checking limits for time=2000-02-10T18:47:54Z, startOfWeek=2000-02-07T00:00Z, endOfWeek=2000-02-13T23:59:59.999999999Z
2025-02-10 17:46:56 DEBUG [main] c.v.limits.service.LoadLimitService - Daily amount limit exceeded: customer=681, current=2077.12, attempted=$3288.29
2025-02-10 17:46:56 WARN  [main] c.v.limits.service.LoadLimitService - Load rejected: id=20439, customer=681, amount=$3288.29 (limit exceeded)
2025-02-10 17:46:56 DEBUG [main] c.v.limits.service.LoadLimitService - Processing load request: id=13704, customer=494, amount=$4358.57, time=2000-02-10T19:49:16Z
2025-02-10 17:46:57 DEBUG [main] c.v.limits.service.LoadLimitService - Checking limits for time=2000-02-10T19:49:16Z, startOfWeek=2000-02-07T00:00Z, endOfWeek=2000-02-13T23:59:59.999999999Z
2025-02-10 17:46:57 DEBUG [main] c.v.limits.service.LoadLimitService - Weekly total for customer=494: current=267.85, new=4626.42, limit=20000.00
2025-02-10 17:46:57 DEBUG [main] c.v.limits.service.LoadLimitService - Load saved successfully: id=13704, customer=494
2025-02-10 17:46:57 INFO  [main] c.v.limits.service.LoadLimitService - Load accepted: id=13704, customer=494, amount=$4358.57
2025-02-10 17:46:57 DEBUG [main] c.v.limits.service.LoadLimitService - Processing load request: id=30123, customer=35, amount=$179.85, time=2000-02-10T20:50:38Z
2025-02-10 17:46:57 DEBUG [main] c.v.limits.service.LoadLimitService - Checking limits for time=2000-02-10T20:50:38Z, startOfWeek=2000-02-07T00:00Z, endOfWeek=2000-02-13T23:59:59.999999999Z
2025-02-10 17:46:57 DEBUG [main] c.v.limits.service.LoadLimitService - Weekly total for customer=35: current=3707.55, new=3887.40, limit=20000.00
2025-02-10 17:46:57 DEBUG [main] c.v.limits.service.LoadLimitService - Load saved successfully: id=30123, customer=35
2025-02-10 17:46:57 INFO  [main] c.v.limits.service.LoadLimitService - Load accepted: id=30123, customer=35, amount=$179.85
2025-02-10 17:46:57 DEBUG [main] c.v.limits.service.LoadLimitService - Processing load request: id=6460, customer=307, amount=$4401.26, time=2000-02-10T21:52Z
2025-02-10 17:46:57 DEBUG [main] c.v.limits.service.LoadLimitService - Checking limits for time=2000-02-10T21:52Z, startOfWeek=2000-02-07T00:00Z, endOfWeek=2000-02-13T23:59:59.999999999Z
2025-02-10 17:46:57 DEBUG [main] c.v.limits.service.LoadLimitService - Daily amount limit exceeded: customer=307, current=1274.85, attempted=$4401.26
2025-02-10 17:46:57 WARN  [main] c.v.limits.service.LoadLimitService - Load rejected: id=6460, customer=307, amount=$4401.26 (limit exceeded)
2025-02-10 17:46:57 DEBUG [main] c.v.limits.service.LoadLimitService - Processing load request: id=24411, customer=1, amount=$3116.50, time=2000-02-10T22:53:22Z
2025-02-10 17:46:57 DEBUG [main] c.v.limits.service.LoadLimitService - Checking limits for time=2000-02-10T22:53:22Z, startOfWeek=2000-02-07T00:00Z, endOfWeek=2000-02-13T23:59:59.999999999Z
2025-02-10 17:46:57 DEBUG [main] c.v.limits.service.LoadLimitService - Weekly total for customer=1: current=1634.27, new=4750.77, limit=20000.00
2025-02-10 17:46:57 DEBUG [main] c.v.limits.service.LoadLimitService - Load saved successfully: id=24411, customer=1
2025-02-10 17:46:57 INFO  [main] c.v.limits.service.LoadLimitService - Load accepted: id=24411, customer=1, amount=$3116.50
2025-02-10 17:46:57 DEBUG [main] c.v.limits.service.LoadLimitService - Processing load request: id=13812, customer=426, amount=$5388.16, time=2000-02-10T23:54:44Z
2025-02-10 17:46:57 DEBUG [main] c.v.limits.service.LoadLimitService - Checking limits for time=2000-02-10T23:54:44Z, startOfWeek=2000-02-07T00:00Z, endOfWeek=2000-02-13T23:59:59.999999999Z
2025-02-10 17:46:57 DEBUG [main] c.v.limits.service.LoadLimitService - Daily amount limit exceeded: customer=426, current=0, attempted=$5388.16
2025-02-10 17:46:57 WARN  [main] c.v.limits.service.LoadLimitService - Load rejected: id=13812, customer=426, amount=$5388.16 (limit exceeded)
2025-02-10 17:46:57 DEBUG [main] c.v.limits.service.LoadLimitService - Processing load request: id=13095, customer=120, amount=$2043.97, time=2000-02-11T00:56:06Z
2025-02-10 17:46:57 DEBUG [main] c.v.limits.service.LoadLimitService - Checking limits for time=2000-02-11T00:56:06Z, startOfWeek=2000-02-07T00:00Z, endOfWeek=2000-02-13T23:59:59.999999999Z
2025-02-10 17:46:57 DEBUG [main] c.v.limits.service.LoadLimitService - Weekly total for customer=120: current=0, new=2043.97, limit=20000.00
2025-02-10 17:46:57 DEBUG [main] c.v.limits.service.LoadLimitService - Load saved successfully: id=13095, customer=120
2025-02-10 17:46:57 INFO  [main] c.v.limits.service.LoadLimitService - Load accepted: id=13095, customer=120, amount=$2043.97
2025-02-10 17:46:57 DEBUG [main] c.v.limits.service.LoadLimitService - Processing load request: id=9925, customer=35, amount=$2021.13, time=2000-02-11T01:57:28Z
2025-02-10 17:46:57 DEBUG [main] c.v.limits.service.LoadLimitService - Checking limits for time=2000-02-11T01:57:28Z, startOfWeek=2000-02-07T00:00Z, endOfWeek=2000-02-13T23:59:59.999999999Z
2025-02-10 17:46:57 DEBUG [main] c.v.limits.service.LoadLimitService - Weekly total for customer=35: current=3887.40, new=5908.53, limit=20000.00
2025-02-10 17:46:57 DEBUG [main] c.v.limits.service.LoadLimitService - Load saved successfully: id=9925, customer=35
2025-02-10 17:46:57 INFO  [main] c.v.limits.service.LoadLimitService - Load accepted: id=9925, customer=35, amount=$2021.13
2025-02-10 17:46:57 DEBUG [main] c.v.limits.service.LoadLimitService - Processing load request: id=9617, customer=273, amount=$610.49, time=2000-02-11T02:58:50Z
2025-02-10 17:46:57 DEBUG [main] c.v.limits.service.LoadLimitService - Checking limits for time=2000-02-11T02:58:50Z, startOfWeek=2000-02-07T00:00Z, endOfWeek=2000-02-13T23:59:59.999999999Z
2025-02-10 17:46:57 DEBUG [main] c.v.limits.service.LoadLimitService - Weekly total for customer=273: current=7104.92, new=7715.41, limit=20000.00
2025-02-10 17:46:57 DEBUG [main] c.v.limits.service.LoadLimitService - Load saved successfully: id=9617, customer=273
2025-02-10 17:46:57 INFO  [main] c.v.limits.service.LoadLimitService - Load accepted: id=9617, customer=273, amount=$610.49
2025-02-10 17:46:57 DEBUG [main] c.v.limits.service.LoadLimitService - Processing load request: id=5888, customer=494, amount=$5337.62, time=2000-02-11T04:00:12Z
2025-02-10 17:46:57 DEBUG [main] c.v.limits.service.LoadLimitService - Checking limits for time=2000-02-11T04:00:12Z, startOfWeek=2000-02-07T00:00Z, endOfWeek=2000-02-13T23:59:59.999999999Z
2025-02-10 17:46:57 DEBUG [main] c.v.limits.service.LoadLimitService - Daily amount limit exceeded: customer=494, current=0, attempted=$5337.62
2025-02-10 17:46:57 WARN  [main] c.v.limits.service.LoadLimitService - Load rejected: id=5888, customer=494, amount=$5337.62 (limit exceeded)
2025-02-10 17:46:57 DEBUG [main] c.v.limits.service.LoadLimitService - Processing load request: id=25463, customer=579, amount=$3177.59, time=2000-02-11T05:01:34Z
2025-02-10 17:46:57 DEBUG [main] c.v.limits.service.LoadLimitService - Checking limits for time=2000-02-11T05:01:34Z, startOfWeek=2000-02-07T00:00Z, endOfWeek=2000-02-13T23:59:59.999999999Z
2025-02-10 17:46:57 DEBUG [main] c.v.limits.service.LoadLimitService - Weekly total for customer=579: current=2775.31, new=5952.90, limit=20000.00
2025-02-10 17:46:57 DEBUG [main] c.v.limits.service.LoadLimitService - Load saved successfully: id=25463, customer=579
2025-02-10 17:46:57 INFO  [main] c.v.limits.service.LoadLimitService - Load accepted: id=25463, customer=579, amount=$3177.59
2025-02-10 17:46:57 DEBUG [main] c.v.limits.service.LoadLimitService - Processing load request: id=16052, customer=443, amount=$5563.86, time=2000-02-11T06:02:56Z
2025-02-10 17:46:57 DEBUG [main] c.v.limits.service.LoadLimitService - Checking limits for time=2000-02-11T06:02:56Z, startOfWeek=2000-02-07T00:00Z, endOfWeek=2000-02-13T23:59:59.999999999Z
2025-02-10 17:46:57 DEBUG [main] c.v.limits.service.LoadLimitService - Daily amount limit exceeded: customer=443, current=0, attempted=$5563.86
2025-02-10 17:46:57 WARN  [main] c.v.limits.service.LoadLimitService - Load rejected: id=16052, customer=443, amount=$5563.86 (limit exceeded)
2025-02-10 17:46:57 DEBUG [main] c.v.limits.service.LoadLimitService - Processing load request: id=25125, customer=1, amount=$2071.60, time=2000-02-11T07:04:18Z
2025-02-10 17:46:57 DEBUG [main] c.v.limits.service.LoadLimitService - Checking limits for time=2000-02-11T07:04:18Z, startOfWeek=2000-02-07T00:00Z, endOfWeek=2000-02-13T23:59:59.999999999Z
2025-02-10 17:46:57 DEBUG [main] c.v.limits.service.LoadLimitService - Weekly total for customer=1: current=4750.77, new=6822.37, limit=20000.00
2025-02-10 17:46:57 DEBUG [main] c.v.limits.service.LoadLimitService - Load saved successfully: id=25125, customer=1
2025-02-10 17:46:57 INFO  [main] c.v.limits.service.LoadLimitService - Load accepted: id=25125, customer=1, amount=$2071.60
2025-02-10 17:46:57 DEBUG [main] c.v.limits.service.LoadLimitService - Processing load request: id=6406, customer=171, amount=$5663.84, time=2000-02-11T08:05:40Z
2025-02-10 17:46:57 DEBUG [main] c.v.limits.service.LoadLimitService - Checking limits for time=2000-02-11T08:05:40Z, startOfWeek=2000-02-07T00:00Z, endOfWeek=2000-02-13T23:59:59.999999999Z
2025-02-10 17:46:57 DEBUG [main] c.v.limits.service.LoadLimitService - Daily amount limit exceeded: customer=171, current=0, attempted=$5663.84
2025-02-10 17:46:57 WARN  [main] c.v.limits.service.LoadLimitService - Load rejected: id=6406, customer=171, amount=$5663.84 (limit exceeded)
2025-02-10 17:46:57 DEBUG [main] c.v.limits.service.LoadLimitService - Processing load request: id=4923, customer=494, amount=$2912.53, time=2000-02-11T09:07:02Z
2025-02-10 17:46:57 DEBUG [main] c.v.limits.service.LoadLimitService - Checking limits for time=2000-02-11T09:07:02Z, startOfWeek=2000-02-07T00:00Z, endOfWeek=2000-02-13T23:59:59.999999999Z
2025-02-10 17:46:57 DEBUG [main] c.v.limits.service.LoadLimitService - Weekly total for customer=494: current=4626.42, new=7538.95, limit=20000.00
2025-02-10 17:46:57 DEBUG [main] c.v.limits.service.LoadLimitService - Load saved successfully: id=4923, customer=494
2025-02-10 17:46:57 INFO  [main] c.v.limits.service.LoadLimitService - Load accepted: id=4923, customer=494, amount=$2912.53
2025-02-10 17:46:57 DEBUG [main] c.v.limits.service.LoadLimitService - Processing load request: id=4393, customer=256, amount=$5593.36, time=2000-02-11T10:08:24Z
2025-02-10 17:46:57 DEBUG [main] c.v.limits.service.LoadLimitService - Checking limits for time=2000-02-11T10:08:24Z, startOfWeek=2000-02-07T00:00Z, endOfWeek=2000-02-13T23:59:59.999999999Z
2025-02-10 17:46:57 DEBUG [main] c.v.limits.service.LoadLimitService - Daily amount limit exceeded: customer=256, current=0, attempted=$5593.36
2025-02-10 17:46:57 WARN  [main] c.v.limits.service.LoadLimitService - Load rejected: id=4393, customer=256, amount=$5593.36 (limit exceeded)
2025-02-10 17:46:57 DEBUG [main] c.v.limits.service.LoadLimitService - Processing load request: id=28061, customer=783, amount=$3061.43, time=2000-02-11T11:09:46Z
2025-02-10 17:46:57 DEBUG [main] c.v.limits.service.LoadLimitService - Checking limits for time=2000-02-11T11:09:46Z, startOfWeek=2000-02-07T00:00Z, endOfWeek=2000-02-13T23:59:59.999999999Z
2025-02-10 17:46:57 DEBUG [main] c.v.limits.service.LoadLimitService - Weekly total for customer=783: current=4613.61, new=7675.04, limit=20000.00
2025-02-10 17:46:57 DEBUG [main] c.v.limits.service.LoadLimitService - Load saved successfully: id=28061, customer=783
2025-02-10 17:46:57 INFO  [main] c.v.limits.service.LoadLimitService - Load accepted: id=28061, customer=783, amount=$3061.43
2025-02-10 17:46:57 DEBUG [main] c.v.limits.service.LoadLimitService - Processing load request: id=7185, customer=681, amount=$5175.06, time=2000-02-11T12:11:08Z
2025-02-10 17:46:57 DEBUG [main] c.v.limits.service.LoadLimitService - Checking limits for time=2000-02-11T12:11:08Z, startOfWeek=2000-02-07T00:00Z, endOfWeek=2000-02-13T23:59:59.999999999Z
2025-02-10 17:46:57 DEBUG [main] c.v.limits.service.LoadLimitService - Daily amount limit exceeded: customer=681, current=0, attempted=$5175.06
2025-02-10 17:46:57 WARN  [main] c.v.limits.service.LoadLimitService - Load rejected: id=7185, customer=681, amount=$5175.06 (limit exceeded)
2025-02-10 17:46:57 DEBUG [main] c.v.limits.service.LoadLimitService - Processing load request: id=18654, customer=188, amount=$5746.22, time=2000-02-11T13:12:30Z
2025-02-10 17:46:57 DEBUG [main] c.v.limits.service.LoadLimitService - Checking limits for time=2000-02-11T13:12:30Z, startOfWeek=2000-02-07T00:00Z, endOfWeek=2000-02-13T23:59:59.999999999Z
2025-02-10 17:46:57 DEBUG [main] c.v.limits.service.LoadLimitService - Daily amount limit exceeded: customer=188, current=0, attempted=$5746.22
2025-02-10 17:46:57 WARN  [main] c.v.limits.service.LoadLimitService - Load rejected: id=18654, customer=188, amount=$5746.22 (limit exceeded)
2025-02-10 17:46:57 DEBUG [main] c.v.limits.service.LoadLimitService - Processing load request: id=27723, customer=562, amount=$2104.25, time=2000-02-11T14:13:52Z
2025-02-10 17:46:57 DEBUG [main] c.v.limits.service.LoadLimitService - Checking limits for time=2000-02-11T14:13:52Z, startOfWeek=2000-02-07T00:00Z, endOfWeek=2000-02-13T23:59:59.999999999Z
2025-02-10 17:46:57 DEBUG [main] c.v.limits.service.LoadLimitService - Weekly total for customer=562: current=1797.50, new=3901.75, limit=20000.00
2025-02-10 17:46:57 DEBUG [main] c.v.limits.service.LoadLimitService - Load saved successfully: id=27723, customer=562
2025-02-10 17:46:57 INFO  [main] c.v.limits.service.LoadLimitService - Load accepted: id=27723, customer=562, amount=$2104.25
2025-02-10 17:46:57 DEBUG [main] c.v.limits.service.LoadLimitService - Processing load request: id=24693, customer=324, amount=$956.17, time=2000-02-11T15:15:14Z
2025-02-10 17:46:57 DEBUG [main] c.v.limits.service.LoadLimitService - Checking limits for time=2000-02-11T15:15:14Z, startOfWeek=2000-02-07T00:00Z, endOfWeek=2000-02-13T23:59:59.999999999Z
2025-02-10 17:46:57 DEBUG [main] c.v.limits.service.LoadLimitService - Weekly total for customer=324: current=1197.43, new=2153.60, limit=20000.00
2025-02-10 17:46:57 DEBUG [main] c.v.limits.service.LoadLimitService - Load saved successfully: id=24693, customer=324
2025-02-10 17:46:57 INFO  [main] c.v.limits.service.LoadLimitService - Load accepted: id=24693, customer=324, amount=$956.17
2025-02-10 17:46:57 DEBUG [main] c.v.limits.service.LoadLimitService - Processing load request: id=19017, customer=341, amount=$4280.05, time=2000-02-11T16:16:36Z
2025-02-10 17:46:57 DEBUG [main] c.v.limits.service.LoadLimitService - Checking limits for time=2000-02-11T16:16:36Z, startOfWeek=2000-02-07T00:00Z, endOfWeek=2000-02-13T23:59:59.999999999Z
2025-02-10 17:46:57 DEBUG [main] c.v.limits.service.LoadLimitService - Weekly total for customer=341: current=2869.91, new=7149.96, limit=20000.00
2025-02-10 17:46:57 DEBUG [main] c.v.limits.service.LoadLimitService - Load saved successfully: id=19017, customer=341
2025-02-10 17:46:57 INFO  [main] c.v.limits.service.LoadLimitService - Load accepted: id=19017, customer=341, amount=$4280.05
2025-02-10 17:46:57 DEBUG [main] c.v.limits.service.LoadLimitService - Processing load request: id=23807, customer=341, amount=$4902.28, time=2000-02-11T17:17:58Z
2025-02-10 17:46:57 DEBUG [main] c.v.limits.service.LoadLimitService - Checking limits for time=2000-02-11T17:17:58Z, startOfWeek=2000-02-07T00:00Z, endOfWeek=2000-02-13T23:59:59.999999999Z
2025-02-10 17:46:57 DEBUG [main] c.v.limits.service.LoadLimitService - Daily amount limit exceeded: customer=341, current=4280.05, attempted=$4902.28
2025-02-10 17:46:57 WARN  [main] c.v.limits.service.LoadLimitService - Load rejected: id=23807, customer=341, amount=$4902.28 (limit exceeded)
2025-02-10 17:46:57 DEBUG [main] c.v.limits.service.LoadLimitService - Processing load request: id=10470, customer=341, amount=$137.75, time=2000-02-11T18:19:20Z
2025-02-10 17:46:57 DEBUG [main] c.v.limits.service.LoadLimitService - Checking limits for time=2000-02-11T18:19:20Z, startOfWeek=2000-02-07T00:00Z, endOfWeek=2000-02-13T23:59:59.999999999Z
2025-02-10 17:46:57 DEBUG [main] c.v.limits.service.LoadLimitService - Weekly total for customer=341: current=7149.96, new=7287.71, limit=20000.00
2025-02-10 17:46:57 DEBUG [main] c.v.limits.service.LoadLimitService - Load saved successfully: id=10470, customer=341
2025-02-10 17:46:57 INFO  [main] c.v.limits.service.LoadLimitService - Load accepted: id=10470, customer=341, amount=$137.75
2025-02-10 17:46:57 DEBUG [main] c.v.limits.service.LoadLimitService - Processing load request: id=8069, customer=596, amount=$5791.81, time=2000-02-11T19:20:42Z
2025-02-10 17:46:57 DEBUG [main] c.v.limits.service.LoadLimitService - Checking limits for time=2000-02-11T19:20:42Z, startOfWeek=2000-02-07T00:00Z, endOfWeek=2000-02-13T23:59:59.999999999Z
2025-02-10 17:46:57 DEBUG [main] c.v.limits.service.LoadLimitService - Daily amount limit exceeded: customer=596, current=0, attempted=$5791.81
2025-02-10 17:46:57 WARN  [main] c.v.limits.service.LoadLimitService - Load rejected: id=8069, customer=596, amount=$5791.81 (limit exceeded)
2025-02-10 17:46:57 DEBUG [main] c.v.limits.service.LoadLimitService - Processing load request: id=20021, customer=545, amount=$1875.96, time=2000-02-11T20:22:04Z
2025-02-10 17:46:57 DEBUG [main] c.v.limits.service.LoadLimitService - Checking limits for time=2000-02-11T20:22:04Z, startOfWeek=2000-02-07T00:00Z, endOfWeek=2000-02-13T23:59:59.999999999Z
2025-02-10 17:46:57 DEBUG [main] c.v.limits.service.LoadLimitService - Weekly total for customer=545: current=4340.97, new=6216.93, limit=20000.00
2025-02-10 17:46:57 DEBUG [main] c.v.limits.service.LoadLimitService - Load saved successfully: id=20021, customer=545
2025-02-10 17:46:57 INFO  [main] c.v.limits.service.LoadLimitService - Load accepted: id=20021, customer=545, amount=$1875.96
2025-02-10 17:46:57 DEBUG [main] c.v.limits.service.LoadLimitService - Processing load request: id=18692, customer=239, amount=$5731.07, time=2000-02-11T21:23:26Z
2025-02-10 17:46:57 DEBUG [main] c.v.limits.service.LoadLimitService - Checking limits for time=2000-02-11T21:23:26Z, startOfWeek=2000-02-07T00:00Z, endOfWeek=2000-02-13T23:59:59.999999999Z
2025-02-10 17:46:57 DEBUG [main] c.v.limits.service.LoadLimitService - Daily amount limit exceeded: customer=239, current=0, attempted=$5731.07
2025-02-10 17:46:57 WARN  [main] c.v.limits.service.LoadLimitService - Load rejected: id=18692, customer=239, amount=$5731.07 (limit exceeded)
2025-02-10 17:46:57 DEBUG [main] c.v.limits.service.LoadLimitService - Processing load request: id=15451, customer=511, amount=$2737.99, time=2000-02-11T22:24:48Z
2025-02-10 17:46:57 DEBUG [main] c.v.limits.service.LoadLimitService - Checking limits for time=2000-02-11T22:24:48Z, startOfWeek=2000-02-07T00:00Z, endOfWeek=2000-02-13T23:59:59.999999999Z
2025-02-10 17:46:57 DEBUG [main] c.v.limits.service.LoadLimitService - Weekly total for customer=511: current=12875.31, new=15613.30, limit=20000.00
2025-02-10 17:46:57 DEBUG [main] c.v.limits.service.LoadLimitService - Load saved successfully: id=15451, customer=511
2025-02-10 17:46:57 INFO  [main] c.v.limits.service.LoadLimitService - Load accepted: id=15451, customer=511, amount=$2737.99
2025-02-10 17:46:57 DEBUG [main] c.v.limits.service.LoadLimitService - Processing load request: id=15163, customer=715, amount=$1714.77, time=2000-02-11T23:26:10Z
2025-02-10 17:46:57 DEBUG [main] c.v.limits.service.LoadLimitService - Checking limits for time=2000-02-11T23:26:10Z, startOfWeek=2000-02-07T00:00Z, endOfWeek=2000-02-13T23:59:59.999999999Z
2025-02-10 17:46:57 DEBUG [main] c.v.limits.service.LoadLimitService - Weekly total for customer=715: current=12414.12, new=14128.89, limit=20000.00
2025-02-10 17:46:57 DEBUG [main] c.v.limits.service.LoadLimitService - Load saved successfully: id=15163, customer=715
2025-02-10 17:46:57 INFO  [main] c.v.limits.service.LoadLimitService - Load accepted: id=15163, customer=715, amount=$1714.77
2025-02-10 17:46:57 DEBUG [main] c.v.limits.service.LoadLimitService - Processing load request: id=17998, customer=154, amount=$2185.78, time=2000-02-12T00:27:32Z
2025-02-10 17:46:57 DEBUG [main] c.v.limits.service.LoadLimitService - Checking limits for time=2000-02-12T00:27:32Z, startOfWeek=2000-02-07T00:00Z, endOfWeek=2000-02-13T23:59:59.999999999Z
2025-02-10 17:46:57 DEBUG [main] c.v.limits.service.LoadLimitService - Weekly total for customer=154: current=8093.97, new=10279.75, limit=20000.00
2025-02-10 17:46:57 DEBUG [main] c.v.limits.service.LoadLimitService - Load saved successfully: id=17998, customer=154
2025-02-10 17:46:57 INFO  [main] c.v.limits.service.LoadLimitService - Load accepted: id=17998, customer=154, amount=$2185.78
2025-02-10 17:46:57 DEBUG [main] c.v.limits.service.LoadLimitService - Processing load request: id=19871, customer=392, amount=$3432.10, time=2000-02-12T01:28:54Z
2025-02-10 17:46:57 DEBUG [main] c.v.limits.service.LoadLimitService - Checking limits for time=2000-02-12T01:28:54Z, startOfWeek=2000-02-07T00:00Z, endOfWeek=2000-02-13T23:59:59.999999999Z
2025-02-10 17:46:57 DEBUG [main] c.v.limits.service.LoadLimitService - Weekly total for customer=392: current=2640.56, new=6072.66, limit=20000.00
2025-02-10 17:46:57 DEBUG [main] c.v.limits.service.LoadLimitService - Load saved successfully: id=19871, customer=392
2025-02-10 17:46:57 INFO  [main] c.v.limits.service.LoadLimitService - Load accepted: id=19871, customer=392, amount=$3432.10
2025-02-10 17:46:57 DEBUG [main] c.v.limits.service.LoadLimitService - Processing load request: id=30071, customer=375, amount=$2046.96, time=2000-02-12T02:30:16Z
2025-02-10 17:46:57 DEBUG [main] c.v.limits.service.LoadLimitService - Checking limits for time=2000-02-12T02:30:16Z, startOfWeek=2000-02-07T00:00Z, endOfWeek=2000-02-13T23:59:59.999999999Z
2025-02-10 17:46:57 DEBUG [main] c.v.limits.service.LoadLimitService - Weekly total for customer=375: current=4947.03, new=6993.99, limit=20000.00
2025-02-10 17:46:57 DEBUG [main] c.v.limits.service.LoadLimitService - Load saved successfully: id=30071, customer=375
2025-02-10 17:46:57 INFO  [main] c.v.limits.service.LoadLimitService - Load accepted: id=30071, customer=375, amount=$2046.96
2025-02-10 17:46:57 DEBUG [main] c.v.limits.service.LoadLimitService - Processing load request: id=12409, customer=613, amount=$4696.75, time=2000-02-12T03:31:38Z
2025-02-10 17:46:57 DEBUG [main] c.v.limits.service.LoadLimitService - Checking limits for time=2000-02-12T03:31:38Z, startOfWeek=2000-02-07T00:00Z, endOfWeek=2000-02-13T23:59:59.999999999Z
2025-02-10 17:46:57 DEBUG [main] c.v.limits.service.LoadLimitService - Weekly total for customer=613: current=7834.31, new=12531.06, limit=20000.00
2025-02-10 17:46:57 DEBUG [main] c.v.limits.service.LoadLimitService - Load saved successfully: id=12409, customer=613
2025-02-10 17:46:57 INFO  [main] c.v.limits.service.LoadLimitService - Load accepted: id=12409, customer=613, amount=$4696.75
2025-02-10 17:46:57 DEBUG [main] c.v.limits.service.LoadLimitService - Processing load request: id=27184, customer=358, amount=$2935.32, time=2000-02-12T04:33Z
2025-02-10 17:46:57 DEBUG [main] c.v.limits.service.LoadLimitService - Checking limits for time=2000-02-12T04:33Z, startOfWeek=2000-02-07T00:00Z, endOfWeek=2000-02-13T23:59:59.999999999Z
2025-02-10 17:46:57 DEBUG [main] c.v.limits.service.LoadLimitService - Weekly total for customer=358: current=0, new=2935.32, limit=20000.00
2025-02-10 17:46:57 DEBUG [main] c.v.limits.service.LoadLimitService - Load saved successfully: id=27184, customer=358
2025-02-10 17:46:57 INFO  [main] c.v.limits.service.LoadLimitService - Load accepted: id=27184, customer=358, amount=$2935.32
2025-02-10 17:46:57 DEBUG [main] c.v.limits.service.LoadLimitService - Processing load request: id=9341, customer=800, amount=$3563.59, time=2000-02-12T05:34:22Z
2025-02-10 17:46:57 DEBUG [main] c.v.limits.service.LoadLimitService - Checking limits for time=2000-02-12T05:34:22Z, startOfWeek=2000-02-07T00:00Z, endOfWeek=2000-02-13T23:59:59.999999999Z
2025-02-10 17:46:57 DEBUG [main] c.v.limits.service.LoadLimitService - Weekly total for customer=800: current=4344.73, new=7908.32, limit=20000.00
2025-02-10 17:46:57 DEBUG [main] c.v.limits.service.LoadLimitService - Load saved successfully: id=9341, customer=800
2025-02-10 17:46:57 INFO  [main] c.v.limits.service.LoadLimitService - Load accepted: id=9341, customer=800, amount=$3563.59
2025-02-10 17:46:57 DEBUG [main] c.v.limits.service.LoadLimitService - Processing load request: id=31187, customer=256, amount=$3357.26, time=2000-02-12T06:35:44Z
2025-02-10 17:46:57 DEBUG [main] c.v.limits.service.LoadLimitService - Checking limits for time=2000-02-12T06:35:44Z, startOfWeek=2000-02-07T00:00Z, endOfWeek=2000-02-13T23:59:59.999999999Z
2025-02-10 17:46:57 DEBUG [main] c.v.limits.service.LoadLimitService - Weekly total for customer=256: current=0, new=3357.26, limit=20000.00
2025-02-10 17:46:57 DEBUG [main] c.v.limits.service.LoadLimitService - Load saved successfully: id=31187, customer=256
2025-02-10 17:46:57 INFO  [main] c.v.limits.service.LoadLimitService - Load accepted: id=31187, customer=256, amount=$3357.26
2025-02-10 17:46:57 DEBUG [main] c.v.limits.service.LoadLimitService - Processing load request: id=3560, customer=749, amount=$2113.17, time=2000-02-12T07:37:06Z
2025-02-10 17:46:57 DEBUG [main] c.v.limits.service.LoadLimitService - Checking limits for time=2000-02-12T07:37:06Z, startOfWeek=2000-02-07T00:00Z, endOfWeek=2000-02-13T23:59:59.999999999Z
2025-02-10 17:46:57 DEBUG [main] c.v.limits.service.LoadLimitService - Weekly total for customer=749: current=0, new=2113.17, limit=20000.00
2025-02-10 17:46:57 DEBUG [main] c.v.limits.service.LoadLimitService - Load saved successfully: id=3560, customer=749
2025-02-10 17:46:57 INFO  [main] c.v.limits.service.LoadLimitService - Load accepted: id=3560, customer=749, amount=$2113.17
2025-02-10 17:46:57 DEBUG [main] c.v.limits.service.LoadLimitService - Processing load request: id=23861, customer=528, amount=$2201.20, time=2000-02-12T08:38:28Z
2025-02-10 17:46:57 DEBUG [main] c.v.limits.service.LoadLimitService - Checking limits for time=2000-02-12T08:38:28Z, startOfWeek=2000-02-07T00:00Z, endOfWeek=2000-02-13T23:59:59.999999999Z
2025-02-10 17:46:57 DEBUG [main] c.v.limits.service.LoadLimitService - Weekly total for customer=528: current=0, new=2201.20, limit=20000.00
2025-02-10 17:46:57 DEBUG [main] c.v.limits.service.LoadLimitService - Load saved successfully: id=23861, customer=528
2025-02-10 17:46:57 INFO  [main] c.v.limits.service.LoadLimitService - Load accepted: id=23861, customer=528, amount=$2201.20
2025-02-10 17:46:57 DEBUG [main] c.v.limits.service.LoadLimitService - Processing load request: id=6082, customer=460, amount=$4773.93, time=2000-02-12T09:39:50Z
2025-02-10 17:46:57 DEBUG [main] c.v.limits.service.LoadLimitService - Checking limits for time=2000-02-12T09:39:50Z, startOfWeek=2000-02-07T00:00Z, endOfWeek=2000-02-13T23:59:59.999999999Z
2025-02-10 17:46:57 DEBUG [main] c.v.limits.service.LoadLimitService - Weekly total for customer=460: current=2695.84, new=7469.77, limit=20000.00
2025-02-10 17:46:57 DEBUG [main] c.v.limits.service.LoadLimitService - Load saved successfully: id=6082, customer=460
2025-02-10 17:46:57 INFO  [main] c.v.limits.service.LoadLimitService - Load accepted: id=6082, customer=460, amount=$4773.93
2025-02-10 17:46:57 DEBUG [main] c.v.limits.service.LoadLimitService - Processing load request: id=17742, customer=477, amount=$3490.83, time=2000-02-12T10:41:12Z
2025-02-10 17:46:57 DEBUG [main] c.v.limits.service.LoadLimitService - Checking limits for time=2000-02-12T10:41:12Z, startOfWeek=2000-02-07T00:00Z, endOfWeek=2000-02-13T23:59:59.999999999Z
2025-02-10 17:46:57 DEBUG [main] c.v.limits.service.LoadLimitService - Weekly total for customer=477: current=1556.99, new=5047.82, limit=20000.00
2025-02-10 17:46:57 DEBUG [main] c.v.limits.service.LoadLimitService - Load saved successfully: id=17742, customer=477
2025-02-10 17:46:57 INFO  [main] c.v.limits.service.LoadLimitService - Load accepted: id=17742, customer=477, amount=$3490.83
2025-02-10 17:46:57 DEBUG [main] c.v.limits.service.LoadLimitService - Processing load request: id=31634, customer=494, amount=$5159.54, time=2000-02-12T11:42:34Z
2025-02-10 17:46:57 DEBUG [main] c.v.limits.service.LoadLimitService - Checking limits for time=2000-02-12T11:42:34Z, startOfWeek=2000-02-07T00:00Z, endOfWeek=2000-02-13T23:59:59.999999999Z
2025-02-10 17:46:57 DEBUG [main] c.v.limits.service.LoadLimitService - Daily amount limit exceeded: customer=494, current=0, attempted=$5159.54
2025-02-10 17:46:57 WARN  [main] c.v.limits.service.LoadLimitService - Load rejected: id=31634, customer=494, amount=$5159.54 (limit exceeded)
2025-02-10 17:46:57 DEBUG [main] c.v.limits.service.LoadLimitService - Processing load request: id=1897, customer=409, amount=$3412.50, time=2000-02-12T12:43:56Z
2025-02-10 17:46:57 DEBUG [main] c.v.limits.service.LoadLimitService - Checking limits for time=2000-02-12T12:43:56Z, startOfWeek=2000-02-07T00:00Z, endOfWeek=2000-02-13T23:59:59.999999999Z
2025-02-10 17:46:57 DEBUG [main] c.v.limits.service.LoadLimitService - Weekly total for customer=409: current=2664.06, new=6076.56, limit=20000.00
2025-02-10 17:46:57 DEBUG [main] c.v.limits.service.LoadLimitService - Load saved successfully: id=1897, customer=409
2025-02-10 17:46:57 INFO  [main] c.v.limits.service.LoadLimitService - Load accepted: id=1897, customer=409, amount=$3412.50
2025-02-10 17:46:57 DEBUG [main] c.v.limits.service.LoadLimitService - Processing load request: id=29255, customer=494, amount=$4601.23, time=2000-02-12T13:45:18Z
2025-02-10 17:46:57 DEBUG [main] c.v.limits.service.LoadLimitService - Checking limits for time=2000-02-12T13:45:18Z, startOfWeek=2000-02-07T00:00Z, endOfWeek=2000-02-13T23:59:59.999999999Z
2025-02-10 17:46:57 DEBUG [main] c.v.limits.service.LoadLimitService - Weekly total for customer=494: current=7538.95, new=12140.18, limit=20000.00
2025-02-10 17:46:57 DEBUG [main] c.v.limits.service.LoadLimitService - Load saved successfully: id=29255, customer=494
2025-02-10 17:46:57 INFO  [main] c.v.limits.service.LoadLimitService - Load accepted: id=29255, customer=494, amount=$4601.23
2025-02-10 17:46:57 DEBUG [main] c.v.limits.service.LoadLimitService - Processing load request: id=1234, customer=1234, amount=$4000.00, time=2018-01-01T00:00Z
2025-02-10 17:46:57 DEBUG [main] c.v.limits.service.LoadLimitService - Checking limits for time=2018-01-01T00:00Z, startOfWeek=2018-01-01T00:00Z, endOfWeek=2018-01-07T23:59:59.999999999Z
2025-02-10 17:46:57 DEBUG [main] c.v.limits.service.LoadLimitService - Weekly total for customer=1234: current=0, new=4000.00, limit=20000.00
2025-02-10 17:46:57 DEBUG [main] c.v.limits.service.LoadLimitService - Load saved successfully: id=1234, customer=1234
2025-02-10 17:46:57 INFO  [main] c.v.limits.service.LoadLimitService - Load accepted: id=1234, customer=1234, amount=$4000.00
2025-02-10 17:46:57 DEBUG [main] c.v.limits.service.LoadLimitService - Processing load request: id=1235, customer=1234, amount=$2000.00, time=2018-01-01T01:00Z
2025-02-10 17:46:57 DEBUG [main] c.v.limits.service.LoadLimitService - Checking limits for time=2018-01-01T01:00Z, startOfWeek=2018-01-01T00:00Z, endOfWeek=2018-01-07T23:59:59.999999999Z
2025-02-10 17:46:57 DEBUG [main] c.v.limits.service.LoadLimitService - Daily amount limit exceeded: customer=1234, current=4000.00, attempted=$2000.00
2025-02-10 17:46:57 WARN  [main] c.v.limits.service.LoadLimitService - Load rejected: id=1235, customer=1234, amount=$2000.00 (limit exceeded)
]]></system-out>
  </testcase>
  <testcase name="shouldResetWeeklyLimitNextWeek" classname="com.velocity.limits.service.LoadLimitServiceTest" time="0.028">
    <system-out><![CDATA[2025-02-10 17:46:57 DEBUG [main] c.v.limits.service.LoadLimitService - Processing load request: id=1, customer=1234, amount=$4000.00, time=2018-01-01T00:00Z
2025-02-10 17:46:57 DEBUG [main] c.v.limits.service.LoadLimitService - Checking limits for time=2018-01-01T00:00Z, startOfWeek=2018-01-01T00:00Z, endOfWeek=2018-01-07T23:59:59.999999999Z
2025-02-10 17:46:57 DEBUG [main] c.v.limits.service.LoadLimitService - Weekly total for customer=1234: current=0, new=4000.00, limit=20000.00
2025-02-10 17:46:57 DEBUG [main] c.v.limits.service.LoadLimitService - Load saved successfully: id=1, customer=1234
2025-02-10 17:46:57 INFO  [main] c.v.limits.service.LoadLimitService - Load accepted: id=1, customer=1234, amount=$4000.00
2025-02-10 17:46:57 DEBUG [main] c.v.limits.service.LoadLimitService - Processing load request: id=2, customer=1234, amount=$4000.00, time=2018-01-02T00:00Z
2025-02-10 17:46:57 DEBUG [main] c.v.limits.service.LoadLimitService - Checking limits for time=2018-01-02T00:00Z, startOfWeek=2018-01-01T00:00Z, endOfWeek=2018-01-07T23:59:59.999999999Z
2025-02-10 17:46:57 DEBUG [main] c.v.limits.service.LoadLimitService - Weekly total for customer=1234: current=4000.00, new=8000.00, limit=20000.00
2025-02-10 17:46:57 DEBUG [main] c.v.limits.service.LoadLimitService - Load saved successfully: id=2, customer=1234
2025-02-10 17:46:57 INFO  [main] c.v.limits.service.LoadLimitService - Load accepted: id=2, customer=1234, amount=$4000.00
2025-02-10 17:46:57 DEBUG [main] c.v.limits.service.LoadLimitService - Processing load request: id=3, customer=1234, amount=$4000.00, time=2018-01-03T00:00Z
2025-02-10 17:46:57 DEBUG [main] c.v.limits.service.LoadLimitService - Checking limits for time=2018-01-03T00:00Z, startOfWeek=2018-01-01T00:00Z, endOfWeek=2018-01-07T23:59:59.999999999Z
2025-02-10 17:46:57 DEBUG [main] c.v.limits.service.LoadLimitService - Weekly total for customer=1234: current=8000.00, new=12000.00, limit=20000.00
2025-02-10 17:46:57 DEBUG [main] c.v.limits.service.LoadLimitService - Load saved successfully: id=3, customer=1234
2025-02-10 17:46:57 INFO  [main] c.v.limits.service.LoadLimitService - Load accepted: id=3, customer=1234, amount=$4000.00
2025-02-10 17:46:57 DEBUG [main] c.v.limits.service.LoadLimitService - Processing load request: id=4, customer=1234, amount=$4000.00, time=2018-01-08T00:00Z
2025-02-10 17:46:57 DEBUG [main] c.v.limits.service.LoadLimitService - Checking limits for time=2018-01-08T00:00Z, startOfWeek=2018-01-08T00:00Z, endOfWeek=2018-01-14T23:59:59.999999999Z
2025-02-10 17:46:57 DEBUG [main] c.v.limits.service.LoadLimitService - Weekly total for customer=1234: current=0, new=4000.00, limit=20000.00
2025-02-10 17:46:57 DEBUG [main] c.v.limits.service.LoadLimitService - Load saved successfully: id=4, customer=1234
2025-02-10 17:46:57 INFO  [main] c.v.limits.service.LoadLimitService - Load accepted: id=4, customer=1234, amount=$4000.00
]]></system-out>
  </testcase>
  <testcase name="shouldRejectDailyLoadCountExceeded" classname="com.velocity.limits.service.LoadLimitServiceTest" time="0.022">
    <system-out><![CDATA[2025-02-10 17:46:57 DEBUG [main] c.v.limits.service.LoadLimitService - Processing load request: id=1, customer=1234, amount=$1000.00, time=2018-01-01T00:00Z
2025-02-10 17:46:57 DEBUG [main] c.v.limits.service.LoadLimitService - Checking limits for time=2018-01-01T00:00Z, startOfWeek=2018-01-01T00:00Z, endOfWeek=2018-01-07T23:59:59.999999999Z
2025-02-10 17:46:57 DEBUG [main] c.v.limits.service.LoadLimitService - Weekly total for customer=1234: current=0, new=1000.00, limit=20000.00
2025-02-10 17:46:57 DEBUG [main] c.v.limits.service.LoadLimitService - Load saved successfully: id=1, customer=1234
2025-02-10 17:46:57 INFO  [main] c.v.limits.service.LoadLimitService - Load accepted: id=1, customer=1234, amount=$1000.00
2025-02-10 17:46:57 DEBUG [main] c.v.limits.service.LoadLimitService - Processing load request: id=2, customer=1234, amount=$1000.00, time=2018-01-01T01:00Z
2025-02-10 17:46:57 DEBUG [main] c.v.limits.service.LoadLimitService - Checking limits for time=2018-01-01T01:00Z, startOfWeek=2018-01-01T00:00Z, endOfWeek=2018-01-07T23:59:59.999999999Z
2025-02-10 17:46:57 DEBUG [main] c.v.limits.service.LoadLimitService - Weekly total for customer=1234: current=1000.00, new=2000.00, limit=20000.00
2025-02-10 17:46:57 DEBUG [main] c.v.limits.service.LoadLimitService - Load saved successfully: id=2, customer=1234
2025-02-10 17:46:57 INFO  [main] c.v.limits.service.LoadLimitService - Load accepted: id=2, customer=1234, amount=$1000.00
2025-02-10 17:46:57 DEBUG [main] c.v.limits.service.LoadLimitService - Processing load request: id=3, customer=1234, amount=$1000.00, time=2018-01-01T02:00Z
2025-02-10 17:46:57 DEBUG [main] c.v.limits.service.LoadLimitService - Checking limits for time=2018-01-01T02:00Z, startOfWeek=2018-01-01T00:00Z, endOfWeek=2018-01-07T23:59:59.999999999Z
2025-02-10 17:46:57 DEBUG [main] c.v.limits.service.LoadLimitService - Weekly total for customer=1234: current=2000.00, new=3000.00, limit=20000.00
2025-02-10 17:46:57 DEBUG [main] c.v.limits.service.LoadLimitService - Load saved successfully: id=3, customer=1234
2025-02-10 17:46:57 INFO  [main] c.v.limits.service.LoadLimitService - Load accepted: id=3, customer=1234, amount=$1000.00
2025-02-10 17:46:57 DEBUG [main] c.v.limits.service.LoadLimitService - Processing load request: id=4, customer=1234, amount=$1000.00, time=2018-01-01T03:00Z
2025-02-10 17:46:57 DEBUG [main] c.v.limits.service.LoadLimitService - Checking limits for time=2018-01-01T03:00Z, startOfWeek=2018-01-01T00:00Z, endOfWeek=2018-01-07T23:59:59.999999999Z
2025-02-10 17:46:57 DEBUG [main] c.v.limits.service.LoadLimitService - Daily load count limit exceeded: customer=1234, count=3
2025-02-10 17:46:57 WARN  [main] c.v.limits.service.LoadLimitService - Load rejected: id=4, customer=1234, amount=$1000.00 (limit exceeded)
]]></system-out>
  </testcase>
  <testcase name="shouldIgnoreDuplicateLoadId" classname="com.velocity.limits.service.LoadLimitServiceTest" time="0.013">
    <system-out><![CDATA[2025-02-10 17:46:57 DEBUG [main] c.v.limits.service.LoadLimitService - Processing load request: id=1234, customer=1234, amount=$1000.00, time=2018-01-01T00:00Z
2025-02-10 17:46:57 DEBUG [main] c.v.limits.service.LoadLimitService - Checking limits for time=2018-01-01T00:00Z, startOfWeek=2018-01-01T00:00Z, endOfWeek=2018-01-07T23:59:59.999999999Z
2025-02-10 17:46:57 DEBUG [main] c.v.limits.service.LoadLimitService - Weekly total for customer=1234: current=0, new=1000.00, limit=20000.00
2025-02-10 17:46:57 DEBUG [main] c.v.limits.service.LoadLimitService - Load saved successfully: id=1234, customer=1234
2025-02-10 17:46:57 INFO  [main] c.v.limits.service.LoadLimitService - Load accepted: id=1234, customer=1234, amount=$1000.00
2025-02-10 17:46:57 DEBUG [main] c.v.limits.service.LoadLimitService - Processing load request: id=1234, customer=1234, amount=$1000.00, time=2018-01-01T00:00Z
2025-02-10 17:46:57 INFO  [main] c.v.limits.service.LoadLimitService - Duplicate load detected: id=1234, customer=1234
]]></system-out>
  </testcase>
  <testcase name="shouldResetDailyLimitNextDay" classname="com.velocity.limits.service.LoadLimitServiceTest" time="0.013">
    <system-out><![CDATA[2025-02-10 17:46:57 DEBUG [main] c.v.limits.service.LoadLimitService - Processing load request: id=1, customer=1234, amount=$4000.00, time=2018-01-01T00:00Z
2025-02-10 17:46:57 DEBUG [main] c.v.limits.service.LoadLimitService - Checking limits for time=2018-01-01T00:00Z, startOfWeek=2018-01-01T00:00Z, endOfWeek=2018-01-07T23:59:59.999999999Z
2025-02-10 17:46:57 DEBUG [main] c.v.limits.service.LoadLimitService - Weekly total for customer=1234: current=0, new=4000.00, limit=20000.00
2025-02-10 17:46:57 DEBUG [main] c.v.limits.service.LoadLimitService - Load saved successfully: id=1, customer=1234
2025-02-10 17:46:57 INFO  [main] c.v.limits.service.LoadLimitService - Load accepted: id=1, customer=1234, amount=$4000.00
2025-02-10 17:46:57 DEBUG [main] c.v.limits.service.LoadLimitService - Processing load request: id=2, customer=1234, amount=$4000.00, time=2018-01-02T00:00Z
2025-02-10 17:46:57 DEBUG [main] c.v.limits.service.LoadLimitService - Checking limits for time=2018-01-02T00:00Z, startOfWeek=2018-01-01T00:00Z, endOfWeek=2018-01-07T23:59:59.999999999Z
2025-02-10 17:46:57 DEBUG [main] c.v.limits.service.LoadLimitService - Weekly total for customer=1234: current=4000.00, new=8000.00, limit=20000.00
2025-02-10 17:46:57 DEBUG [main] c.v.limits.service.LoadLimitService - Load saved successfully: id=2, customer=1234
2025-02-10 17:46:57 INFO  [main] c.v.limits.service.LoadLimitService - Load accepted: id=2, customer=1234, amount=$4000.00
]]></system-out>
  </testcase>
  <testcase name="shouldHandleMultipleCustomers" classname="com.velocity.limits.service.LoadLimitServiceTest" time="0.003"/>
  <testcase name="shouldRejectLoadInSameWeek" classname="com.velocity.limits.service.LoadLimitServiceTest" time="0.02">
    <system-out><![CDATA[2025-02-10 17:46:57 DEBUG [main] c.v.limits.service.LoadLimitService - Processing load request: id=1, customer=1234, amount=$4900.00, time=2018-01-01T00:00Z
2025-02-10 17:46:57 DEBUG [main] c.v.limits.service.LoadLimitService - Checking limits for time=2018-01-01T00:00Z, startOfWeek=2018-01-01T00:00Z, endOfWeek=2018-01-07T23:59:59.999999999Z
2025-02-10 17:46:57 DEBUG [main] c.v.limits.service.LoadLimitService - Weekly total for customer=1234: current=0, new=4900.00, limit=20000.00
2025-02-10 17:46:57 DEBUG [main] c.v.limits.service.LoadLimitService - Load saved successfully: id=1, customer=1234
2025-02-10 17:46:57 INFO  [main] c.v.limits.service.LoadLimitService - Load accepted: id=1, customer=1234, amount=$4900.00
2025-02-10 17:46:57 DEBUG [main] c.v.limits.service.LoadLimitService - Processing load request: id=2, customer=1234, amount=$4900.00, time=2018-01-02T00:00Z
2025-02-10 17:46:57 DEBUG [main] c.v.limits.service.LoadLimitService - Checking limits for time=2018-01-02T00:00Z, startOfWeek=2018-01-01T00:00Z, endOfWeek=2018-01-07T23:59:59.999999999Z
2025-02-10 17:46:57 DEBUG [main] c.v.limits.service.LoadLimitService - Weekly total for customer=1234: current=4900.00, new=9800.00, limit=20000.00
2025-02-10 17:46:57 DEBUG [main] c.v.limits.service.LoadLimitService - Load saved successfully: id=2, customer=1234
2025-02-10 17:46:57 INFO  [main] c.v.limits.service.LoadLimitService - Load accepted: id=2, customer=1234, amount=$4900.00
2025-02-10 17:46:57 DEBUG [main] c.v.limits.service.LoadLimitService - Processing load request: id=3, customer=1234, amount=$4900.00, time=2018-01-03T00:00Z
2025-02-10 17:46:57 DEBUG [main] c.v.limits.service.LoadLimitService - Checking limits for time=2018-01-03T00:00Z, startOfWeek=2018-01-01T00:00Z, endOfWeek=2018-01-07T23:59:59.999999999Z
2025-02-10 17:46:57 DEBUG [main] c.v.limits.service.LoadLimitService - Weekly total for customer=1234: current=9800.00, new=14700.00, limit=20000.00
2025-02-10 17:46:57 DEBUG [main] c.v.limits.service.LoadLimitService - Load saved successfully: id=3, customer=1234
2025-02-10 17:46:57 INFO  [main] c.v.limits.service.LoadLimitService - Load accepted: id=3, customer=1234, amount=$4900.00
2025-02-10 17:46:57 DEBUG [main] c.v.limits.service.LoadLimitService - Processing load request: id=4, customer=1234, amount=$6000.00, time=2018-01-04T00:00Z
2025-02-10 17:46:57 DEBUG [main] c.v.limits.service.LoadLimitService - Checking limits for time=2018-01-04T00:00Z, startOfWeek=2018-01-01T00:00Z, endOfWeek=2018-01-07T23:59:59.999999999Z
2025-02-10 17:46:57 DEBUG [main] c.v.limits.service.LoadLimitService - Daily amount limit exceeded: customer=1234, current=0, attempted=$6000.00
2025-02-10 17:46:57 WARN  [main] c.v.limits.service.LoadLimitService - Load rejected: id=4, customer=1234, amount=$6000.00 (limit exceeded)
]]></system-out>
  </testcase>
  <testcase name="shouldRejectWeeklyLimitExceeded" classname="com.velocity.limits.service.LoadLimitServiceTest" time="0.01">
    <system-out><![CDATA[2025-02-10 17:46:57 DEBUG [main] c.v.limits.service.LoadLimitService - Processing load request: id=1, customer=1234, amount=$15000.00, time=2018-01-01T00:00Z
2025-02-10 17:46:57 DEBUG [main] c.v.limits.service.LoadLimitService - Checking limits for time=2018-01-01T00:00Z, startOfWeek=2018-01-01T00:00Z, endOfWeek=2018-01-07T23:59:59.999999999Z
2025-02-10 17:46:57 DEBUG [main] c.v.limits.service.LoadLimitService - Daily amount limit exceeded: customer=1234, current=0, attempted=$15000.00
2025-02-10 17:46:57 WARN  [main] c.v.limits.service.LoadLimitService - Load rejected: id=1, customer=1234, amount=$15000.00 (limit exceeded)
2025-02-10 17:46:57 DEBUG [main] c.v.limits.service.LoadLimitService - Processing load request: id=2, customer=1234, amount=$6000.00, time=2018-01-02T00:00Z
2025-02-10 17:46:57 DEBUG [main] c.v.limits.service.LoadLimitService - Checking limits for time=2018-01-02T00:00Z, startOfWeek=2018-01-01T00:00Z, endOfWeek=2018-01-07T23:59:59.999999999Z
2025-02-10 17:46:57 DEBUG [main] c.v.limits.service.LoadLimitService - Daily amount limit exceeded: customer=1234, current=0, attempted=$6000.00
2025-02-10 17:46:57 WARN  [main] c.v.limits.service.LoadLimitService - Load rejected: id=2, customer=1234, amount=$6000.00 (limit exceeded)
]]></system-out>
  </testcase>
  <testcase name="shouldAcceptValidLoad" classname="com.velocity.limits.service.LoadLimitServiceTest" time="0.014">
    <system-out><![CDATA[2025-02-10 17:46:57 DEBUG [main] c.v.limits.service.LoadLimitService - Processing load request: id=1234, customer=1234, amount=$4000.00, time=2018-01-01T00:00Z
2025-02-10 17:46:57 DEBUG [main] c.v.limits.service.LoadLimitService - Checking limits for time=2018-01-01T00:00Z, startOfWeek=2018-01-01T00:00Z, endOfWeek=2018-01-07T23:59:59.999999999Z
2025-02-10 17:46:57 DEBUG [main] c.v.limits.service.LoadLimitService - Weekly total for customer=1234: current=0, new=4000.00, limit=20000.00
2025-02-10 17:46:57 DEBUG [main] c.v.limits.service.LoadLimitService - Load saved successfully: id=1234, customer=1234
2025-02-10 17:46:57 INFO  [main] c.v.limits.service.LoadLimitService - Load accepted: id=1234, customer=1234, amount=$4000.00
]]></system-out>
  </testcase>
</testsuite>